
M-20 simulator V4.0-0 Beta        git commit id: c317f685
20:	1 01 4000 0000 0000
21:	0 63 6433 3427 2616
22:	1 00 0000 0000 0000
23:	1 00 0000 0000 0000

30:	0 00 0000 0000 0000
31:	0 00 0000 0000 0000
32:	0 00 0000 0000 0000
33:	0 00 0000 0000 0000

100:	[op=00 mod=0] пересылка                      0022, 0000, 0023
101:	[op=00 mod=0] пересылка                      0022, 0000, 0030
102:	[op=00 mod=0] пересылка                      0020, 0000, 0031
103:	[op=05 mod=0] умнож_он                       0022, 0022, 0032
104:	[op=02 mod=0] вычит_он                       0000, 0032, 0032
105:	[op=52 mod=0] изм_ра_по_адр                  0000, 0000, 0000
106:	[op=01 mod=0] слож_он                        0031, 0020, 0031
107:	[op=04 mod=0] делен_о                        0030, 0031, 0030
110:	[op=01 mod=0] слож_он                        0031, 0020, 0031
111:	[op=04 mod=0] делен_о                        0030, 0031, 0030
112:	[op=05 mod=0] умнож_он                       0032, 0030, 0030
113:	[op=01 mod=0] слож_он                        0023, 0030, 0023
114:	[op=03 mod=0] вычит_мод_он                   0030, 0021, 0000
115:	[op=51 mod=1] пер_если_ра_мнш_a1_и_w0        0022, 0106, @+0001
116:	[op=36 mod=0] усл_пер_упр_по_w1              0000, 0120, 0000
117:	[op=77 mod=0] останов_077                    0000, 0000, 0000
120:	[op=77 mod=0] останов_077                    0000, 0000, 0001
121:	[op=00 mod=0] пересылка                      0000, 0000, 0000
122:	[op=00 mod=0] пересылка                      0000, 0000, 0000

РЎС‚Р°СЂС‚

*** Command time profile stat ***
opcode=00   count=3          times=72.00            avg_time=24.00             (пересылка)
opcode=01   count=3          times=85.50            avg_time=28.50             (слож_он)
opcode=02   count=1          times=28.50            avg_time=28.50             (вычит_он)
opcode=03   count=1          times=28.50            avg_time=28.50             (вычит_мод_он)
opcode=04   count=2          times=273.00           avg_time=136.50            (делен_о)
opcode=05   count=2          times=139.00           avg_time=69.50             (умнож_он)
opcode=36   count=1          times=24.00            avg_time=24.00             (усл_пер_упр_по_w1)
opcode=51   count=1          times=24.00            avg_time=24.00             (пер_если_ра_мнш_a1_и_w0)
opcode=52   count=1          times=28.50            avg_time=28.50             (изм_ра_по_адр)
opcode=77   count=1          times=24.00            avg_time=24.00             (останов_077)
Summary:  times=727.00  count=16  avg_time=45.44
**********

example2.ini-9> run

Останов, KRA: 0121 ([op=00 mod=0] пересылка                      0000, 0000, 0000)
20:	1 01 4000 0000 0000
21:	0 63 6433 3427 2616
22:	1 00 0000 0000 0000
23:	0 00 0000 0000 0000

30:	0 00 0000 0000 0000
31:	1 02 6000 0000 0001
32:	0 00 0000 0000 0000
33:	0 00 0000 0000 0000

Goodbye
