
M-20 simulator V4.0-0 Beta        git commit id: c317f685
LPT: creating new file
20:	1 01 4000 0000 0000
21:	3 05 5000 0000 0000
22:	1 11 4540 0000 0000
23:	3 14 7640 0000 0000
24:	1 20 6065 0000 0000
25:	3 24 4447 6000 0000
26:	1 27 6531 7600 0000
27:	3 33 4611 3200 0000
30:	0 75 6314 6314 6315
31:	2 73 5075 3412 1727
32:	0 70 6111 5645 7065
33:	2 65 6433 3427 2616
34:	0 62 6433 3427 2616
35:	2 57 6225 1633 4210
36:	0 54 5676 3642 1663
37:	2 51 5274 6167 0430
40:	0 77 5252 5252 5253
41:	0 76 4444 4444 4445
42:	0 75 5642 7213 5056
43:	0 75 4730 4730 4731

50:	0 20 1024 2215 1045
51:	0 23 1165 0245 2453
52:	0 26 1325 6275 4061
53:	0 31 1466 4325 5467
54:	0 34 1633 5351 6674
55:	0 36 5741 7074 3617

100:	[op=50 mod=0] ввод_пред_050                  2100, 0000, 0043
101:	[op=70 mod=0] ввод_исп_070                   0020, 0000, 0000
102:	[op=50 mod=0] ввод_пред_050                  2500, 0000, 0043
103:	[op=70 mod=0] ввод_исп_070                   0020, 0000, 0000
104:	[op=50 mod=0] ввод_пред_050                  2140, 0000, 0055
105:	[op=70 mod=0] ввод_исп_070                   0050, 0000, 0000
106:	[op=77 mod=0] останов_077                    0000, 0000, 0000

РЎС‚Р°СЂС‚

*** Command time profile stat ***
opcode=50   count=2          times=48.00            avg_time=24.00             (ввод_пред_050)
opcode=70   count=2          times=2000048.00       avg_time=1000024.00        (ввод_исп_070)
Summary:  times=2000096.00  count=4  avg_time=500024.00
**********

example3.ini-12> run

Вывод на печать с неверными упр.разрядами, KRA: 0105 ([op=70 mod=0] ввод_исп_070                   0050, 0000, 0000)
Goodbye
