++-01 800000000
+--05 +00000000
++-09 960000000
+--0   +0000000
++-10  35000000
+--14 927 00000
++-17  59 80000
+--1- 989680000
+++3           
+-+3- +3 70+3 7
+++38  49-+5 35
+-+35  1-71758 
+++32  1-71758 
+-+2   9539-888
+++2  -- 7+23-3
+-+29 +-  77118
+++3  ++++++++-
+++3  924924925
+++3  -+2 8-+2 
+++3  9 89 89 9
101400000000000 305500000000000 111454000000000 314764000000000 120606500000000 324444760000000 127653176000000
333461132000000 075631463146315 273507534121727 070611156457065 265643334272616 062643334272616 257622516334210
054567636421663 251527461670430 077525252525253 076444444444445 075564272135056 075473047304731 