
M-20 simulator V4.0-0 Beta        git commit id: c317f685
20:	1 02 4000 0000 0000
21:	1 03 4002 4365 6051
22:	0 74 4000 0000 0000
23:	0 63 6433 3427 2616
24:	1 00 6000 0000 0000

4000:	0 00 0000 0000 0000
4001:	0 00 0000 0000 0000
4002:	0 00 0000 0000 0000
4003:	0 00 0000 0000 0000
4004:	0 00 0000 0000 0000
4005:	0 00 0000 0000 0000
4006:	0 00 0000 0000 0000
4007:	0 00 0000 0000 0000
4010:	0 00 0000 0000 0000

100:	[op=00 mod=0] пересылка                      0020, 0000, 4000
101:	[op=05 mod=0] умнож_он                       4000, 4000, 4001
102:	[op=05 mod=0] умнож_он                       4001, 4000, 4002
103:	[op=05 mod=0] умнож_он                       4002, 4001, 4002
104:	[op=05 mod=0] умнож_он                       0022, 4002, 4002
105:	[op=05 mod=0] умнож_он                       4001, 0024, 4001
106:	[op=02 mod=0] вычит_он                       4002, 4001, 4001
107:	[op=01 mod=0] слож_он                        0021, 4001, 4001
110:	[op=02 mod=0] вычит_он                       4001, 4000, 4002
111:	[op=03 mod=0] вычит_мод_он                   4002, 0023, 0000
112:	[op=76 mod=0] усл_пер_упр_по_w0              4001, 0101, 4000
113:	[op=77 mod=0] останов_077                    0000, 0000, 0000
114:	[op=00 mod=0] пересылка                      0000, 0000, 0000
115:	[op=00 mod=0] пересылка                      0000, 0000, 0000

РЎС‚Р°СЂС‚

*** Command time profile stat ***
opcode=00   count=1          times=24.00            avg_time=24.00             (пересылка)
opcode=01   count=7          times=199.50           avg_time=28.50             (слож_он)
opcode=02   count=14         times=399.00           avg_time=28.50             (вычит_он)
opcode=03   count=7          times=199.50           avg_time=28.50             (вычит_мод_он)
opcode=05   count=35         times=2432.50          avg_time=69.50             (умнож_он)
opcode=76   count=7          times=168.00           avg_time=24.00             (усл_пер_упр_по_w0)
opcode=77   count=1          times=24.00            avg_time=24.00             (останов_077)
Summary:  times=3446.50  count=72  avg_time=47.87
**********

example1.ini-9> run

Останов, KRA: 0114 ([op=00 mod=0] пересылка                      0000, 0000, 0000)
20:	1 02 4000 0000 0000
21:	1 03 4002 4365 6051
22:	0 74 4000 0000 0000
23:	0 63 6433 3427 2616
24:	1 00 6000 0000 0000

4000:	1 02 4003 3461 4126
4001:	1 02 4003 3461 4126
4002:	0 63 4351 5220 0000
4003:	0 00 0000 0000 0000
4004:	0 00 0000 0000 0000
4005:	0 00 0000 0000 0000
4006:	0 00 0000 0000 0000
4007:	0 00 0000 0000 0000
4010:	0 00 0000 0000 0000

Goodbye
