
M-20 simulator V4.0-0 Beta        git commit id: c317f685
20:	1 00 5042 7732 6410
21:	0 00 7777 4000 0000
22:	0 00 0000 0000 0000
23:	0 00 0000 0000 0000
24:	0 00 0000 0000 0000

30:	0 00 0000 0000 0000
31:	0 00 0000 0000 0000
32:	0 00 0000 0000 0000
33:	0 00 0000 0000 0000
34:	0 00 0000 0000 0000

100:	[op=14 mod=0] сдвиг_мант_по_адр              0115, 0020, 0030
101:	[op=15 mod=0] сравн                          0020, 0030, 0031
102:	[op=55 mod=0] лог_умнож                      0031, 0021, 0031
103:	[op=14 mod=0] сдвиг_мант_по_адр              0054, 0031, 0031
104:	[op=75 mod=0] лог_слож                       0030, 0031, 0020
105:	[op=21 mod=0] слож_н                         0020, 0000, 0030
106:	[op=77 mod=0] останов_077                    0000, 0000, 0000
107:	[op=56 mod=0] безусл_пер_упр                 0000, 0100, 0000
110:	[op=00 mod=0] пересылка                      0000, 0000, 0000
111:	[op=00 mod=0] пересылка                      0000, 0000, 0000
112:	[op=00 mod=0] пересылка                      0000, 0000, 0000
113:	[op=00 mod=0] пересылка                      0000, 0000, 0000
114:	[op=00 mod=0] пересылка                      0000, 0000, 0000
115:	[op=00 mod=0] пересылка                      0000, 0000, 0000

РЎС‚Р°СЂС‚

*** Command time profile stat ***
opcode=14   count=2          times=172.50           avg_time=86.25             (сдвиг_мант_по_адр)
opcode=15   count=1          times=24.00            avg_time=24.00             (сравн)
opcode=21   count=1          times=28.50            avg_time=28.50             (слож_н)
opcode=55   count=1          times=24.00            avg_time=24.00             (лог_умнож)
opcode=75   count=1          times=24.00            avg_time=24.00             (лог_слож)
opcode=77   count=1          times=24.00            avg_time=24.00             (останов_077)
Summary:  times=297.00  count=7  avg_time=42.43
**********

random5.ini-9> run

Останов, KRA: 0107 ([op=56 mod=0] безусл_пер_упр                 0000, 0100, 0000)

20:	1 00 7665 5025 4560
21:	0 00 7777 4000 0000
22:	0 00 0000 0000 0000
23:	0 00 0000 0000 0000
24:	0 00 0000 0000 0000

30:	1 00 7665 5025 4560
31:	0 00 0000 0005 4560
32:	0 00 0000 0000 0000
33:	0 00 0000 0000 0000
34:	0 00 0000 0000 0000

Goodbye
