gcc -c -O2 -DUSE_INT64 -mwin32 -D_WINDOWS -D_WIN32 -D_CRT_SECURE_NO_DEPRECATE=1 -D_CRT_NON_CONFORMING_SWPRINTFS=1 -D_CRT_NONSTDC_NO_DEPRECATE=1 -D_WIN32_WINNT=0x0501 -DCRT_NONSTDC_NO_WARNINGS -D_CRT_SECURE_NO_WARNINGS -D_WINSOCK_DEPRECATED_NO_WARNINGS  -I.\include -o m20_cpu.obj m20_cpu.c
gcc -c -O2 -DUSE_INT64 -mwin32 -D_WINDOWS -D_WIN32 -D_CRT_SECURE_NO_DEPRECATE=1 -D_CRT_NON_CONFORMING_SWPRINTFS=1 -D_CRT_NONSTDC_NO_DEPRECATE=1 -D_WIN32_WINNT=0x0501 -DCRT_NONSTDC_NO_WARNINGS -D_CRT_SECURE_NO_WARNINGS -D_WINSOCK_DEPRECATED_NO_WARNINGS  -I.\include -o m20_sys.obj m20_sys.c
gcc -c -O2 -DUSE_INT64 -mwin32 -D_WINDOWS -D_WIN32 -D_CRT_SECURE_NO_DEPRECATE=1 -D_CRT_NON_CONFORMING_SWPRINTFS=1 -D_CRT_NONSTDC_NO_DEPRECATE=1 -D_WIN32_WINNT=0x0501 -DCRT_NONSTDC_NO_WARNINGS -D_CRT_SECURE_NO_WARNINGS -D_WINSOCK_DEPRECATED_NO_WARNINGS  -I.\include -o m20_eng.obj m20_eng.c
gcc -c -O2 -DUSE_INT64 -mwin32 -D_WINDOWS -D_WIN32 -D_CRT_SECURE_NO_DEPRECATE=1 -D_CRT_NON_CONFORMING_SWPRINTFS=1 -D_CRT_NONSTDC_NO_DEPRECATE=1 -D_WIN32_WINNT=0x0501 -DCRT_NONSTDC_NO_WARNINGS -D_CRT_SECURE_NO_WARNINGS -D_WINSOCK_DEPRECATED_NO_WARNINGS  -I.\include -o m20_drm.obj m20_drm.c
gcc -c -O2 -DUSE_INT64 -mwin32 -D_WINDOWS -D_WIN32 -D_CRT_SECURE_NO_DEPRECATE=1 -D_CRT_NON_CONFORMING_SWPRINTFS=1 -D_CRT_NONSTDC_NO_DEPRECATE=1 -D_WIN32_WINNT=0x0501 -DCRT_NONSTDC_NO_WARNINGS -D_CRT_SECURE_NO_WARNINGS -D_WINSOCK_DEPRECATED_NO_WARNINGS  -I.\include -o m20_cd.obj m20_cd.c
gcc -c -O2 -DUSE_INT64 -mwin32 -D_WINDOWS -D_WIN32 -D_CRT_SECURE_NO_DEPRECATE=1 -D_CRT_NON_CONFORMING_SWPRINTFS=1 -D_CRT_NONSTDC_NO_DEPRECATE=1 -D_WIN32_WINNT=0x0501 -DCRT_NONSTDC_NO_WARNINGS -D_CRT_SECURE_NO_WARNINGS -D_WINSOCK_DEPRECATED_NO_WARNINGS  -I.\include -o m20_mt.obj m20_mt.c
gcc -c -O2 -DUSE_INT64 -mwin32 -D_WINDOWS -D_WIN32 -D_CRT_SECURE_NO_DEPRECATE=1 -D_CRT_NON_CONFORMING_SWPRINTFS=1 -D_CRT_NONSTDC_NO_DEPRECATE=1 -D_WIN32_WINNT=0x0501 -DCRT_NONSTDC_NO_WARNINGS -D_CRT_SECURE_NO_WARNINGS -D_WINSOCK_DEPRECATED_NO_WARNINGS  -I.\include -o m20_lp.obj m20_lp.c
gcc -c -O2 -DUSE_INT64 -mwin32 -D_WINDOWS -D_WIN32 -D_CRT_SECURE_NO_DEPRECATE=1 -D_CRT_NON_CONFORMING_SWPRINTFS=1 -D_CRT_NONSTDC_NO_DEPRECATE=1 -D_WIN32_WINNT=0x0501 -DCRT_NONSTDC_NO_WARNINGS -D_CRT_SECURE_NO_WARNINGS -D_WINSOCK_DEPRECATED_NO_WARNINGS  -I.\include -o scp.obj scp.c
gcc -c -O2 -DUSE_INT64 -mwin32 -D_WINDOWS -D_WIN32 -D_CRT_SECURE_NO_DEPRECATE=1 -D_CRT_NON_CONFORMING_SWPRINTFS=1 -D_CRT_NONSTDC_NO_DEPRECATE=1 -D_WIN32_WINNT=0x0501 -DCRT_NONSTDC_NO_WARNINGS -D_CRT_SECURE_NO_WARNINGS -D_WINSOCK_DEPRECATED_NO_WARNINGS  -I.\include -o sim_console.obj sim_console.c
gcc -c -O2 -DUSE_INT64 -mwin32 -D_WINDOWS -D_WIN32 -D_CRT_SECURE_NO_DEPRECATE=1 -D_CRT_NON_CONFORMING_SWPRINTFS=1 -D_CRT_NONSTDC_NO_DEPRECATE=1 -D_WIN32_WINNT=0x0501 -DCRT_NONSTDC_NO_WARNINGS -D_CRT_SECURE_NO_WARNINGS -D_WINSOCK_DEPRECATED_NO_WARNINGS  -I.\include -o sim_tape.obj sim_tape.c
gcc -c -O2 -DUSE_INT64 -mwin32 -D_WINDOWS -D_WIN32 -D_CRT_SECURE_NO_DEPRECATE=1 -D_CRT_NON_CONFORMING_SWPRINTFS=1 -D_CRT_NONSTDC_NO_DEPRECATE=1 -D_WIN32_WINNT=0x0501 -DCRT_NONSTDC_NO_WARNINGS -D_CRT_SECURE_NO_WARNINGS -D_WINSOCK_DEPRECATED_NO_WARNINGS  -I.\include -DNEED_CLOCK_GETTIME -o sim_timer.obj sim_timer.c
gcc -c -O2 -DUSE_INT64 -mwin32 -D_WINDOWS -D_WIN32 -D_CRT_SECURE_NO_DEPRECATE=1 -D_CRT_NON_CONFORMING_SWPRINTFS=1 -D_CRT_NONSTDC_NO_DEPRECATE=1 -D_WIN32_WINNT=0x0501 -DCRT_NONSTDC_NO_WARNINGS -D_CRT_SECURE_NO_WARNINGS -D_WINSOCK_DEPRECATED_NO_WARNINGS  -I.\include -o sim_tmxr.obj sim_tmxr.c
gcc -c -O2 -DUSE_INT64 -mwin32 -D_WINDOWS -D_WIN32 -D_CRT_SECURE_NO_DEPRECATE=1 -D_CRT_NON_CONFORMING_SWPRINTFS=1 -D_CRT_NONSTDC_NO_DEPRECATE=1 -D_WIN32_WINNT=0x0501 -DCRT_NONSTDC_NO_WARNINGS -D_CRT_SECURE_NO_WARNINGS -D_WINSOCK_DEPRECATED_NO_WARNINGS  -I.\include -o sim_sock.obj sim_sock.c
gcc -c -O2 -DUSE_INT64 -mwin32 -D_WINDOWS -D_WIN32 -D_CRT_SECURE_NO_DEPRECATE=1 -D_CRT_NON_CONFORMING_SWPRINTFS=1 -D_CRT_NONSTDC_NO_DEPRECATE=1 -D_WIN32_WINNT=0x0501 -DCRT_NONSTDC_NO_WARNINGS -D_CRT_SECURE_NO_WARNINGS -D_WINSOCK_DEPRECATED_NO_WARNINGS  -I.\include -o sim_serial.obj sim_serial.c
gcc -c -O2 -DUSE_INT64 -mwin32 -D_WINDOWS -D_WIN32 -D_CRT_SECURE_NO_DEPRECATE=1 -D_CRT_NON_CONFORMING_SWPRINTFS=1 -D_CRT_NONSTDC_NO_DEPRECATE=1 -D_WIN32_WINNT=0x0501 -DCRT_NONSTDC_NO_WARNINGS -D_CRT_SECURE_NO_WARNINGS -D_WINSOCK_DEPRECATED_NO_WARNINGS  -I.\include -o sim_disk.obj sim_disk.c
gcc -c -O2 -DUSE_INT64 -mwin32 -D_WINDOWS -D_WIN32 -D_CRT_SECURE_NO_DEPRECATE=1 -D_CRT_NON_CONFORMING_SWPRINTFS=1 -D_CRT_NONSTDC_NO_DEPRECATE=1 -D_WIN32_WINNT=0x0501 -DCRT_NONSTDC_NO_WARNINGS -D_CRT_SECURE_NO_WARNINGS -D_WINSOCK_DEPRECATED_NO_WARNINGS  -I.\include -o sim_fio.obj sim_fio.c
gcc -c -O2 -DUSE_INT64 -mwin32 -D_WINDOWS -D_WIN32 -D_CRT_SECURE_NO_DEPRECATE=1 -D_CRT_NON_CONFORMING_SWPRINTFS=1 -D_CRT_NONSTDC_NO_DEPRECATE=1 -D_WIN32_WINNT=0x0501 -DCRT_NONSTDC_NO_WARNINGS -D_CRT_SECURE_NO_WARNINGS -D_WINSOCK_DEPRECATED_NO_WARNINGS  -I.\include -o sim_ether.obj sim_ether.c
gcc -c -O2 -DUSE_INT64 -mwin32 -D_WINDOWS -D_WIN32 -D_CRT_SECURE_NO_DEPRECATE=1 -D_CRT_NON_CONFORMING_SWPRINTFS=1 -D_CRT_NONSTDC_NO_DEPRECATE=1 -D_WIN32_WINNT=0x0501 -DCRT_NONSTDC_NO_WARNINGS -D_CRT_SECURE_NO_WARNINGS -D_WINSOCK_DEPRECATED_NO_WARNINGS  -I.\include -o sim_imd.obj sim_imd.c
gcc -c -O2 -DUSE_INT64 -mwin32 -D_WINDOWS -D_WIN32 -D_CRT_SECURE_NO_DEPRECATE=1 -D_CRT_NON_CONFORMING_SWPRINTFS=1 -D_CRT_NONSTDC_NO_DEPRECATE=1 -D_WIN32_WINNT=0x0501 -DCRT_NONSTDC_NO_WARNINGS -D_CRT_SECURE_NO_WARNINGS -D_WINSOCK_DEPRECATED_NO_WARNINGS  -I.\include -o sim_video.obj sim_video.c
gcc -c -O2 -DUSE_INT64 -mwin32 -D_WINDOWS -D_WIN32 -D_CRT_SECURE_NO_DEPRECATE=1 -D_CRT_NON_CONFORMING_SWPRINTFS=1 -D_CRT_NONSTDC_NO_DEPRECATE=1 -D_WIN32_WINNT=0x0501 -DCRT_NONSTDC_NO_WARNINGS -D_CRT_SECURE_NO_WARNINGS -D_WINSOCK_DEPRECATED_NO_WARNINGS  -I.\include -o sim_scsi.obj sim_scsi.c
gcc -c -O2 -DUSE_INT64 -mwin32 -D_WINDOWS -D_WIN32 -D_CRT_SECURE_NO_DEPRECATE=1 -D_CRT_NON_CONFORMING_SWPRINTFS=1 -D_CRT_NONSTDC_NO_DEPRECATE=1 -D_WIN32_WINNT=0x0501 -DCRT_NONSTDC_NO_WARNINGS -D_CRT_SECURE_NO_WARNINGS -D_WINSOCK_DEPRECATED_NO_WARNINGS  -I.\include -o sim_frontpanel.obj sim_frontpanel.c
gcc   -o m20.exe m20_cpu.obj m20_sys.obj m20_eng.obj m20_drm.obj m20_cd.obj m20_mt.obj m20_lp.obj scp.obj sim_console.obj sim_tape.obj sim_timer.obj sim_tmxr.obj sim_sock.obj sim_serial.obj sim_disk.obj sim_fio.obj sim_ether.obj sim_imd.obj sim_video.obj sim_scsi.obj sim_frontpanel.obj -L.\LIBS\vc\x64 -lwsock32 -lwinmm  -lpthread 
gcc -c -O2 -DUSE_INT64 -mwin32 -D_WINDOWS -D_WIN32 -D_CRT_SECURE_NO_DEPRECATE=1 -D_CRT_NON_CONFORMING_SWPRINTFS=1 -D_CRT_NONSTDC_NO_DEPRECATE=1 -D_WIN32_WINNT=0x0501 -DCRT_NONSTDC_NO_WARNINGS -D_CRT_SECURE_NO_WARNINGS -D_WINSOCK_DEPRECATED_NO_WARNINGS  -I.\include -DRUSSIAN_LANGUAGE -DRUS_WIN_CP1251 -o m20ru_cpu.obj m20_cpu.c
gcc -c -O2 -DUSE_INT64 -mwin32 -D_WINDOWS -D_WIN32 -D_CRT_SECURE_NO_DEPRECATE=1 -D_CRT_NON_CONFORMING_SWPRINTFS=1 -D_CRT_NONSTDC_NO_DEPRECATE=1 -D_WIN32_WINNT=0x0501 -DCRT_NONSTDC_NO_WARNINGS -D_CRT_SECURE_NO_WARNINGS -D_WINSOCK_DEPRECATED_NO_WARNINGS  -I.\include -DRUSSIAN_LANGUAGE -DRUS_WIN_CP1251 -o m20ru_sys.obj m20_sys.c
gcc -c -O2 -DUSE_INT64 -mwin32 -D_WINDOWS -D_WIN32 -D_CRT_SECURE_NO_DEPRECATE=1 -D_CRT_NON_CONFORMING_SWPRINTFS=1 -D_CRT_NONSTDC_NO_DEPRECATE=1 -D_WIN32_WINNT=0x0501 -DCRT_NONSTDC_NO_WARNINGS -D_CRT_SECURE_NO_WARNINGS -D_WINSOCK_DEPRECATED_NO_WARNINGS  -I.\include -DRUSSIAN_LANGUAGE -DRUS_WIN_CP1251 -o m20_rus.obj m20_rus.c
gcc -c -O2 -DUSE_INT64 -mwin32 -D_WINDOWS -D_WIN32 -D_CRT_SECURE_NO_DEPRECATE=1 -D_CRT_NON_CONFORMING_SWPRINTFS=1 -D_CRT_NONSTDC_NO_DEPRECATE=1 -D_WIN32_WINNT=0x0501 -DCRT_NONSTDC_NO_WARNINGS -D_CRT_SECURE_NO_WARNINGS -D_WINSOCK_DEPRECATED_NO_WARNINGS  -I.\include -DRUSSIAN_LANGUAGE -DRUS_WIN_CP1251 -o m20ru_drm.obj m20_drm.c
gcc -c -O2 -DUSE_INT64 -mwin32 -D_WINDOWS -D_WIN32 -D_CRT_SECURE_NO_DEPRECATE=1 -D_CRT_NON_CONFORMING_SWPRINTFS=1 -D_CRT_NONSTDC_NO_DEPRECATE=1 -D_WIN32_WINNT=0x0501 -DCRT_NONSTDC_NO_WARNINGS -D_CRT_SECURE_NO_WARNINGS -D_WINSOCK_DEPRECATED_NO_WARNINGS  -I.\include -DRUSSIAN_LANGUAGE -DRUS_WIN_CP1251 -o m20ru_cd.obj m20_cd.c
gcc -c -O2 -DUSE_INT64 -mwin32 -D_WINDOWS -D_WIN32 -D_CRT_SECURE_NO_DEPRECATE=1 -D_CRT_NON_CONFORMING_SWPRINTFS=1 -D_CRT_NONSTDC_NO_DEPRECATE=1 -D_WIN32_WINNT=0x0501 -DCRT_NONSTDC_NO_WARNINGS -D_CRT_SECURE_NO_WARNINGS -D_WINSOCK_DEPRECATED_NO_WARNINGS  -I.\include -DRUSSIAN_LANGUAGE -DRUS_WIN_CP1251 -o m20ru_mt.obj m20_mt.c
gcc -c -O2 -DUSE_INT64 -mwin32 -D_WINDOWS -D_WIN32 -D_CRT_SECURE_NO_DEPRECATE=1 -D_CRT_NON_CONFORMING_SWPRINTFS=1 -D_CRT_NONSTDC_NO_DEPRECATE=1 -D_WIN32_WINNT=0x0501 -DCRT_NONSTDC_NO_WARNINGS -D_CRT_SECURE_NO_WARNINGS -D_WINSOCK_DEPRECATED_NO_WARNINGS  -I.\include -DRUSSIAN_LANGUAGE -DRUS_WIN_CP1251 -o m20ru_lp.obj m20_lp.c
gcc   -o m20ru.exe m20ru_cpu.obj m20ru_sys.obj m20_rus.obj m20ru_drm.obj m20ru_cd.obj m20ru_mt.obj m20ru_lp.obj scp.obj sim_console.obj sim_tape.obj sim_timer.obj sim_tmxr.obj sim_sock.obj sim_serial.obj sim_disk.obj sim_fio.obj sim_ether.obj sim_imd.obj sim_video.obj sim_scsi.obj sim_frontpanel.obj -L.\LIBS\vc\x64 -lwsock32 -lwinmm  -lpthread 
gcc -c -O2 -DUSE_INT64 -mwin32 -D_WINDOWS -D_WIN32 -D_CRT_SECURE_NO_DEPRECATE=1 -D_CRT_NON_CONFORMING_SWPRINTFS=1 -D_CRT_NONSTDC_NO_DEPRECATE=1 -D_WIN32_WINNT=0x0501 -DCRT_NONSTDC_NO_WARNINGS -D_CRT_SECURE_NO_WARNINGS -D_WINSOCK_DEPRECATED_NO_WARNINGS  -I.\include -o getopt.obj getopt.c
gcc -c -O2 -DUSE_INT64 -mwin32 -D_WINDOWS -D_WIN32 -D_CRT_SECURE_NO_DEPRECATE=1 -D_CRT_NON_CONFORMING_SWPRINTFS=1 -D_CRT_NONSTDC_NO_DEPRECATE=1 -D_WIN32_WINNT=0x0501 -DCRT_NONSTDC_NO_WARNINGS -D_CRT_SECURE_NO_WARNINGS -D_WINSOCK_DEPRECATED_NO_WARNINGS  -I.\include -o code2pcard.obj code2pcard.c
gcc   -o code2pcard.exe code2pcard.obj getopt.obj -L.\LIBS\vc\x64 -lwsock32 -lwinmm  -lpthread 
gcc -c -O2 -DUSE_INT64 -mwin32 -D_WINDOWS -D_WIN32 -D_CRT_SECURE_NO_DEPRECATE=1 -D_CRT_NON_CONFORMING_SWPRINTFS=1 -D_CRT_NONSTDC_NO_DEPRECATE=1 -D_WIN32_WINNT=0x0501 -DCRT_NONSTDC_NO_WARNINGS -D_CRT_SECURE_NO_WARNINGS -D_WINSOCK_DEPRECATED_NO_WARNINGS  -I.\include -o autocode_m20.obj autocode_m20.c
gcc   -o autocode_m20.exe autocode_m20.obj getopt.obj -L.\LIBS\vc\x64 -lwsock32 -lwinmm  -lpthread 
gcc -c -O2 -DUSE_INT64 -mwin32 -D_WINDOWS -D_WIN32 -D_CRT_SECURE_NO_DEPRECATE=1 -D_CRT_NON_CONFORMING_SWPRINTFS=1 -D_CRT_NONSTDC_NO_DEPRECATE=1 -D_WIN32_WINNT=0x0501 -DCRT_NONSTDC_NO_WARNINGS -D_CRT_SECURE_NO_WARNINGS -D_WINSOCK_DEPRECATED_NO_WARNINGS  -I.\include -o dump_drm.obj dump_drm.c
gcc   -o dump_drm.exe dump_drm.obj getopt.obj -L.\LIBS\vc\x64 -lwsock32 -lwinmm  -lpthread 
gcc -c -O2 -DUSE_INT64 -mwin32 -D_WINDOWS -D_WIN32 -D_CRT_SECURE_NO_DEPRECATE=1 -D_CRT_NON_CONFORMING_SWPRINTFS=1 -D_CRT_NONSTDC_NO_DEPRECATE=1 -D_WIN32_WINNT=0x0501 -DCRT_NONSTDC_NO_WARNINGS -D_CRT_SECURE_NO_WARNINGS -D_WINSOCK_DEPRECATED_NO_WARNINGS  -I.\include -o dump_mt.obj dump_mt.c
gcc   -o dump_mt.exe dump_mt.obj getopt.obj -L.\LIBS\vc\x64 -lwsock32 -lwinmm  -lpthread 
