
M-20 simulator V4.0-0 Beta        git commit id: c317f685
Debug output to "boot_debug.txt"
LPT: creating new file
CDR: unit is read only
CDP: creating new file
1:	0 00 0000 0000 0000
2:	0 00 0000 0000 0000
3:	0 00 0000 0000 0000
4:	0 00 0000 0000 0000
5:	0 00 0000 0000 0000

1:	[op=00 mod=0] пересылка                      0000, 0000, 0000
2:	[op=00 mod=0] пересылка                      0000, 0000, 0000
3:	[op=00 mod=0] пересылка                      0000, 0000, 0000
4:	[op=00 mod=0] пересылка                      0000, 0000, 0000
5:	[op=00 mod=0] пересылка                      0000, 0000, 0000

1000:	0 00 0000 0000 0000
1001:	0 00 0000 0000 0000
1002:	0 00 0000 0000 0000
1003:	0 00 0000 0000 0000
1004:	0 00 0000 0000 0000
1005:	0 00 0000 0000 0000

Boot

*** Command time profile stat ***
opcode=01   count=1          times=28.50            avg_time=28.50             (слож_он)
opcode=10   count=1          times=500000.00        avg_time=500000.00         (ввод_пфк_останов)
opcode=77   count=1          times=24.00            avg_time=24.00             (останов_077)
Summary:  times=500052.50  count=3  avg_time=166684.17
**********

boot.simh-32> boot cdr

Останов, KRA: 0002 ([op=77 mod=0] останов_077                    0000, 0000, 0000)
M-20 event queue empty, time = 500053, executing 50000 instructios/sec
Time:	500053
1:	0 01 1001 1002 1003
2:	0 77 0000 0000 0000
3:	7 77 7777 7777 7777
4:	0 00 0000 0000 0000
5:	0 00 0000 0000 0000

1:	[op=01 mod=0] слож_он                        1001, 1002, 1003
2:	[op=77 mod=0] останов_077                    0000, 0000, 0000
3:	[op=77 mod=7] останов_077                    @-1, @-1, @-1
4:	[op=00 mod=0] пересылка                      0000, 0000, 0000
5:	[op=00 mod=0] пересылка                      0000, 0000, 0000

1000:	0 00 0000 0000 0000
1001:	1 02 4000 0000 0000
1002:	1 02 4000 0000 0000
1003:	1 03 4000 0000 0000
1004:	1 03 4000 0000 0000
1005:	0 00 0000 0000 0000

Goodbye
Debug output disabled
