
M-20 simulator V4.0-0 Beta        git commit id: c317f685
Debug output to "math_0001_debug.txt"
LPT: creating new file
100:	0 00 0020 0000 0040
101:	0 52 0000 0000 0000
102:	0 50 2100 0000 0040
103:	0 70 0040 0000 0000
104:	0 05 0040 0040 0041
105:	0 05 0041 0041 0042
106:	0 05 0041 0040 0043
107:	0 05 0043 0031 0043
110:	0 02 0042 0043 0042
111:	0 05 0041 0030 0043
112:	0 01 0042 0043 0042
113:	0 01 0042 0040 0042
114:	0 01 0042 0031 0042
115:	0 50 2100 0000 0042
116:	0 70 0042 0000 0000
117:	0 01 0040 0021 0040
120:	1 12 0012 0102 0001
121:	0 77 0000 0000 0000
122:	7 77 7777 7777 7777
123:	0 00 0000 0000 0000
124:	0 00 0000 0000 0000
125:	0 00 0000 0000 0000
126:	0 00 0000 0000 0000
127:	0 00 0000 0000 0000

100:	[op=00 mod=0] пересылка                      0020, 0000, 0040
101:	[op=52 mod=0] изм_ра_по_адр                  0000, 0000, 0000
102:	[op=50 mod=0] ввод_пред_050                  2100, 0000, 0040
103:	[op=70 mod=0] ввод_исп_070                   0040, 0000, 0000
104:	[op=05 mod=0] умнож_он                       0040, 0040, 0041
105:	[op=05 mod=0] умнож_он                       0041, 0041, 0042
106:	[op=05 mod=0] умнож_он                       0041, 0040, 0043
107:	[op=05 mod=0] умнож_он                       0043, 0031, 0043
110:	[op=02 mod=0] вычит_он                       0042, 0043, 0042
111:	[op=05 mod=0] умнож_он                       0041, 0030, 0043
112:	[op=01 mod=0] слож_он                        0042, 0043, 0042
113:	[op=01 mod=0] слож_он                        0042, 0040, 0042
114:	[op=01 mod=0] слож_он                        0042, 0031, 0042
115:	[op=50 mod=0] ввод_пред_050                  2100, 0000, 0042
116:	[op=70 mod=0] ввод_исп_070                   0042, 0000, 0000
117:	[op=01 mod=0] слож_он                        0040, 0021, 0040
120:	[op=12 mod=1] пер_если_ра_мнш_a1             0012, 0102, @+0001
121:	[op=77 mod=0] останов_077                    0000, 0000, 0000
122:	[op=77 mod=7] останов_077                    @-1, @-1, @-1
123:	[op=00 mod=0] пересылка                      0000, 0000, 0000
124:	[op=00 mod=0] пересылка                      0000, 0000, 0000
125:	[op=00 mod=0] пересылка                      0000, 0000, 0000
126:	[op=00 mod=0] пересылка                      0000, 0000, 0000
127:	[op=00 mod=0] пересылка                      0000, 0000, 0000

20:	1 01 4000 0000 0000
21:	0 75 6314 6314 6315
22:	0 00 0000 0000 0000
23:	0 00 0000 0000 0000
24:	0 00 0000 0000 0000
25:	0 00 0000 0000 0000

30:	1 02 4000 0000 0000
31:	1 02 6000 0000 0000

Start

*** Command time profile stat ***
opcode=00   count=1          times=24.00            avg_time=24.00             (пересылка)
opcode=01   count=44         times=1254.00          avg_time=28.50             (слож_он)
opcode=02   count=11         times=313.50           avg_time=28.50             (вычит_он)
opcode=05   count=55         times=3822.50          avg_time=69.50             (умнож_он)
opcode=12   count=11         times=264.00           avg_time=24.00             (пер_если_ра_мнш_a1)
opcode=50   count=22         times=528.00           avg_time=24.00             (ввод_пред_050)
opcode=52   count=1          times=28.50            avg_time=28.50             (изм_ра_по_адр)
opcode=70   count=22         times=1100528.00       avg_time=50024.00          (ввод_исп_070)
opcode=77   count=1          times=24.00            avg_time=24.00             (останов_077)
Summary:  times=1106786.50  count=168  avg_time=6588.01
**********

math_0001.simh-41> run

Останов, KRA: 0121 ([op=77 mod=0] останов_077                    0000, 0000, 0000)
M-20 event queue empty, time = 1106787, executing 50000 instructios/sec
Time:	1106787
30:	1 02 4000 0000 0000
31:	1 02 6000 0000 0000

100:	0 00 0020 0000 0040
101:	0 52 0000 0000 0000
102:	0 50 2100 0000 0040
103:	0 70 0040 0000 0000
104:	0 05 0040 0040 0041
105:	0 05 0041 0041 0042
106:	0 05 0041 0040 0043
107:	0 05 0043 0031 0043
110:	0 02 0042 0043 0042
111:	0 05 0041 0030 0043
112:	0 01 0042 0043 0042
113:	0 01 0042 0040 0042
114:	0 01 0042 0031 0042
115:	0 50 2100 0000 0042
116:	0 70 0042 0000 0000
117:	0 01 0040 0021 0040
120:	1 12 0012 0102 0001
121:	0 77 0000 0000 0000
122:	7 77 7777 7777 7777
123:	0 00 0000 0000 0000
124:	0 00 0000 0000 0000
125:	0 00 0000 0000 0000
126:	0 00 0000 0000 0000
127:	0 00 0000 0000 0000

100:	[op=00 mod=0] пересылка                      0020, 0000, 0040
101:	[op=52 mod=0] изм_ра_по_адр                  0000, 0000, 0000
102:	[op=50 mod=0] ввод_пред_050                  2100, 0000, 0040
103:	[op=70 mod=0] ввод_исп_070                   0040, 0000, 0000
104:	[op=05 mod=0] умнож_он                       0040, 0040, 0041
105:	[op=05 mod=0] умнож_он                       0041, 0041, 0042
106:	[op=05 mod=0] умнож_он                       0041, 0040, 0043
107:	[op=05 mod=0] умнож_он                       0043, 0031, 0043
110:	[op=02 mod=0] вычит_он                       0042, 0043, 0042
111:	[op=05 mod=0] умнож_он                       0041, 0030, 0043
112:	[op=01 mod=0] слож_он                        0042, 0043, 0042
113:	[op=01 mod=0] слож_он                        0042, 0040, 0042
114:	[op=01 mod=0] слож_он                        0042, 0031, 0042
115:	[op=50 mod=0] ввод_пред_050                  2100, 0000, 0042
116:	[op=70 mod=0] ввод_исп_070                   0042, 0000, 0000
117:	[op=01 mod=0] слож_он                        0040, 0021, 0040
120:	[op=12 mod=1] пер_если_ра_мнш_a1             0012, 0102, @+0001
121:	[op=77 mod=0] останов_077                    0000, 0000, 0000
122:	[op=77 mod=7] останов_077                    @-1, @-1, @-1
123:	[op=00 mod=0] пересылка                      0000, 0000, 0000
124:	[op=00 mod=0] пересылка                      0000, 0000, 0000
125:	[op=00 mod=0] пересылка                      0000, 0000, 0000
126:	[op=00 mod=0] пересылка                      0000, 0000, 0000
127:	[op=00 mod=0] пересылка                      0000, 0000, 0000

0:	0 00 0000 0000 0000
1:	0 00 0000 0000 0000
2:	0 00 0000 0000 0000
3:	0 00 0000 0000 0000

20:	1 01 4000 0000 0000
21:	0 75 6314 6314 6315
22:	0 00 0000 0000 0000
23:	0 00 0000 0000 0000
24:	0 00 0000 0000 0000
25:	0 00 0000 0000 0000

Goodbye
Debug output disabled
