Could Not Find C:\emulators\m20\math_0001_debug.txt
Could Not Find C:\emulators\m20\math_0001.lst
MULT: ENTER: x=101400000000000, y=101400000000000 no_round=0 no_norm=0
mult: xm=000400000000000, ym=000400000000000 xexp=65 yexp=65
mult: r=000200000000000, regRMR=000000000000000 rexp=66
mult: r=000400000000000, regRMR=000000000000000 rexp=65
mult: FINAL 1: r=000400000000000, rexp=65

mult: FINAL 2: r=101400000000000, regRMR=101000000000000 rexp=65

MULT: ENTER: x=101400000000000, y=101400000000000 no_round=0 no_norm=0
mult: xm=000400000000000, ym=000400000000000 xexp=65 yexp=65
mult: r=000200000000000, regRMR=000000000000000 rexp=66
mult: r=000400000000000, regRMR=000000000000000 rexp=65
mult: FINAL 1: r=000400000000000, rexp=65

mult: FINAL 2: r=101400000000000, regRMR=101000000000000 rexp=65

MULT: ENTER: x=101400000000000, y=101400000000000 no_round=0 no_norm=0
mult: xm=000400000000000, ym=000400000000000 xexp=65 yexp=65
mult: r=000200000000000, regRMR=000000000000000 rexp=66
mult: r=000400000000000, regRMR=000000000000000 rexp=65
mult: FINAL 1: r=000400000000000, rexp=65

mult: FINAL 2: r=101400000000000, regRMR=101000000000000 rexp=65

MULT: ENTER: x=101400000000000, y=102600000000000 no_round=0 no_norm=0
mult: xm=000400000000000, ym=000600000000000 xexp=65 yexp=66
mult: r=000300000000000, regRMR=000000000000000 rexp=67
mult: r=000600000000000, regRMR=000000000000000 rexp=66
mult: FINAL 1: r=000600000000000, rexp=66

mult: FINAL 2: r=102600000000000, regRMR=102000000000000 rexp=66

ADD: ENTER: no_round=0 no_norm=0 x=101400000000000 y=302600000000000
add: xexp=65 y_exp=66
add: xexp=66 y_exp=65 x=302600000000000 y=101400000000000
add: rexp=66 xm=000600000000000 ym=000200000000000
add: A1: r=000400000000000
add: FINAL 1: r=000400000000000
add: FINAL 2: r=102400000000000
add: FINAL 3: r=302400000000000
add: LEAVE: FINAL 10: r=302400000000000

add: LEAVE: FINAL 20: r=302400000000000

MULT: ENTER: x=101400000000000, y=102400000000000 no_round=0 no_norm=0
mult: xm=000400000000000, ym=000400000000000 xexp=65 yexp=66
mult: r=000200000000000, regRMR=000000000000000 rexp=67
mult: r=000400000000000, regRMR=000000000000000 rexp=66
mult: FINAL 1: r=000400000000000, rexp=66

mult: FINAL 2: r=102400000000000, regRMR=102000000000000 rexp=66

ADD: ENTER: no_round=0 no_norm=0 x=302400000000000 y=102400000000000
add: xexp=66 y_exp=66
add: xexp=66 y_exp=66 x=302400000000000 y=102400000000000
add: rexp=66 xm=000400000000000 ym=000400000000000
add: A1: r=000000000000000
add: FINAL 1: r=000000000000000
add: FINAL 2: r=102000000000000
add: FINAL 3: r=302000000000000
add: LEAVE: FINAL 10: r=000000000000000

add: LEAVE: FINAL 20: r=000000000000000

ADD: ENTER: no_round=0 no_norm=0 x=000000000000000 y=101400000000000
ADD: ENTER: no_round=0 no_norm=0 x=101400000000000 y=102600000000000
add: xexp=65 y_exp=66
add: xexp=66 y_exp=65 x=102600000000000 y=101400000000000
add: rexp=66 xm=000600000000000 ym=000200000000000
add: B1: r=001000000000000
add: B2: r=001000000000001
add: C1: rexp=67 r=000400000000001
add: FINAL 1: r=000400000000001
add: FINAL 2: r=103400000000001
add: FINAL 3: r=103400000000001
add: LEAVE: FINAL 10: r=103400000000001

add: FINAL 13: r=000103400000000001
add: FINAL 14: r=000103400000000000
add: LEAVE: FINAL 20: r=103400000000000

ADD: ENTER: no_round=0 no_norm=0 x=101400000000000 y=075631463146315
add: xexp=65 y_exp=61
add: xexp=65 y_exp=61 x=101400000000000 y=075631463146315
add: rexp=65 xm=000400000000000 ym=000031463146314
add: B1: r=000431463146314
add: B2: r=000431463146315
add: FINAL 1: r=000431463146315
add: FINAL 2: r=101431463146315
add: FINAL 3: r=101431463146315
add: LEAVE: FINAL 10: r=101431463146315

add: LEAVE: FINAL 20: r=101431463146315

MULT: ENTER: x=101431463146315, y=101431463146315 no_round=0 no_norm=0
mult: xm=000431463146315, ym=000431463146315 xexp=65 yexp=65
mult: r=000232702436560, regRMR=000670243656051 rexp=66
mult: r=000465605075342, regRMR=000560507534122 rexp=65
mult: FINAL 1: r=000465605075342, rexp=65

mult: FINAL 2: r=101465605075342, regRMR=101560507534122 rexp=65

MULT: ENTER: x=101465605075342, y=101465605075342 no_round=0 no_norm=0
mult: xm=000465605075342, ym=000465605075342 xexp=65 yexp=65
mult: r=000273317203711, regRMR=000124623027604 rexp=66
mult: r=000566636407622, regRMR=000251446057410 rexp=65
mult: FINAL 1: r=000566636407622, rexp=65

mult: FINAL 2: r=101566636407622, regRMR=101251446057410 rexp=65

MULT: ENTER: x=101465605075342, y=101431463146315 no_round=0 no_norm=0
mult: xm=000465605075342, ym=000431463146315 xexp=65 yexp=65
mult: r=000252274324774, regRMR=000327432477372 rexp=66
mult: r=000524570651771, regRMR=000657065176764 rexp=65
mult: FINAL 1: r=000524570651771, rexp=65

mult: FINAL 2: r=101524570651771, regRMR=101657065176764 rexp=65

MULT: ENTER: x=101524570651771, y=102600000000000 no_round=0 no_norm=0
mult: xm=000524570651771, ym=000600000000000 xexp=65 yexp=66
mult: r=000377432477372, regRMR=000600000000000 rexp=67
mult: r=000777065176766, regRMR=000400000000000 rexp=66
mult: FINAL 1: r=000777065176766, rexp=66

mult: FINAL 2: r=102777065176766, regRMR=102400000000000 rexp=66

ADD: ENTER: no_round=0 no_norm=0 x=101566636407622 y=302777065176766
add: xexp=65 y_exp=66
add: xexp=66 y_exp=65 x=302777065176766 y=101566636407622
add: rexp=66 xm=000777065176766 ym=000273317203711
add: A1: r=000503545773055
add: FINAL 1: r=000503545773055
add: FINAL 2: r=102503545773055
add: FINAL 3: r=302503545773055
add: LEAVE: FINAL 10: r=302503545773055

add: LEAVE: FINAL 20: r=302503545773055

MULT: ENTER: x=101465605075342, y=102400000000000 no_round=0 no_norm=0
mult: xm=000465605075342, ym=000400000000000 xexp=65 yexp=66
mult: r=000232702436561, regRMR=000000000000000 rexp=67
mult: r=000465605075342, regRMR=000000000000000 rexp=66
mult: FINAL 1: r=000465605075342, rexp=66

mult: FINAL 2: r=102465605075342, regRMR=102000000000000 rexp=66

ADD: ENTER: no_round=0 no_norm=0 x=302503545773055 y=102465605075342
add: xexp=66 y_exp=66
add: xexp=66 y_exp=66 x=302503545773055 y=102465605075342
add: rexp=66 xm=000503545773055 ym=000465605075342
add: A1: r=000015740675513
add: FINAL 1: r=000015740675513
add: FINAL 2: r=102015740675513
add: FINAL 3: r=302015740675513
add: LEAVE: FINAL 10: r=275676033664540

add: LEAVE: FINAL 20: r=275676033664540

ADD: ENTER: no_round=0 no_norm=0 x=275676033664540 y=101431463146315
add: xexp=61 y_exp=65
add: xexp=65 y_exp=61 x=101431463146315 y=275676033664540
add: rexp=65 xm=000431463146315 ym=000033701573226
add: A1: r=000375561353067
add: FINAL 1: r=000375561353067
add: FINAL 2: r=101375561353067
add: FINAL 3: r=101375561353067
add: LEAVE: FINAL 10: r=100773342726156

add: LEAVE: FINAL 20: r=100773342726156

ADD: ENTER: no_round=0 no_norm=0 x=100773342726156 y=102600000000000
add: xexp=64 y_exp=66
add: xexp=66 y_exp=64 x=102600000000000 y=100773342726156
add: rexp=66 xm=000600000000000 ym=000176670565433
add: B1: r=000776670565433
add: B2: r=000776670565434
add: FINAL 1: r=000776670565434
add: FINAL 2: r=102776670565434
add: FINAL 3: r=102776670565434
add: LEAVE: FINAL 10: r=102776670565434

add: LEAVE: FINAL 20: r=102776670565434

ADD: ENTER: no_round=0 no_norm=0 x=101431463146315 y=075631463146315
add: xexp=65 y_exp=61
add: xexp=65 y_exp=61 x=101431463146315 y=075631463146315
add: rexp=65 xm=000431463146315 ym=000031463146314
add: B1: r=000463146314631
add: B2: r=000463146314632
add: FINAL 1: r=000463146314632
add: FINAL 2: r=101463146314632
add: FINAL 3: r=101463146314632
add: LEAVE: FINAL 10: r=101463146314632

add: LEAVE: FINAL 20: r=101463146314632

MULT: ENTER: x=101463146314632, y=101463146314632 no_round=0 no_norm=0
mult: xm=000463146314632, ym=000463146314632 xexp=65 yexp=65
mult: r=000270243656051, regRMR=000341217270244 rexp=66
mult: r=000560507534123, regRMR=000702436560510 rexp=65
mult: FINAL 1: r=000560507534123, rexp=65

mult: FINAL 2: r=101560507534123, regRMR=101702436560510 rexp=65

MULT: ENTER: x=101560507534123, y=101560507534123 no_round=0 no_norm=0
mult: xm=000560507534123, ym=000560507534123 xexp=65 yexp=65
mult: r=000411327346145, regRMR=000376612665351 rexp=66
mult: r=000411327346145, regRMR=000376612665351 rexp=66
mult: FINAL 1: r=000411327346145, rexp=66

mult: FINAL 2: r=102411327346145, regRMR=102376612665351 rexp=66

MULT: ENTER: x=101560507534123, y=101463146314632 no_round=0 no_norm=0
mult: xm=000560507534123, ym=000463146314632 xexp=65 yexp=65
mult: r=000335136152376, regRMR=000706517676356 rexp=66
mult: r=000672274324776, regRMR=000615237574734 rexp=65
mult: FINAL 1: r=000672274324776, rexp=65

mult: FINAL 2: r=101672274324776, regRMR=101615237574734 rexp=65

MULT: ENTER: x=101672274324776, y=102600000000000 no_round=0 no_norm=0
mult: xm=000672274324776, ym=000600000000000 xexp=65 yexp=66
mult: r=000513615237576, regRMR=000400000000000 rexp=67
mult: r=000513615237577, regRMR=000400000000000 rexp=67
mult: FINAL 1: r=000513615237577, rexp=67

mult: FINAL 2: r=103513615237577, regRMR=103400000000000 rexp=67

ADD: ENTER: no_round=0 no_norm=0 x=102411327346145 y=303513615237577
add: xexp=66 y_exp=67
add: xexp=67 y_exp=66 x=303513615237577 y=102411327346145
add: rexp=67 xm=000513615237577 ym=000204553563062
add: A1: r=000307041454515
add: FINAL 1: r=000307041454515
add: FINAL 2: r=103307041454515
add: FINAL 3: r=303307041454515
add: LEAVE: FINAL 10: r=302616103131232

add: LEAVE: FINAL 20: r=302616103131232

MULT: ENTER: x=101560507534123, y=102400000000000 no_round=0 no_norm=0
mult: xm=000560507534123, ym=000400000000000 xexp=65 yexp=66
mult: r=000270243656051, regRMR=000400000000000 rexp=67
mult: r=000560507534123, regRMR=000000000000000 rexp=66
mult: FINAL 1: r=000560507534123, rexp=66

mult: FINAL 2: r=102560507534123, regRMR=102000000000000 rexp=66

ADD: ENTER: no_round=0 no_norm=0 x=302616103131232 y=102560507534123
add: xexp=66 y_exp=66
add: xexp=66 y_exp=66 x=302616103131232 y=102560507534123
add: rexp=66 xm=000616103131232 ym=000560507534123
add: A1: r=000035373375107
add: FINAL 1: r=000035373375107
add: FINAL 2: r=102035373375107
add: FINAL 3: r=302035373375107
add: LEAVE: FINAL 10: r=276727667722160

add: LEAVE: FINAL 20: r=276727667722160

ADD: ENTER: no_round=0 no_norm=0 x=276727667722160 y=101463146314632
add: xexp=62 y_exp=65
add: xexp=65 y_exp=62 x=101463146314632 y=276727667722160
add: rexp=65 xm=000463146314632 ym=000072766772216
add: A1: r=000370157322414
add: FINAL 1: r=000370157322414
add: FINAL 2: r=101370157322414
add: FINAL 3: r=101370157322414
add: LEAVE: FINAL 10: r=100760336645030

add: LEAVE: FINAL 20: r=100760336645030

ADD: ENTER: no_round=0 no_norm=0 x=100760336645030 y=102600000000000
add: xexp=64 y_exp=66
add: xexp=66 y_exp=64 x=102600000000000 y=100760336645030
add: rexp=66 xm=000600000000000 ym=000174067551206
add: B1: r=000774067551206
add: B2: r=000774067551207
add: FINAL 1: r=000774067551207
add: FINAL 2: r=102774067551207
add: FINAL 3: r=102774067551207
add: LEAVE: FINAL 10: r=102774067551207

add: LEAVE: FINAL 20: r=102774067551207

ADD: ENTER: no_round=0 no_norm=0 x=101463146314632 y=075631463146315
add: xexp=65 y_exp=61
add: xexp=65 y_exp=61 x=101463146314632 y=075631463146315
add: rexp=65 xm=000463146314632 ym=000031463146314
add: B1: r=000514631463146
add: B2: r=000514631463147
add: FINAL 1: r=000514631463147
add: FINAL 2: r=101514631463147
add: FINAL 3: r=101514631463147
add: LEAVE: FINAL 10: r=101514631463147

add: LEAVE: FINAL 20: r=101514631463147

MULT: ENTER: x=101514631463147, y=101514631463147 no_round=0 no_norm=0
mult: xm=000514631463147, ym=000514631463147 xexp=65 yexp=65
mult: r=000330243656051, regRMR=000572702436561 rexp=66
mult: r=000660507534123, regRMR=000365605075342 rexp=65
mult: FINAL 1: r=000660507534123, rexp=65

mult: FINAL 2: r=101660507534123, regRMR=101365605075342 rexp=65

MULT: ENTER: x=101660507534123, y=101660507534123 no_round=0 no_norm=0
mult: xm=000660507534123, ym=000660507534123 xexp=65 yexp=65
mult: r=000555451275172, regRMR=000176612665351 rexp=66
mult: r=000555451275172, regRMR=000176612665351 rexp=66
mult: FINAL 1: r=000555451275172, rexp=66

mult: FINAL 2: r=102555451275172, regRMR=102176612665351 rexp=66

MULT: ENTER: x=101660507534123, y=101514631463147 no_round=0 no_norm=0
mult: xm=000660507534123, ym=000514631463147 xexp=65 yexp=65
mult: r=000431156457066, regRMR=000351767635545 rexp=66
mult: r=000431156457066, regRMR=000351767635545 rexp=66
mult: FINAL 1: r=000431156457066, rexp=66

mult: FINAL 2: r=102431156457066, regRMR=102351767635545 rexp=66

MULT: ENTER: x=102431156457066, y=102600000000000 no_round=0 no_norm=0
mult: xm=000431156457066, ym=000600000000000 xexp=66 yexp=66
mult: r=000322722743250, regRMR=000400000000000 rexp=68
mult: r=000645645706521, regRMR=000000000000000 rexp=67
mult: FINAL 1: r=000645645706521, rexp=67

mult: FINAL 2: r=103645645706521, regRMR=103000000000000 rexp=67

ADD: ENTER: no_round=0 no_norm=0 x=102555451275172 y=303645645706521
add: xexp=66 y_exp=67
add: xexp=67 y_exp=66 x=303645645706521 y=102555451275172
add: rexp=67 xm=000645645706521 ym=000266624536475
add: A1: r=000357021150024
add: FINAL 1: r=000357021150024
add: FINAL 2: r=103357021150024
add: FINAL 3: r=303357021150024
add: LEAVE: FINAL 10: r=302736042320050

add: LEAVE: FINAL 20: r=302736042320050

MULT: ENTER: x=101660507534123, y=102400000000000 no_round=0 no_norm=0
mult: xm=000660507534123, ym=000400000000000 xexp=65 yexp=66
mult: r=000330243656051, regRMR=000400000000000 rexp=67
mult: r=000660507534123, regRMR=000000000000000 rexp=66
mult: FINAL 1: r=000660507534123, rexp=66

mult: FINAL 2: r=102660507534123, regRMR=102000000000000 rexp=66

ADD: ENTER: no_round=0 no_norm=0 x=302736042320050 y=102660507534123
add: xexp=66 y_exp=66
add: xexp=66 y_exp=66 x=302736042320050 y=102660507534123
add: rexp=66 xm=000736042320050 ym=000660507534123
add: A1: r=000055332563725
add: FINAL 1: r=000055332563725
add: FINAL 2: r=102055332563725
add: FINAL 3: r=302055332563725
add: LEAVE: FINAL 10: r=277553325637250

add: LEAVE: FINAL 20: r=277553325637250

ADD: ENTER: no_round=0 no_norm=0 x=277553325637250 y=101514631463147
add: xexp=63 y_exp=65
add: xexp=65 y_exp=63 x=101514631463147 y=277553325637250
add: rexp=65 xm=000514631463147 ym=000132665347652
add: A1: r=000361744113275
add: FINAL 1: r=000361744113275
add: FINAL 2: r=101361744113275
add: FINAL 3: r=101361744113275
add: LEAVE: FINAL 10: r=100743710226572

add: LEAVE: FINAL 20: r=100743710226572

ADD: ENTER: no_round=0 no_norm=0 x=100743710226572 y=102600000000000
add: xexp=64 y_exp=66
add: xexp=66 y_exp=64 x=102600000000000 y=100743710226572
add: rexp=66 xm=000600000000000 ym=000170762045536
add: B1: r=000770762045536
add: B2: r=000770762045537
add: FINAL 1: r=000770762045537
add: FINAL 2: r=102770762045537
add: FINAL 3: r=102770762045537
add: LEAVE: FINAL 10: r=102770762045537

add: LEAVE: FINAL 20: r=102770762045537

ADD: ENTER: no_round=0 no_norm=0 x=101514631463147 y=075631463146315
add: xexp=65 y_exp=61
add: xexp=65 y_exp=61 x=101514631463147 y=075631463146315
add: rexp=65 xm=000514631463147 ym=000031463146314
add: B1: r=000546314631463
add: B2: r=000546314631464
add: FINAL 1: r=000546314631464
add: FINAL 2: r=101546314631464
add: FINAL 3: r=101546314631464
add: LEAVE: FINAL 10: r=101546314631464

add: LEAVE: FINAL 20: r=101546314631464

MULT: ENTER: x=101546314631464, y=101546314631464 no_round=0 no_norm=0
mult: xm=000546314631464, ym=000546314631464 xexp=65 yexp=65
mult: r=000372702436561, regRMR=000605075341220 rexp=66
mult: r=000765605075344, regRMR=000412172702440 rexp=65
mult: FINAL 1: r=000765605075344, rexp=65

mult: FINAL 2: r=101765605075344, regRMR=101412172702440 rexp=65

MULT: ENTER: x=101765605075344, y=101765605075344 no_round=0 no_norm=0
mult: xm=000765605075344, ym=000765605075344 xexp=65 yexp=65
mult: r=000753563061766, regRMR=000453647415420 rexp=66
mult: r=000753563061767, regRMR=000453647415420 rexp=66
mult: FINAL 1: r=000753563061767, rexp=66

mult: FINAL 2: r=102753563061767, regRMR=102453647415420 rexp=66

MULT: ENTER: x=101765605075344, y=101546314631464 no_round=0 no_norm=0
mult: xm=000765605075344, ym=000546314631464 xexp=65 yexp=65
mult: r=000537166621323, regRMR=000453004061120 rexp=66
mult: r=000537166621324, regRMR=000453004061120 rexp=66
mult: FINAL 1: r=000537166621324, rexp=66

mult: FINAL 2: r=102537166621324, regRMR=102453004061120 rexp=66

MULT: ENTER: x=102537166621324, y=102600000000000 no_round=0 no_norm=0
mult: xm=000537166621324, ym=000600000000000 xexp=66 yexp=66
mult: r=000407331055037, regRMR=000000000000000 rexp=68
mult: r=000407331055037, regRMR=000000000000000 rexp=68
mult: FINAL 1: r=000407331055037, rexp=68

mult: FINAL 2: r=104407331055037, regRMR=104000000000000 rexp=68

ADD: ENTER: no_round=0 no_norm=0 x=102753563061767 y=304407331055037
add: xexp=66 y_exp=68
add: xexp=68 y_exp=66 x=304407331055037 y=102753563061767
add: rexp=68 xm=000407331055037 ym=000172734614375
add: A1: r=000214374240442
add: FINAL 1: r=000214374240442
add: FINAL 2: r=104214374240442
add: FINAL 3: r=304214374240442
add: LEAVE: FINAL 10: r=303430770501104

add: LEAVE: FINAL 20: r=303430770501104

MULT: ENTER: x=101765605075344, y=102400000000000 no_round=0 no_norm=0
mult: xm=000765605075344, ym=000400000000000 xexp=65 yexp=66
mult: r=000372702436562, regRMR=000000000000000 rexp=67
mult: r=000765605075344, regRMR=000000000000000 rexp=66
mult: FINAL 1: r=000765605075344, rexp=66

mult: FINAL 2: r=102765605075344, regRMR=102000000000000 rexp=66

ADD: ENTER: no_round=0 no_norm=0 x=303430770501104 y=102765605075344
add: xexp=67 y_exp=66
add: xexp=67 y_exp=66 x=303430770501104 y=102765605075344
add: rexp=67 xm=000430770501104 ym=000372702436562
add: A1: r=000036066042322
add: FINAL 1: r=000036066042322
add: FINAL 2: r=103036066042322
add: FINAL 3: r=303036066042322
add: LEAVE: FINAL 10: r=277741541046440

add: LEAVE: FINAL 20: r=277741541046440

ADD: ENTER: no_round=0 no_norm=0 x=277741541046440 y=101546314631464
add: xexp=63 y_exp=65
add: xexp=65 y_exp=63 x=101546314631464 y=277741541046440
add: rexp=65 xm=000546314631464 ym=000170330211510
add: A1: r=000355764417754
add: FINAL 1: r=000355764417754
add: FINAL 2: r=101355764417754
add: FINAL 3: r=101355764417754
add: LEAVE: FINAL 10: r=100733751037730

add: LEAVE: FINAL 20: r=100733751037730

ADD: ENTER: no_round=0 no_norm=0 x=100733751037730 y=102600000000000
add: xexp=64 y_exp=66
add: xexp=66 y_exp=64 x=102600000000000 y=100733751037730
add: rexp=66 xm=000600000000000 ym=000166772207766
add: B1: r=000766772207766
add: B2: r=000766772207767
add: FINAL 1: r=000766772207767
add: FINAL 2: r=102766772207767
add: FINAL 3: r=102766772207767
add: LEAVE: FINAL 10: r=102766772207767

add: LEAVE: FINAL 20: r=102766772207767

ADD: ENTER: no_round=0 no_norm=0 x=101546314631464 y=075631463146315
add: xexp=65 y_exp=61
add: xexp=65 y_exp=61 x=101546314631464 y=075631463146315
add: rexp=65 xm=000546314631464 ym=000031463146314
add: B1: r=000600000000000
add: B2: r=000600000000001
add: FINAL 1: r=000600000000001
add: FINAL 2: r=101600000000001
add: FINAL 3: r=101600000000001
add: LEAVE: FINAL 10: r=101600000000001

add: LEAVE: FINAL 20: r=101600000000001

MULT: ENTER: x=101600000000001, y=101600000000001 no_round=0 no_norm=0
mult: xm=000600000000001, ym=000600000000001 xexp=65 yexp=65
mult: r=000440000000001, regRMR=000400000000001 rexp=66
mult: r=000440000000002, regRMR=000400000000001 rexp=66
mult: FINAL 1: r=000440000000002, rexp=66

mult: FINAL 2: r=102440000000002, regRMR=102400000000001 rexp=66

MULT: ENTER: x=102440000000002, y=102440000000002 no_round=0 no_norm=0
mult: xm=000440000000002, ym=000440000000002 xexp=66 yexp=66
mult: r=000242000000002, regRMR=000200000000004 rexp=68
mult: r=000504000000005, regRMR=000400000000010 rexp=67
mult: FINAL 1: r=000504000000005, rexp=67

mult: FINAL 2: r=103504000000005, regRMR=103400000000010 rexp=67

MULT: ENTER: x=102440000000002, y=101600000000001 no_round=0 no_norm=0
mult: xm=000440000000002, ym=000600000000001 xexp=66 yexp=65
mult: r=000330000000002, regRMR=000040000000002 rexp=67
mult: r=000660000000004, regRMR=000100000000004 rexp=66
mult: FINAL 1: r=000660000000004, rexp=66

mult: FINAL 2: r=102660000000004, regRMR=102100000000004 rexp=66

MULT: ENTER: x=102660000000004, y=102600000000000 no_round=0 no_norm=0
mult: xm=000660000000004, ym=000600000000000 xexp=66 yexp=66
mult: r=000504000000003, regRMR=000000000000000 rexp=68
mult: r=000504000000003, regRMR=000000000000000 rexp=68
mult: FINAL 1: r=000504000000003, rexp=68

mult: FINAL 2: r=104504000000003, regRMR=104000000000000 rexp=68

ADD: ENTER: no_round=0 no_norm=0 x=103504000000005 y=304504000000003
add: xexp=67 y_exp=68
add: xexp=68 y_exp=67 x=304504000000003 y=103504000000005
add: rexp=68 xm=000504000000003 ym=000242000000002
add: A1: r=000242000000001
add: FINAL 1: r=000242000000001
add: FINAL 2: r=104242000000001
add: FINAL 3: r=304242000000001
add: LEAVE: FINAL 10: r=303504000000002

add: LEAVE: FINAL 20: r=303504000000002

MULT: ENTER: x=102440000000002, y=102400000000000 no_round=0 no_norm=0
mult: xm=000440000000002, ym=000400000000000 xexp=66 yexp=66
mult: r=000220000000001, regRMR=000000000000000 rexp=68
mult: r=000440000000002, regRMR=000000000000000 rexp=67
mult: FINAL 1: r=000440000000002, rexp=67

mult: FINAL 2: r=103440000000002, regRMR=103000000000000 rexp=67

ADD: ENTER: no_round=0 no_norm=0 x=303504000000002 y=103440000000002
add: xexp=67 y_exp=67
add: xexp=67 y_exp=67 x=303504000000002 y=103440000000002
add: rexp=67 xm=000504000000002 ym=000440000000002
add: A1: r=000044000000000
add: FINAL 1: r=000044000000000
add: FINAL 2: r=103044000000000
add: FINAL 3: r=303044000000000
add: LEAVE: FINAL 10: r=300440000000000

add: LEAVE: FINAL 20: r=300440000000000

ADD: ENTER: no_round=0 no_norm=0 x=300440000000000 y=101600000000001
add: xexp=64 y_exp=65
add: xexp=65 y_exp=64 x=101600000000001 y=300440000000000
add: rexp=65 xm=000600000000001 ym=000220000000000
add: A1: r=000360000000001
add: FINAL 1: r=000360000000001
add: FINAL 2: r=101360000000001
add: FINAL 3: r=101360000000001
add: LEAVE: FINAL 10: r=100740000000002

add: LEAVE: FINAL 20: r=100740000000002

ADD: ENTER: no_round=0 no_norm=0 x=100740000000002 y=102600000000000
add: xexp=64 y_exp=66
add: xexp=66 y_exp=64 x=102600000000000 y=100740000000002
add: rexp=66 xm=000600000000000 ym=000170000000000
add: B1: r=000770000000000
add: B2: r=000770000000001
add: FINAL 1: r=000770000000001
add: FINAL 2: r=102770000000001
add: FINAL 3: r=102770000000001
add: LEAVE: FINAL 10: r=102770000000001

add: LEAVE: FINAL 20: r=102770000000001

ADD: ENTER: no_round=0 no_norm=0 x=101600000000001 y=075631463146315
add: xexp=65 y_exp=61
add: xexp=65 y_exp=61 x=101600000000001 y=075631463146315
add: rexp=65 xm=000600000000001 ym=000031463146314
add: B1: r=000631463146315
add: B2: r=000631463146316
add: FINAL 1: r=000631463146316
add: FINAL 2: r=101631463146316
add: FINAL 3: r=101631463146316
add: LEAVE: FINAL 10: r=101631463146316

add: LEAVE: FINAL 20: r=101631463146316

MULT: ENTER: x=101631463146316, y=101631463146316 no_round=0 no_norm=0
mult: xm=000631463146316, ym=000631463146316 xexp=65 yexp=65
mult: r=000507534121730, regRMR=000753412172704 rexp=66
mult: r=000507534121731, regRMR=000753412172704 rexp=66
mult: FINAL 1: r=000507534121731, rexp=66

mult: FINAL 2: r=102507534121731, regRMR=102753412172704 rexp=66

MULT: ENTER: x=102507534121731, y=102507534121731 no_round=0 no_norm=0
mult: xm=000507534121731, ym=000507534121731 xexp=66 yexp=66
mult: r=000321556135311, regRMR=000446057406761 rexp=68
mult: r=000643334272623, regRMR=000114137015742 rexp=67
mult: FINAL 1: r=000643334272623, rexp=67

mult: FINAL 2: r=103643334272623, regRMR=103114137015742 rexp=67

MULT: ENTER: x=102507534121731, y=101631463146316 no_round=0 no_norm=0
mult: xm=000507534121731, ym=000631463146316 xexp=66 yexp=65
mult: r=000406111564573, regRMR=000126010142236 rexp=67
mult: r=000406111564573, regRMR=000126010142236 rexp=67
mult: FINAL 1: r=000406111564573, rexp=67

mult: FINAL 2: r=103406111564573, regRMR=103126010142236 rexp=67

MULT: ENTER: x=103406111564573, y=102600000000000 no_round=0 no_norm=0
mult: xm=000406111564573, ym=000600000000000 xexp=67 yexp=66
mult: r=000304467227434, regRMR=000200000000000 rexp=69
mult: r=000611156457071, regRMR=000400000000000 rexp=68
mult: FINAL 1: r=000611156457071, rexp=68

mult: FINAL 2: r=104611156457071, regRMR=104400000000000 rexp=68

ADD: ENTER: no_round=0 no_norm=0 x=103643334272623 y=304611156457071
add: xexp=67 y_exp=68
add: xexp=68 y_exp=67 x=304611156457071 y=103643334272623
add: rexp=68 xm=000611156457071 ym=000321556135311
add: A1: r=000267400321560
add: FINAL 1: r=000267400321560
add: FINAL 2: r=104267400321560
add: FINAL 3: r=304267400321560
add: LEAVE: FINAL 10: r=303557000643340

add: LEAVE: FINAL 20: r=303557000643340

MULT: ENTER: x=102507534121731, y=102400000000000 no_round=0 no_norm=0
mult: xm=000507534121731, ym=000400000000000 xexp=66 yexp=66
mult: r=000243656050754, regRMR=000400000000000 rexp=68
mult: r=000507534121731, regRMR=000000000000000 rexp=67
mult: FINAL 1: r=000507534121731, rexp=67

mult: FINAL 2: r=103507534121731, regRMR=103000000000000 rexp=67

ADD: ENTER: no_round=0 no_norm=0 x=303557000643340 y=103507534121731
add: xexp=67 y_exp=67
add: xexp=67 y_exp=67 x=303557000643340 y=103507534121731
add: rexp=67 xm=000557000643340 ym=000507534121731
add: A1: r=000047244521407
add: FINAL 1: r=000047244521407
add: FINAL 2: r=103047244521407
add: FINAL 3: r=303047244521407
add: LEAVE: FINAL 10: r=300472445214070

add: LEAVE: FINAL 20: r=300472445214070

ADD: ENTER: no_round=0 no_norm=0 x=300472445214070 y=101631463146316
add: xexp=64 y_exp=65
add: xexp=65 y_exp=64 x=101631463146316 y=300472445214070
add: rexp=65 xm=000631463146316 ym=000235222506034
add: A1: r=000374240440262
add: FINAL 1: r=000374240440262
add: FINAL 2: r=101374240440262
add: FINAL 3: r=101374240440262
add: LEAVE: FINAL 10: r=100770501100544

add: LEAVE: FINAL 20: r=100770501100544

ADD: ENTER: no_round=0 no_norm=0 x=100770501100544 y=102600000000000
add: xexp=64 y_exp=66
add: xexp=66 y_exp=64 x=102600000000000 y=100770501100544
add: rexp=66 xm=000600000000000 ym=000176120220131
add: B1: r=000776120220131
add: B2: r=000776120220132
add: FINAL 1: r=000776120220132
add: FINAL 2: r=102776120220132
add: FINAL 3: r=102776120220132
add: LEAVE: FINAL 10: r=102776120220132

add: LEAVE: FINAL 20: r=102776120220132

ADD: ENTER: no_round=0 no_norm=0 x=101631463146316 y=075631463146315
add: xexp=65 y_exp=61
add: xexp=65 y_exp=61 x=101631463146316 y=075631463146315
add: rexp=65 xm=000631463146316 ym=000031463146314
add: B1: r=000663146314632
add: B2: r=000663146314633
add: FINAL 1: r=000663146314633
add: FINAL 2: r=101663146314633
add: FINAL 3: r=101663146314633
add: LEAVE: FINAL 10: r=101663146314633

add: LEAVE: FINAL 20: r=101663146314633

MULT: ENTER: x=101663146314633, y=101663146314633 no_round=0 no_norm=0
mult: xm=000663146314633, ym=000663146314633 xexp=65 yexp=65
mult: r=000561727024370, regRMR=000107534121731 rexp=66
mult: r=000561727024370, regRMR=000107534121731 rexp=66
mult: FINAL 1: r=000561727024370, rexp=66

mult: FINAL 2: r=102561727024370, regRMR=102107534121731 rexp=66

MULT: ENTER: x=102561727024370, y=102561727024370 no_round=0 no_norm=0
mult: xm=000561727024370, ym=000561727024370 xexp=66 yexp=66
mult: r=000413210634704, regRMR=000121063470100 rexp=68
mult: r=000413210634704, regRMR=000121063470100 rexp=68
mult: FINAL 1: r=000413210634704, rexp=68

mult: FINAL 2: r=104413210634704, regRMR=104121063470100 rexp=68

MULT: ENTER: x=102561727024370, y=101663146314633 no_round=0 no_norm=0
mult: xm=000561727024370, ym=000663146314633 xexp=66 yexp=65
mult: r=000472335136155, regRMR=000322540203050 rexp=67
mult: r=000472335136155, regRMR=000322540203050 rexp=67
mult: FINAL 1: r=000472335136155, rexp=67

mult: FINAL 2: r=103472335136155, regRMR=103322540203050 rexp=67

MULT: ENTER: x=103472335136155, y=102600000000000 no_round=0 no_norm=0
mult: xm=000472335136155, ym=000600000000000 xexp=67 yexp=66
mult: r=000353645706521, regRMR=000600000000000 rexp=69
mult: r=000727513615244, regRMR=000400000000000 rexp=68
mult: FINAL 1: r=000727513615244, rexp=68

mult: FINAL 2: r=104727513615244, regRMR=104400000000000 rexp=68

ADD: ENTER: no_round=0 no_norm=0 x=104413210634704 y=304727513615244
add: xexp=68 y_exp=68
add: xexp=68 y_exp=68 x=104413210634704 y=304727513615244
add: rexp=68 xm=000413210634704 ym=000727513615244
add: A1: r=1777777777463475017440
add: A2: r=200314302760340
add: FINAL 1: r=200314302760340
add: FINAL 2: r=304314302760340
add: FINAL 3: r=304314302760340
add: LEAVE: FINAL 10: r=303630605740700

add: LEAVE: FINAL 20: r=303630605740700

MULT: ENTER: x=102561727024370, y=102400000000000 no_round=0 no_norm=0
mult: xm=000561727024370, ym=000400000000000 xexp=66 yexp=66
mult: r=000270753412174, regRMR=000000000000000 rexp=68
mult: r=000561727024370, regRMR=000000000000000 rexp=67
mult: FINAL 1: r=000561727024370, rexp=67

mult: FINAL 2: r=103561727024370, regRMR=103000000000000 rexp=67

ADD: ENTER: no_round=0 no_norm=0 x=303630605740700 y=103561727024370
add: xexp=67 y_exp=67
add: xexp=67 y_exp=67 x=303630605740700 y=103561727024370
add: rexp=67 xm=000630605740700 ym=000561727024370
add: A1: r=000046656714310
add: FINAL 1: r=000046656714310
add: FINAL 2: r=103046656714310
add: FINAL 3: r=303046656714310
add: LEAVE: FINAL 10: r=300466567143100

add: LEAVE: FINAL 20: r=300466567143100

ADD: ENTER: no_round=0 no_norm=0 x=300466567143100 y=101663146314633
add: xexp=64 y_exp=65
add: xexp=65 y_exp=64 x=101663146314633 y=300466567143100
add: rexp=65 xm=000663146314633 ym=000233273461440
add: A1: r=000427652633173
add: FINAL 1: r=000427652633173
add: FINAL 2: r=101427652633173
add: FINAL 3: r=101427652633173
add: LEAVE: FINAL 10: r=101427652633173

add: LEAVE: FINAL 20: r=101427652633173

ADD: ENTER: no_round=0 no_norm=0 x=101427652633173 y=102600000000000
add: xexp=65 y_exp=66
add: xexp=66 y_exp=65 x=102600000000000 y=101427652633173
add: rexp=66 xm=000600000000000 ym=000213725315475
add: B1: r=001013725315475
add: B2: r=001013725315476
add: C1: rexp=67 r=000405752546637
add: FINAL 1: r=000405752546637
add: FINAL 2: r=103405752546637
add: FINAL 3: r=103405752546637
add: LEAVE: FINAL 10: r=103405752546637

add: LEAVE: FINAL 20: r=103405752546637

ADD: ENTER: no_round=0 no_norm=0 x=101663146314633 y=075631463146315
add: xexp=65 y_exp=61
add: xexp=65 y_exp=61 x=101663146314633 y=075631463146315
add: rexp=65 xm=000663146314633 ym=000031463146314
add: B1: r=000714631463147
add: B2: r=000714631463150
add: FINAL 1: r=000714631463150
add: FINAL 2: r=101714631463150
add: FINAL 3: r=101714631463150
add: LEAVE: FINAL 10: r=101714631463150

add: LEAVE: FINAL 20: r=101714631463150

MULT: ENTER: x=101714631463150, y=101714631463150 no_round=0 no_norm=0
mult: xm=000714631463150, ym=000714631463150 xexp=65 yexp=65
mult: r=000636560507537, regRMR=000024365605100 rexp=66
mult: r=000636560507537, regRMR=000024365605100 rexp=66
mult: FINAL 1: r=000636560507537, rexp=66

mult: FINAL 2: r=102636560507537, regRMR=102024365605100 rexp=66

MULT: ENTER: x=102636560507537, y=102636560507537 no_round=0 no_norm=0
mult: xm=000636560507537, ym=000636560507537 xexp=66 yexp=66
mult: r=000517730533263, regRMR=000056221642501 rexp=68
mult: r=000517730533263, regRMR=000056221642501 rexp=68
mult: FINAL 1: r=000517730533263, rexp=68

mult: FINAL 2: r=104517730533263, regRMR=104056221642501 rexp=68

MULT: ENTER: x=102636560507537, y=101714631463150 no_round=0 no_norm=0
mult: xm=000636560507537, ym=000714631463150 xexp=66 yexp=65
mult: r=000565176763560, regRMR=000312601014230 rexp=67
mult: r=000565176763560, regRMR=000312601014230 rexp=67
mult: FINAL 1: r=000565176763560, rexp=67

mult: FINAL 2: r=103565176763560, regRMR=103312601014230 rexp=67

MULT: ENTER: x=103565176763560, y=102600000000000 no_round=0 no_norm=0
mult: xm=000565176763560, ym=000600000000000 xexp=67 yexp=66
mult: r=000427737166624, regRMR=000000000000000 rexp=69
mult: r=000427737166624, regRMR=000000000000000 rexp=69
mult: FINAL 1: r=000427737166624, rexp=69

mult: FINAL 2: r=105427737166624, regRMR=105000000000000 rexp=69

ADD: ENTER: no_round=0 no_norm=0 x=104517730533263 y=305427737166624
add: xexp=68 y_exp=69
add: xexp=69 y_exp=68 x=305427737166624 y=104517730533263
add: rexp=69 xm=000427737166624 ym=000247754255531
add: A1: r=000157762711073
add: FINAL 1: r=000157762711073
add: FINAL 2: r=105157762711073
add: FINAL 3: r=305157762711073
add: LEAVE: FINAL 10: r=303677713444354

add: LEAVE: FINAL 20: r=303677713444354

MULT: ENTER: x=102636560507537, y=102400000000000 no_round=0 no_norm=0
mult: xm=000636560507537, ym=000400000000000 xexp=66 yexp=66
mult: r=000317270243657, regRMR=000400000000000 rexp=68
mult: r=000636560507537, regRMR=000000000000000 rexp=67
mult: FINAL 1: r=000636560507537, rexp=67

mult: FINAL 2: r=103636560507537, regRMR=103000000000000 rexp=67

ADD: ENTER: no_round=0 no_norm=0 x=303677713444354 y=103636560507537
add: xexp=67 y_exp=67
add: xexp=67 y_exp=67 x=303677713444354 y=103636560507537
add: rexp=67 xm=000677713444354 ym=000636560507537
add: A1: r=000041132734615
add: FINAL 1: r=000041132734615
add: FINAL 2: r=103041132734615
add: FINAL 3: r=303041132734615
add: LEAVE: FINAL 10: r=300411327346150

add: LEAVE: FINAL 20: r=300411327346150

ADD: ENTER: no_round=0 no_norm=0 x=300411327346150 y=101714631463150
add: xexp=64 y_exp=65
add: xexp=65 y_exp=64 x=101714631463150 y=300411327346150
add: rexp=65 xm=000714631463150 ym=000204553563064
add: A1: r=000510055700064
add: FINAL 1: r=000510055700064
add: FINAL 2: r=101510055700064
add: FINAL 3: r=101510055700064
add: LEAVE: FINAL 10: r=101510055700064

add: LEAVE: FINAL 20: r=101510055700064

ADD: ENTER: no_round=0 no_norm=0 x=101510055700064 y=102600000000000
add: xexp=65 y_exp=66
add: xexp=66 y_exp=65 x=102600000000000 y=101510055700064
add: rexp=66 xm=000600000000000 ym=000244026740032
add: B1: r=001044026740032
add: B2: r=001044026740033
add: C1: rexp=67 r=000422013360016
add: FINAL 1: r=000422013360016
add: FINAL 2: r=103422013360016
add: FINAL 3: r=103422013360016
add: LEAVE: FINAL 10: r=103422013360016

add: LEAVE: FINAL 20: r=103422013360016

ADD: ENTER: no_round=0 no_norm=0 x=101714631463150 y=075631463146315
add: xexp=65 y_exp=61
add: xexp=65 y_exp=61 x=101714631463150 y=075631463146315
add: rexp=65 xm=000714631463150 ym=000031463146314
add: B1: r=000746314631464
add: B2: r=000746314631465
add: FINAL 1: r=000746314631465
add: FINAL 2: r=101746314631465
add: FINAL 3: r=101746314631465
add: LEAVE: FINAL 10: r=101746314631465

add: LEAVE: FINAL 20: r=101746314631465

MULT: ENTER: x=101746314631465, y=101746314631465 no_round=0 no_norm=0
mult: xm=000746314631465, ym=000746314631465 xexp=65 yexp=65
mult: r=000716050753415, regRMR=000521727024371 rexp=66
mult: r=000716050753416, regRMR=000521727024371 rexp=66
mult: FINAL 1: r=000716050753416, rexp=66

mult: FINAL 2: r=102716050753416, regRMR=102521727024371 rexp=66

MULT: ENTER: x=102716050753416, y=102716050753416 no_round=0 no_norm=0
mult: xm=000716050753416, ym=000716050753416 xexp=66 yexp=66
mult: r=000641015732250, regRMR=000772037102304 rexp=68
mult: r=000641015732251, regRMR=000772037102304 rexp=68
mult: FINAL 1: r=000641015732251, rexp=68

mult: FINAL 2: r=104641015732251, regRMR=104772037102304 rexp=68

MULT: ENTER: x=102716050753416, y=101746314631465 no_round=0 no_norm=0
mult: xm=000716050753416, ym=000746314631465 xexp=66 yexp=65
mult: r=000666763554433, regRMR=000562743247746 rexp=67
mult: r=000666763554434, regRMR=000562743247746 rexp=67
mult: FINAL 1: r=000666763554434, rexp=67

mult: FINAL 2: r=103666763554434, regRMR=103562743247746 rexp=67

MULT: ENTER: x=103666763554434, y=102600000000000 no_round=0 no_norm=0
mult: xm=000666763554434, ym=000600000000000 xexp=67 yexp=66
mult: r=000511166621325, regRMR=000000000000000 rexp=69
mult: r=000511166621325, regRMR=000000000000000 rexp=69
mult: FINAL 1: r=000511166621325, rexp=69

mult: FINAL 2: r=105511166621325, regRMR=105000000000000 rexp=69

ADD: ENTER: no_round=0 no_norm=0 x=104641015732251 y=305511166621325
add: xexp=68 y_exp=69
add: xexp=69 y_exp=68 x=305511166621325 y=104641015732251
add: rexp=69 xm=000511166621325 ym=000320406755124
add: A1: r=000170557644201
add: FINAL 1: r=000170557644201
add: FINAL 2: r=105170557644201
add: FINAL 3: r=305170557644201
add: LEAVE: FINAL 10: r=303742677221004

add: LEAVE: FINAL 20: r=303742677221004

MULT: ENTER: x=102716050753416, y=102400000000000 no_round=0 no_norm=0
mult: xm=000716050753416, ym=000400000000000 xexp=66 yexp=66
mult: r=000347024365607, regRMR=000000000000000 rexp=68
mult: r=000716050753416, regRMR=000000000000000 rexp=67
mult: FINAL 1: r=000716050753416, rexp=67

mult: FINAL 2: r=103716050753416, regRMR=103000000000000 rexp=67

ADD: ENTER: no_round=0 no_norm=0 x=303742677221004 y=103716050753416
add: xexp=67 y_exp=67
add: xexp=67 y_exp=67 x=303742677221004 y=103716050753416
add: rexp=67 xm=000742677221004 ym=000716050753416
add: A1: r=000024626245366
add: FINAL 1: r=000024626245366
add: FINAL 2: r=103024626245366
add: FINAL 3: r=303024626245366
add: LEAVE: FINAL 10: r=277514545127540

add: LEAVE: FINAL 20: r=277514545127540

ADD: ENTER: no_round=0 no_norm=0 x=277514545127540 y=101746314631465
add: xexp=63 y_exp=65
add: xexp=65 y_exp=63 x=101746314631465 y=277514545127540
add: rexp=65 xm=000746314631465 ym=000123131225730
add: A1: r=000623163403535
add: FINAL 1: r=000623163403535
add: FINAL 2: r=101623163403535
add: FINAL 3: r=101623163403535
add: LEAVE: FINAL 10: r=101623163403535

add: LEAVE: FINAL 20: r=101623163403535

ADD: ENTER: no_round=0 no_norm=0 x=101623163403535 y=102600000000000
add: xexp=65 y_exp=66
add: xexp=66 y_exp=65 x=102600000000000 y=101623163403535
add: rexp=66 xm=000600000000000 ym=000311471601656
add: B1: r=001111471601656
add: B2: r=001111471601657
add: C1: rexp=67 r=000444634700730
add: FINAL 1: r=000444634700730
add: FINAL 2: r=103444634700730
add: FINAL 3: r=103444634700730
add: LEAVE: FINAL 10: r=103444634700730

add: LEAVE: FINAL 20: r=103444634700730

ADD: ENTER: no_round=0 no_norm=0 x=101746314631465 y=075631463146315
add: xexp=65 y_exp=61
add: xexp=65 y_exp=61 x=101746314631465 y=075631463146315
add: rexp=65 xm=000746314631465 ym=000031463146314
add: B1: r=001000000000001
add: B2: r=001000000000002
add: C1: rexp=66 r=000400000000001
add: FINAL 1: r=000400000000001
add: FINAL 2: r=102400000000001
add: FINAL 3: r=102400000000001
add: LEAVE: FINAL 10: r=102400000000001

add: FINAL 13: r=000102400000000001
add: FINAL 14: r=000102400000000000
add: LEAVE: FINAL 20: r=102400000000000

MULT: ENTER: x=102400000000000, y=102400000000000 no_round=0 no_norm=0
mult: xm=000400000000000, ym=000400000000000 xexp=66 yexp=66
mult: r=000200000000000, regRMR=000000000000000 rexp=68
mult: r=000400000000000, regRMR=000000000000000 rexp=67
mult: FINAL 1: r=000400000000000, rexp=67

mult: FINAL 2: r=103400000000000, regRMR=103000000000000 rexp=67

MULT: ENTER: x=103400000000000, y=103400000000000 no_round=0 no_norm=0
mult: xm=000400000000000, ym=000400000000000 xexp=67 yexp=67
mult: r=000200000000000, regRMR=000000000000000 rexp=70
mult: r=000400000000000, regRMR=000000000000000 rexp=69
mult: FINAL 1: r=000400000000000, rexp=69

mult: FINAL 2: r=105400000000000, regRMR=105000000000000 rexp=69

MULT: ENTER: x=103400000000000, y=102400000000000 no_round=0 no_norm=0
mult: xm=000400000000000, ym=000400000000000 xexp=67 yexp=66
mult: r=000200000000000, regRMR=000000000000000 rexp=69
mult: r=000400000000000, regRMR=000000000000000 rexp=68
mult: FINAL 1: r=000400000000000, rexp=68

mult: FINAL 2: r=104400000000000, regRMR=104000000000000 rexp=68

MULT: ENTER: x=104400000000000, y=102600000000000 no_round=0 no_norm=0
mult: xm=000400000000000, ym=000600000000000 xexp=68 yexp=66
mult: r=000300000000000, regRMR=000000000000000 rexp=70
mult: r=000600000000000, regRMR=000000000000000 rexp=69
mult: FINAL 1: r=000600000000000, rexp=69

mult: FINAL 2: r=105600000000000, regRMR=105000000000000 rexp=69

ADD: ENTER: no_round=0 no_norm=0 x=105400000000000 y=305600000000000
add: xexp=69 y_exp=69
add: xexp=69 y_exp=69 x=105400000000000 y=305600000000000
add: rexp=69 xm=000400000000000 ym=000600000000000
add: A1: r=1777777777600000000000
add: A2: r=200200000000000
add: FINAL 1: r=200200000000000
add: FINAL 2: r=305200000000000
add: FINAL 3: r=305200000000000
add: LEAVE: FINAL 10: r=304400000000000

add: LEAVE: FINAL 20: r=304400000000000

MULT: ENTER: x=103400000000000, y=102400000000000 no_round=0 no_norm=0
mult: xm=000400000000000, ym=000400000000000 xexp=67 yexp=66
mult: r=000200000000000, regRMR=000000000000000 rexp=69
mult: r=000400000000000, regRMR=000000000000000 rexp=68
mult: FINAL 1: r=000400000000000, rexp=68

mult: FINAL 2: r=104400000000000, regRMR=104000000000000 rexp=68

ADD: ENTER: no_round=0 no_norm=0 x=304400000000000 y=104400000000000
add: xexp=68 y_exp=68
add: xexp=68 y_exp=68 x=304400000000000 y=104400000000000
add: rexp=68 xm=000400000000000 ym=000400000000000
add: A1: r=000000000000000
add: FINAL 1: r=000000000000000
add: FINAL 2: r=104000000000000
add: FINAL 3: r=304000000000000
add: LEAVE: FINAL 10: r=000000000000000

add: LEAVE: FINAL 20: r=000000000000000

ADD: ENTER: no_round=0 no_norm=0 x=000000000000000 y=102400000000000
ADD: ENTER: no_round=0 no_norm=0 x=102400000000000 y=102600000000000
add: xexp=66 y_exp=66
add: xexp=66 y_exp=66 x=102400000000000 y=102600000000000
add: rexp=66 xm=000400000000000 ym=000600000000000
add: B1: r=001200000000000
add: C1: rexp=67 r=000500000000000
add: FINAL 1: r=000500000000000
add: FINAL 2: r=103500000000000
add: FINAL 3: r=103500000000000
add: LEAVE: FINAL 10: r=103500000000000

add: LEAVE: FINAL 20: r=103500000000000

ADD: ENTER: no_round=0 no_norm=0 x=102400000000000 y=075631463146315
add: xexp=66 y_exp=61
add: xexp=66 y_exp=61 x=102400000000000 y=075631463146315
add: rexp=66 xm=000400000000000 ym=000014631463146
add: B1: r=000414631463146
add: B2: r=000414631463147
add: FINAL 1: r=000414631463147
add: FINAL 2: r=102414631463147
add: FINAL 3: r=102414631463147
add: LEAVE: FINAL 10: r=102414631463147

add: LEAVE: FINAL 20: r=102414631463147

