++100000000 +01   [101400000000000, 1.000000000000000000000000000000000000]
++400000000 +01   [103400000000000, 4.000000000000000000000000000000000000]
++110000000 +01   [101431463146315, 1.100000000005820800000000000000000000]
++399110000 +01   [102776670565434, 3.991099999984726300000000000000000000]
++120000000 +01   [101463146314632, 1.200000000011641500000000000000000000]
++396960000 +01   [102774067551207, 3.969599999894853700000000000000000000]
++130000000 +01   [101514631463147, 1.300000000017462300000000000000000000]
++394510000 +01   [102770762045537, 3.945100000069942300000000000000000000]
++140000000 +01   [101546314631464, 1.400000000023283100000000000000000000]
++392960000 +01   [102766772207767, 3.929599999857600800000000000000000000]
++150000000 +01   [101600000000001, 1.500000000029103800000000000000000000]
++393750000 +01   [102770000000001, 3.937500000058207700000000000000000000]
++160000000 +01   [101631463146316, 1.600000000034924600000000000000000000]
++398560000 +01   [102776120220132, 3.985599999898113300000000000000000000]
++170000000 +01   [101663146314633, 1.700000000040745400000000000000000000]
++409310000 +01   [103405752546637, 4.093100000056438100000000000000000000]
++180000000 +01   [101714631463150, 1.800000000046566100000000000000000000]
++428160000 +01   [103422013360016, 4.281600000103935600000000000000000000]
++190000000 +01   [101746314631465, 1.900000000052386900000000000000000000]
++457510000 +01   [103444634700730, 4.575100000016391300000000000000000000]
++200000000 +01   [102400000000000, 2.000000000000000000000000000000000000]
++500000000 +01   [103500000000000, 5.000000000000000000000000000000000000]
