
M-20 simulator V4.0-0 Beta        git commit id: c317f685
Debug output to "sample_0040.txt"
LPT: creating new file
500:	0 52 0000 0000 0000
501:	0 00 0000 0000 0530
502:	7 05 0530 0530 0531
503:	4 02 0530 0522 0000
504:	0 76 0000 0514 0000
505:	1 50 2100 0000 0531
506:	4 70 0530 0000 0000
507:	5 01 0530 0524 0532
510:	2 52 0000 0002 0000
511:	2 02 0523 0530 0000
512:	0 76 0000 0502 0000
513:	0 77 0000 0000 0000
514:	7 05 0531 0530 0531
515:	5 01 0531 0525 0531
516:	4 02 0530 0524 0527
517:	3 04 0527 0531 0531
520:	0 56 0000 0505 0000

500:	[op=52 mod=0] изм_ра_по_адр                  0000, 0000, 0000
501:	[op=00 mod=0] пересылка                      0000, 0000, 0530
502:	[op=05 mod=7] умнож_он                       @+0530, @+0530, @+0531
503:	[op=02 mod=4] вычит_он                       @+0530, 0522, 0000
504:	[op=76 mod=0] усл_пер_упр_по_w0              0000, 0514, 0000
505:	[op=50 mod=1] ввод_пред_050                  2100, 0000, @+0531
506:	[op=70 mod=4] ввод_исп_070                   @+0530, 0000, 0000
507:	[op=01 mod=5] слож_он                        @+0530, 0524, @+0532
510:	[op=52 mod=2] изм_ра_по_адр                  0000, @+0002, 0000
511:	[op=02 mod=2] вычит_он                       0523, @+0530, 0000
512:	[op=76 mod=0] усл_пер_упр_по_w0              0000, 0502, 0000
513:	[op=77 mod=0] останов_077                    0000, 0000, 0000
514:	[op=05 mod=7] умнож_он                       @+0531, @+0530, @+0531
515:	[op=01 mod=5] слож_он                        @+0531, 0525, @+0531
516:	[op=02 mod=4] вычит_он                       @+0530, 0524, 0527
517:	[op=04 mod=3] делен_о                        0527, @+0531, @+0531
520:	[op=56 mod=0] безусл_пер_упр                 0000, 0505, 0000

521:	0 00 0000 0000 0000
522:	1 02 6000 0000 0000
523:	1 03 7000 0000 0000
524:	1 01 4000 0000 0000
525:	1 03 5000 0000 0000
526:	1 01 4000 0000 0000
527:	0 00 0000 0000 0000

Start

*** Command time profile stat ***
opcode=00   count=1          times=24.00            avg_time=24.00             (пересылка)
opcode=01   count=11         times=313.50           avg_time=28.50             (слож_он)
opcode=02   count=18         times=513.00           avg_time=28.50             (вычит_он)
opcode=04   count=4          times=546.00           avg_time=136.50            (делен_о)
opcode=05   count=11         times=764.50           avg_time=69.50             (умнож_он)
opcode=50   count=7          times=168.00           avg_time=24.00             (ввод_пред_050)
opcode=52   count=8          times=228.00           avg_time=28.50             (изм_ра_по_адр)
opcode=56   count=4          times=96.00            avg_time=24.00             (безусл_пер_упр)
opcode=70   count=7          times=700168.00        avg_time=100024.00         (ввод_исп_070)
opcode=76   count=14         times=336.00           avg_time=24.00             (усл_пер_упр_по_w0)
opcode=77   count=1          times=24.00            avg_time=24.00             (останов_077)
Summary:  times=703181.00  count=86  avg_time=8176.52
**********

sample_0040.simh-42> run

Останов, KRA: 0513 ([op=77 mod=0] останов_077                    0000, 0000, 0000)
M-20 event queue empty, time = 703182, executing 50000 instructios/sec
Time:	703182

521:	0 00 0000 0000 0000
522:	1 02 6000 0000 0000
523:	1 03 7000 0000 0000
524:	1 01 4000 0000 0000
525:	1 03 5000 0000 0000
526:	1 01 4000 0000 0000
527:	1 03 5000 0000 0002
Goodbye
Debug output disabled
