
M-20 simulator V4.0-0 Beta        git commit id: c317f685
Debug output to "sample_0054_debug.txt"
LPT
	not attached, no new output format , no octal help format 
LPTWIDTH:	7
LPTWIDTH:	1
DPTYPE:	4
DPTYPE:	3
LPT
	not attached, no new output format , octal help format 
LPT: creating new file
20:	1 13 6762 0000 0000
21:	1 00 0000 0000 0000
22:	1 00 0000 0000 0000
23:	1 00 0000 0000 0000
24:	1 01 4000 0000 0000
25:	1 00 0000 0000 0000

100:	0 05 0020 0020 0021
101:	0 05 0021 0020 0022
102:	0 44 0020 0000 0023
103:	0 04 0024 0020 0025
104:	0 50 2100 0000 0025
105:	0 70 0020 0000 0000
106:	0 77 0000 0000 0000
107:	0 77 0000 0000 0000
110:	0 00 0000 0000 0000
111:	0 00 0000 0000 0000
112:	0 00 0000 0000 0000
113:	0 00 0000 0000 0000
114:	0 00 0000 0000 0000
115:	0 00 0000 0000 0000
116:	0 00 0000 0000 0000
117:	0 00 0000 0000 0000

100:	[op=05 mod=0] умнож_он                       0020, 0020, 0021
101:	[op=05 mod=0] умнож_он                       0021, 0020, 0022
102:	[op=44 mod=0] извл_кв_корня_о                0020, 0000, 0023
103:	[op=04 mod=0] делен_о                        0024, 0020, 0025
104:	[op=50 mod=0] ввод_пред_050                  2100, 0000, 0025
105:	[op=70 mod=0] ввод_исп_070                   0020, 0000, 0000
106:	[op=77 mod=0] останов_077                    0000, 0000, 0000
107:	[op=77 mod=0] останов_077                    0000, 0000, 0000
110:	[op=00 mod=0] пересылка                      0000, 0000, 0000
111:	[op=00 mod=0] пересылка                      0000, 0000, 0000
112:	[op=00 mod=0] пересылка                      0000, 0000, 0000
113:	[op=00 mod=0] пересылка                      0000, 0000, 0000
114:	[op=00 mod=0] пересылка                      0000, 0000, 0000
115:	[op=00 mod=0] пересылка                      0000, 0000, 0000
116:	[op=00 mod=0] пересылка                      0000, 0000, 0000
117:	[op=00 mod=0] пересылка                      0000, 0000, 0000

Start

*** Command time profile stat ***
opcode=04   count=1          times=136.50           avg_time=136.50            (делен_о)
opcode=05   count=2          times=139.00           avg_time=69.50             (умнож_он)
opcode=44   count=1          times=275.00           avg_time=275.00            (извл_кв_корня_о)
opcode=50   count=1          times=24.00            avg_time=24.00             (ввод_пред_050)
opcode=70   count=1          times=300024.00        avg_time=300024.00         (ввод_исп_070)
opcode=77   count=1          times=24.00            avg_time=24.00             (останов_077)
Summary:  times=300622.50  count=7  avg_time=42946.07
**********

sample_0054.simh-51> run

Останов, KRA: 0106 ([op=77 mod=0] останов_077                    0000, 0000, 0000)
M-20 event queue empty, time = 300623, executing 50000 instructios/sec
Time:	300623
20:	1 13 6762 0000 0000
21:	1 26 6047 4304 0000
22:	1 41 5227 7601 6510
23:	1 06 5217 7476 0655
24:	1 01 4000 0000 0000
25:	0 66 4455 6000 4455
Goodbye
Debug output disabled
