
M-20 simulator V4.0-0 Beta        git commit id: c317f685
Debug output to "sample_0039.txt"
LPT: creating new file
100:	0 52 0000 0000 0000
101:	6 05 0015 0015 0012
102:	0 05 0010 0012 0012
103:	2 05 0011 0035 0013
104:	0 01 0012 0013 0012
105:	6 05 0015 0035 0013
106:	1 04 0012 0013 0055
107:	1 12 0003 0101 0001
110:	0 50 2100 0000 0060
111:	0 70 0055 0000 0000
112:	0 77 0000 0000 0000
113:	7 77 7777 7777 7777
114:	0 00 0000 0000 0000
115:	0 00 0000 0000 0000
116:	0 00 0000 0000 0000
117:	0 00 0000 0000 0000
120:	0 00 0000 0000 0000
121:	0 00 0000 0000 0000
122:	0 00 0000 0000 0000
123:	0 00 0000 0000 0000
124:	0 00 0000 0000 0000
125:	0 00 0000 0000 0000
126:	0 00 0000 0000 0000
127:	0 00 0000 0000 0000

100:	[op=52 mod=0] изм_ра_по_адр                  0000, 0000, 0000
101:	[op=05 mod=6] умнож_он                       @+0015, @+0015, 0012
102:	[op=05 mod=0] умнож_он                       0010, 0012, 0012
103:	[op=05 mod=2] умнож_он                       0011, @+0035, 0013
104:	[op=01 mod=0] слож_он                        0012, 0013, 0012
105:	[op=05 mod=6] умнож_он                       @+0015, @+0035, 0013
106:	[op=04 mod=1] делен_о                        0012, 0013, @+0055
107:	[op=12 mod=1] пер_если_ра_мнш_a1             0003, 0101, @+0001
110:	[op=50 mod=0] ввод_пред_050                  2100, 0000, 0060
111:	[op=70 mod=0] ввод_исп_070                   0055, 0000, 0000
112:	[op=77 mod=0] останов_077                    0000, 0000, 0000
113:	[op=77 mod=7] останов_077                    @-1, @-1, @-1
114:	[op=00 mod=0] пересылка                      0000, 0000, 0000
115:	[op=00 mod=0] пересылка                      0000, 0000, 0000
116:	[op=00 mod=0] пересылка                      0000, 0000, 0000
117:	[op=00 mod=0] пересылка                      0000, 0000, 0000
120:	[op=00 mod=0] пересылка                      0000, 0000, 0000
121:	[op=00 mod=0] пересылка                      0000, 0000, 0000
122:	[op=00 mod=0] пересылка                      0000, 0000, 0000
123:	[op=00 mod=0] пересылка                      0000, 0000, 0000
124:	[op=00 mod=0] пересылка                      0000, 0000, 0000
125:	[op=00 mod=0] пересылка                      0000, 0000, 0000
126:	[op=00 mod=0] пересылка                      0000, 0000, 0000
127:	[op=00 mod=0] пересылка                      0000, 0000, 0000

20:	1 01 4000 0000 0000
21:	0 00 0000 0000 0000
22:	0 00 0000 0000 0000
23:	0 00 0000 0000 0000
24:	0 00 0000 0000 0000
25:	0 00 0000 0000 0000

30:	0 00 0000 0000 0000
31:	0 00 0000 0000 0000

Start

*** Command time profile stat ***
opcode=01   count=4          times=114.00           avg_time=28.50             (слож_он)
opcode=04   count=4          times=546.00           avg_time=136.50            (делен_о)
opcode=05   count=16         times=1112.00          avg_time=69.50             (умнож_он)
opcode=12   count=4          times=96.00            avg_time=24.00             (пер_если_ра_мнш_a1)
opcode=50   count=5          times=120.00           avg_time=24.00             (ввод_пред_050)
opcode=52   count=1          times=28.50            avg_time=28.50             (изм_ра_по_адр)
opcode=70   count=5          times=900120.00        avg_time=180024.00         (ввод_исп_070)
opcode=77   count=1          times=24.00            avg_time=24.00             (останов_077)
Summary:  times=902160.50  count=40  avg_time=22554.01
**********

sample_0039.simh-41> run

Останов, KRA: 0112 ([op=77 mod=0] останов_077                    0000, 0000, 0000)
M-20 event queue empty, time = 902161, executing 50000 instructios/sec
Time:	902161
30:	0 00 0000 0000 0000
31:	0 00 0000 0000 0000

100:	0 52 0000 0000 0000
101:	6 05 0015 0015 0012
102:	0 05 0010 0012 0012
103:	2 05 0011 0035 0013
104:	0 01 0012 0013 0012
105:	6 05 0015 0035 0013
106:	1 04 0012 0013 0055
107:	1 12 0003 0101 0001
110:	0 50 2100 0000 0060
111:	0 70 0055 0000 0000
112:	0 77 0000 0000 0000
113:	7 77 7777 7777 7777
114:	0 00 0000 0000 0000
115:	0 00 0000 0000 0000
116:	0 00 0000 0000 0000
117:	0 00 0000 0000 0000
120:	0 00 0000 0000 0000
121:	0 00 0000 0000 0000
122:	0 00 0000 0000 0000
123:	0 00 0000 0000 0000
124:	0 00 0000 0000 0000
125:	0 00 0000 0000 0000
126:	0 00 0000 0000 0000
127:	0 00 0000 0000 0000

100:	[op=52 mod=0] изм_ра_по_адр                  0000, 0000, 0000
101:	[op=05 mod=6] умнож_он                       @+0015, @+0015, 0012
102:	[op=05 mod=0] умнож_он                       0010, 0012, 0012
103:	[op=05 mod=2] умнож_он                       0011, @+0035, 0013
104:	[op=01 mod=0] слож_он                        0012, 0013, 0012
105:	[op=05 mod=6] умнож_он                       @+0015, @+0035, 0013
106:	[op=04 mod=1] делен_о                        0012, 0013, @+0055
107:	[op=12 mod=1] пер_если_ра_мнш_a1             0003, 0101, @+0001
110:	[op=50 mod=0] ввод_пред_050                  2100, 0000, 0060
111:	[op=70 mod=0] ввод_исп_070                   0055, 0000, 0000
112:	[op=77 mod=0] останов_077                    0000, 0000, 0000
113:	[op=77 mod=7] останов_077                    @-1, @-1, @-1
114:	[op=00 mod=0] пересылка                      0000, 0000, 0000
115:	[op=00 mod=0] пересылка                      0000, 0000, 0000
116:	[op=00 mod=0] пересылка                      0000, 0000, 0000
117:	[op=00 mod=0] пересылка                      0000, 0000, 0000
120:	[op=00 mod=0] пересылка                      0000, 0000, 0000
121:	[op=00 mod=0] пересылка                      0000, 0000, 0000
122:	[op=00 mod=0] пересылка                      0000, 0000, 0000
123:	[op=00 mod=0] пересылка                      0000, 0000, 0000
124:	[op=00 mod=0] пересылка                      0000, 0000, 0000
125:	[op=00 mod=0] пересылка                      0000, 0000, 0000
126:	[op=00 mod=0] пересылка                      0000, 0000, 0000
127:	[op=00 mod=0] пересылка                      0000, 0000, 0000

0:	0 00 0000 0000 0000
1:	0 00 0000 0000 0000
2:	0 00 0000 0000 0000
3:	0 00 0000 0000 0000

20:	1 01 4000 0000 0000
21:	0 00 0000 0000 0000
22:	0 00 0000 0000 0000
23:	0 00 0000 0000 0000
24:	0 00 0000 0000 0000
25:	0 00 0000 0000 0000

Goodbye
Debug output disabled
