
M-20 simulator V4.0-0 Beta        git commit id: c317f685
Debug output to "sample_0009_debug.txt"
LPT: creating new file
CDR: unit is read only
CDP: creating new file
1:	0 50 0100 0777 0001
2:	0 70 0001 0000 0000
3:	0 30 1000 0007 0030
4:	0 35 1000 1007 0000
5:	0 31 0000 1005 0000
6:	0 15 0030 0031 0000
7:	0 36 0030 0004 0031
10:	0 50 0200 0777 0030
11:	0 70 0030 0000 0000
12:	0 17 0000 0000 0000
13:	0 00 0000 0000 0000

1:	[op=50 mod=0] ввод_пред_050                  0100, 0777, 0001
2:	[op=70 mod=0] ввод_исп_070                   0001, 0000, 0000
3:	[op=30 mod=0] ввод_пфк                       1000, 0007, 0030
4:	[op=35 mod=0] сравн_останов                  1000, 1007, 0000
5:	[op=31 mod=0] пер_если_ра_не_менш_a1_и_w1    0000, 1005, 0000
6:	[op=15 mod=0] сравн                          0030, 0031, 0000
7:	[op=36 mod=0] усл_пер_упр_по_w1              0030, 0004, 0031
10:	[op=50 mod=0] ввод_пред_050                  0200, 0777, 0030
11:	[op=70 mod=0] ввод_исп_070                   0030, 0000, 0000
12:	[op=17 mod=0] останов_017                    0000, 0000, 0000
13:	[op=00 mod=0] пересылка                      0000, 0000, 0000

30:	0 00 0000 0000 0000
31:	0 00 0000 0000 0000

1000:	0 00 0000 0000 0000
1001:	0 00 0000 0000 0000
1002:	0 00 0000 0000 0000
1003:	0 00 0000 0000 0000
1004:	0 00 0000 0000 0000
1005:	0 00 0000 0000 0000
1006:	0 00 0000 0000 0000
1007:	0 00 0000 0000 0000

Start

*** Command time profile stat ***
opcode=17   count=1          times=24.00            avg_time=24.00             (останов_017)
opcode=30   count=1          times=450000.00        avg_time=450000.00         (ввод_пфк)
opcode=36   count=1          times=24.00            avg_time=24.00             (усл_пер_упр_по_w1)
opcode=50   count=2          times=48.00            avg_time=24.00             (ввод_пред_050)
opcode=70   count=2          times=250048.00        avg_time=125024.00         (ввод_исп_070)
Summary:  times=700144.00  count=7  avg_time=100020.57
**********

sample_0009.simh-28> run

Останов, KRA: 0012 ([op=17 mod=0] останов_017                    0000, 0000, 0000)
M-20 event queue empty, time = 700145, executing 50000 instructios/sec
Time:	700145
30:	5 07 5001 1002 1004
31:	5 07 5001 1002 1004

1000:	7 77 7777 7777 7777
1001:	1 02 4000 0000 0000
1002:	1 02 4000 0000 0000
1003:	1 00 0000 0000 0000
1004:	1 03 4000 0000 0000
1005:	0 01 1001 1002 1003
1006:	0 77 0000 0000 0000
1007:	7 77 7777 7777 7777

1005:	[op=01 mod=0] слож_он                        1001, 1002, 1003
1006:	[op=77 mod=0] останов_077                    0000, 0000, 0000
1007:	[op=77 mod=7] останов_077                    @-1, @-1, @-1

Goodbye
Debug output disabled
