
M-20 simulator V4.0-0 Beta        git commit id: c317f685
dump memory 1-17
1:	0 00 0000 0000 0000
2:	0 00 0000 0000 0000
3:	0 00 0000 0000 0000
4:	1 03 4000 0000 0000
5:	1 02 4000 0000 0000
6:	0 00 0000 0000 0000
7:	0 00 0000 0000 0000
10:	0 00 0000 0000 0000
11:	1 02 6000 0000 0000
12:	0 00 0000 0000 0000
13:	0 00 0000 0000 0000
14:	0 00 0000 0000 0000
15:	0 00 0000 0000 0000
16:	0 00 0000 0000 0000
17:	0 00 0000 0000 0000

dump memory 100-110
100:	0 00 0005 0077 0001
101:	0 00 0011 0027 0002
102:	0 01 0001 0002 0003
103:	0 00 0004 0004 0004
104:	0 03 0003 0004 0003
105:	0 07 0000 0003 0000
106:	0 20 0003 0000 0003
107:	0 77 0000 0000 0000
110:	0 00 0000 0000 0000

disasm memory 100-110
100:	[op=00 mod=0] пересылка                      0005, 0077, 0001
101:	[op=00 mod=0] пересылка                      0011, 0027, 0002
102:	[op=01 mod=0] слож_он                        0001, 0002, 0003
103:	[op=00 mod=0] пересылка                      0004, 0004, 0004
104:	[op=03 mod=0] вычит_мод_он                   0003, 0004, 0003
105:	[op=07 mod=0] цикл_слож                      0000, 0003, 0000
106:	[op=20 mod=0] выборка_с_КР                   0003, 0000, 0003
107:	[op=77 mod=0] останов_077                    0000, 0000, 0000
110:	[op=00 mod=0] пересылка                      0000, 0000, 0000

Start

*** Command time profile stat ***
opcode=00   count=3          times=72.00            avg_time=24.00             (пересылка)
opcode=01   count=1          times=28.50            avg_time=28.50             (слож_он)
opcode=03   count=1          times=28.50            avg_time=28.50             (вычит_мод_он)
opcode=07   count=1          times=24.00            avg_time=24.00             (цикл_слож)
opcode=20   count=1          times=24.00            avg_time=24.00             (выборка_с_КР)
opcode=77   count=1          times=24.00            avg_time=24.00             (останов_077)
Summary:  times=201.00  count=8  avg_time=25.13
**********

sample_0002.ini-21> run

Останов, KRA: 0107 ([op=77 mod=0] останов_077                    0000, 0000, 0000)

M-20 event queue empty, time = 202, executing 50000 instructios/sec
Time:	202
dump memory 1-17
1:	1 02 4000 0000 0000
2:	1 02 6000 0000 0000
3:	0 00 0000 0000 0000
4:	1 03 4000 0000 0000
5:	1 02 4000 0000 0000
6:	0 00 0000 0000 0000
7:	0 00 0000 0000 0000
10:	0 00 0000 0000 0000
11:	1 02 6000 0000 0000
12:	0 00 0000 0000 0000
13:	0 00 0000 0000 0000
14:	0 00 0000 0000 0000
15:	0 00 0000 0000 0000
16:	0 00 0000 0000 0000
17:	0 00 0000 0000 0000

Goodbye
