
M-20 simulator V4.0-0 Beta        git commit id: c317f685
Debug output to "sample_0033_debug.txt"
LPT: creating new file
CDP: creating new file
CDR: unit is read only
Boot

*** Command time profile stat ***
opcode=00   count=54         times=1296.00          avg_time=24.00             (пересылка)
opcode=01   count=28         times=798.00           avg_time=28.50             (слож_он)
opcode=02   count=9          times=256.50           avg_time=28.50             (вычит_он)
opcode=04   count=11         times=1501.50          avg_time=136.50            (делен_о)
opcode=05   count=338        times=23491.00         avg_time=69.50             (умнож_он)
opcode=06   count=3          times=184.50           avg_time=61.50             (слож_прдк_с_адр)
opcode=10   count=1          times=600000.00        avg_time=600000.00         (ввод_пфк_останов)
opcode=11   count=4          times=96.00            avg_time=24.00             (пер_если_ра_менш_a1_и_w1)
opcode=12   count=273        times=6552.00          avg_time=24.00             (пер_если_ра_мнш_a1)
opcode=13   count=124        times=2976.00          avg_time=24.00             (слож_команд)
opcode=14   count=425        times=33841.50         avg_time=79.63             (сдвиг_мант_по_адр)
opcode=15   count=16         times=384.00           avg_time=24.00             (сравн)
opcode=16   count=58         times=1392.00          avg_time=24.00             (безусл_пер_упр_с_возв)
opcode=30   count=1          times=3550000.00       avg_time=3550000.00        (ввод_пфк)
opcode=31   count=14         times=336.00           avg_time=24.00             (пер_если_ра_не_менш_a1_и_w1)
opcode=32   count=9          times=216.00           avg_time=24.00             (пер_если_ра_не_менш_a1)
opcode=33   count=461        times=11064.00         avg_time=24.00             (вычит_команд)
opcode=34   count=245        times=7410.00          avg_time=30.24             (сдвиг_мант_по_прдк)
opcode=35   count=1          times=24.00            avg_time=24.00             (сравн_останов)
opcode=36   count=243        times=5832.00          avg_time=24.00             (усл_пер_упр_по_w1)
opcode=41   count=268        times=7638.00          avg_time=28.50             (слож_о)
opcode=46   count=58         times=3567.00          avg_time=61.50             (выч_адр_из_прдк)
opcode=47   count=27         times=648.00           avg_time=24.00             (вывод_мл_разрядов)
opcode=50   count=10         times=240.00           avg_time=24.00             (ввод_пред_050)
opcode=51   count=9          times=216.00           avg_time=24.00             (пер_если_ра_мнш_a1_и_w0)
opcode=52   count=156        times=4446.00          avg_time=28.50             (изм_ра_по_адр)
opcode=53   count=81         times=1944.00          avg_time=24.00             (слож_коп)
opcode=54   count=26         times=2283.00          avg_time=87.81             (сдвиг_кода_по_адр)
opcode=55   count=377        times=9048.00          avg_time=24.00             (лог_умнож)
opcode=56   count=13         times=312.00           avg_time=24.00             (безусл_пер_упр)
opcode=62   count=80         times=2280.00          avg_time=28.50             (вычит)
opcode=65   count=27         times=1876.50          avg_time=69.50             (умнож)
opcode=70   count=10         times=2800240.05       avg_time=280024.00         (ввод_исп_070)
opcode=71   count=82         times=1968.00          avg_time=24.00             (пер_ра_не_мнш_a1_и_w1)
opcode=72   count=53         times=1510.50          avg_time=28.50             (изм_ра_по_коду)
opcode=74   count=5          times=210.00           avg_time=42.00             (сдвиг_кода_по_прдк)
opcode=75   count=3          times=72.00            avg_time=24.00             (лог_слож)
opcode=76   count=539        times=12936.00         avg_time=24.00             (усл_пер_упр_по_w0)
opcode=77   count=1          times=24.00            avg_time=24.00             (останов_077)
Summary:  times=7099110.05  count=4143  avg_time=1713.52
**********

sample_0033.simh-39> boot cdr

Останов, KRA: 0141 ([op=77 mod=0] останов_077                    0000, 0000, 0000)
50:	1 13 4064 0000 0000
51:	1 06 5000 0000 0000
52:	1 03 4400 0000 0000
53:	1 00 5463 1463 1460
54:	1 04 4000 0000 0000
55:	0 75 6314 6314 6310
56:	0 70 5075 3412 1730
57:	1 05 4000 0000 0000
60:	1 01 7463 1463 1460
61:	0 72 5075 3412 1730
62:	0 65 4724 4521 4050
63:	1 17 5622 4000 0010
64:	1 20 4016 4000 0000
65:	1 20 4205 2000 0000
66:	1 20 5532 2000 0010
67:	1 06 6406 3146 3150
70:	1 06 4340 0000 0000
71:	1 06 5323 1463 1470
72:	1 06 5323 1463 1470
73:	1 10 4100 0000 0010
74:	1 10 4100 0000 0010
75:	1 10 4240 0000 0010
76:	1 10 5600 0000 0010
77:	1 04 4400 0000 0000

100:	0 16 0101 7477 7610
101:	0 52 0050 0042 0077
102:	0 02 0050 0051 3000
103:	0 05 0052 3000 3007
104:	0 52 0000 0000 0000
105:	2 05 0062 0067 3001
106:	0 01 0061 3001 3001
107:	4 05 0067 3001 3001
110:	0 01 0060 3001 3001
111:	2 05 0056 0067 3002
112:	0 01 0055 3002 3002
113:	4 05 0067 3002 3002
114:	0 01 0054 3002 3002
115:	0 04 3002 0057 3002
116:	0 01 0053 3002 3002
117:	0 01 0077 3002 3002
120:	0 01 0077 3001 3001
121:	4 05 0073 3001 3001
122:	4 02 0063 3001 3001
123:	1 04 3001 3002 3003
124:	4 02 3003 3007 0000
125:	1 11 0003 0105 0001
126:	0 36 0000 0135 0000
127:	2 52 0000 7777 7777
130:	0 16 0131 7501 7610
131:	5 72 0062 0027 0062
132:	0 16 0133 7501 7610
133:	5 72 3002 0027 3002
134:	0 56 0000 0141 0000
135:	0 16 0136 7476 7610
136:	0 72 0066 0027 0066
137:	0 16 0140 7476 7610
140:	0 72 3006 0027 3007
141:	0 77 0000 0000 0000

100:	[op=16 mod=0] безусл_пер_упр_с_возв          0101, 7477, 7610
101:	[op=52 mod=0] изм_ра_по_адр                  0050, 0042, 0077
102:	[op=02 mod=0] вычит_он                       0050, 0051, 3000
103:	[op=05 mod=0] умнож_он                       0052, 3000, 3007
104:	[op=52 mod=0] изм_ра_по_адр                  0000, 0000, 0000
105:	[op=05 mod=2] умнож_он                       0062, @+0067, 3001
106:	[op=01 mod=0] слож_он                        0061, 3001, 3001
107:	[op=05 mod=4] умнож_он                       @+0067, 3001, 3001
110:	[op=01 mod=0] слож_он                        0060, 3001, 3001
111:	[op=05 mod=2] умнож_он                       0056, @+0067, 3002
112:	[op=01 mod=0] слож_он                        0055, 3002, 3002
113:	[op=05 mod=4] умнож_он                       @+0067, 3002, 3002
114:	[op=01 mod=0] слож_он                        0054, 3002, 3002
115:	[op=04 mod=0] делен_о                        3002, 0057, 3002
116:	[op=01 mod=0] слож_он                        0053, 3002, 3002
117:	[op=01 mod=0] слож_он                        0077, 3002, 3002
120:	[op=01 mod=0] слож_он                        0077, 3001, 3001
121:	[op=05 mod=4] умнож_он                       @+0073, 3001, 3001
122:	[op=02 mod=4] вычит_он                       @+0063, 3001, 3001
123:	[op=04 mod=1] делен_о                        3001, 3002, @+3003
124:	[op=02 mod=4] вычит_он                       @+3003, 3007, 0000
125:	[op=11 mod=1] пер_если_ра_менш_a1_и_w1       0003, 0105, @+0001
126:	[op=36 mod=0] усл_пер_упр_по_w1              0000, 0135, 0000
127:	[op=52 mod=2] изм_ра_по_адр                  0000, @-1, 7777
130:	[op=16 mod=0] безусл_пер_упр_с_возв          0131, 7501, 7610
131:	[op=72 mod=5] изм_ра_по_коду                 @+0062, 0027, @+0062
132:	[op=16 mod=0] безусл_пер_упр_с_возв          0133, 7501, 7610
133:	[op=72 mod=5] изм_ра_по_коду                 @+3002, 0027, @+3002
134:	[op=56 mod=0] безусл_пер_упр                 0000, 0141, 0000
135:	[op=16 mod=0] безусл_пер_упр_с_возв          0136, 7476, 7610
136:	[op=72 mod=0] изм_ра_по_коду                 0066, 0027, 0066
137:	[op=16 mod=0] безусл_пер_упр_с_возв          0140, 7476, 7610
140:	[op=72 mod=0] изм_ра_по_коду                 3006, 0027, 3007
141:	[op=77 mod=0] останов_077                    0000, 0000, 0000

M-20 event queue empty, time = 7099111, executing 50000 instructios/sec
Time:	7099111
0:	0 00 0000 0000 0000
1:	0 52 0000 3007 0000
2:	0 04 2021 3167 3004
3:	0 04 2124 2400 0000

50:	1 13 4064 0000 0000
51:	1 06 5000 0000 0000
52:	1 03 4400 0000 0000
53:	1 00 5463 1463 1460
54:	1 04 4000 0000 0000
55:	0 75 6314 6314 6310
56:	0 70 5075 3412 1730
57:	1 05 4000 0000 0000
60:	1 01 7463 1463 1460
61:	0 72 5075 3412 1730
62:	0 65 4724 4521 4050
63:	1 17 5622 4000 0010
64:	1 20 4016 4000 0000
65:	1 20 4205 2000 0000
66:	1 20 5532 2000 0010
67:	1 06 6406 3146 3150
70:	1 06 4340 0000 0000
71:	1 06 5323 1463 1470
72:	1 06 5323 1463 1470
73:	1 10 4100 0000 0010
74:	1 10 4100 0000 0010
75:	1 10 4240 0000 0010
76:	1 10 5600 0000 0010
77:	1 04 4400 0000 0000

100:	0 16 0101 7477 7610
101:	0 52 0050 0042 0077
102:	0 02 0050 0051 3000
103:	0 05 0052 3000 3007
104:	0 52 0000 0000 0000
105:	2 05 0062 0067 3001
106:	0 01 0061 3001 3001
107:	4 05 0067 3001 3001
110:	0 01 0060 3001 3001
111:	2 05 0056 0067 3002
112:	0 01 0055 3002 3002
113:	4 05 0067 3002 3002
114:	0 01 0054 3002 3002
115:	0 04 3002 0057 3002
116:	0 01 0053 3002 3002
117:	0 01 0077 3002 3002
120:	0 01 0077 3001 3001
121:	4 05 0073 3001 3001
122:	4 02 0063 3001 3001
123:	1 04 3001 3002 3003
124:	4 02 3003 3007 0000
125:	1 11 0003 0105 0001
126:	0 36 0000 0135 0000
127:	2 52 0000 7777 7777
130:	0 16 0131 7501 7610
131:	5 72 0062 0027 0062
132:	0 16 0133 7501 7610
133:	5 72 3002 0027 3002
134:	0 56 0000 0141 0000
135:	0 16 0136 7476 7610
136:	0 72 0066 0027 0066
137:	0 16 0140 7476 7610
140:	0 72 3006 0027 3007
141:	0 77 0000 0000 0000

100:	[op=16 mod=0] безусл_пер_упр_с_возв          0101, 7477, 7610
101:	[op=52 mod=0] изм_ра_по_адр                  0050, 0042, 0077
102:	[op=02 mod=0] вычит_он                       0050, 0051, 3000
103:	[op=05 mod=0] умнож_он                       0052, 3000, 3007
104:	[op=52 mod=0] изм_ра_по_адр                  0000, 0000, 0000
105:	[op=05 mod=2] умнож_он                       0062, @+0067, 3001
106:	[op=01 mod=0] слож_он                        0061, 3001, 3001
107:	[op=05 mod=4] умнож_он                       @+0067, 3001, 3001
110:	[op=01 mod=0] слож_он                        0060, 3001, 3001
111:	[op=05 mod=2] умнож_он                       0056, @+0067, 3002
112:	[op=01 mod=0] слож_он                        0055, 3002, 3002
113:	[op=05 mod=4] умнож_он                       @+0067, 3002, 3002
114:	[op=01 mod=0] слож_он                        0054, 3002, 3002
115:	[op=04 mod=0] делен_о                        3002, 0057, 3002
116:	[op=01 mod=0] слож_он                        0053, 3002, 3002
117:	[op=01 mod=0] слож_он                        0077, 3002, 3002
120:	[op=01 mod=0] слож_он                        0077, 3001, 3001
121:	[op=05 mod=4] умнож_он                       @+0073, 3001, 3001
122:	[op=02 mod=4] вычит_он                       @+0063, 3001, 3001
123:	[op=04 mod=1] делен_о                        3001, 3002, @+3003
124:	[op=02 mod=4] вычит_он                       @+3003, 3007, 0000
125:	[op=11 mod=1] пер_если_ра_менш_a1_и_w1       0003, 0105, @+0001
126:	[op=36 mod=0] усл_пер_упр_по_w1              0000, 0135, 0000
127:	[op=52 mod=2] изм_ра_по_адр                  0000, @-1, 7777
130:	[op=16 mod=0] безусл_пер_упр_с_возв          0131, 7501, 7610
131:	[op=72 mod=5] изм_ра_по_коду                 @+0062, 0027, @+0062
132:	[op=16 mod=0] безусл_пер_упр_с_возв          0133, 7501, 7610
133:	[op=72 mod=5] изм_ра_по_коду                 @+3002, 0027, @+3002
134:	[op=56 mod=0] безусл_пер_упр                 0000, 0141, 0000
135:	[op=16 mod=0] безусл_пер_упр_с_возв          0136, 7476, 7610
136:	[op=72 mod=0] изм_ра_по_коду                 0066, 0027, 0066
137:	[op=16 mod=0] безусл_пер_упр_с_возв          0140, 7476, 7610
140:	[op=72 mod=0] изм_ра_по_коду                 3006, 0027, 3007
141:	[op=77 mod=0] останов_077                    0000, 0000, 0000

62:	0 65 4724 4521 4050

3002:	1 04 5303 3634 0355

66:	1 20 5532 2000 0010

3006:	1 15 4012 3065 2471
3007:	1 15 4340 4000 0000

30:	6 74 1721 0424 0214
31:	0 00 0000 0000 0000
32:	0 00 0000 0000 0000
33:	0 00 0000 0000 0000
34:	0 00 0000 0000 0000
35:	0 00 0000 0000 0000

Goodbye
Debug output disabled
