Could Not Find C:\emulators\m20\sample_0035_debug.txt
Could Not Find C:\emulators\m20\sample_0035.lst
ADD: ENTER: no_round=0 no_norm=0 x=102710550345301 y=301400000000000
add: xexp=66 y_exp=65
add: xexp=66 y_exp=65 x=102710550345301 y=301400000000000
add: rexp=66 xm=000710550345301 ym=000200000000000
add: A1: r=000510550345301
add: FINAL 1: r=000510550345301
add: FINAL 2: r=102510550345301
add: FINAL 3: r=102510550345301
add: LEAVE: FINAL 10: r=102510550345301

add: LEAVE: FINAL 20: r=102510550345301

ADD: ENTER: no_round=0 no_norm=0 x=101400000000000 y=101510550345301
add: xexp=65 y_exp=65
add: xexp=65 y_exp=65 x=101400000000000 y=101510550345301
add: rexp=65 xm=000400000000000 ym=000510550345301
add: B1: r=001110550345301
add: C1: rexp=66 r=000444264162541
add: FINAL 1: r=000444264162541
add: FINAL 2: r=102444264162541
add: FINAL 3: r=102444264162541
add: LEAVE: FINAL 10: r=102444264162541

add: LEAVE: FINAL 20: r=102444264162541

ADD: ENTER: no_round=1 no_norm=0 x=055414336750133 y=301510550345301
add: xexp=45 y_exp=65
add: xexp=65 y_exp=45 x=301510550345301 y=055414336750133
add: rexp=65 xm=000510550345301 ym=000000000103067
add: A1: r=000510550242212
add: FINAL 1: r=000510550242212
add: FINAL 2: r=101510550242212
add: FINAL 3: r=301510550242212
add: LEAVE: FINAL 10: r=301510550242212

add: LEAVE: FINAL 20: r=301510550242212

ADD: ENTER: no_round=0 no_norm=0 x=101617724753300 y=302444264162541
add: xexp=65 y_exp=66
add: xexp=66 y_exp=65 x=302444264162541 y=101617724753300
add: rexp=66 xm=000444264162541 ym=000307752365540
add: A1: r=000134311575001
add: FINAL 1: r=000134311575001
add: FINAL 2: r=102134311575001
add: FINAL 3: r=302134311575001
add: LEAVE: FINAL 10: r=300561446764004

add: LEAVE: FINAL 20: r=300561446764004

ADD: ENTER: no_round=0 no_norm=0 x=102444264162541 y=277561446764004
add: xexp=66 y_exp=63
add: xexp=66 y_exp=63 x=102444264162541 y=277561446764004
add: rexp=66 xm=000444264162541 ym=000056144676400
add: A1: r=000366117264141
add: FINAL 1: r=000366117264141
add: FINAL 2: r=102366117264141
add: FINAL 3: r=102366117264141
add: LEAVE: FINAL 10: r=101754236550302

add: LEAVE: FINAL 20: r=101754236550302

ADD: ENTER: no_round=1 no_norm=0 x=055414336750133 y=277561446764004
add: xexp=45 y_exp=63
add: xexp=63 y_exp=45 x=277561446764004 y=055414336750133
add: rexp=63 xm=000561446764004 ym=000000000414336
add: A1: r=000561446347446
add: FINAL 1: r=000561446347446
add: FINAL 2: r=077561446347446
add: FINAL 3: r=277561446347446
add: LEAVE: FINAL 10: r=277561446347446

add: LEAVE: FINAL 20: r=277561446347446

ADD: ENTER: no_round=0 no_norm=0 x=101732760476172 y=301754236550302
add: xexp=65 y_exp=65
add: xexp=65 y_exp=65 x=101732760476172 y=301754236550302
add: rexp=65 xm=000732760476172 ym=000754236550302
add: A1: r=1777777777756521725670
add: A2: r=200021256052110
add: FINAL 1: r=200021256052110
add: FINAL 2: r=301021256052110
add: FINAL 3: r=301021256052110
add: LEAVE: FINAL 10: r=275425341242200

add: LEAVE: FINAL 20: r=275425341242200

ADD: ENTER: no_round=0 no_norm=0 x=101754236550302 y=274425341242200
add: xexp=65 y_exp=60
add: xexp=65 y_exp=60 x=101754236550302 y=274425341242200
add: rexp=65 xm=000754236550302 ym=000010527025044
add: A1: r=000743507523236
add: FINAL 1: r=000743507523236
add: FINAL 2: r=101743507523236
add: FINAL 3: r=101743507523236
add: LEAVE: FINAL 10: r=101743507523236

add: LEAVE: FINAL 20: r=101743507523236

ADD: ENTER: no_round=1 no_norm=0 x=055414336750133 y=274425341242200
add: xexp=45 y_exp=60
add: xexp=60 y_exp=45 x=274425341242200 y=055414336750133
add: rexp=60 xm=000425341242200 ym=000000004143367
add: A1: r=000425335076611
add: FINAL 1: r=000425335076611
add: FINAL 2: r=074425335076611
add: FINAL 3: r=274425335076611
add: LEAVE: FINAL 10: r=274425335076611

add: LEAVE: FINAL 20: r=274425335076611

ADD: ENTER: no_round=0 no_norm=0 x=101743370054006 y=301743507523236
add: xexp=65 y_exp=65
add: xexp=65 y_exp=65 x=101743370054006 y=301743507523236
add: rexp=65 xm=000743370054006 ym=000743507523236
add: A1: r=1777777777777660330550
add: A2: r=200000117447230
add: FINAL 1: r=200000117447230
add: FINAL 2: r=301000117447230
add: FINAL 3: r=301000117447230
add: LEAVE: FINAL 10: r=266476235140000

add: LEAVE: FINAL 20: r=266476235140000

ADD: ENTER: no_round=0 no_norm=0 x=101743507523236 y=265476235140000
add: xexp=65 y_exp=53
add: xexp=65 y_exp=53 x=101743507523236 y=265476235140000
add: rexp=65 xm=000743507523236 ym=000000047623514
add: A1: r=000743437677522
add: FINAL 1: r=000743437677522
add: FINAL 2: r=101743437677522
add: FINAL 3: r=101743437677522
add: LEAVE: FINAL 10: r=101743437677522

add: LEAVE: FINAL 20: r=101743437677522

ADD: ENTER: no_round=1 no_norm=0 x=055414336750133 y=265476235140000
add: xexp=45 y_exp=53
add: xexp=53 y_exp=45 x=265476235140000 y=055414336750133
add: rexp=53 xm=000476235140000 ym=000001030675720
add: A1: r=000475204242060
add: FINAL 1: r=000475204242060
add: FINAL 2: r=065475204242060
add: FINAL 3: r=265475204242060
add: LEAVE: FINAL 10: r=265475204242060

add: LEAVE: FINAL 20: r=265475204242060

ADD: ENTER: no_round=0 no_norm=0 x=101743437674306 y=301743437677522
add: xexp=65 y_exp=65
add: xexp=65 y_exp=65 x=101743437674306 y=301743437677522
add: rexp=65 xm=000743437674306 ym=000743437677522
add: A1: r=1777777777777777774564
add: A2: r=200000000003214
add: FINAL 1: r=200000000003214
add: FINAL 2: r=301000000003214
add: FINAL 3: r=301000000003214
add: LEAVE: FINAL 10: r=250643000000000

add: LEAVE: FINAL 20: r=250643000000000

ADD: ENTER: no_round=0 no_norm=0 x=101743437677522 y=247643000000000
add: xexp=65 y_exp=39
add: xexp=65 y_exp=39 x=101743437677522 y=247643000000000
add: rexp=65 xm=000743437677522 ym=000000000001506
add: A1: r=000743437676014
add: FINAL 1: r=000743437676014
add: FINAL 2: r=101743437676014
add: FINAL 3: r=101743437676014
add: LEAVE: FINAL 10: r=101743437676014

add: LEAVE: FINAL 20: r=101743437676014

ADD: ENTER: no_round=1 no_norm=0 x=055414336750133 y=247643000000000
add: xexp=45 y_exp=39
add: xexp=45 y_exp=39 x=055414336750133 y=247643000000000
add: rexp=45 xm=000414336750133 ym=000006430000000
add: A1: r=000405706750133
add: FINAL 1: r=000405706750133
add: FINAL 2: r=055405706750133
add: FINAL 3: r=055405706750133
add: LEAVE: FINAL 10: r=055405706750133

add: LEAVE: FINAL 20: r=055405706750133

