
M-20 simulator V4.0-0 Beta        git commit id: c317f685
Debug output to "sample_0037_debug.txt"
CDR: unit is read only
CDP: creating new file
LPT: creating new file
DRUM: creating new file
DRUM: creating new file
1:	0 52 0000 0015 0000
2:	1 00 0014 0000 0000
3:	1 12 7777 0002 0001
4:	0 10 0001 0004 0000
5:	0 50 0016 0000 7777
6:	0 70 0014 0000 0002
7:	0 50 4412 0000 7777
10:	0 70 0014 0005 0003
11:	0 35 0002 0003 0000
12:	0 76 0000 0005 0000
13:	0 56 0000 0001 0000
14:	7 77 7777 7777 7777
15:	0 00 0000 0000 0000
16:	0 00 0000 0000 0000
17:	0 00 0000 0000 0000
20:	0 00 0000 0000 0000
21:	0 00 0000 0000 0000

1:	[op=52 mod=0] изм_ра_по_адр                  0000, 0015, 0000
2:	[op=00 mod=1] пересылка                      0014, 0000, @+0000
3:	[op=12 mod=1] пер_если_ра_мнш_a1             7777, 0002, @+0001
4:	[op=10 mod=0] ввод_пфк_останов               0001, 0004, 0000
5:	[op=50 mod=0] ввод_пред_050                  0016, 0000, 7777
6:	[op=70 mod=0] ввод_исп_070                   0014, 0000, 0002
7:	[op=50 mod=0] ввод_пред_050                  4412, 0000, 7777
10:	[op=70 mod=0] ввод_исп_070                   0014, 0005, 0003
11:	[op=35 mod=0] сравн_останов                  0002, 0003, 0000
12:	[op=76 mod=0] усл_пер_упр_по_w0              0000, 0005, 0000
13:	[op=56 mod=0] безусл_пер_упр                 0000, 0001, 0000
14:	[op=77 mod=7] останов_077                    @-1, @-1, @-1
15:	[op=00 mod=0] пересылка                      0000, 0000, 0000
16:	[op=00 mod=0] пересылка                      0000, 0000, 0000
17:	[op=00 mod=0] пересылка                      0000, 0000, 0000
20:	[op=00 mod=0] пересылка                      0000, 0000, 0000
21:	[op=00 mod=0] пересылка                      0000, 0000, 0000

Start

*** Command time profile stat ***
opcode=00   count=4135       times=99240.00         avg_time=24.00             (пересылка)
opcode=01   count=28         times=798.00           avg_time=28.50             (слож_он)
opcode=02   count=9          times=256.50           avg_time=28.50             (вычит_он)
opcode=04   count=11         times=1501.50          avg_time=136.50            (делен_о)
opcode=05   count=338        times=23491.00         avg_time=69.50             (умнож_он)
opcode=06   count=3          times=184.50           avg_time=61.50             (слож_прдк_с_адр)
opcode=10   count=1          times=3600000.00       avg_time=3600000.00        (ввод_пфк_останов)
opcode=11   count=15         times=360.00           avg_time=24.00             (пер_если_ра_менш_a1_и_w1)
opcode=12   count=4357       times=104568.00        avg_time=24.00             (пер_если_ра_мнш_a1)
opcode=13   count=197        times=4728.00          avg_time=24.00             (слож_команд)
opcode=14   count=230        times=18285.00         avg_time=79.50             (сдвиг_мант_по_адр)
opcode=15   count=16         times=384.00           avg_time=24.00             (сравн)
opcode=16   count=58         times=1392.00          avg_time=24.00             (безусл_пер_упр_с_возв)
opcode=31   count=15         times=360.00           avg_time=24.00             (пер_если_ра_не_менш_a1_и_w1)
opcode=32   count=9          times=216.00           avg_time=24.00             (пер_если_ра_не_менш_a1)
opcode=33   count=508        times=12192.00         avg_time=24.00             (вычит_команд)
opcode=34   count=476        times=17166.00         avg_time=36.06             (сдвиг_мант_по_прдк)
opcode=35   count=1          times=24.00            avg_time=24.00             (сравн_останов)
opcode=36   count=256        times=6144.00          avg_time=24.00             (усл_пер_упр_по_w1)
opcode=41   count=272        times=7752.00          avg_time=28.50             (слож_о)
opcode=46   count=58         times=3567.00          avg_time=61.50             (выч_адр_из_прдк)
opcode=47   count=27         times=648.00           avg_time=24.00             (вывод_мл_разрядов)
opcode=50   count=9          times=216.00           avg_time=24.00             (ввод_пред_050)
opcode=51   count=3          times=72.00            avg_time=24.00             (пер_если_ра_мнш_a1_и_w0)
opcode=52   count=180        times=5130.00          avg_time=28.50             (изм_ра_по_адр)
opcode=53   count=88         times=2112.00          avg_time=24.00             (слож_коп)
opcode=54   count=24         times=2124.00          avg_time=88.50             (сдвиг_кода_по_адр)
opcode=55   count=387        times=9288.00          avg_time=24.00             (лог_умнож)
opcode=56   count=22         times=528.00           avg_time=24.00             (безусл_пер_упр)
opcode=62   count=98         times=2793.00          avg_time=28.50             (вычит)
opcode=65   count=27         times=1876.50          avg_time=69.50             (умнож)
opcode=70   count=9          times=430217.32        avg_time=47801.92          (ввод_исп_070)
opcode=71   count=87         times=2088.00          avg_time=24.00             (пер_ра_не_мнш_a1_и_w1)
opcode=72   count=59         times=1681.50          avg_time=28.50             (изм_ра_по_коду)
opcode=74   count=7          times=294.00           avg_time=42.00             (сдвиг_кода_по_прдк)
opcode=75   count=3          times=72.00            avg_time=24.00             (лог_слож)
opcode=76   count=610        times=14640.00         avg_time=24.00             (усл_пер_упр_по_w0)
opcode=77   count=1          times=24.00            avg_time=24.00             (останов_077)
Summary:  times=4376413.82  count=12634  avg_time=346.40
**********

sample_0037.simh-51> run

Останов, KRA: 0141 ([op=77 mod=0] останов_077                    0000, 0000, 0000)
M-20 event queue empty, time = 4376414, executing 50000 instructios/sec
Time:	4376414
1:	0 52 0000 3007 0000
2:	0 52 0000 3010 0000
3:	0 04 2124 2400 0000
4:	0 10 0001 0004 0000
5:	0 50 0016 0000 7777
6:	0 70 0014 0000 0002
7:	0 50 4412 0000 7777
10:	0 70 0014 0005 0003
11:	0 35 0002 0003 0000
12:	0 76 0000 0005 0000
13:	0 56 0000 0001 0000
14:	7 77 7777 7777 7777
15:	7 77 7777 7777 7777
16:	7 77 7777 7777 7777
17:	7 77 7777 7777 7777
20:	0 16 0000 0022 0000
21:	7 77 7777 7777 7777

1:	[op=52 mod=0] изм_ра_по_адр                  0000, 3007, 0000
2:	[op=52 mod=0] изм_ра_по_адр                  0000, 3010, 0000
3:	[op=04 mod=0] делен_о                        2124, 2400, 0000
4:	[op=10 mod=0] ввод_пфк_останов               0001, 0004, 0000
5:	[op=50 mod=0] ввод_пред_050                  0016, 0000, 7777
6:	[op=70 mod=0] ввод_исп_070                   0014, 0000, 0002
7:	[op=50 mod=0] ввод_пред_050                  4412, 0000, 7777
10:	[op=70 mod=0] ввод_исп_070                   0014, 0005, 0003
11:	[op=35 mod=0] сравн_останов                  0002, 0003, 0000
12:	[op=76 mod=0] усл_пер_упр_по_w0              0000, 0005, 0000
13:	[op=56 mod=0] безусл_пер_упр                 0000, 0001, 0000
14:	[op=77 mod=7] останов_077                    @-1, @-1, @-1
15:	[op=77 mod=7] останов_077                    @-1, @-1, @-1
16:	[op=77 mod=7] останов_077                    @-1, @-1, @-1
17:	[op=77 mod=7] останов_077                    @-1, @-1, @-1
20:	[op=16 mod=0] безусл_пер_упр_с_возв          0000, 0022, 0000
21:	[op=77 mod=7] останов_077                    @-1, @-1, @-1

0:	0 00 0000 0000 0000
1:	0 52 0000 3007 0000
2:	0 52 0000 3010 0000
3:	0 04 2124 2400 0000

50:	1 13 4064 0000 0000
51:	1 06 5000 0000 0000
52:	1 03 4400 0000 0000
53:	1 00 5463 1463 1460
54:	1 04 4000 0000 0000
55:	0 75 6314 6314 6310
56:	0 70 5075 3412 1730
57:	1 05 4000 0000 0000
60:	1 01 7463 1463 1460
61:	0 72 5075 3412 1730
62:	0 65 4724 4521 4050
63:	1 17 5622 4000 0010
64:	1 20 4016 4000 0000
65:	1 20 4205 2000 0000
66:	1 20 5532 2000 0010
67:	1 06 6406 3146 3150
70:	1 06 4340 0000 0000
71:	1 06 5323 1463 1470
72:	1 06 5323 1463 1470
73:	1 10 4100 0000 0010
74:	1 10 4100 0000 0010
75:	1 10 4240 0000 0010
76:	1 10 5600 0000 0010
77:	1 04 4400 0000 0000

100:	0 16 0101 7477 7610
101:	0 52 0050 0042 0077
102:	0 02 0050 0051 3000
103:	0 05 0052 3000 3007
104:	0 52 0000 0000 0000
105:	2 05 0062 0067 3001
106:	0 01 0061 3001 3001
107:	4 05 0067 3001 3001
110:	0 01 0060 3001 3001
111:	2 05 0056 0067 3002
112:	0 01 0055 3002 3002
113:	4 05 0067 3002 3002
114:	0 01 0054 3002 3002
115:	0 04 3002 0057 3002
116:	0 01 0053 3002 3002
117:	0 01 0077 3002 3002
120:	0 01 0077 3001 3001
121:	4 05 0073 3001 3001
122:	4 02 0063 3001 3001
123:	1 04 3001 3002 3003
124:	4 02 3003 3007 0000
125:	1 11 0003 0105 0001
126:	0 36 0000 0135 0000
127:	2 52 0000 7777 7777
130:	0 16 0131 7501 7610
131:	5 72 0062 0027 0062
132:	0 16 0133 7501 7610
133:	5 72 3002 0027 3002
134:	0 56 0000 0141 0000
135:	0 16 0136 7476 7610
136:	0 72 0066 0027 0066
137:	0 16 0140 7476 7610
140:	0 72 3006 0027 3007
141:	0 77 0000 0000 0000

100:	[op=16 mod=0] безусл_пер_упр_с_возв          0101, 7477, 7610
101:	[op=52 mod=0] изм_ра_по_адр                  0050, 0042, 0077
102:	[op=02 mod=0] вычит_он                       0050, 0051, 3000
103:	[op=05 mod=0] умнож_он                       0052, 3000, 3007
104:	[op=52 mod=0] изм_ра_по_адр                  0000, 0000, 0000
105:	[op=05 mod=2] умнож_он                       0062, @+0067, 3001
106:	[op=01 mod=0] слож_он                        0061, 3001, 3001
107:	[op=05 mod=4] умнож_он                       @+0067, 3001, 3001
110:	[op=01 mod=0] слож_он                        0060, 3001, 3001
111:	[op=05 mod=2] умнож_он                       0056, @+0067, 3002
112:	[op=01 mod=0] слож_он                        0055, 3002, 3002
113:	[op=05 mod=4] умнож_он                       @+0067, 3002, 3002
114:	[op=01 mod=0] слож_он                        0054, 3002, 3002
115:	[op=04 mod=0] делен_о                        3002, 0057, 3002
116:	[op=01 mod=0] слож_он                        0053, 3002, 3002
117:	[op=01 mod=0] слож_он                        0077, 3002, 3002
120:	[op=01 mod=0] слож_он                        0077, 3001, 3001
121:	[op=05 mod=4] умнож_он                       @+0073, 3001, 3001
122:	[op=02 mod=4] вычит_он                       @+0063, 3001, 3001
123:	[op=04 mod=1] делен_о                        3001, 3002, @+3003
124:	[op=02 mod=4] вычит_он                       @+3003, 3007, 0000
125:	[op=11 mod=1] пер_если_ра_менш_a1_и_w1       0003, 0105, @+0001
126:	[op=36 mod=0] усл_пер_упр_по_w1              0000, 0135, 0000
127:	[op=52 mod=2] изм_ра_по_адр                  0000, @-1, 7777
130:	[op=16 mod=0] безусл_пер_упр_с_возв          0131, 7501, 7610
131:	[op=72 mod=5] изм_ра_по_коду                 @+0062, 0027, @+0062
132:	[op=16 mod=0] безусл_пер_упр_с_возв          0133, 7501, 7610
133:	[op=72 mod=5] изм_ра_по_коду                 @+3002, 0027, @+3002
134:	[op=56 mod=0] безусл_пер_упр                 0000, 0141, 0000
135:	[op=16 mod=0] безусл_пер_упр_с_возв          0136, 7476, 7610
136:	[op=72 mod=0] изм_ра_по_коду                 0066, 0027, 0066
137:	[op=16 mod=0] безусл_пер_упр_с_возв          0140, 7476, 7610
140:	[op=72 mod=0] изм_ра_по_коду                 3006, 0027, 3007
141:	[op=77 mod=0] останов_077                    0000, 0000, 0000

62:	0 65 4724 4521 4050

3002:	1 04 5303 3634 0355

66:	1 20 5532 2000 0010

3006:	1 15 4012 3065 2471
3007:	1 15 4340 4000 0000

30:	7 77 7777 7777 7777
31:	7 77 7777 7777 7777
32:	7 77 7777 7777 7777
33:	7 77 7777 7777 7777
34:	7 77 7777 7777 7777
35:	7 77 7777 7777 7777

Goodbye
Debug output disabled
