Could Not Find C:\emulators\m20\sample_0040_debug.txt
Could Not Find C:\emulators\m20\sample_0040.lst
MULT: ENTER: x=000000000000000, y=000000000000000 no_round=0 no_norm=0
mult: xm=000000000000000, ym=000000000000000 xexp=0 yexp=0
mult: r=000000000000000, regRMR=000000000000000 rexp=-64
mult: r=000000000000000, regRMR=000000000000000 rexp=-65
mult: result=000000000000000, regRMR=000000000000000 rexp=-65

ADD: ENTER: no_round=0 no_norm=0 x=000000000000000 y=302600000000000
ADD: ENTER: no_round=0 no_norm=0 x=000000000000000 y=101400000000000
ADD: ENTER: no_round=0 no_norm=0 x=103700000000000 y=301400000000000
add: xexp=67 y_exp=65
add: xexp=67 y_exp=65 x=103700000000000 y=301400000000000
add: rexp=67 xm=000700000000000 ym=000100000000000
add: A1: r=000600000000000
add: FINAL 1: r=000600000000000
add: FINAL 2: r=103600000000000
add: FINAL 3: r=103600000000000
add: LEAVE: FINAL 10: r=103600000000000

add: LEAVE: FINAL 20: r=103600000000000

MULT: ENTER: x=101400000000000, y=101400000000000 no_round=0 no_norm=0
mult: xm=000400000000000, ym=000400000000000 xexp=65 yexp=65
mult: r=000200000000000, regRMR=000000000000000 rexp=66
mult: r=000400000000000, regRMR=000000000000000 rexp=65
mult: FINAL 1: r=000400000000000, rexp=65

mult: FINAL 2: r=101400000000000, regRMR=101000000000000 rexp=65

ADD: ENTER: no_round=0 no_norm=0 x=101400000000000 y=302600000000000
add: xexp=65 y_exp=66
add: xexp=66 y_exp=65 x=302600000000000 y=101400000000000
add: rexp=66 xm=000600000000000 ym=000200000000000
add: A1: r=000400000000000
add: FINAL 1: r=000400000000000
add: FINAL 2: r=102400000000000
add: FINAL 3: r=302400000000000
add: LEAVE: FINAL 10: r=302400000000000

add: LEAVE: FINAL 20: r=302400000000000

ADD: ENTER: no_round=0 no_norm=0 x=101400000000000 y=101400000000000
add: xexp=65 y_exp=65
add: xexp=65 y_exp=65 x=101400000000000 y=101400000000000
add: rexp=65 xm=000400000000000 ym=000400000000000
add: B1: r=001000000000000
add: C1: rexp=66 r=000400000000000
add: FINAL 1: r=000400000000000
add: FINAL 2: r=102400000000000
add: FINAL 3: r=102400000000000
add: LEAVE: FINAL 10: r=102400000000000

add: LEAVE: FINAL 20: r=102400000000000

ADD: ENTER: no_round=0 no_norm=0 x=103700000000000 y=302400000000000
add: xexp=67 y_exp=66
add: xexp=67 y_exp=66 x=103700000000000 y=302400000000000
add: rexp=67 xm=000700000000000 ym=000200000000000
add: A1: r=000500000000000
add: FINAL 1: r=000500000000000
add: FINAL 2: r=103500000000000
add: FINAL 3: r=103500000000000
add: LEAVE: FINAL 10: r=103500000000000

add: LEAVE: FINAL 20: r=103500000000000

MULT: ENTER: x=102400000000000, y=102400000000000 no_round=0 no_norm=0
mult: xm=000400000000000, ym=000400000000000 xexp=66 yexp=66
mult: r=000200000000000, regRMR=000000000000000 rexp=68
mult: r=000400000000000, regRMR=000000000000000 rexp=67
mult: FINAL 1: r=000400000000000, rexp=67

mult: FINAL 2: r=103400000000000, regRMR=103000000000000 rexp=67

ADD: ENTER: no_round=0 no_norm=0 x=102400000000000 y=302600000000000
add: xexp=66 y_exp=66
add: xexp=66 y_exp=66 x=102400000000000 y=302600000000000
add: rexp=66 xm=000400000000000 ym=000600000000000
add: A1: r=1777777777600000000000
add: A2: r=200200000000000
add: FINAL 1: r=200200000000000
add: FINAL 2: r=302200000000000
add: FINAL 3: r=302200000000000
add: LEAVE: FINAL 10: r=301400000000000

add: LEAVE: FINAL 20: r=301400000000000

ADD: ENTER: no_round=0 no_norm=0 x=102400000000000 y=101400000000000
add: xexp=66 y_exp=65
add: xexp=66 y_exp=65 x=102400000000000 y=101400000000000
add: rexp=66 xm=000400000000000 ym=000200000000000
add: B1: r=000600000000000
add: B2: r=000600000000001
add: FINAL 1: r=000600000000001
add: FINAL 2: r=102600000000001
add: FINAL 3: r=102600000000001
add: LEAVE: FINAL 10: r=102600000000001

add: LEAVE: FINAL 20: r=102600000000001

ADD: ENTER: no_round=0 no_norm=0 x=103700000000000 y=302600000000001
add: xexp=67 y_exp=66
add: xexp=67 y_exp=66 x=103700000000000 y=302600000000001
add: rexp=67 xm=000700000000000 ym=000300000000000
add: A1: r=000400000000000
add: FINAL 1: r=000400000000000
add: FINAL 2: r=103400000000000
add: FINAL 3: r=103400000000000
add: LEAVE: FINAL 10: r=103400000000000

add: LEAVE: FINAL 20: r=103400000000000

MULT: ENTER: x=102600000000001, y=102600000000001 no_round=0 no_norm=0
mult: xm=000600000000001, ym=000600000000001 xexp=66 yexp=66
mult: r=000440000000001, regRMR=000400000000001 rexp=68
mult: r=000440000000002, regRMR=000400000000001 rexp=68
mult: FINAL 1: r=000440000000002, rexp=68

mult: FINAL 2: r=104440000000002, regRMR=104400000000001 rexp=68

ADD: ENTER: no_round=0 no_norm=0 x=102600000000001 y=302600000000000
add: xexp=66 y_exp=66
add: xexp=66 y_exp=66 x=102600000000001 y=302600000000000
add: rexp=66 xm=000600000000001 ym=000600000000000
add: A1: r=000000000000001
add: FINAL 1: r=000000000000001
add: FINAL 2: r=102000000000001
add: FINAL 3: r=102000000000001
add: LEAVE: FINAL 10: r=037400000000000

add: LEAVE: FINAL 20: r=037400000000000

MULT: ENTER: x=104440000000002, y=102600000000001 no_round=0 no_norm=0
mult: xm=000440000000002, ym=000600000000001 xexp=68 yexp=66
mult: r=000330000000002, regRMR=000040000000002 rexp=70
mult: r=000660000000004, regRMR=000100000000004 rexp=69
mult: FINAL 1: r=000660000000004, rexp=69

mult: FINAL 2: r=105660000000004, regRMR=105100000000004 rexp=69

ADD: ENTER: no_round=0 no_norm=0 x=105660000000004 y=103500000000000
add: xexp=69 y_exp=67
add: xexp=69 y_exp=67 x=105660000000004 y=103500000000000
add: rexp=69 xm=000660000000004 ym=000120000000000
add: B1: r=001000000000004
add: B2: r=001000000000005
add: C1: rexp=70 r=000400000000003
add: FINAL 1: r=000400000000003
add: FINAL 2: r=106400000000003
add: FINAL 3: r=106400000000003
add: LEAVE: FINAL 10: r=106400000000003

add: LEAVE: FINAL 20: r=106400000000003

ADD: ENTER: no_round=0 no_norm=0 x=102600000000001 y=301400000000000
add: xexp=66 y_exp=65
add: xexp=66 y_exp=65 x=102600000000001 y=301400000000000
add: rexp=66 xm=000600000000001 ym=000200000000000
add: A1: r=000400000000001
add: FINAL 1: r=000400000000001
add: FINAL 2: r=102400000000001
add: FINAL 3: r=102400000000001
add: LEAVE: FINAL 10: r=102400000000001

add: FINAL 13: r=000102400000000001
add: FINAL 14: r=000102400000000000
add: LEAVE: FINAL 20: r=102400000000000

ADD: ENTER: no_round=0 no_norm=0 x=102600000000001 y=101400000000000
add: xexp=66 y_exp=65
add: xexp=66 y_exp=65 x=102600000000001 y=101400000000000
add: rexp=66 xm=000600000000001 ym=000200000000000
add: B1: r=001000000000001
add: B2: r=001000000000002
add: C1: rexp=67 r=000400000000001
add: FINAL 1: r=000400000000001
add: FINAL 2: r=103400000000001
add: FINAL 3: r=103400000000001
add: LEAVE: FINAL 10: r=103400000000001

add: FINAL 13: r=000103400000000001
add: FINAL 14: r=000103400000000000
add: LEAVE: FINAL 20: r=103400000000000

ADD: ENTER: no_round=0 no_norm=0 x=103700000000000 y=303400000000000
add: xexp=67 y_exp=67
add: xexp=67 y_exp=67 x=103700000000000 y=303400000000000
add: rexp=67 xm=000700000000000 ym=000400000000000
add: A1: r=000300000000000
add: FINAL 1: r=000300000000000
add: FINAL 2: r=103300000000000
add: FINAL 3: r=103300000000000
add: LEAVE: FINAL 10: r=102600000000000

add: LEAVE: FINAL 20: r=102600000000000

MULT: ENTER: x=103400000000000, y=103400000000000 no_round=0 no_norm=0
mult: xm=000400000000000, ym=000400000000000 xexp=67 yexp=67
mult: r=000200000000000, regRMR=000000000000000 rexp=70
mult: r=000400000000000, regRMR=000000000000000 rexp=69
mult: FINAL 1: r=000400000000000, rexp=69

mult: FINAL 2: r=105400000000000, regRMR=105000000000000 rexp=69

ADD: ENTER: no_round=0 no_norm=0 x=103400000000000 y=302600000000000
add: xexp=67 y_exp=66
add: xexp=67 y_exp=66 x=103400000000000 y=302600000000000
add: rexp=67 xm=000400000000000 ym=000300000000000
add: A1: r=000100000000000
add: FINAL 1: r=000100000000000
add: FINAL 2: r=103100000000000
add: FINAL 3: r=103100000000000
add: LEAVE: FINAL 10: r=101400000000000

add: LEAVE: FINAL 20: r=101400000000000

MULT: ENTER: x=105400000000000, y=103400000000000 no_round=0 no_norm=0
mult: xm=000400000000000, ym=000400000000000 xexp=69 yexp=67
mult: r=000200000000000, regRMR=000000000000000 rexp=72
mult: r=000400000000000, regRMR=000000000000000 rexp=71
mult: FINAL 1: r=000400000000000, rexp=71

mult: FINAL 2: r=107400000000000, regRMR=107000000000000 rexp=71

ADD: ENTER: no_round=0 no_norm=0 x=107400000000000 y=103500000000000
add: xexp=71 y_exp=67
add: xexp=71 y_exp=67 x=107400000000000 y=103500000000000
add: rexp=71 xm=000400000000000 ym=000024000000000
add: B1: r=000424000000000
add: B2: r=000424000000001
add: FINAL 1: r=000424000000001
add: FINAL 2: r=107424000000001
add: FINAL 3: r=107424000000001
add: LEAVE: FINAL 10: r=107424000000001

add: LEAVE: FINAL 20: r=107424000000001

ADD: ENTER: no_round=0 no_norm=0 x=103400000000000 y=301400000000000
add: xexp=67 y_exp=65
add: xexp=67 y_exp=65 x=103400000000000 y=301400000000000
add: rexp=67 xm=000400000000000 ym=000100000000000
add: A1: r=000300000000000
add: FINAL 1: r=000300000000000
add: FINAL 2: r=103300000000000
add: FINAL 3: r=103300000000000
add: LEAVE: FINAL 10: r=102600000000000

add: LEAVE: FINAL 20: r=102600000000000

ADD: ENTER: no_round=0 no_norm=0 x=103400000000000 y=101400000000000
add: xexp=67 y_exp=65
add: xexp=67 y_exp=65 x=103400000000000 y=101400000000000
add: rexp=67 xm=000400000000000 ym=000100000000000
add: B1: r=000500000000000
add: B2: r=000500000000001
add: FINAL 1: r=000500000000001
add: FINAL 2: r=103500000000001
add: FINAL 3: r=103500000000001
add: LEAVE: FINAL 10: r=103500000000001

add: LEAVE: FINAL 20: r=103500000000001

ADD: ENTER: no_round=0 no_norm=0 x=103700000000000 y=303500000000001
add: xexp=67 y_exp=67
add: xexp=67 y_exp=67 x=103700000000000 y=303500000000001
add: rexp=67 xm=000700000000000 ym=000500000000001
add: A1: r=000177777777777
add: FINAL 1: r=000177777777777
add: FINAL 2: r=103177777777777
add: FINAL 3: r=103177777777777
add: LEAVE: FINAL 10: r=101777777777774

add: LEAVE: FINAL 20: r=101777777777774

MULT: ENTER: x=103500000000001, y=103500000000001 no_round=0 no_norm=0
mult: xm=000500000000001, ym=000500000000001 xexp=67 yexp=67
mult: r=000310000000001, regRMR=000200000000001 rexp=70
mult: r=000620000000003, regRMR=000400000000002 rexp=69
mult: FINAL 1: r=000620000000003, rexp=69

mult: FINAL 2: r=105620000000003, regRMR=105400000000002 rexp=69

ADD: ENTER: no_round=0 no_norm=0 x=103500000000001 y=302600000000000
add: xexp=67 y_exp=66
add: xexp=67 y_exp=66 x=103500000000001 y=302600000000000
add: rexp=67 xm=000500000000001 ym=000300000000000
add: A1: r=000200000000001
add: FINAL 1: r=000200000000001
add: FINAL 2: r=103200000000001
add: FINAL 3: r=103200000000001
add: LEAVE: FINAL 10: r=102400000000002

add: LEAVE: FINAL 20: r=102400000000002

MULT: ENTER: x=105620000000003, y=103500000000001 no_round=0 no_norm=0
mult: xm=000620000000003, ym=000500000000001 xexp=69 yexp=67
mult: r=000372000000002, regRMR=000520000000003 rexp=72
mult: r=000764000000005, regRMR=000240000000006 rexp=71
mult: FINAL 1: r=000764000000005, rexp=71

mult: FINAL 2: r=107764000000005, regRMR=107240000000006 rexp=71

ADD: ENTER: no_round=0 no_norm=0 x=107764000000005 y=103500000000000
add: xexp=71 y_exp=67
add: xexp=71 y_exp=67 x=107764000000005 y=103500000000000
add: rexp=71 xm=000764000000005 ym=000024000000000
add: B1: r=001010000000005
add: B2: r=001010000000006
add: C1: rexp=72 r=000404000000003
add: FINAL 1: r=000404000000003
add: FINAL 2: r=110404000000003
add: FINAL 3: r=110404000000003
add: LEAVE: FINAL 10: r=110404000000003

add: LEAVE: FINAL 20: r=110404000000003

ADD: ENTER: no_round=0 no_norm=0 x=103500000000001 y=301400000000000
add: xexp=67 y_exp=65
add: xexp=67 y_exp=65 x=103500000000001 y=301400000000000
add: rexp=67 xm=000500000000001 ym=000100000000000
add: A1: r=000400000000001
add: FINAL 1: r=000400000000001
add: FINAL 2: r=103400000000001
add: FINAL 3: r=103400000000001
add: LEAVE: FINAL 10: r=103400000000001

add: FINAL 13: r=000103400000000001
add: FINAL 14: r=000103400000000000
add: LEAVE: FINAL 20: r=103400000000000

ADD: ENTER: no_round=0 no_norm=0 x=103500000000001 y=101400000000000
add: xexp=67 y_exp=65
add: xexp=67 y_exp=65 x=103500000000001 y=101400000000000
add: rexp=67 xm=000500000000001 ym=000100000000000
add: B1: r=000600000000001
add: B2: r=000600000000002
add: FINAL 1: r=000600000000002
add: FINAL 2: r=103600000000002
add: FINAL 3: r=103600000000002
add: LEAVE: FINAL 10: r=103600000000002

add: LEAVE: FINAL 20: r=103600000000002

ADD: ENTER: no_round=0 no_norm=0 x=103700000000000 y=303600000000002
add: xexp=67 y_exp=67
add: xexp=67 y_exp=67 x=103700000000000 y=303600000000002
add: rexp=67 xm=000700000000000 ym=000600000000002
add: A1: r=000077777777776
add: FINAL 1: r=000077777777776
add: FINAL 2: r=103077777777776
add: FINAL 3: r=103077777777776
add: LEAVE: FINAL 10: r=100777777777760

add: LEAVE: FINAL 20: r=100777777777760

MULT: ENTER: x=103600000000002, y=103600000000002 no_round=0 no_norm=0
mult: xm=000600000000002, ym=000600000000002 xexp=67 yexp=67
mult: r=000440000000003, regRMR=000000000000004 rexp=70
mult: r=000440000000003, regRMR=000000000000004 rexp=70
mult: FINAL 1: r=000440000000003, rexp=70

mult: FINAL 2: r=106440000000003, regRMR=106000000000004 rexp=70

ADD: ENTER: no_round=0 no_norm=0 x=103600000000002 y=302600000000000
add: xexp=67 y_exp=66
add: xexp=67 y_exp=66 x=103600000000002 y=302600000000000
add: rexp=67 xm=000600000000002 ym=000300000000000
add: A1: r=000300000000002
add: FINAL 1: r=000300000000002
add: FINAL 2: r=103300000000002
add: FINAL 3: r=103300000000002
add: LEAVE: FINAL 10: r=102600000000004

add: LEAVE: FINAL 20: r=102600000000004

MULT: ENTER: x=106440000000003, y=103600000000002 no_round=0 no_norm=0
mult: xm=000440000000003, ym=000600000000002 xexp=70 yexp=67
mult: r=000330000000003, regRMR=000300000000006 rexp=73
mult: r=000660000000007, regRMR=000600000000014 rexp=72
mult: FINAL 1: r=000660000000007, rexp=72

mult: FINAL 2: r=110660000000007, regRMR=110600000000014 rexp=72

ADD: ENTER: no_round=0 no_norm=0 x=110660000000007 y=103500000000000
add: xexp=72 y_exp=67
add: xexp=72 y_exp=67 x=110660000000007 y=103500000000000
add: rexp=72 xm=000660000000007 ym=000012000000000
add: B1: r=000672000000007
add: B2: r=000672000000010
add: FINAL 1: r=000672000000010
add: FINAL 2: r=110672000000010
add: FINAL 3: r=110672000000010
add: LEAVE: FINAL 10: r=110672000000010

add: LEAVE: FINAL 20: r=110672000000010

ADD: ENTER: no_round=0 no_norm=0 x=103600000000002 y=301400000000000
add: xexp=67 y_exp=65
add: xexp=67 y_exp=65 x=103600000000002 y=301400000000000
add: rexp=67 xm=000600000000002 ym=000100000000000
add: A1: r=000500000000002
add: FINAL 1: r=000500000000002
add: FINAL 2: r=103500000000002
add: FINAL 3: r=103500000000002
add: LEAVE: FINAL 10: r=103500000000002

add: LEAVE: FINAL 20: r=103500000000002

ADD: ENTER: no_round=0 no_norm=0 x=103600000000002 y=101400000000000
add: xexp=67 y_exp=65
add: xexp=67 y_exp=65 x=103600000000002 y=101400000000000
add: rexp=67 xm=000600000000002 ym=000100000000000
add: B1: r=000700000000002
add: B2: r=000700000000003
add: FINAL 1: r=000700000000003
add: FINAL 2: r=103700000000003
add: FINAL 3: r=103700000000003
add: LEAVE: FINAL 10: r=103700000000003

add: LEAVE: FINAL 20: r=103700000000003

ADD: ENTER: no_round=0 no_norm=0 x=103700000000000 y=303700000000003
add: xexp=67 y_exp=67
add: xexp=67 y_exp=67 x=103700000000000 y=303700000000003
add: rexp=67 xm=000700000000000 ym=000700000000003
add: A1: r=1777777777777777777775
add: A2: r=200000000000003
add: FINAL 1: r=200000000000003
add: FINAL 2: r=303000000000003
add: FINAL 3: r=303000000000003
add: LEAVE: FINAL 10: r=241600000000000

add: LEAVE: FINAL 20: r=241600000000000

