
M-20 simulator V4.0-0 Beta        git commit id: c317f685
Debug output to "sample_0030_debug.txt"
LPT
	not attached, no new output format , no octal help format 
LPTWIDTH:	7
LPTWIDTH:	1
DPTYPE:	4
DPTYPE:	2
LPT
	not attached, no new output format , octal help format 
LPT: creating new file
20:	3 06 7400 0000 0000
21:	1 03 4000 0000 0000

30:	0 00 0000 0000 0000
31:	0 00 0000 0000 0000

100:	0 00 0020 0000 0030
101:	0 52 0000 0000 0000
102:	0 50 2100 0000 0030
103:	0 70 0030 0000 0000
104:	0 05 0030 0030 0031
105:	0 50 2100 0000 0031
106:	0 70 0031 0000 0000
107:	0 01 0030 0021 0030
110:	1 12 0036 0102 0001
111:	0 77 0000 0000 0000
112:	0 77 0000 0000 0000

100:	[op=00 mod=0] пересылка                      0020, 0000, 0030
101:	[op=52 mod=0] изм_ра_по_адр                  0000, 0000, 0000
102:	[op=50 mod=0] ввод_пред_050                  2100, 0000, 0030
103:	[op=70 mod=0] ввод_исп_070                   0030, 0000, 0000
104:	[op=05 mod=0] умнож_он                       0030, 0030, 0031
105:	[op=50 mod=0] ввод_пред_050                  2100, 0000, 0031
106:	[op=70 mod=0] ввод_исп_070                   0031, 0000, 0000
107:	[op=01 mod=0] слож_он                        0030, 0021, 0030
110:	[op=12 mod=1] пер_если_ра_мнш_a1             0036, 0102, @+0001
111:	[op=77 mod=0] останов_077                    0000, 0000, 0000
112:	[op=77 mod=0] останов_077                    0000, 0000, 0000

Start

*** Command time profile stat ***
opcode=00   count=1          times=24.00            avg_time=24.00             (пересылка)
opcode=01   count=31         times=883.50           avg_time=28.50             (слож_он)
opcode=05   count=31         times=2154.50          avg_time=69.50             (умнож_он)
opcode=12   count=31         times=744.00           avg_time=24.00             (пер_если_ра_мнш_a1)
opcode=50   count=62         times=1488.00          avg_time=24.00             (ввод_пред_050)
opcode=52   count=1          times=28.50            avg_time=28.50             (изм_ра_по_адр)
opcode=70   count=62         times=3101488.00       avg_time=50024.00          (ввод_исп_070)
opcode=77   count=1          times=24.00            avg_time=24.00             (останов_077)
Summary:  times=3106834.50  count=220  avg_time=14121.98
**********

sample_0030.ini-43> run

Останов, KRA: 0111 ([op=77 mod=0] останов_077                    0000, 0000, 0000)
M-20 event queue empty, time = 3106835, executing 50000 instructios/sec
Time:	3106835
20:	3 06 7400 0000 0000
21:	1 03 4000 0000 0000

30:	1 07 4000 0000 0005
31:	1 14 7020 0000 0021
Goodbye
Debug output disabled
