
M-20 simulator V4.0-0 Beta        git commit id: c317f685
Debug output to "sample_0044_debug.txt"
LPT: creating new file
CDR: unit is read only
21:	0 00 0000 0000 0000
22:	0 00 0000 0000 0000
23:	0 00 0000 0000 0000
24:	0 00 0000 0000 0000
25:	0 00 0000 0000 0000
26:	0 00 0000 0000 0000
27:	0 00 0000 0000 0000

30:	0 50 0013 7000 7767
31:	0 70 7500 0030 0000
32:	0 00 0101 0000 0065
33:	0 10 0021 0034 0000
34:	0 50 0500 0000 0023
35:	0 70 0021 0000 0000
36:	0 72 0000 0021 0000
37:	0 14 0114 0022 0024
40:	0 14 0064 0022 0025
41:	0 75 0024 0025 0024
42:	0 13 0102 0025 0026
43:	0 10 3377 0044 0000
44:	0 50 0500 0000 3377
45:	0 70 3377 0000 0000
46:	4 52 0000 0000 0076
47:	0 72 0000 0023 0000
50:	1 50 0100 0000 3377
51:	0 70 3400 0000 0000
52:	1 50 0100 0000 0177
53:	0 70 0200 0000 0000
54:	0 16 0055 7501 7610
55:	1 52 3400 0042 3377
56:	0 16 0057 7501 7610
57:	1 52 0200 0042 0177
60:	0 72 0000 0022 0000
61:	0 16 0062 7501 7610
62:	0 52 3400 0036 0200
63:	1 52 3300 0000 0000
64:	0 72 0000 0023 0000
65:	0 00 0000 0000 0000
66:	0 00 0000 0000 0000
67:	0 00 0026 0000 0072
70:	0 72 0000 0022 0000
71:	0 16 0072 7501 7610
72:	0 52 3300 0043 3277
73:	0 13 0072 0024 0072
74:	1 32 0002 0071 7777
75:	0 13 0065 0103 0065
76:	0 00 0000 0000 0000
77:	1 32 0002 0043 7777
100:	0 77 0000 0000 0000
101:	1 50 0024 0000 3277
102:	0 52 3300 0043 3277
103:	0 00 0000 0001 0000

30:	[op=50 mod=0] ввод_пред_050                  0013, 7000, 7767
31:	[op=70 mod=0] ввод_исп_070                   7500, 0030, 0000
32:	[op=00 mod=0] пересылка                      0101, 0000, 0065
33:	[op=10 mod=0] ввод_пфк_останов               0021, 0034, 0000
34:	[op=50 mod=0] ввод_пред_050                  0500, 0000, 0023
35:	[op=70 mod=0] ввод_исп_070                   0021, 0000, 0000
36:	[op=72 mod=0] изм_ра_по_коду                 0000, 0021, 0000
37:	[op=14 mod=0] сдвиг_мант_по_адр              0114, 0022, 0024
40:	[op=14 mod=0] сдвиг_мант_по_адр              0064, 0022, 0025
41:	[op=75 mod=0] лог_слож                       0024, 0025, 0024
42:	[op=13 mod=0] слож_команд                    0102, 0025, 0026
43:	[op=10 mod=0] ввод_пфк_останов               3377, 0044, 0000
44:	[op=50 mod=0] ввод_пред_050                  0500, 0000, 3377
45:	[op=70 mod=0] ввод_исп_070                   3377, 0000, 0000
46:	[op=52 mod=4] изм_ра_по_адр                  @+0000, 0000, 0076
47:	[op=72 mod=0] изм_ра_по_коду                 0000, 0023, 0000
50:	[op=50 mod=1] ввод_пред_050                  0100, 0000, @+3377
51:	[op=70 mod=0] ввод_исп_070                   3400, 0000, 0000
52:	[op=50 mod=1] ввод_пред_050                  0100, 0000, @+0177
53:	[op=70 mod=0] ввод_исп_070                   0200, 0000, 0000
54:	[op=16 mod=0] безусл_пер_упр_с_возв          0055, 7501, 7610
55:	[op=52 mod=1] изм_ра_по_адр                  3400, 0042, @+3377
56:	[op=16 mod=0] безусл_пер_упр_с_возв          0057, 7501, 7610
57:	[op=52 mod=1] изм_ра_по_адр                  0200, 0042, @+0177
60:	[op=72 mod=0] изм_ра_по_коду                 0000, 0022, 0000
61:	[op=16 mod=0] безусл_пер_упр_с_возв          0062, 7501, 7610
62:	[op=52 mod=0] изм_ра_по_адр                  3400, 0036, 0200
63:	[op=52 mod=1] изм_ра_по_адр                  3300, 0000, @+0000
64:	[op=72 mod=0] изм_ра_по_коду                 0000, 0023, 0000
65:	[op=00 mod=0] пересылка                      0000, 0000, 0000
66:	[op=00 mod=0] пересылка                      0000, 0000, 0000
67:	[op=00 mod=0] пересылка                      0026, 0000, 0072
70:	[op=72 mod=0] изм_ра_по_коду                 0000, 0022, 0000
71:	[op=16 mod=0] безусл_пер_упр_с_возв          0072, 7501, 7610
72:	[op=52 mod=0] изм_ра_по_адр                  3300, 0043, 3277
73:	[op=13 mod=0] слож_команд                    0072, 0024, 0072
74:	[op=32 mod=1] пер_если_ра_не_менш_a1         0002, 0071, @-1
75:	[op=13 mod=0] слож_команд                    0065, 0103, 0065
76:	[op=00 mod=0] пересылка                      0000, 0000, 0000
77:	[op=32 mod=1] пер_если_ра_не_менш_a1         0002, 0043, @-1
100:	[op=77 mod=0] останов_077                    0000, 0000, 0000
101:	[op=50 mod=1] ввод_пред_050                  0024, 0000, @+3277
102:	[op=52 mod=0] изм_ра_по_адр                  3300, 0043, 3277
103:	[op=00 mod=0] пересылка                      0000, 0001, 0000

Start

*** Command time profile stat ***
opcode=00   count=53         times=1272.00          avg_time=24.00             (пересылка)
opcode=01   count=18         times=513.00           avg_time=28.50             (слож_он)
opcode=05   count=265        times=18417.50         avg_time=69.50             (умнож_он)
opcode=06   count=9          times=553.50           avg_time=61.50             (слож_прдк_с_адр)
opcode=10   count=2          times=1300000.00       avg_time=650000.00         (ввод_пфк_останов)
opcode=12   count=279        times=6696.00          avg_time=24.00             (пер_если_ра_мнш_a1)
opcode=13   count=246        times=5904.00          avg_time=24.00             (слож_команд)
opcode=14   count=581        times=46369.50         avg_time=79.81             (сдвиг_мант_по_адр)
opcode=15   count=26         times=624.00           avg_time=24.00             (сравн)
opcode=16   count=109        times=2616.00          avg_time=24.00             (безусл_пер_упр_с_возв)
opcode=31   count=18         times=432.00           avg_time=24.00             (пер_если_ра_не_менш_a1_и_w1)
opcode=32   count=72         times=1728.00          avg_time=24.00             (пер_если_ра_не_менш_a1)
opcode=33   count=590        times=14160.00         avg_time=24.00             (вычит_команд)
opcode=34   count=246        times=7470.00          avg_time=30.37             (сдвиг_мант_по_прдк)
opcode=36   count=306        times=7344.00          avg_time=24.00             (усл_пер_упр_по_w1)
opcode=41   count=237        times=6754.50          avg_time=28.50             (слож_о)
opcode=46   count=18         times=1107.00          avg_time=61.50             (выч_адр_из_прдк)
opcode=47   count=81         times=1944.00          avg_time=24.00             (вывод_мл_разрядов)
opcode=50   count=15         times=360.00           avg_time=24.00             (ввод_пред_050)
opcode=51   count=19         times=456.00           avg_time=24.00             (пер_если_ра_мнш_a1_и_w0)
opcode=52   count=213        times=6070.50          avg_time=28.50             (изм_ра_по_адр)
opcode=53   count=113        times=2712.00          avg_time=24.00             (слож_коп)
opcode=54   count=22         times=1911.00          avg_time=86.86             (сдвиг_кода_по_адр)
opcode=55   count=367        times=8808.00          avg_time=24.00             (лог_умнож)
opcode=56   count=19         times=456.00           avg_time=24.00             (безусл_пер_упр)
opcode=62   count=108        times=3078.00          avg_time=28.50             (вычит)
opcode=65   count=82         times=5699.00          avg_time=69.50             (умнож)
opcode=70   count=14         times=2030336.05       avg_time=145024.00         (ввод_исп_070)
opcode=71   count=39         times=936.00           avg_time=24.00             (пер_ра_не_мнш_a1_и_w1)
opcode=72   count=79         times=2251.50          avg_time=28.50             (изм_ра_по_коду)
opcode=74   count=7          times=294.00           avg_time=42.00             (сдвиг_кода_по_прдк)
opcode=75   count=10         times=240.00           avg_time=24.00             (лог_слож)
opcode=76   count=694        times=16656.00         avg_time=24.00             (усл_пер_упр_по_w0)
opcode=77   count=1          times=24.00            avg_time=24.00             (останов_077)
Summary:  times=3504193.05  count=4958  avg_time=706.78
**********

sample_0044.simh-52> run

Останов, KRA: 0100 ([op=77 mod=0] останов_077                    0000, 0000, 0000)
M-20 event queue empty, time = 3504194, executing 50000 instructios/sec
Time:	3504194
21:	0 00 0000 0001 0000
22:	0 00 0000 0003 0000
23:	0 00 0000 0011 0000
24:	0 00 0003 0000 0003
25:	0 00 0000 0000 0003
26:	0 52 3300 0043 3302
27:	0 00 0000 0000 0000

3377:	0 00 0000 0001 0000

3400:	1 01 4000 0000 0000
3401:	1 02 4000 0000 0000
3402:	1 02 6000 0000 0000
3403:	1 01 4000 0000 0000
3404:	1 02 4000 0000 0000
3405:	1 02 6000 0000 0000
3406:	1 01 4000 0000 0000
3407:	1 02 4000 0000 0000
3410:	1 02 6000 0000 0000
3411:	0 00 0000 0000 0000

200:	1 03 4000 0000 0000
201:	1 03 5000 0000 0000
202:	1 03 6000 0000 0000
203:	1 03 4000 0000 0000
204:	1 03 5000 0000 0000
205:	1 03 6000 0000 0000
206:	1 03 4000 0000 0000
207:	1 03 5000 0000 0000
210:	1 03 6000 0000 0000
211:	0 00 0000 0000 0000

3300:	0 02 1100 0000 0000
3301:	0 02 1400 0000 0000
3302:	0 02 1540 0000 0000
3303:	0 02 1100 0000 0000
3304:	0 02 1400 0000 0000
3305:	0 02 1540 0000 0000
3306:	0 02 1100 0000 0000
3307:	0 02 1400 0000 0000
3310:	0 02 1540 0000 0000
3311:	0 00 0000 0000 0000
Goodbye
Debug output disabled
