+-600000000 +02   [306740000000000, -60.000000000000000000000000000000000000]
++360000000 +04   [114702000000000, 3600.000000000000000000000000000000000000]
+-560000000 +02   [306700000000000, -56.000000000000000000000000000000000000]
++313600000 +04   [114610000000000, 3136.000000000000000000000000000000000000]
+-520000000 +02   [306640000000000, -52.000000000000000000000000000000000000]
++270400000 +04   [114522000000000, 2704.000000000000000000000000000000000000]
+-480000000 +02   [306600000000000, -48.000000000000000000000000000000000000]
++230400000 +04   [114440000000000, 2304.000000000000000000000000000000000000]
+-440000000 +02   [306540000000000, -44.000000000000000000000000000000000000]
++193600000 +04   [113744000000000, 1936.000000000000000000000000000000000000]
+-400000000 +02   [306500000000000, -40.000000000000000000000000000000000000]
++160000000 +04   [113620000000000, 1600.000000000000000000000000000000000000]
+-360000000 +02   [306440000000000, -36.000000000000000000000000000000000000]
++129600000 +04   [113504000000000, 1296.000000000000000000000000000000000000]
+-320000000 +02   [306400000000000, -32.000000000000000000000000000000000000]
++102400000 +04   [113400000000000, 1024.000000000000000000000000000000000000]
+-280000000 +02   [305700000000000, -28.000000000000000000000000000000000000]
++784000000 +03   [112610000000000, 784.000000000000000000000000000000000000]
+-240000000 +02   [305600000000000, -24.000000000000000000000000000000000000]
++576000000 +03   [112440000000000, 576.000000000000000000000000000000000000]
+-200000000 +02   [305500000000000, -20.000000000000000000000000000000000000]
++400000000 +03   [111620000000000, 400.000000000000000000000000000000000000]
+-160000000 +02   [305400000000000, -16.000000000000000000000000000000000000]
++256000000 +03   [111400000000000, 256.000000000000000000000000000000000000]
+-120000000 +02   [304600000000000, -12.000000000000000000000000000000000000]
++144000000 +03   [110440000000000, 144.000000000000000000000000000000000000]
+-800000000 +01   [304400000000000, -8.000000000000000000000000000000000000]
++640000000 +02   [107400000000000, 64.000000000000000000000000000000000000]
+-400000000 +01   [303400000000000, -4.000000000000000000000000000000000000]
++160000000 +02   [105400000000000, 16.000000000000000000000000000000000000]
++000000000 +00   [000000000000000, 0.000000000000000000000000000000000000]
++000000000 +00   [000000000000000, 0.000000000000000000000000000000000000]
++400000000 +01   [103400000000000, 4.000000000000000000000000000000000000]
++160000000 +02   [105400000000000, 16.000000000000000000000000000000000000]
++800000000 +01   [104400000000000, 8.000000000000000000000000000000000000]
++640000000 +02   [107400000000000, 64.000000000000000000000000000000000000]
++120000000 +02   [104600000000001, 12.000000000232831000000000000000000000]
++144000000 +03   [110440000000002, 144.000000007450580000000000000000000000]
++160000000 +02   [105400000000000, 16.000000000000000000000000000000000000]
++256000000 +03   [111400000000000, 256.000000000000000000000000000000000000]
++200000000 +02   [105500000000001, 20.000000000465661000000000000000000000]
++400000000 +03   [111620000000003, 400.000000022351740000000000000000000000]
++240000000 +02   [105600000000002, 24.000000000931323000000000000000000000]
++576000000 +03   [112440000000003, 576.000000044703480000000000000000000000]
++280000000 +02   [105700000000003, 28.000000001396984000000000000000000000]
++784000000 +03   [112610000000005, 784.000000074505810000000000000000000000]
++320000000 +02   [106400000000002, 32.000000001862645000000000000000000000]
++102400000 +04   [113400000000004, 1024.000000119209300000000000000000000000]
++360000000 +02   [106440000000003, 36.000000002793968000000000000000000000]
++129600000 +04   [113504000000007, 1296.000000208616300000000000000000000000]
++400000000 +02   [106500000000004, 40.000000003725290000000000000000000000]
++160000000 +04   [113620000000012, 1600.000000298023200000000000000000000000]
++440000000 +02   [106540000000005, 44.000000004656613000000000000000000000]
++193600000 +04   [113744000000016, 1936.000000417232500000000000000000000000]
++480000000 +02   [106600000000006, 48.000000005587935000000000000000000000]
++230400000 +04   [114440000000011, 2304.000000536441800000000000000000000000]
++520000000 +02   [106640000000007, 52.000000006519258000000000000000000000]
++270400000 +04   [114522000000013, 2704.000000655651100000000000000000000000]
++560000000 +02   [106700000000010, 56.000000007450581000000000000000000000]
++313600000 +04   [114610000000016, 3136.000000834465000000000000000000000000]
++600000000 +02   [106740000000011, 60.000000008381903000000000000000000000]
++360000000 +04   [114702000000021, 3600.000001013279000000000000000000000000]
