
M-20 simulator V4.0-0 Beta        git commit id: c317f685
Debug output to "sample_0036_debug.txt"
LPT: creating new file
100:	0 50 2100 0000 0025
101:	0 70 0020 0000 0000
102:	0 00 0000 0000 0020
103:	0 00 0021 0000 0022
104:	0 44 0022 0000 0023
105:	0 01 0020 0023 0020
106:	0 01 0022 0021 0022
107:	0 03 0022 0025 0000
110:	0 36 0000 0104 0000
111:	0 50 2100 0000 0025
112:	0 70 0020 0000 0000
113:	0 77 0000 0000 0000
114:	7 77 7777 7777 7777
115:	0 00 0000 0000 0000
116:	0 00 0000 0000 0000
117:	0 00 0000 0000 0000

100:	[op=50 mod=0] ввод_пред_050                  2100, 0000, 0025
101:	[op=70 mod=0] ввод_исп_070                   0020, 0000, 0000
102:	[op=00 mod=0] пересылка                      0000, 0000, 0020
103:	[op=00 mod=0] пересылка                      0021, 0000, 0022
104:	[op=44 mod=0] извл_кв_корня_о                0022, 0000, 0023
105:	[op=01 mod=0] слож_он                        0020, 0023, 0020
106:	[op=01 mod=0] слож_он                        0022, 0021, 0022
107:	[op=03 mod=0] вычит_мод_он                   0022, 0025, 0000
110:	[op=36 mod=0] усл_пер_упр_по_w1              0000, 0104, 0000
111:	[op=50 mod=0] ввод_пред_050                  2100, 0000, 0025
112:	[op=70 mod=0] ввод_исп_070                   0020, 0000, 0000
113:	[op=77 mod=0] останов_077                    0000, 0000, 0000
114:	[op=77 mod=7] останов_077                    @-1, @-1, @-1
115:	[op=00 mod=0] пересылка                      0000, 0000, 0000
116:	[op=00 mod=0] пересылка                      0000, 0000, 0000
117:	[op=00 mod=0] пересылка                      0000, 0000, 0000

20:	1 00 0000 0000 0000
21:	0 72 5075 3412 1727
22:	1 00 0000 0000 0000
23:	1 00 0000 0000 0000
24:	1 01 4000 0000 0000

Start

*** Command time profile stat ***
opcode=00   count=2          times=48.00            avg_time=24.00             (пересылка)
opcode=01   count=200        times=5700.00          avg_time=28.50             (слож_он)
opcode=03   count=100        times=2850.00          avg_time=28.50             (вычит_мод_он)
opcode=36   count=100        times=2400.00          avg_time=24.00             (усл_пер_упр_по_w1)
opcode=44   count=100        times=27500.00         avg_time=275.00            (извл_кв_корня_о)
opcode=50   count=2          times=48.00            avg_time=24.00             (ввод_пред_050)
opcode=70   count=2          times=600048.00        avg_time=300024.00         (ввод_исп_070)
opcode=77   count=1          times=24.00            avg_time=24.00             (останов_077)
Summary:  times=638618.00  count=507  avg_time=1259.60
**********

sample_0036.simh-31> run

Останов, KRA: 0113 ([op=77 mod=0] останов_077                    0000, 0000, 0000)
M-20 event queue empty, time = 638619, executing 50000 instructios/sec
Time:	638619
100:	0 50 2100 0000 0025
101:	0 70 0020 0000 0000
102:	0 00 0000 0000 0020
103:	0 00 0021 0000 0022
104:	0 44 0022 0000 0023
105:	0 01 0020 0023 0020
106:	0 01 0022 0021 0022
107:	0 03 0022 0025 0000
110:	0 36 0000 0104 0000
111:	0 50 2100 0000 0025
112:	0 70 0020 0000 0000
113:	0 77 0000 0000 0000
114:	7 77 7777 7777 7777
115:	0 00 0000 0000 0000
116:	0 00 0000 0000 0000
117:	0 00 0000 0000 0000

100:	[op=50 mod=0] ввод_пред_050                  2100, 0000, 0025
101:	[op=70 mod=0] ввод_исп_070                   0020, 0000, 0000
102:	[op=00 mod=0] пересылка                      0000, 0000, 0020
103:	[op=00 mod=0] пересылка                      0021, 0000, 0022
104:	[op=44 mod=0] извл_кв_корня_о                0022, 0000, 0023
105:	[op=01 mod=0] слож_он                        0020, 0023, 0020
106:	[op=01 mod=0] слож_он                        0022, 0021, 0022
107:	[op=03 mod=0] вычит_мод_он                   0022, 0025, 0000
110:	[op=36 mod=0] усл_пер_упр_по_w1              0000, 0104, 0000
111:	[op=50 mod=0] ввод_пред_050                  2100, 0000, 0025
112:	[op=70 mod=0] ввод_исп_070                   0020, 0000, 0000
113:	[op=77 mod=0] останов_077                    0000, 0000, 0000
114:	[op=77 mod=7] останов_077                    @-1, @-1, @-1
115:	[op=00 mod=0] пересылка                      0000, 0000, 0000
116:	[op=00 mod=0] пересылка                      0000, 0000, 0000
117:	[op=00 mod=0] пересылка                      0000, 0000, 0000

20:	1 07 4144 5347 1124
21:	0 72 5075 3412 1727
22:	1 01 4024 3656 0533
23:	1 01 4000 0000 0011
24:	1 01 4000 0000 0000

Goodbye
Debug output disabled
