
M-20 simulator V4.0-0 Beta        git commit id: c317f685
Debug output to "sample_0040_debug.txt"
20:	1 03 7000 0000 0000
21:	1 03 6000 0000 0000
22:	1 03 5000 0000 0000
23:	1 03 4000 0000 0000
24:	1 02 6000 0000 0000
25:	1 02 4000 0000 0000
26:	1 01 4000 0000 0000
27:	0 00 0000 0000 0000

50:	1 00 0000 0000 0000

100:	0 52 0000 0000 0000
101:	0 00 0020 0000 0050
102:	2 02 0050 0021 0000
103:	0 76 0000 0105 0000
104:	4 00 0021 0000 0050
105:	1 12 0005 0102 0001
106:	0 77 0000 0000 0000
107:	0 00 0000 0000 0000
110:	0 00 0000 0000 0000
111:	0 00 0000 0000 0000
112:	0 00 0000 0000 0000
113:	0 00 0000 0000 0000
114:	0 00 0000 0000 0000
115:	0 00 0000 0000 0000
116:	0 00 0000 0000 0000
117:	0 00 0000 0000 0000
120:	0 00 0000 0000 0000

100:	[op=52 mod=0] изм_ра_по_адр                  0000, 0000, 0000
101:	[op=00 mod=0] пересылка                      0020, 0000, 0050
102:	[op=02 mod=2] вычит_он                       0050, @+0021, 0000
103:	[op=76 mod=0] усл_пер_упр_по_w0              0000, 0105, 0000
104:	[op=00 mod=4] пересылка                      @+0021, 0000, 0050
105:	[op=12 mod=1] пер_если_ра_мнш_a1             0005, 0102, @+0001
106:	[op=77 mod=0] останов_077                    0000, 0000, 0000
107:	[op=00 mod=0] пересылка                      0000, 0000, 0000
110:	[op=00 mod=0] пересылка                      0000, 0000, 0000
111:	[op=00 mod=0] пересылка                      0000, 0000, 0000
112:	[op=00 mod=0] пересылка                      0000, 0000, 0000
113:	[op=00 mod=0] пересылка                      0000, 0000, 0000
114:	[op=00 mod=0] пересылка                      0000, 0000, 0000
115:	[op=00 mod=0] пересылка                      0000, 0000, 0000
116:	[op=00 mod=0] пересылка                      0000, 0000, 0000
117:	[op=00 mod=0] пересылка                      0000, 0000, 0000
120:	[op=00 mod=0] пересылка                      0000, 0000, 0000

Start

*** Command time profile stat ***
opcode=00   count=1          times=24.00            avg_time=24.00             (пересылка)
opcode=02   count=6          times=171.00           avg_time=28.50             (вычит_он)
opcode=12   count=6          times=144.00           avg_time=24.00             (пер_если_ра_мнш_a1)
opcode=52   count=1          times=28.50            avg_time=28.50             (изм_ра_по_адр)
opcode=76   count=6          times=144.00           avg_time=24.00             (усл_пер_упр_по_w0)
opcode=77   count=1          times=24.00            avg_time=24.00             (останов_077)
Summary:  times=535.50  count=21  avg_time=25.50
**********

sample_0043.simh-44> run

Останов, KRA: 0106 ([op=77 mod=0] останов_077                    0000, 0000, 0000)
M-20 event queue empty, time = 536, executing 50000 instructios/sec
Time:	536

20:	1 03 7000 0000 0000
21:	1 03 6000 0000 0000
22:	1 03 5000 0000 0000
23:	1 03 4000 0000 0000
24:	1 02 6000 0000 0000
25:	1 02 4000 0000 0000
26:	1 01 4000 0000 0000
27:	0 00 0000 0000 0000

50:	1 03 7000 0000 0000
Goodbye
Debug output disabled
