
M-20 simulator V4.0-0 Beta        git commit id: c317f685
Debug output to "sample_0010_debug.txt"
LPT: creating new file
CDR: unit is read only
CDP: creating new file
1:	0 00 0000 0000 0000
2:	0 00 0000 0000 0000
3:	0 00 0000 0000 0000
4:	0 00 0000 0000 0000
5:	0 00 0000 0000 0000
6:	0 00 0000 0000 0000
7:	0 00 0000 0000 0000
10:	0 00 0000 0000 0000
11:	0 00 0000 0000 0000
12:	0 00 0000 0000 0000
13:	0 00 0000 0000 0000

1:	[op=00 mod=0] пересылка                      0000, 0000, 0000
2:	[op=00 mod=0] пересылка                      0000, 0000, 0000
3:	[op=00 mod=0] пересылка                      0000, 0000, 0000
4:	[op=00 mod=0] пересылка                      0000, 0000, 0000
5:	[op=00 mod=0] пересылка                      0000, 0000, 0000
6:	[op=00 mod=0] пересылка                      0000, 0000, 0000
7:	[op=00 mod=0] пересылка                      0000, 0000, 0000
10:	[op=00 mod=0] пересылка                      0000, 0000, 0000
11:	[op=00 mod=0] пересылка                      0000, 0000, 0000
12:	[op=00 mod=0] пересылка                      0000, 0000, 0000
13:	[op=00 mod=0] пересылка                      0000, 0000, 0000

30:	0 00 0000 0000 0000
31:	0 00 0000 0000 0000

1000:	0 00 0000 0000 0000
1001:	0 00 0000 0000 0000
1002:	0 00 0000 0000 0000
1003:	0 00 0000 0000 0000
1004:	0 00 0000 0000 0000
1005:	0 00 0000 0000 0000
1006:	0 00 0000 0000 0000
1007:	0 00 0000 0000 0000

Boot

*** Command time profile stat ***
opcode=01   count=1          times=28.50            avg_time=28.50             (слож_он)
opcode=10   count=1          times=600000.00        avg_time=600000.00         (ввод_пфк_останов)
opcode=30   count=1          times=450000.00        avg_time=450000.00         (ввод_пфк)
opcode=31   count=1          times=24.00            avg_time=24.00             (пер_если_ра_не_менш_a1_и_w1)
opcode=35   count=1          times=24.00            avg_time=24.00             (сравн_останов)
opcode=50   count=1          times=24.00            avg_time=24.00             (ввод_пред_050)
opcode=56   count=1          times=24.00            avg_time=24.00             (безусл_пер_упр)
opcode=70   count=1          times=50024.00         avg_time=50024.00          (ввод_исп_070)
opcode=77   count=1          times=24.00            avg_time=24.00             (останов_077)
Summary:  times=1100172.50  count=9  avg_time=122241.39
**********

sample_0010.simh-28> boot cdr

Останов, KRA: 1006 ([op=77 mod=0] останов_077                    0000, 0000, 0000)
M-20 event queue empty, time = 1100173, executing 50000 instructios/sec
Time:	1100173
1:	0 56 0000 0002 0000
2:	0 50 0100 0777 0001
3:	0 70 0001 0000 0000
4:	0 30 1000 0007 0030
5:	0 35 1000 1007 0000
6:	0 31 0000 1005 0000
7:	0 15 0030 0031 0000
10:	0 36 0030 0004 0031
11:	0 50 0200 0777 0030
12:	0 70 0030 0000 0000
13:	0 17 0000 0000 0000

1:	[op=56 mod=0] безусл_пер_упр                 0000, 0002, 0000
2:	[op=50 mod=0] ввод_пред_050                  0100, 0777, 0001
3:	[op=70 mod=0] ввод_исп_070                   0001, 0000, 0000
4:	[op=30 mod=0] ввод_пфк                       1000, 0007, 0030
5:	[op=35 mod=0] сравн_останов                  1000, 1007, 0000
6:	[op=31 mod=0] пер_если_ра_не_менш_a1_и_w1    0000, 1005, 0000
7:	[op=15 mod=0] сравн                          0030, 0031, 0000
10:	[op=36 mod=0] усл_пер_упр_по_w1              0030, 0004, 0031
11:	[op=50 mod=0] ввод_пред_050                  0200, 0777, 0030
12:	[op=70 mod=0] ввод_исп_070                   0030, 0000, 0000
13:	[op=17 mod=0] останов_017                    0000, 0000, 0000

30:	5 07 5001 1002 1004
31:	0 00 0000 0000 0000

1000:	7 77 7777 7777 7777
1001:	1 02 4000 0000 0000
1002:	1 02 4000 0000 0000
1003:	1 03 4000 0000 0000
1004:	1 03 4000 0000 0000
1005:	0 01 1001 1002 1003
1006:	0 77 0000 0000 0000
1007:	7 77 7777 7777 7777

1005:	[op=01 mod=0] слож_он                        1001, 1002, 1003
1006:	[op=77 mod=0] останов_077                    0000, 0000, 0000
1007:	[op=77 mod=7] останов_077                    @-1, @-1, @-1

Goodbye
Debug output disabled
