++356800000 +01   [102710550345301, 3.568000000028405300000000000000000000]
++100000000 +01   [101400000000000, 1.000000000000000000000000000000000000]
++228400000 +01   [102444264162541, 2.284000000043306500000000000000000000]
++128400000 +01   [101510550345301, 1.284000000014202700000000000000000000]
++100000000 -05   [055414336750133, 0.000001000000000001000100000000000000]
++356800000 +01   [102710550345301, 3.568000000028405300000000000000000000]
++100000000 +01   [101400000000000, 1.000000000000000000000000000000000000]
++192308581 +01   [101754236550302, 1.923085814400110400000000000000000000]
+-360914185 +00   [277561446764004, -0.360914185672299940000000000000000000]
++100000000 -05   [055414336750133, 0.000001000000000001000100000000000000]
++356800000 +01   [102710550345301, 3.568000000028405300000000000000000000]
++100000000 +01   [101400000000000, 1.000000000000000000000000000000000000]
++188921861 +01   [101743507523236, 1.889218618103768700000000000000000000]
+-338671963 -01   [274425341242200, -0.033867196296341717000000000000000000]
++100000000 -05   [055414336750133, 0.000001000000000001000100000000000000]
++356800000 +01   [102710550345301, 3.568000000028405300000000000000000000]
++100000000 +01   [101400000000000, 1.000000000000000000000000000000000000]
++188891505 +01   [101743437677522, 1.888915056886617100000000000000000000]
+-303561217 -03   [265476235140000, -0.000303561217151582240000000000000000]
++100000000 -05   [055414336750133, 0.000001000000000001000100000000000000]
++356800000 +01   [102710550345301, 3.568000000028405300000000000000000000]
++100000000 +01   [101400000000000, 1.000000000000000000000000000000000000]
++188891503 +01   [101743437676014, 1.888915032497607200000000000000000000]
+-243890099 -07   [247643000000000, -0.000000024389009922742844000000000000]
++100000000 -05   [055414336750133, 0.000001000000000001000100000000000000]
