
M-20 simulator V4.0-0 Beta        git commit id: c317f685
Debug output to "sample_0038_debug.txt"
MT: creating new file
MT: creating new file
6200:	7 77 7777 7777 7777
6201:	2 50 7021 7776 1750
6202:	2 50 7021 7777 1750
6203:	0 00 0000 0000 0000

6000:	0 52 0000 0001 0000
6001:	1 00 0000 0000 1000
6002:	1 12 1750 6001 0001
6003:	1 00 6200 0000 1000
6004:	1 12 3720 6003 0001
6005:	0 50 0041 0000 1750
6006:	0 70 0001 0000 0000
6007:	0 52 0000 0002 0000
6010:	0 00 6201 0000 6025
6011:	2 50 0041 0000 2750
6012:	0 70 1001 0000 0000
6013:	2 50 5421 0000 1750
6014:	0 70 0001 6015 6100
6015:	0 15 6100 0000 0000
6016:	0 36 0000 6032 0000
6017:	2 50 1025 0000 2750
6020:	0 70 1001 0000 0000
6021:	2 50 5421 0000 1750
6022:	0 70 0001 6025 6100
6023:	0 15 6100 0000 0000
6024:	0 36 0000 6032 0000
6025:	2 50 7021 6101 1750
6026:	0 70 0001 0000 0000
6027:	2 50 0041 7777 1750
6030:	0 70 0001 0000 0000
6031:	0 56 6202 6011 6025
6032:	2 50 1025 0000 4720
6033:	0 70 2751 0000 0000
6034:	2 50 5421 0000 1750
6035:	0 70 0001 6037 6100
6036:	0 15 6100 6200 0000
6037:	0 36 0000 6046 0000
6040:	2 50 1025 0000 4720
6041:	0 70 2751 0000 0000
6042:	2 50 5421 0000 1750
6043:	0 70 0001 6025 0000
6044:	0 15 6100 6200 0000
6045:	0 76 0000 6025 0000
6046:	1 12 0764 6010 0002
6047:	0 77 0000 0000 0000
6050:	0 00 0000 0000 0000
6051:	0 00 0000 0000 0000
6052:	0 00 0000 0000 0000
6053:	0 00 0000 0000 0000
6054:	0 00 0000 0000 0000
6055:	0 00 0000 0000 0000
6056:	0 00 0000 0000 0000
6057:	0 00 0000 0000 0000
6060:	0 00 0000 0000 0000
6061:	0 00 0000 0000 0000
6062:	0 00 0000 0000 0000
6063:	0 00 0000 0000 0000
6064:	0 00 0000 0000 0000
6065:	0 00 0000 0000 0000
6066:	0 00 0000 0000 0000
6067:	0 00 0000 0000 0000
6070:	0 00 0000 0000 0000
6071:	0 00 0000 0000 0000
6072:	0 00 0000 0000 0000
6073:	0 00 0000 0000 0000
6074:	0 00 0000 0000 0000
6075:	0 00 0000 0000 0000
6076:	0 00 0000 0000 0000
6077:	0 00 0000 0000 0000

6000:	[op=52 mod=0] изм_ра_по_адр                  0000, 0001, 0000
6001:	[op=00 mod=1] пересылка                      0000, 0000, @+1000
6002:	[op=12 mod=1] пер_если_ра_мнш_a1             1750, 6001, @+0001
6003:	[op=00 mod=1] пересылка                      6200, 0000, @+1000
6004:	[op=12 mod=1] пер_если_ра_мнш_a1             3720, 6003, @+0001
6005:	[op=50 mod=0] ввод_пред_050                  0041, 0000, 1750
6006:	[op=70 mod=0] ввод_исп_070                   0001, 0000, 0000
6007:	[op=52 mod=0] изм_ра_по_адр                  0000, 0002, 0000
6010:	[op=00 mod=0] пересылка                      6201, 0000, 6025
6011:	[op=50 mod=2] ввод_пред_050                  0041, @+0000, 2750
6012:	[op=70 mod=0] ввод_исп_070                   1001, 0000, 0000
6013:	[op=50 mod=2] ввод_пред_050                  5421, @+0000, 1750
6014:	[op=70 mod=0] ввод_исп_070                   0001, 6015, 6100
6015:	[op=15 mod=0] сравн                          6100, 0000, 0000
6016:	[op=36 mod=0] усл_пер_упр_по_w1              0000, 6032, 0000
6017:	[op=50 mod=2] ввод_пред_050                  1025, @+0000, 2750
6020:	[op=70 mod=0] ввод_исп_070                   1001, 0000, 0000
6021:	[op=50 mod=2] ввод_пред_050                  5421, @+0000, 1750
6022:	[op=70 mod=0] ввод_исп_070                   0001, 6025, 6100
6023:	[op=15 mod=0] сравн                          6100, 0000, 0000
6024:	[op=36 mod=0] усл_пер_упр_по_w1              0000, 6032, 0000
6025:	[op=50 mod=2] ввод_пред_050                  7021, @+6101, 1750
6026:	[op=70 mod=0] ввод_исп_070                   0001, 0000, 0000
6027:	[op=50 mod=2] ввод_пред_050                  0041, @-1, 1750
6030:	[op=70 mod=0] ввод_исп_070                   0001, 0000, 0000
6031:	[op=56 mod=0] безусл_пер_упр                 6202, 6011, 6025
6032:	[op=50 mod=2] ввод_пред_050                  1025, @+0000, 4720
6033:	[op=70 mod=0] ввод_исп_070                   2751, 0000, 0000
6034:	[op=50 mod=2] ввод_пред_050                  5421, @+0000, 1750
6035:	[op=70 mod=0] ввод_исп_070                   0001, 6037, 6100
6036:	[op=15 mod=0] сравн                          6100, 6200, 0000
6037:	[op=36 mod=0] усл_пер_упр_по_w1              0000, 6046, 0000
6040:	[op=50 mod=2] ввод_пред_050                  1025, @+0000, 4720
6041:	[op=70 mod=0] ввод_исп_070                   2751, 0000, 0000
6042:	[op=50 mod=2] ввод_пред_050                  5421, @+0000, 1750
6043:	[op=70 mod=0] ввод_исп_070                   0001, 6025, 0000
6044:	[op=15 mod=0] сравн                          6100, 6200, 0000
6045:	[op=76 mod=0] усл_пер_упр_по_w0              0000, 6025, 0000
6046:	[op=12 mod=1] пер_если_ра_мнш_a1             0764, 6010, @+0002
6047:	[op=77 mod=0] останов_077                    0000, 0000, 0000
6050:	[op=00 mod=0] пересылка                      0000, 0000, 0000
6051:	[op=00 mod=0] пересылка                      0000, 0000, 0000
6052:	[op=00 mod=0] пересылка                      0000, 0000, 0000
6053:	[op=00 mod=0] пересылка                      0000, 0000, 0000
6054:	[op=00 mod=0] пересылка                      0000, 0000, 0000
6055:	[op=00 mod=0] пересылка                      0000, 0000, 0000
6056:	[op=00 mod=0] пересылка                      0000, 0000, 0000
6057:	[op=00 mod=0] пересылка                      0000, 0000, 0000
6060:	[op=00 mod=0] пересылка                      0000, 0000, 0000
6061:	[op=00 mod=0] пересылка                      0000, 0000, 0000
6062:	[op=00 mod=0] пересылка                      0000, 0000, 0000
6063:	[op=00 mod=0] пересылка                      0000, 0000, 0000
6064:	[op=00 mod=0] пересылка                      0000, 0000, 0000
6065:	[op=00 mod=0] пересылка                      0000, 0000, 0000
6066:	[op=00 mod=0] пересылка                      0000, 0000, 0000
6067:	[op=00 mod=0] пересылка                      0000, 0000, 0000
6070:	[op=00 mod=0] пересылка                      0000, 0000, 0000
6071:	[op=00 mod=0] пересылка                      0000, 0000, 0000
6072:	[op=00 mod=0] пересылка                      0000, 0000, 0000
6073:	[op=00 mod=0] пересылка                      0000, 0000, 0000
6074:	[op=00 mod=0] пересылка                      0000, 0000, 0000
6075:	[op=00 mod=0] пересылка                      0000, 0000, 0000
6076:	[op=00 mod=0] пересылка                      0000, 0000, 0000
6077:	[op=00 mod=0] пересылка                      0000, 0000, 0000

Start

*** Command time profile stat ***
opcode=00   count=2074       times=49776.00         avg_time=24.00             (пересылка)
opcode=12   count=2073       times=49752.00         avg_time=24.00             (пер_если_ра_мнш_a1)
opcode=15   count=146        times=3504.00          avg_time=24.00             (сравн)
opcode=36   count=146        times=3504.00          avg_time=24.00             (усл_пер_упр_по_w1)
opcode=50   count=294        times=7056.00          avg_time=24.00             (ввод_пред_050)
opcode=52   count=2          times=57.00            avg_time=28.50             (изм_ра_по_адр)
opcode=70   count=294        times=22060397.12      avg_time=75035.36          (ввод_исп_070)
Summary:  times=22174046.12  count=5029  avg_time=4409.24
**********

sample_0038.simh-34> run

Неверная длина разметки магнитной ленты, KRA: 6013 ([op=50 mod=2] ввод_пред_050                  5421, @+0000, 1750)
M-20 event queue empty, time = 22174047, executing 50000 instructios/sec
Time:	22174047

6200:	7 77 7777 7777 7777
6201:	2 50 7021 7776 1750
6202:	2 50 7021 7777 1750
6203:	0 00 0000 0000 0000

6000:	0 52 0000 0001 0000
6001:	1 00 0000 0000 1000
6002:	1 12 1750 6001 0001
6003:	1 00 6200 0000 1000
6004:	1 12 3720 6003 0001
6005:	0 50 0041 0000 1750
6006:	0 70 0001 0000 0000
6007:	0 52 0000 0002 0000
6010:	0 00 6201 0000 6025
6011:	2 50 0041 0000 2750
6012:	0 70 1001 0000 0000
6013:	2 50 5421 0000 1750
6014:	0 70 0001 6015 6100
6015:	0 15 6100 0000 0000
6016:	0 36 0000 6032 0000
6017:	2 50 1025 0000 2750
6020:	0 70 1001 0000 0000
6021:	2 50 5421 0000 1750
6022:	0 70 0001 6025 6100
6023:	0 15 6100 0000 0000
6024:	0 36 0000 6032 0000
6025:	2 50 7021 7776 1750
6026:	0 70 0001 0000 0000
6027:	2 50 0041 7777 1750
6030:	0 70 0001 0000 0000
6031:	0 56 6202 6011 6025
6032:	2 50 1025 0000 4720
6033:	0 70 2751 0000 0000
6034:	2 50 5421 0000 1750
6035:	0 70 0001 6037 6100
6036:	0 15 6100 6200 0000
6037:	0 36 0000 6046 0000
6040:	2 50 1025 0000 4720
6041:	0 70 2751 0000 0000
6042:	2 50 5421 0000 1750
6043:	0 70 0001 6025 0000
6044:	0 15 6100 6200 0000
6045:	0 76 0000 6025 0000
6046:	1 12 0764 6010 0002
6047:	0 77 0000 0000 0000
6050:	0 00 0000 0000 0000
6051:	0 00 0000 0000 0000
6052:	0 00 0000 0000 0000
6053:	0 00 0000 0000 0000
6054:	0 00 0000 0000 0000
6055:	0 00 0000 0000 0000
6056:	0 00 0000 0000 0000
6057:	0 00 0000 0000 0000
6060:	0 00 0000 0000 0000
6061:	0 00 0000 0000 0000
6062:	0 00 0000 0000 0000
6063:	0 00 0000 0000 0000
6064:	0 00 0000 0000 0000
6065:	0 00 0000 0000 0000
6066:	0 00 0000 0000 0000
6067:	0 00 0000 0000 0000
6070:	0 00 0000 0000 0000
6071:	0 00 0000 0000 0000
6072:	0 00 0000 0000 0000
6073:	0 00 0000 0000 0000
6074:	0 00 0000 0000 0000
6075:	0 00 0000 0000 0000
6076:	0 00 0000 0000 0000
6077:	0 00 0000 0000 0000

6000:	[op=52 mod=0] изм_ра_по_адр                  0000, 0001, 0000
6001:	[op=00 mod=1] пересылка                      0000, 0000, @+1000
6002:	[op=12 mod=1] пер_если_ра_мнш_a1             1750, 6001, @+0001
6003:	[op=00 mod=1] пересылка                      6200, 0000, @+1000
6004:	[op=12 mod=1] пер_если_ра_мнш_a1             3720, 6003, @+0001
6005:	[op=50 mod=0] ввод_пред_050                  0041, 0000, 1750
6006:	[op=70 mod=0] ввод_исп_070                   0001, 0000, 0000
6007:	[op=52 mod=0] изм_ра_по_адр                  0000, 0002, 0000
6010:	[op=00 mod=0] пересылка                      6201, 0000, 6025
6011:	[op=50 mod=2] ввод_пред_050                  0041, @+0000, 2750
6012:	[op=70 mod=0] ввод_исп_070                   1001, 0000, 0000
6013:	[op=50 mod=2] ввод_пред_050                  5421, @+0000, 1750
6014:	[op=70 mod=0] ввод_исп_070                   0001, 6015, 6100
6015:	[op=15 mod=0] сравн                          6100, 0000, 0000
6016:	[op=36 mod=0] усл_пер_упр_по_w1              0000, 6032, 0000
6017:	[op=50 mod=2] ввод_пред_050                  1025, @+0000, 2750
6020:	[op=70 mod=0] ввод_исп_070                   1001, 0000, 0000
6021:	[op=50 mod=2] ввод_пред_050                  5421, @+0000, 1750
6022:	[op=70 mod=0] ввод_исп_070                   0001, 6025, 6100
6023:	[op=15 mod=0] сравн                          6100, 0000, 0000
6024:	[op=36 mod=0] усл_пер_упр_по_w1              0000, 6032, 0000
6025:	[op=50 mod=2] ввод_пред_050                  7021, @-2, 1750
6026:	[op=70 mod=0] ввод_исп_070                   0001, 0000, 0000
6027:	[op=50 mod=2] ввод_пред_050                  0041, @-1, 1750
6030:	[op=70 mod=0] ввод_исп_070                   0001, 0000, 0000
6031:	[op=56 mod=0] безусл_пер_упр                 6202, 6011, 6025
6032:	[op=50 mod=2] ввод_пред_050                  1025, @+0000, 4720
6033:	[op=70 mod=0] ввод_исп_070                   2751, 0000, 0000
6034:	[op=50 mod=2] ввод_пред_050                  5421, @+0000, 1750
6035:	[op=70 mod=0] ввод_исп_070                   0001, 6037, 6100
6036:	[op=15 mod=0] сравн                          6100, 6200, 0000
6037:	[op=36 mod=0] усл_пер_упр_по_w1              0000, 6046, 0000
6040:	[op=50 mod=2] ввод_пред_050                  1025, @+0000, 4720
6041:	[op=70 mod=0] ввод_исп_070                   2751, 0000, 0000
6042:	[op=50 mod=2] ввод_пред_050                  5421, @+0000, 1750
6043:	[op=70 mod=0] ввод_исп_070                   0001, 6025, 0000
6044:	[op=15 mod=0] сравн                          6100, 6200, 0000
6045:	[op=76 mod=0] усл_пер_упр_по_w0              0000, 6025, 0000
6046:	[op=12 mod=1] пер_если_ра_мнш_a1             0764, 6010, @+0002
6047:	[op=77 mod=0] останов_077                    0000, 0000, 0000
6050:	[op=00 mod=0] пересылка                      0000, 0000, 0000
6051:	[op=00 mod=0] пересылка                      0000, 0000, 0000
6052:	[op=00 mod=0] пересылка                      0000, 0000, 0000
6053:	[op=00 mod=0] пересылка                      0000, 0000, 0000
6054:	[op=00 mod=0] пересылка                      0000, 0000, 0000
6055:	[op=00 mod=0] пересылка                      0000, 0000, 0000
6056:	[op=00 mod=0] пересылка                      0000, 0000, 0000
6057:	[op=00 mod=0] пересылка                      0000, 0000, 0000
6060:	[op=00 mod=0] пересылка                      0000, 0000, 0000
6061:	[op=00 mod=0] пересылка                      0000, 0000, 0000
6062:	[op=00 mod=0] пересылка                      0000, 0000, 0000
6063:	[op=00 mod=0] пересылка                      0000, 0000, 0000
6064:	[op=00 mod=0] пересылка                      0000, 0000, 0000
6065:	[op=00 mod=0] пересылка                      0000, 0000, 0000
6066:	[op=00 mod=0] пересылка                      0000, 0000, 0000
6067:	[op=00 mod=0] пересылка                      0000, 0000, 0000
6070:	[op=00 mod=0] пересылка                      0000, 0000, 0000
6071:	[op=00 mod=0] пересылка                      0000, 0000, 0000
6072:	[op=00 mod=0] пересылка                      0000, 0000, 0000
6073:	[op=00 mod=0] пересылка                      0000, 0000, 0000
6074:	[op=00 mod=0] пересылка                      0000, 0000, 0000
6075:	[op=00 mod=0] пересылка                      0000, 0000, 0000
6076:	[op=00 mod=0] пересылка                      0000, 0000, 0000
6077:	[op=00 mod=0] пересылка                      0000, 0000, 0000

Goodbye
Debug output disabled
