
M-20 simulator V4.0-0 Beta        git commit id: c317f685
LPT
	not attached, no new output format , no octal help format 
LPTWIDTH:	7
LPTWIDTH:	1
DPTYPE:	4
DPTYPE:	3
LPT
	not attached, no new output format , octal help format 
LPT: creating new file
1:	0 00 0000 0000 0000
2:	0 00 0000 0000 0000
3:	1 01 4000 0000 0000
4:	1 02 4000 0000 0000

100:	1 03 7000 0000 0000
101:	1 02 6000 0000 0000
102:	1 03 6000 0000 0000
103:	1 03 5000 0000 0000
104:	1 01 4000 0000 0000

105:	0 50 2100 0000 0104
106:	0 70 0100 0000 0000
107:	0 05 0100 0101 0001
110:	0 02 0001 0102 0001
111:	0 04 0001 0103 0001
112:	0 01 0001 0104 0001
113:	0 44 0001 0000 0002
114:	0 50 2100 0000 0004
115:	0 70 0001 0000 0000
116:	0 77 0000 0000 0000
117:	7 77 7777 7777 7777

105:	[op=50 mod=0] ввод_пред_050                  2100, 0000, 0104
106:	[op=70 mod=0] ввод_исп_070                   0100, 0000, 0000
107:	[op=05 mod=0] умнож_он                       0100, 0101, 0001
110:	[op=02 mod=0] вычит_он                       0001, 0102, 0001
111:	[op=04 mod=0] делен_о                        0001, 0103, 0001
112:	[op=01 mod=0] слож_он                        0001, 0104, 0001
113:	[op=44 mod=0] извл_кв_корня_о                0001, 0000, 0002
114:	[op=50 mod=0] ввод_пред_050                  2100, 0000, 0004
115:	[op=70 mod=0] ввод_исп_070                   0001, 0000, 0000
116:	[op=77 mod=0] останов_077                    0000, 0000, 0000
117:	[op=77 mod=7] останов_077                    @-1, @-1, @-1

Start

*** Command time profile stat ***
opcode=01   count=1          times=28.50            avg_time=28.50             (слож_он)
opcode=02   count=1          times=28.50            avg_time=28.50             (вычит_он)
opcode=04   count=1          times=136.50           avg_time=136.50            (делен_о)
opcode=05   count=1          times=69.50            avg_time=69.50             (умнож_он)
opcode=44   count=1          times=275.00           avg_time=275.00            (извл_кв_корня_о)
opcode=50   count=2          times=48.00            avg_time=24.00             (ввод_пред_050)
opcode=70   count=2          times=450048.00        avg_time=225024.00         (ввод_исп_070)
opcode=77   count=1          times=24.00            avg_time=24.00             (останов_077)
Summary:  times=450658.00  count=10  avg_time=45065.80
**********

sample_0006.ini-32> run

Останов, KRA: 0116 ([op=77 mod=0] останов_077                    0000, 0000, 0000)
M-20 event queue empty, time = 450659, executing 50000 instructios/sec
Time:	450659
1:	1 03 4000 0000 0000
2:	1 02 4000 0000 0000
3:	1 01 4000 0000 0000
4:	1 02 4000 0000 0000
Goodbye
