++100000000 +01   [101400000000000, 1.000000000000000000000000000000000000]
++100000000 +01   [101400000000000, 1.000000000000000000000000000000000000]
++200000000 +01   [102400000000000, 2.000000000000000000000000000000000000]
++400000000 +01   [103400000000000, 4.000000000000000000000000000000000000]
++300000000 +01   [102600000000001, 3.000000000058207700000000000000000000]
++900000000 +01   [104440000000002, 9.000000000465661300000000000000000000]
++400000000 +01   [103400000000000, 4.000000000000000000000000000000000000]
++160000000 +02   [105400000000000, 16.000000000000000000000000000000000000]
++500000000 +01   [103500000000001, 5.000000000116415300000000000000000000]
++250000000 +02   [105620000000003, 25.000000001396984000000000000000000000]
++600000000 +01   [103600000000002, 6.000000000232830600000000000000000000]
++360000000 +02   [106440000000003, 36.000000002793968000000000000000000000]
++700000000 +01   [103700000000003, 7.000000000349246000000000000000000000]
++490000000 +02   [106610000000005, 49.000000004656613000000000000000000000]
++800000000 +01   [104400000000002, 8.000000000465661300000000000000000000]
++640000000 +02   [107400000000004, 64.000000007450581000000000000000000000]
++900000000 +01   [104440000000003, 9.000000000698491900000000000000000000]
++810000000 +02   [107504000000007, 81.000000013038516000000000000000000000]
++100000000 +02   [104500000000004, 10.000000000931323000000000000000000000]
++100000000 +03   [107620000000012, 100.000000018626450000000000000000000000]
