
M-20 simulator V4.0-0 Beta        git commit id: c317f685
LPT
	not attached, no new output format , no octal help format 
LPTWIDTH:	7
LPTWIDTH:	1
DPTYPE:	4
DPTYPE:	2
LPT
	not attached, no new output format , octal help format 
LPT: creating new file
20:	1 01 4000 0000 0000
21:	1 04 5000 0000 0000

30:	0 00 0000 0000 0000
31:	0 00 0000 0000 0000

100:	0 00 0020 0000 0030
101:	0 52 0000 0000 0000
102:	0 50 2100 0000 0030
103:	0 70 0030 0000 0000
104:	0 05 0030 0030 0031
105:	0 50 2100 0000 0031
106:	0 70 0031 0000 0000
107:	0 01 0030 0020 0030
110:	1 12 0011 0102 0001
111:	0 77 0000 0000 0000
112:	0 77 0000 0000 0000

100:	[op=00 mod=0] пересылка                      0020, 0000, 0030
101:	[op=52 mod=0] изм_ра_по_адр                  0000, 0000, 0000
102:	[op=50 mod=0] ввод_пред_050                  2100, 0000, 0030
103:	[op=70 mod=0] ввод_исп_070                   0030, 0000, 0000
104:	[op=05 mod=0] умнож_он                       0030, 0030, 0031
105:	[op=50 mod=0] ввод_пред_050                  2100, 0000, 0031
106:	[op=70 mod=0] ввод_исп_070                   0031, 0000, 0000
107:	[op=01 mod=0] слож_он                        0030, 0020, 0030
110:	[op=12 mod=1] пер_если_ра_мнш_a1             0011, 0102, @+0001
111:	[op=77 mod=0] останов_077                    0000, 0000, 0000
112:	[op=77 mod=0] останов_077                    0000, 0000, 0000

Start

*** Command time profile stat ***
opcode=00   count=1          times=24.00            avg_time=24.00             (пересылка)
opcode=01   count=10         times=285.00           avg_time=28.50             (слож_он)
opcode=05   count=10         times=695.00           avg_time=69.50             (умнож_он)
opcode=12   count=10         times=240.00           avg_time=24.00             (пер_если_ра_мнш_a1)
opcode=50   count=20         times=480.00           avg_time=24.00             (ввод_пред_050)
opcode=52   count=1          times=28.50            avg_time=28.50             (изм_ра_по_адр)
opcode=70   count=20         times=1000480.00       avg_time=50024.00          (ввод_исп_070)
opcode=77   count=1          times=24.00            avg_time=24.00             (останов_077)
Summary:  times=1002256.50  count=73  avg_time=13729.54
**********

sample_0004.ini-32> run

Останов, KRA: 0111 ([op=77 mod=0] останов_077                    0000, 0000, 0000)
M-20 event queue empty, time = 1002257, executing 50000 instructios/sec
Time:	1002257
20:	1 01 4000 0000 0000
21:	1 04 5000 0000 0000

30:	1 04 5400 0000 0005
31:	1 07 6200 0000 0012
Goodbye
