++100000000 +00   [075631463146315, 0.100000000000363800000000000000000000]
++998334166 -01   [075630725662702, 0.099833416639739880000000000000000000]
++200000000 +00   [076631463146315, 0.200000000000727600000000000000000000]
++198669330 +00   [076626677710635, 0.198669330788106890000000000000000000]
++300000000 +00   [077463146314632, 0.300000000002910380000000000000000000]
++295520206 +00   [077456471545334, 0.295520206651417540000000000000000000]
++400000000 +00   [077631463146316, 0.400000000008731150000000000000000000]
++389418342 +00   [077616607272227, 0.389418342318094800000000000000000000]
++500000000 +00   [100400000000000, 0.500000000000000000000000000000000000]
++479425538 +00   [077752735035046, 0.479425538607756610000000000000000000]
++600000000 +00   [100463146314632, 0.600000000005820770000000000000000000]
++564642473 +00   [100441061505724, 0.564642473415005950000000000000000000]
++700000000 +00   [100546314631464, 0.700000000011641530000000000000000000]
++644217687 +00   [100511655632244, 0.644217687251511960000000000000000000]
++800000000 +00   [100631463146316, 0.800000000017462300000000000000000000]
++717356090 +00   [100557222460540, 0.717356090899556880000000000000000000]
++900000000 +00   [100714631463150, 0.900000000023283060000000000000000000]
++783326909 +00   [100621040346057, 0.783326909629977310000000000000000000]
++100000000 +01   [101400000000000, 1.000000000000000000000000000000000000]
++841470984 +00   [100656652443604, 0.841470984800253060000000000000000000]
++100000000 +00   [075631463146315, 0.100000000000363800000000000000000000]
++998334166 -01   [075630725662702, 0.099833416639739880000000000000000000]
++200000000 +00   [076631463146315, 0.200000000000727600000000000000000000]
++198669330 +00   [076626677710635, 0.198669330788106890000000000000000000]
++300000000 +00   [077463146314632, 0.300000000002910380000000000000000000]
++295520206 +00   [077456471545334, 0.295520206651417540000000000000000000]
++400000000 +00   [077631463146316, 0.400000000008731150000000000000000000]
++389418342 +00   [077616607272227, 0.389418342318094800000000000000000000]
++500000000 +00   [100400000000000, 0.500000000000000000000000000000000000]
++479425538 +00   [077752735035046, 0.479425538607756610000000000000000000]
++600000000 +00   [100463146314632, 0.600000000005820770000000000000000000]
++564642473 +00   [100441061505724, 0.564642473415005950000000000000000000]
++700000000 +00   [100546314631464, 0.700000000011641530000000000000000000]
++644217687 +00   [100511655632244, 0.644217687251511960000000000000000000]
++800000000 +00   [100631463146316, 0.800000000017462300000000000000000000]
++717356090 +00   [100557222460540, 0.717356090899556880000000000000000000]
++900000000 +00   [100714631463150, 0.900000000023283060000000000000000000]
++783326909 +00   [100621040346057, 0.783326909629977310000000000000000000]
++100000000 +01   [101400000000000, 1.000000000000000000000000000000000000]
++841470984 +00   [100656652443604, 0.841470984800253060000000000000000000]
