
M-20 simulator V4.0-0 Beta        git commit id: c317f685
Debug output to "sample_0035_debug.txt"
LPT: creating new file
100:	0 00 0021 0000 0022
101:	0 04 0020 0022 0023
102:	0 02 0023 0022 0023
103:	0 06 0077 0023 0023
104:	0 01 0022 0023 0022
105:	0 50 2100 0000 0024
106:	0 70 0020 0000 0000
107:	0 03 0024 0023 0000
110:	0 36 0000 0101 0000
111:	0 77 0000 0000 0000
112:	7 77 7777 7777 7777
113:	0 00 0000 0000 0000
114:	0 00 0000 0000 0000
115:	0 00 0000 0000 0000
116:	0 00 0000 0000 0000
117:	0 00 0000 0000 0000

100:	[op=00 mod=0] пересылка                      0021, 0000, 0022
101:	[op=04 mod=0] делен_о                        0020, 0022, 0023
102:	[op=02 mod=0] вычит_он                       0023, 0022, 0023
103:	[op=06 mod=0] слож_прдк_с_адр                0077, 0023, 0023
104:	[op=01 mod=0] слож_он                        0022, 0023, 0022
105:	[op=50 mod=0] ввод_пред_050                  2100, 0000, 0024
106:	[op=70 mod=0] ввод_исп_070                   0020, 0000, 0000
107:	[op=03 mod=0] вычит_мод_он                   0024, 0023, 0000
110:	[op=36 mod=0] усл_пер_упр_по_w1              0000, 0101, 0000
111:	[op=77 mod=0] останов_077                    0000, 0000, 0000
112:	[op=77 mod=7] останов_077                    @-1, @-1, @-1
113:	[op=00 mod=0] пересылка                      0000, 0000, 0000
114:	[op=00 mod=0] пересылка                      0000, 0000, 0000
115:	[op=00 mod=0] пересылка                      0000, 0000, 0000
116:	[op=00 mod=0] пересылка                      0000, 0000, 0000
117:	[op=00 mod=0] пересылка                      0000, 0000, 0000

20:	1 02 7105 5034 5301
21:	1 01 4000 0000 0000
22:	1 00 0000 0000 0000
23:	1 00 0000 0000 0000
24:	0 55 4143 3675 0133

Start

*** Command time profile stat ***
opcode=00   count=1          times=24.00            avg_time=24.00             (пересылка)
opcode=01   count=5          times=142.50           avg_time=28.50             (слож_он)
opcode=02   count=5          times=142.50           avg_time=28.50             (вычит_он)
opcode=03   count=5          times=142.50           avg_time=28.50             (вычит_мод_он)
opcode=04   count=5          times=682.50           avg_time=136.50            (делен_о)
opcode=06   count=5          times=307.50           avg_time=61.50             (слож_прдк_с_адр)
opcode=36   count=5          times=120.00           avg_time=24.00             (усл_пер_упр_по_w1)
opcode=50   count=5          times=120.00           avg_time=24.00             (ввод_пред_050)
opcode=70   count=5          times=1250120.00       avg_time=250024.00         (ввод_исп_070)
opcode=77   count=1          times=24.00            avg_time=24.00             (останов_077)
Summary:  times=1251825.50  count=42  avg_time=29805.37
**********

sample_0035.simh-31> run

Останов, KRA: 0111 ([op=77 mod=0] останов_077                    0000, 0000, 0000)
M-20 event queue empty, time = 1251826, executing 50000 instructios/sec
Time:	1251826
100:	0 00 0021 0000 0022
101:	0 04 0020 0022 0023
102:	0 02 0023 0022 0023
103:	0 06 0077 0023 0023
104:	0 01 0022 0023 0022
105:	0 50 2100 0000 0024
106:	0 70 0020 0000 0000
107:	0 03 0024 0023 0000
110:	0 36 0000 0101 0000
111:	0 77 0000 0000 0000
112:	7 77 7777 7777 7777
113:	0 00 0000 0000 0000
114:	0 00 0000 0000 0000
115:	0 00 0000 0000 0000
116:	0 00 0000 0000 0000
117:	0 00 0000 0000 0000

100:	[op=00 mod=0] пересылка                      0021, 0000, 0022
101:	[op=04 mod=0] делен_о                        0020, 0022, 0023
102:	[op=02 mod=0] вычит_он                       0023, 0022, 0023
103:	[op=06 mod=0] слож_прдк_с_адр                0077, 0023, 0023
104:	[op=01 mod=0] слож_он                        0022, 0023, 0022
105:	[op=50 mod=0] ввод_пред_050                  2100, 0000, 0024
106:	[op=70 mod=0] ввод_исп_070                   0020, 0000, 0000
107:	[op=03 mod=0] вычит_мод_он                   0024, 0023, 0000
110:	[op=36 mod=0] усл_пер_упр_по_w1              0000, 0101, 0000
111:	[op=77 mod=0] останов_077                    0000, 0000, 0000
112:	[op=77 mod=7] останов_077                    @-1, @-1, @-1
113:	[op=00 mod=0] пересылка                      0000, 0000, 0000
114:	[op=00 mod=0] пересылка                      0000, 0000, 0000
115:	[op=00 mod=0] пересылка                      0000, 0000, 0000
116:	[op=00 mod=0] пересылка                      0000, 0000, 0000
117:	[op=00 mod=0] пересылка                      0000, 0000, 0000

20:	1 02 7105 5034 5301
21:	1 01 4000 0000 0000
22:	1 01 7434 3767 6014
23:	2 47 6430 0000 0000
24:	0 55 4143 3675 0133

Goodbye
Debug output disabled
