
M-20 simulator V4.0-0 Beta        git commit id: c317f685
Debug output to "sample_0011_debug.txt"
LPT: creating new file
CDR: unit is read only
CDP: creating new file
1:	0 50 0100 0777 0001
2:	0 70 0001 0000 0000
3:	0 30 1000 0004 0030
4:	0 50 0200 0777 0030
5:	0 70 0030 0000 0000
6:	0 17 0000 0000 0000
7:	0 00 0000 0000 0000
10:	0 00 0000 0000 0000
11:	0 00 0000 0000 0000
12:	0 00 0000 0000 0000
13:	0 00 0000 0000 0000

1:	[op=50 mod=0] ввод_пред_050                  0100, 0777, 0001
2:	[op=70 mod=0] ввод_исп_070                   0001, 0000, 0000
3:	[op=30 mod=0] ввод_пфк                       1000, 0004, 0030
4:	[op=50 mod=0] ввод_пред_050                  0200, 0777, 0030
5:	[op=70 mod=0] ввод_исп_070                   0030, 0000, 0000
6:	[op=17 mod=0] останов_017                    0000, 0000, 0000
7:	[op=00 mod=0] пересылка                      0000, 0000, 0000
10:	[op=00 mod=0] пересылка                      0000, 0000, 0000
11:	[op=00 mod=0] пересылка                      0000, 0000, 0000
12:	[op=00 mod=0] пересылка                      0000, 0000, 0000
13:	[op=00 mod=0] пересылка                      0000, 0000, 0000

30:	0 00 0000 0000 0000
31:	0 00 0000 0000 0000
Start

*** Command time profile stat ***
opcode=17   count=1          times=24.00            avg_time=24.00             (останов_017)
opcode=30   count=1          times=600000.00        avg_time=600000.00         (ввод_пфк)
opcode=50   count=2          times=48.00            avg_time=24.00             (ввод_пред_050)
opcode=70   count=2          times=250048.00        avg_time=125024.00         (ввод_исп_070)
Summary:  times=850120.00  count=6  avg_time=141686.67
**********

sample_0011.simh-25> run

Останов, KRA: 0006 ([op=17 mod=0] останов_017                    0000, 0000, 0000)
M-20 event queue empty, time = 850121, executing 50000 instructios/sec
Time:	850121
30:	5 66 2411 4060 0112
31:	0 00 0000 0000 0000

Goodbye
Debug output disabled
