Could Not Find C:\emulators\m20\sample_0039_debug.txt
Could Not Find C:\emulators\m20\sample_0039.lst
MULT: ENTER: x=101400000000000, y=101400000000000 no_round=0 no_norm=0
mult: xm=000400000000000, ym=000400000000000 xexp=65 yexp=65
mult: r=000200000000000, regRMR=000000000000000 rexp=66
mult: r=000400000000000, regRMR=000000000000000 rexp=65
mult: FINAL 1: r=000400000000000, rexp=65

mult: FINAL 2: r=101400000000000, regRMR=101000000000000 rexp=65

MULT: ENTER: x=075631463146315, y=101400000000000 no_round=0 no_norm=0
mult: xm=000631463146315, ym=000400000000000 xexp=61 yexp=65
mult: r=000314631463146, regRMR=000400000000000 rexp=62
mult: r=000631463146315, regRMR=000000000000000 rexp=61
mult: FINAL 1: r=000631463146315, rexp=61

mult: FINAL 2: r=075631463146315, regRMR=075000000000000 rexp=61

MULT: ENTER: x=100400000000000, y=101400000000000 no_round=0 no_norm=0
mult: xm=000400000000000, ym=000400000000000 xexp=64 yexp=65
mult: r=000200000000000, regRMR=000000000000000 rexp=65
mult: r=000400000000000, regRMR=000000000000000 rexp=64
mult: FINAL 1: r=000400000000000, rexp=64

mult: FINAL 2: r=100400000000000, regRMR=100000000000000 rexp=64

ADD: ENTER: no_round=0 no_norm=0 x=075631463146315 y=100400000000000
add: xexp=61 y_exp=64
add: xexp=64 y_exp=61 x=100400000000000 y=075631463146315
add: rexp=64 xm=000400000000000 ym=000063146314631
add: B1: r=000463146314631
add: B2: r=000463146314632
add: FINAL 1: r=000463146314632
add: FINAL 2: r=100463146314632
add: FINAL 3: r=100463146314632
add: LEAVE: FINAL 10: r=100463146314632

add: LEAVE: FINAL 20: r=100463146314632

MULT: ENTER: x=101400000000000, y=101400000000000 no_round=0 no_norm=0
mult: xm=000400000000000, ym=000400000000000 xexp=65 yexp=65
mult: r=000200000000000, regRMR=000000000000000 rexp=66
mult: r=000400000000000, regRMR=000000000000000 rexp=65
mult: FINAL 1: r=000400000000000, rexp=65

mult: FINAL 2: r=101400000000000, regRMR=101000000000000 rexp=65

MULT: ENTER: x=102400000000000, y=102400000000000 no_round=0 no_norm=0
mult: xm=000400000000000, ym=000400000000000 xexp=66 yexp=66
mult: r=000200000000000, regRMR=000000000000000 rexp=68
mult: r=000400000000000, regRMR=000000000000000 rexp=67
mult: FINAL 1: r=000400000000000, rexp=67

mult: FINAL 2: r=103400000000000, regRMR=103000000000000 rexp=67

MULT: ENTER: x=075631463146315, y=103400000000000 no_round=0 no_norm=0
mult: xm=000631463146315, ym=000400000000000 xexp=61 yexp=67
mult: r=000314631463146, regRMR=000400000000000 rexp=64
mult: r=000631463146315, regRMR=000000000000000 rexp=63
mult: FINAL 1: r=000631463146315, rexp=63

mult: FINAL 2: r=077631463146315, regRMR=077000000000000 rexp=63

MULT: ENTER: x=100400000000000, y=101400000000000 no_round=0 no_norm=0
mult: xm=000400000000000, ym=000400000000000 xexp=64 yexp=65
mult: r=000200000000000, regRMR=000000000000000 rexp=65
mult: r=000400000000000, regRMR=000000000000000 rexp=64
mult: FINAL 1: r=000400000000000, rexp=64

mult: FINAL 2: r=100400000000000, regRMR=100000000000000 rexp=64

ADD: ENTER: no_round=0 no_norm=0 x=077631463146315 y=100400000000000
add: xexp=63 y_exp=64
add: xexp=64 y_exp=63 x=100400000000000 y=077631463146315
add: rexp=64 xm=000400000000000 ym=000314631463146
add: B1: r=000714631463146
add: B2: r=000714631463147
add: FINAL 1: r=000714631463147
add: FINAL 2: r=100714631463147
add: FINAL 3: r=100714631463147
add: LEAVE: FINAL 10: r=100714631463147

add: LEAVE: FINAL 20: r=100714631463147

MULT: ENTER: x=102400000000000, y=101400000000000 no_round=0 no_norm=0
mult: xm=000400000000000, ym=000400000000000 xexp=66 yexp=65
mult: r=000200000000000, regRMR=000000000000000 rexp=67
mult: r=000400000000000, regRMR=000000000000000 rexp=66
mult: FINAL 1: r=000400000000000, rexp=66

mult: FINAL 2: r=102400000000000, regRMR=102000000000000 rexp=66

MULT: ENTER: x=102600000000000, y=102600000000000 no_round=0 no_norm=0
mult: xm=000600000000000, ym=000600000000000 xexp=66 yexp=66
mult: r=000440000000000, regRMR=000000000000000 rexp=68
mult: r=000440000000000, regRMR=000000000000000 rexp=68
mult: FINAL 1: r=000440000000000, rexp=68

mult: FINAL 2: r=104440000000000, regRMR=104000000000000 rexp=68

MULT: ENTER: x=075631463146315, y=104440000000000 no_round=0 no_norm=0
mult: xm=000631463146315, ym=000440000000000 xexp=61 yexp=68
mult: r=000346314631463, regRMR=000240000000000 rexp=65
mult: r=000714631463147, regRMR=000500000000000 rexp=64
mult: FINAL 1: r=000714631463147, rexp=64

mult: FINAL 2: r=100714631463147, regRMR=100500000000000 rexp=64

MULT: ENTER: x=100400000000000, y=102400000000000 no_round=0 no_norm=0
mult: xm=000400000000000, ym=000400000000000 xexp=64 yexp=66
mult: r=000200000000000, regRMR=000000000000000 rexp=66
mult: r=000400000000000, regRMR=000000000000000 rexp=65
mult: FINAL 1: r=000400000000000, rexp=65

mult: FINAL 2: r=101400000000000, regRMR=101000000000000 rexp=65

ADD: ENTER: no_round=0 no_norm=0 x=100714631463147 y=101400000000000
add: xexp=64 y_exp=65
add: xexp=65 y_exp=64 x=101400000000000 y=100714631463147
add: rexp=65 xm=000400000000000 ym=000346314631463
add: B1: r=000746314631463
add: B2: r=000746314631464
add: FINAL 1: r=000746314631464
add: FINAL 2: r=101746314631464
add: FINAL 3: r=101746314631464
add: LEAVE: FINAL 10: r=101746314631464

add: LEAVE: FINAL 20: r=101746314631464

MULT: ENTER: x=102600000000000, y=102400000000000 no_round=0 no_norm=0
mult: xm=000600000000000, ym=000400000000000 xexp=66 yexp=66
mult: r=000300000000000, regRMR=000000000000000 rexp=68
mult: r=000600000000000, regRMR=000000000000000 rexp=67
mult: FINAL 1: r=000600000000000, rexp=67

mult: FINAL 2: r=103600000000000, regRMR=103000000000000 rexp=67

MULT: ENTER: x=101400000000000, y=101400000000000 no_round=0 no_norm=0
mult: xm=000400000000000, ym=000400000000000 xexp=65 yexp=65
mult: r=000200000000000, regRMR=000000000000000 rexp=66
mult: r=000400000000000, regRMR=000000000000000 rexp=65
mult: FINAL 1: r=000400000000000, rexp=65

mult: FINAL 2: r=101400000000000, regRMR=101000000000000 rexp=65

MULT: ENTER: x=075631463146315, y=101400000000000 no_round=0 no_norm=0
mult: xm=000631463146315, ym=000400000000000 xexp=61 yexp=65
mult: r=000314631463146, regRMR=000400000000000 rexp=62
mult: r=000631463146315, regRMR=000000000000000 rexp=61
mult: FINAL 1: r=000631463146315, rexp=61

mult: FINAL 2: r=075631463146315, regRMR=075000000000000 rexp=61

MULT: ENTER: x=100400000000000, y=102600000000000 no_round=0 no_norm=0
mult: xm=000400000000000, ym=000600000000000 xexp=64 yexp=66
mult: r=000300000000000, regRMR=000000000000000 rexp=66
mult: r=000600000000000, regRMR=000000000000000 rexp=65
mult: FINAL 1: r=000600000000000, rexp=65

mult: FINAL 2: r=101600000000000, regRMR=101000000000000 rexp=65

ADD: ENTER: no_round=0 no_norm=0 x=075631463146315 y=101600000000000
add: xexp=61 y_exp=65
add: xexp=65 y_exp=61 x=101600000000000 y=075631463146315
add: rexp=65 xm=000600000000000 ym=000031463146314
add: B1: r=000631463146314
add: B2: r=000631463146315
add: FINAL 1: r=000631463146315
add: FINAL 2: r=101631463146315
add: FINAL 3: r=101631463146315
add: LEAVE: FINAL 10: r=101631463146315

add: LEAVE: FINAL 20: r=101631463146315

MULT: ENTER: x=101400000000000, y=102600000000000 no_round=0 no_norm=0
mult: xm=000400000000000, ym=000600000000000 xexp=65 yexp=66
mult: r=000300000000000, regRMR=000000000000000 rexp=67
mult: r=000600000000000, regRMR=000000000000000 rexp=66
mult: FINAL 1: r=000600000000000, rexp=66

mult: FINAL 2: r=102600000000000, regRMR=102000000000000 rexp=66

