++187500000 -01   [073463146314631, 0.018749999999727152000000000000000000]
++180000000 +01   [101714631463146, 1.799999999988358500000000000000000000]
+-100000000 +00   [275631463146315, -0.100000000000363800000000000000000000]
+-205000000 +02   [305510000000000, -20.500000000000000000000000000000000000]
++924000000 +02   [107561463146315, 92.400000000372529000000000000000000000]
+-612614440 -01   [274765665075341, -0.061261444091542216000000000000000000]
+-236322510 +00   [276743772071734, -0.236322510856552980000000000000000000]
+-530938627 -01   [274662743632017, -0.053093862733476271000000000000000000]
++386325000 +02   [106465036560510, 38.632500000298023000000000000000000000]
+-912972940 +01   [304444115371056, -9.129729400854557800000000000000000000]
+-205114865 +01   [302406430047760, -2.051148652099072900000000000000000000]
+-114865207 -02   [267455071361523, -0.001148652076693679200000000000000000]
++205000000 +01   [102406314631463, 2.049999999988358500000000000000000000]
++000000000 +00   [000000000000000, 0.000000000000000000000000000000000000]
++000000000 +00   [000000000000000, 0.000000000000000000000000000000000000]
++000000000 +00   [000000000000000, 0.000000000000000000000000000000000000]
++000000000 +00   [100000000000000, 0.000000000000000000000000000000000000]
++100000000 +01   [101400000000000, 1.000000000000000000000000000000000000]
++000000000 +00   [100000000000000, 0.000000000000000000000000000000000000]
+-200000000 +02   [305500000000000, -20.000000000000000000000000000000000000]
++920000000 +02   [107560000000000, 92.000000000000000000000000000000000000]
++000000000 +00   [100000000000000, 0.000000000000000000000000000000000000]
++000000000 +00   [000000000000000, 0.000000000000000000000000000000000000]
++000000000 +00   [000000000000000, 0.000000000000000000000000000000000000]
