
M-20 simulator V4.0-0 Beta        git commit id: c317f685
LPT
	not attached, no new output format , no octal help format 
LPTWIDTH:	7
LPTWIDTH:	1
DPTYPE:	4
DPTYPE:	2
LPT
	not attached, no new output format , octal help format 
LPT: creating new file
1040:	0 73 4631 4631 4631
1041:	1 01 7146 3146 3146
1042:	2 75 6314 6314 6315
1043:	3 05 5100 0000 0000
1044:	1 07 5614 6314 6315
1045:	2 74 7656 6507 5341
1046:	0 00 0000 0000 0000
1047:	0 00 0000 0000 0000

1050:	0 00 0000 0000 0000
1051:	0 00 0000 0000 0000
1052:	0 00 0000 0000 0000
1053:	0 00 0000 0000 0000
1054:	0 00 0000 0000 0000
1055:	0 00 0000 0000 0000
1056:	0 00 0000 0000 0000
1057:	0 00 0000 0000 0000

1060:	1 00 0000 0000 0000
1061:	1 01 4000 0000 0000
1062:	1 00 0000 0000 0000
1063:	3 05 5000 0000 0000
1064:	1 07 5600 0000 0000
1065:	1 00 0000 0000 0000
1066:	0 00 0000 0000 0000
1067:	0 00 0000 0000 0000

1000:	0 05 1040 1044 1053
1001:	0 05 1043 1041 1054
1002:	0 02 1053 1054 1050
1003:	0 05 1044 1042 1053
1004:	0 05 1041 1045 1054
1005:	0 02 1053 1054 1051
1006:	0 05 1040 1045 1053
1007:	0 05 1043 1042 1054
1010:	0 02 1053 1054 1052
1011:	0 04 1051 1050 1046
1012:	0 04 1052 1050 1047
1013:	0 50 2100 0000 1067
1014:	0 70 1040 0000 0000
1015:	0 17 0000 0000 0000

1000:	[op=05 mod=0] умнож_он                       1040, 1044, 1053
1001:	[op=05 mod=0] умнож_он                       1043, 1041, 1054
1002:	[op=02 mod=0] вычит_он                       1053, 1054, 1050
1003:	[op=05 mod=0] умнож_он                       1044, 1042, 1053
1004:	[op=05 mod=0] умнож_он                       1041, 1045, 1054
1005:	[op=02 mod=0] вычит_он                       1053, 1054, 1051
1006:	[op=05 mod=0] умнож_он                       1040, 1045, 1053
1007:	[op=05 mod=0] умнож_он                       1043, 1042, 1054
1010:	[op=02 mod=0] вычит_он                       1053, 1054, 1052
1011:	[op=04 mod=0] делен_о                        1051, 1050, 1046
1012:	[op=04 mod=0] делен_о                        1052, 1050, 1047
1013:	[op=50 mod=0] ввод_пред_050                  2100, 0000, 1067
1014:	[op=70 mod=0] ввод_исп_070                   1040, 0000, 0000
1015:	[op=17 mod=0] останов_017                    0000, 0000, 0000

Start

*** Command time profile stat ***
opcode=02   count=3          times=85.50            avg_time=28.50             (вычит_он)
opcode=04   count=2          times=273.00           avg_time=136.50            (делен_о)
opcode=05   count=6          times=417.00           avg_time=69.50             (умнож_он)
opcode=17   count=1          times=24.00            avg_time=24.00             (останов_017)
opcode=50   count=1          times=24.00            avg_time=24.00             (ввод_пред_050)
opcode=70   count=1          times=1200024.00       avg_time=1200024.00        (ввод_исп_070)
Summary:  times=1200847.50  count=14  avg_time=85774.82
**********

sample_0005.ini-34> run

ќстанов, KRA: 1015 ([op=17 mod=0] останов_017                    0000, 0000, 0000)
M-20 event queue empty, time = 1200848, executing 50000 instructios/sec
Time:	1200848
1040:	0 73 4631 4631 4631
1041:	1 01 7146 3146 3146
1042:	2 75 6314 6314 6315
1043:	3 05 5100 0000 0000
1044:	1 07 5614 6314 6315
1045:	2 74 7656 6507 5341
1046:	2 76 7437 7207 1734
1047:	2 74 6627 4363 2017

1050:	1 06 4650 3656 0510
1051:	3 04 4441 1537 1056
1052:	3 02 4064 3004 7760
1053:	2 67 4550 7136 1523
1054:	1 02 4063 1463 1463
1055:	0 00 0000 0000 0000
1056:	0 00 0000 0000 0000
1057:	0 00 0000 0000 0000

1060:	1 00 0000 0000 0000
1061:	1 01 4000 0000 0000
1062:	1 00 0000 0000 0000
1063:	3 05 5000 0000 0000
1064:	1 07 5600 0000 0000
1065:	1 00 0000 0000 0000
1066:	0 00 0000 0000 0000
1067:	0 00 0000 0000 0000
Goodbye
