000000000010000
000000000030000
000000000110000
000000000150000
000000000010000
000000000010000
+++01 100000000
+++01 200000000
+++01 300000000
+++01 100000000
+++01 200000000
+++01 300000000
+++01 100000000
+++01 200000000
+++01 300000000
+++09 200000001
+++01 400000000
+++01 500000000
+++01 600000000
+++01 400000000
+++01 500000000
+++01 600000000
+++01 400000000
+++01 500000000
+++01 600000000
+++09  00000002
+++02 240000000
+++02 300000000
+++02 360000000
+++02 240000000
+++02 300000000
+++02 360000000
+++02 240000000
+++02 300000000
+++02 360000000
