
M-20 simulator V4.0-0 Beta        git commit id: c317f685
Debug output to "hello.txt"
20:	1 02 4000 0000 0000
21:	1 02 4000 0000 0000
22:	1 02 4000 0000 0000
23:	0 00 0000 0000 0000

40:	0 00 0000 0000 0000
41:	0 00 0000 0000 0000
42:	0 00 0000 0000 0000
43:	0 00 0000 0000 0000

100:	0 01 0020 0021 0040
101:	0 01 0020 0022 0041
102:	0 01 0021 0022 0042
103:	0 77 0000 0000 0000
104:	0 17 0000 0000 0000
105:	0 00 0000 0000 0000
106:	0 00 0000 0000 0000
107:	0 00 0000 0000 0000

100:	[op=01 mod=0] слож_он                        0020, 0021, 0040
101:	[op=01 mod=0] слож_он                        0020, 0022, 0041
102:	[op=01 mod=0] слож_он                        0021, 0022, 0042
103:	[op=77 mod=0] останов_077                    0000, 0000, 0000
104:	[op=17 mod=0] останов_017                    0000, 0000, 0000
105:	[op=00 mod=0] пересылка                      0000, 0000, 0000
106:	[op=00 mod=0] пересылка                      0000, 0000, 0000
107:	[op=00 mod=0] пересылка                      0000, 0000, 0000

Start

*** Command time profile stat ***
opcode=01   count=3          times=85.50            avg_time=28.50             (слож_он)
opcode=77   count=1          times=24.00            avg_time=24.00             (останов_077)
Summary:  times=109.50  count=4  avg_time=27.38
**********

hello.simh-30> run

Останов, KRA: 0103 ([op=77 mod=0] останов_077                    0000, 0000, 0000)
M-20 event queue empty, time = 110, executing 50000 instructios/sec
Time:	110
20:	1 02 4000 0000 0000
21:	1 02 4000 0000 0000
22:	1 02 4000 0000 0000
23:	0 00 0000 0000 0000

40:	1 03 4000 0000 0000
41:	1 03 4000 0000 0000
42:	1 03 4000 0000 0000
43:	0 00 0000 0000 0000

Goodbye
Debug output disabled
