++100000000 +01   [101400000000000, 1.000000000000000000000000000000000000]
++200000000 +01   [102400000000000, 2.000000000000000000000000000000000000]
++300000000 +01   [102600000000001, 3.000000000058207700000000000000000000]
++400000000 +01   [103400000000000, 4.000000000000000000000000000000000000]
++500000000 +01   [103500000000001, 5.000000000116415300000000000000000000]
++600000000 +01   [103600000000002, 6.000000000232830600000000000000000000]
++700000000 +01   [103700000000003, 7.000000000349246000000000000000000000]
++800000000 +01   [104400000000002, 8.000000000465661300000000000000000000]
++900000000 +01   [104440000000003, 9.000000000698491900000000000000000000]
++100000000 +02   [104500000000004, 10.000000000931323000000000000000000000]
++110000000 +02   [104540000000005, 11.000000001164153000000000000000000000]
++120000000 +02   [104600000000006, 12.000000001396984000000000000000000000]
++130000000 +02   [104640000000007, 13.000000001629815000000000000000000000]
++140000000 +02   [104700000000010, 14.000000001862645000000000000000000000]
++150000000 +02   [104740000000011, 15.000000002095476000000000000000000000]
++160000000 +02   [105400000000005, 16.000000002328306000000000000000000000]
++170000000 +02   [105420000000006, 17.000000002793968000000000000000000000]
++180000000 +02   [105440000000007, 18.000000003259629000000000000000000000]
++190000000 +02   [105460000000010, 19.000000003725290000000000000000000000]
++200000000 +02   [105500000000011, 20.000000004190952000000000000000000000]
++210000000 +02   [105520000000012, 21.000000004656613000000000000000000000]
++220000000 +02   [105540000000013, 22.000000005122274000000000000000000000]
++230000000 +02   [105560000000014, 23.000000005587935000000000000000000000]
++240000000 +02   [105600000000015, 24.000000006053597000000000000000000000]
++250000000 +02   [105620000000016, 25.000000006519258000000000000000000000]
++260000000 +02   [105640000000017, 26.000000006984919000000000000000000000]
++270000000 +02   [105660000000020, 27.000000007450581000000000000000000000]
++280000000 +02   [105700000000021, 28.000000007916242000000000000000000000]
++290000000 +02   [105720000000022, 29.000000008381903000000000000000000000]
++300000000 +02   [105740000000023, 30.000000008847564000000000000000000000]
++310000000 +02   [105760000000024, 31.000000009313226000000000000000000000]
++320000000 +02   [106400000000013, 32.000000010244548000000000000000000000]
++330000000 +02   [106410000000014, 33.000000011175871000000000000000000000]
++340000000 +02   [106420000000015, 34.000000012107193000000000000000000000]
++350000000 +02   [106430000000016, 35.000000013038516000000000000000000000]
++360000000 +02   [106440000000017, 36.000000013969839000000000000000000000]
++370000000 +02   [106450000000020, 37.000000014901161000000000000000000000]
++380000000 +02   [106460000000021, 38.000000015832484000000000000000000000]
++390000000 +02   [106470000000022, 39.000000016763806000000000000000000000]
++400000000 +02   [106500000000023, 40.000000017695129000000000000000000000]
++410000000 +02   [106510000000024, 41.000000018626451000000000000000000000]
++420000000 +02   [106520000000025, 42.000000019557774000000000000000000000]
++430000000 +02   [106530000000026, 43.000000020489097000000000000000000000]
++440000000 +02   [106540000000027, 44.000000021420419000000000000000000000]
++450000000 +02   [106550000000030, 45.000000022351742000000000000000000000]
++460000000 +02   [106560000000031, 46.000000023283064000000000000000000000]
++470000000 +02   [106570000000032, 47.000000024214387000000000000000000000]
++480000000 +02   [106600000000033, 48.000000025145710000000000000000000000]
++490000000 +02   [106610000000034, 49.000000026077032000000000000000000000]
++500000000 +02   [106620000000035, 50.000000027008355000000000000000000000]
++510000000 +02   [106630000000036, 51.000000027939677000000000000000000000]
++520000000 +02   [106640000000037, 52.000000028871000000000000000000000000]
++530000000 +02   [106650000000040, 53.000000029802322000000000000000000000]
++540000000 +02   [106660000000041, 54.000000030733645000000000000000000000]
++550000000 +02   [106670000000042, 55.000000031664968000000000000000000000]
++560000000 +02   [106700000000043, 56.000000032596290000000000000000000000]
++570000000 +02   [106710000000044, 57.000000033527613000000000000000000000]
++580000000 +02   [106720000000045, 58.000000034458935000000000000000000000]
++590000000 +02   [106730000000046, 59.000000035390258000000000000000000000]
++600000000 +02   [106740000000047, 60.000000036321580000000000000000000000]
++610000000 +02   [106750000000050, 61.000000037252903000000000000000000000]
++620000000 +02   [106760000000051, 62.000000038184226000000000000000000000]
++630000000 +02   [106770000000052, 63.000000039115548000000000000000000000]
++640000000 +02   [107400000000026, 64.000000040978193000000000000000000000]
++650000000 +02   [107404000000027, 65.000000042840838000000000000000000000]
++660000000 +02   [107410000000030, 66.000000044703484000000000000000000000]
++670000000 +02   [107414000000031, 67.000000046566129000000000000000000000]
++680000000 +02   [107420000000032, 68.000000048428774000000000000000000000]
++690000000 +02   [107424000000033, 69.000000050291419000000000000000000000]
++700000000 +02   [107430000000034, 70.000000052154064000000000000000000000]
++710000000 +02   [107434000000035, 71.000000054016709000000000000000000000]
++720000000 +02   [107440000000036, 72.000000055879354000000000000000000000]
++730000000 +02   [107444000000037, 73.000000057742000000000000000000000000]
++740000000 +02   [107450000000040, 74.000000059604645000000000000000000000]
++750000000 +02   [107454000000041, 75.000000061467290000000000000000000000]
++760000000 +02   [107460000000042, 76.000000063329935000000000000000000000]
++770000000 +02   [107464000000043, 77.000000065192580000000000000000000000]
++780000000 +02   [107470000000044, 78.000000067055225000000000000000000000]
++790000000 +02   [107474000000045, 79.000000068917871000000000000000000000]
++800000000 +02   [107500000000046, 80.000000070780516000000000000000000000]
++810000000 +02   [107504000000047, 81.000000072643161000000000000000000000]
++820000000 +02   [107510000000050, 82.000000074505806000000000000000000000]
++830000000 +02   [107514000000051, 83.000000076368451000000000000000000000]
++840000000 +02   [107520000000052, 84.000000078231096000000000000000000000]
++850000000 +02   [107524000000053, 85.000000080093741000000000000000000000]
++860000000 +02   [107530000000054, 86.000000081956387000000000000000000000]
++870000000 +02   [107534000000055, 87.000000083819032000000000000000000000]
++880000000 +02   [107540000000056, 88.000000085681677000000000000000000000]
++890000000 +02   [107544000000057, 89.000000087544322000000000000000000000]
++900000000 +02   [107550000000060, 90.000000089406967000000000000000000000]
++910000000 +02   [107554000000061, 91.000000091269612000000000000000000000]
++920000000 +02   [107560000000062, 92.000000093132257000000000000000000000]
++930000000 +02   [107564000000063, 93.000000094994903000000000000000000000]
++940000001 +02   [107570000000064, 94.000000096857548000000000000000000000]
++950000001 +02   [107574000000065, 95.000000098720193000000000000000000000]
++960000001 +02   [107600000000066, 96.000000100582838000000000000000000000]
++970000001 +02   [107604000000067, 97.000000102445483000000000000000000000]
++980000001 +02   [107610000000070, 98.000000104308128000000000000000000000]
++990000001 +02   [107614000000071, 99.000000106170774000000000000000000000]
++100000000 +03   [107620000000072, 100.000000108033420000000000000000000000]
++100000000 +02   [104500000000027, 10.000000005355105000000000000000000000]
++200000000 +01   [102400000000000, 2.000000000000000000000000000000000000]
++300000000 +01   [102600000000001, 3.000000000058207700000000000000000000]
++500000000 +01   [103500000000001, 5.000000000116415300000000000000000000]
++700000000 +01   [103700000000003, 7.000000000349246000000000000000000000]
++110000000 +02   [104540000000005, 11.000000001164153000000000000000000000]
++130000000 +02   [104640000000007, 13.000000001629815000000000000000000000]
++170000000 +02   [105420000000006, 17.000000002793968000000000000000000000]
++190000000 +02   [105460000000010, 19.000000003725290000000000000000000000]
++230000000 +02   [105560000000014, 23.000000005587935000000000000000000000]
++290000000 +02   [105720000000022, 29.000000008381903000000000000000000000]
++310000000 +02   [105760000000024, 31.000000009313226000000000000000000000]
++370000000 +02   [106450000000020, 37.000000014901161000000000000000000000]
++410000000 +02   [106510000000024, 41.000000018626451000000000000000000000]
++430000000 +02   [106530000000026, 43.000000020489097000000000000000000000]
++470000000 +02   [106570000000032, 47.000000024214387000000000000000000000]
++530000000 +02   [106650000000040, 53.000000029802322000000000000000000000]
++590000000 +02   [106730000000046, 59.000000035390258000000000000000000000]
++610000000 +02   [106750000000050, 61.000000037252903000000000000000000000]
++670000000 +02   [107414000000031, 67.000000046566129000000000000000000000]
++710000000 +02   [107434000000035, 71.000000054016709000000000000000000000]
++730000000 +02   [107444000000037, 73.000000057742000000000000000000000000]
++790000000 +02   [107474000000045, 79.000000068917871000000000000000000000]
++830000000 +02   [107514000000051, 83.000000076368451000000000000000000000]
++890000000 +02   [107544000000057, 89.000000087544322000000000000000000000]
++970000001 +02   [107604000000067, 97.000000102445483000000000000000000000]
