
M-20 simulator V4.0-0 Beta        git commit id: c317f685
Debug output to "primes1.txt"
LPT: creating new file
100:	0 00 0020 0000 0040
101:	0 52 0000 0000 0000
102:	1 00 0040 0000 1000
103:	0 01 0040 0021 0040
104:	1 12 0143 0102 0001
105:	0 52 0000 0000 0000
106:	4 00 1000 0000 0040
107:	0 50 2100 0000 0040
110:	0 70 0040 0000 0000
111:	1 12 0143 0106 0001
112:	0 44 0040 0000 0041
113:	0 50 2100 0000 0041
114:	0 70 0041 0000 0000
115:	0 52 0000 0003 0000
116:	1 00 0000 0000 1000
117:	1 12 0142 0116 0002
120:	0 52 0000 0005 0000
121:	1 00 0000 0000 1000
122:	1 12 0142 0121 0003
123:	0 52 0000 0011 0000
124:	1 00 0000 0000 1000
125:	1 12 0142 0124 0005
126:	0 52 0000 0015 0000
127:	1 00 0000 0000 1000
130:	1 12 0142 0127 0007
131:	0 52 0000 0001 0000
132:	4 00 1000 0000 0040
133:	0 15 0040 0000 0000
134:	0 36 0000 0137 0000
135:	0 50 2100 0000 0040
136:	0 70 0040 0000 0000
137:	1 12 0141 0132 0001

100:	[op=00 mod=0] пересылка                      0020, 0000, 0040
101:	[op=52 mod=0] изм_ра_по_адр                  0000, 0000, 0000
102:	[op=00 mod=1] пересылка                      0040, 0000, @+1000
103:	[op=01 mod=0] слож_он                        0040, 0021, 0040
104:	[op=12 mod=1] пер_если_ра_мнш_a1             0143, 0102, @+0001
105:	[op=52 mod=0] изм_ра_по_адр                  0000, 0000, 0000
106:	[op=00 mod=4] пересылка                      @+1000, 0000, 0040
107:	[op=50 mod=0] ввод_пред_050                  2100, 0000, 0040
110:	[op=70 mod=0] ввод_исп_070                   0040, 0000, 0000
111:	[op=12 mod=1] пер_если_ра_мнш_a1             0143, 0106, @+0001
112:	[op=44 mod=0] извл_кв_корня_о                0040, 0000, 0041
113:	[op=50 mod=0] ввод_пред_050                  2100, 0000, 0041
114:	[op=70 mod=0] ввод_исп_070                   0041, 0000, 0000
115:	[op=52 mod=0] изм_ра_по_адр                  0000, 0003, 0000
116:	[op=00 mod=1] пересылка                      0000, 0000, @+1000
117:	[op=12 mod=1] пер_если_ра_мнш_a1             0142, 0116, @+0002
120:	[op=52 mod=0] изм_ра_по_адр                  0000, 0005, 0000
121:	[op=00 mod=1] пересылка                      0000, 0000, @+1000
122:	[op=12 mod=1] пер_если_ра_мнш_a1             0142, 0121, @+0003
123:	[op=52 mod=0] изм_ра_по_адр                  0000, 0011, 0000
124:	[op=00 mod=1] пересылка                      0000, 0000, @+1000
125:	[op=12 mod=1] пер_если_ра_мнш_a1             0142, 0124, @+0005
126:	[op=52 mod=0] изм_ра_по_адр                  0000, 0015, 0000
127:	[op=00 mod=1] пересылка                      0000, 0000, @+1000
130:	[op=12 mod=1] пер_если_ра_мнш_a1             0142, 0127, @+0007
131:	[op=52 mod=0] изм_ра_по_адр                  0000, 0001, 0000
132:	[op=00 mod=4] пересылка                      @+1000, 0000, 0040
133:	[op=15 mod=0] сравн                          0040, 0000, 0000
134:	[op=36 mod=0] усл_пер_упр_по_w1              0000, 0137, 0000
135:	[op=50 mod=0] ввод_пред_050                  2100, 0000, 0040
136:	[op=70 mod=0] ввод_исп_070                   0040, 0000, 0000
137:	[op=12 mod=1] пер_если_ра_мнш_a1             0141, 0132, @+0001

20:	1 01 4000 0000 0000
21:	1 01 4000 0000 0000
22:	0 00 0000 0000 0144
23:	0 00 0000 0000 0000
24:	0 00 0000 0000 0000
25:	0 00 0000 0000 0000

30:	0 00 0000 0000 0000
31:	0 00 0000 0000 0000

Start

*** Command time profile stat ***
opcode=00   count=412        times=9888.00          avg_time=24.00             (пересылка)
opcode=01   count=100        times=2850.00          avg_time=28.50             (слож_он)
opcode=12   count=411        times=9864.00          avg_time=24.00             (пер_если_ра_мнш_a1)
opcode=15   count=97         times=2328.00          avg_time=24.00             (сравн)
opcode=36   count=97         times=2328.00          avg_time=24.00             (усл_пер_упр_по_w1)
opcode=44   count=1          times=275.00           avg_time=275.00            (извл_кв_корня_о)
opcode=50   count=126        times=3024.00          avg_time=24.00             (ввод_пред_050)
opcode=52   count=7          times=199.50           avg_time=28.50             (изм_ра_по_адр)
opcode=70   count=126        times=6303024.00       avg_time=50024.00          (ввод_исп_070)
opcode=77   count=1          times=24.00            avg_time=24.00             (останов_077)
Summary:  times=6333804.50  count=1378  avg_time=4596.37
**********

primes1.simh-33> run

Останов, KRA: 0140 ([op=77 mod=0] останов_077                    0000, 0000, 0000)
M-20 event queue empty, time = 6333805, executing 50000 instructios/sec
Time:	6333805
1000:	1 01 4000 0000 0000
1001:	1 02 4000 0000 0000
1002:	1 02 6000 0000 0001
1003:	0 00 0000 0000 0000
1004:	1 03 5000 0000 0001
1005:	0 00 0000 0000 0000
1006:	1 03 7000 0000 0003
1007:	0 00 0000 0000 0000
1010:	0 00 0000 0000 0000
1011:	0 00 0000 0000 0000
1012:	1 04 5400 0000 0005
1013:	0 00 0000 0000 0000
1014:	1 04 6400 0000 0007
1015:	0 00 0000 0000 0000
1016:	0 00 0000 0000 0000
1017:	0 00 0000 0000 0000
1020:	1 05 4200 0000 0006
1021:	0 00 0000 0000 0000
1022:	1 05 4600 0000 0010
1023:	0 00 0000 0000 0000
1024:	0 00 0000 0000 0000
1025:	0 00 0000 0000 0000
1026:	1 05 5600 0000 0014
1027:	0 00 0000 0000 0000
1030:	0 00 0000 0000 0000
1031:	0 00 0000 0000 0000
1032:	0 00 0000 0000 0000
1033:	0 00 0000 0000 0000
1034:	1 05 7200 0000 0022
1035:	0 00 0000 0000 0000
1036:	1 05 7600 0000 0024
1037:	0 00 0000 0000 0000
1040:	0 00 0000 0000 0000
1041:	0 00 0000 0000 0000
1042:	0 00 0000 0000 0000
1043:	0 00 0000 0000 0000
1044:	1 06 4500 0000 0020
1045:	0 00 0000 0000 0000
1046:	0 00 0000 0000 0000
1047:	0 00 0000 0000 0000
1050:	1 06 5100 0000 0024
1051:	0 00 0000 0000 0000
1052:	1 06 5300 0000 0026
1053:	0 00 0000 0000 0000
1054:	0 00 0000 0000 0000
1055:	0 00 0000 0000 0000
1056:	1 06 5700 0000 0032
1057:	0 00 0000 0000 0000
1060:	0 00 0000 0000 0000
1061:	0 00 0000 0000 0000
1062:	0 00 0000 0000 0000
1063:	0 00 0000 0000 0000
1064:	1 06 6500 0000 0040
1065:	0 00 0000 0000 0000
1066:	0 00 0000 0000 0000
1067:	0 00 0000 0000 0000
1070:	0 00 0000 0000 0000
1071:	0 00 0000 0000 0000
1072:	1 06 7300 0000 0046
1073:	0 00 0000 0000 0000
1074:	1 06 7500 0000 0050
1075:	0 00 0000 0000 0000
1076:	0 00 0000 0000 0000
1077:	0 00 0000 0000 0000
1100:	0 00 0000 0000 0000
1101:	0 00 0000 0000 0000
1102:	1 07 4140 0000 0031
1103:	0 00 0000 0000 0000
1104:	0 00 0000 0000 0000
1105:	0 00 0000 0000 0000
1106:	1 07 4340 0000 0035
1107:	0 00 0000 0000 0000
1110:	1 07 4440 0000 0037
1111:	0 00 0000 0000 0000
1112:	0 00 0000 0000 0000
1113:	0 00 0000 0000 0000
1114:	0 00 0000 0000 0000
1115:	0 00 0000 0000 0000
1116:	1 07 4740 0000 0045
1117:	0 00 0000 0000 0000
1120:	0 00 0000 0000 0000
1121:	0 00 0000 0000 0000
1122:	1 07 5140 0000 0051
1123:	0 00 0000 0000 0000
1124:	0 00 0000 0000 0000
1125:	0 00 0000 0000 0000
1126:	0 00 0000 0000 0000
1127:	0 00 0000 0000 0000
1130:	1 07 5440 0000 0057
1131:	0 00 0000 0000 0000
1132:	0 00 0000 0000 0000
1133:	0 00 0000 0000 0000
1134:	0 00 0000 0000 0000
1135:	0 00 0000 0000 0000
1136:	0 00 0000 0000 0000
1137:	0 00 0000 0000 0000
1140:	1 07 6040 0000 0067
1141:	0 00 0000 0000 0000
1142:	0 00 0000 0000 0000
1143:	0 00 0000 0000 0000

Goodbye
Debug output disabled
