
M-20 simulator V4.0-0 Beta        git commit id: cd799c9d
Debug output to "mt_format_debug.txt"
LPT: creating new file
MT: creating new file
MT: creating new file
MT: creating new file
MT: creating new file
200:	0 00 0000 0000 0001
201:	0 00 0000 0001 0100
202:	0 00 0000 0002 0200
203:	0 00 0000 0003 0300
204:	0 00 0000 0004 0400
205:	0 00 0000 0005 0500
206:	0 00 0000 0006 0600
207:	0 00 0000 0007 0700
210:	0 00 0000 0010 1000
211:	0 00 0000 0011 1100
212:	0 00 0000 0012 1200
213:	0 00 0000 0013 2000
214:	0 00 0000 0014 3000
215:	0 00 0000 0015 4000
216:	0 00 0000 0016 5000
217:	0 00 0000 0017 6000
220:	0 00 0000 0020 7000
221:	0 00 0000 0021 7777
222:	0 00 0000 0000 0001
223:	0 00 0000 0001 0100
224:	0 00 0000 0002 0200
225:	0 00 0000 0003 0300
226:	0 00 0000 0004 0400
227:	0 00 0000 0005 0500
230:	0 00 0000 0006 0600
231:	0 00 0000 0007 0700
232:	0 00 0000 0010 1000
233:	0 00 0000 0011 1100
234:	0 00 0000 0012 1200
235:	0 00 0000 0013 2000
236:	0 00 0000 0014 3000
237:	0 00 0000 0015 4000
240:	0 00 0000 0016 5000
241:	0 00 0000 0017 6000
242:	0 00 0000 0020 7000
243:	0 00 0000 0021 7777
244:	0 00 0000 0000 0000
245:	0 00 0000 0000 0000
246:	0 00 0000 0000 0000
247:	0 00 0000 0000 0000
250:	0 00 0000 0000 0000
251:	0 00 0000 0000 0000
252:	0 00 0000 0000 0000
253:	0 00 0000 0000 0000
254:	0 00 0000 0000 0000
255:	0 00 0000 0000 0000
256:	0 00 0000 0000 0000
257:	0 00 0000 0000 0000
260:	0 00 0000 0000 0000
261:	0 00 0000 0000 0000
262:	0 00 0000 0000 0000
263:	0 00 0000 0000 0000
264:	0 00 0000 0000 0000
265:	0 00 0000 0000 0000
266:	0 00 0000 0000 0000
267:	0 00 0000 0000 0000
270:	0 00 0000 0000 0000
271:	0 00 0000 0000 0000
272:	0 00 0000 0000 0000
273:	0 00 0000 0000 0000
274:	0 00 0000 0000 0000
275:	0 00 0000 0000 0000
276:	0 00 0000 0000 0000
277:	0 00 0000 0000 0000
300:	0 00 0000 0000 0000

1000:	0 52 0000 0000 0000
1001:	0 00 0000 0000 0103
1002:	0 53 0100 0103 0103
1003:	0 13 0103 0101 0103
1004:	2 13 0103 0200 0103
1005:	0 00 0103 0000 1006
1006:	0 00 0000 0000 0000
1007:	0 70 0000 0000 0000
1010:	0 00 0000 0000 0104
1011:	0 53 0100 0104 0104
1012:	0 13 0104 0102 0104
1013:	2 13 0104 0200 0104
1014:	0 00 0104 0000 1015
1015:	0 00 0000 0000 0000
1016:	0 70 0000 1021 0105
1017:	1 12 0021 1001 0001
1020:	0 77 0000 0000 0000
1021:	7 77 7777 7777 7777
1022:	0 00 0000 0000 0000
1023:	0 00 0000 0000 0000
1024:	0 00 0000 0000 0000
1025:	0 00 0000 0000 0000
1026:	0 00 0000 0000 0000
1027:	0 00 0000 0000 0000

1000:	[op=52 mod=0] изм_ра_по_адр                  0000, 0000, 0000
1001:	[op=00 mod=0] пересылка                      0000, 0000, 0103
1002:	[op=53 mod=0] слож_коп                       0100, 0103, 0103
1003:	[op=13 mod=0] слож_команд                    0103, 0101, 0103
1004:	[op=13 mod=2] слож_команд                    0103, @+0200, 0103
1005:	[op=00 mod=0] пересылка                      0103, 0000, 1006
1006:	[op=00 mod=0] пересылка                      0000, 0000, 0000
1007:	[op=70 mod=0] ввод_исп_070                   0000, 0000, 0000
1010:	[op=00 mod=0] пересылка                      0000, 0000, 0104
1011:	[op=53 mod=0] слож_коп                       0100, 0104, 0104
1012:	[op=13 mod=0] слож_команд                    0104, 0102, 0104
1013:	[op=13 mod=2] слож_команд                    0104, @+0200, 0104
1014:	[op=00 mod=0] пересылка                      0104, 0000, 1015
1015:	[op=00 mod=0] пересылка                      0000, 0000, 0000
1016:	[op=70 mod=0] ввод_исп_070                   0000, 1021, 0105
1017:	[op=12 mod=1] пер_если_ра_мнш_a1             0021, 1001, @+0001
1020:	[op=77 mod=0] останов_077                    0000, 0000, 0000
1021:	[op=77 mod=7] останов_077                    @-1, @-1, @-1
1022:	[op=00 mod=0] пересылка                      0000, 0000, 0000
1023:	[op=00 mod=0] пересылка                      0000, 0000, 0000
1024:	[op=00 mod=0] пересылка                      0000, 0000, 0000
1025:	[op=00 mod=0] пересылка                      0000, 0000, 0000
1026:	[op=00 mod=0] пересылка                      0000, 0000, 0000
1027:	[op=00 mod=0] пересылка                      0000, 0000, 0000

Start

*** Command time profile stat ***
opcode=00   count=72         times=1728.00          avg_time=24.00             (пересылка)
opcode=12   count=18         times=432.00           avg_time=24.00             (пер_если_ра_мнш_a1)
opcode=13   count=72         times=1728.00          avg_time=24.00             (слож_команд)
opcode=50   count=36         times=864.00           avg_time=24.00             (ввод_пред_050)
opcode=52   count=1          times=28.50            avg_time=28.50             (изм_ра_по_адр)
opcode=53   count=36         times=864.00           avg_time=24.00             (слож_коп)
opcode=70   count=36         times=2700911.16       avg_time=75025.31          (ввод_исп_070)
opcode=77   count=1          times=24.00            avg_time=24.00             (останов_077)
Summary:  times=2706579.66  count=272  avg_time=9950.66
**********


Останов, KRA: 1020 ([op=77 mod=0] останов_077                    0000, 0000, 0000)
M-20 event queue empty, time = 2706580, executing 50000 instructios/sec
Time:	2706580
200:	0 00 0000 0000 0001
201:	0 00 0000 0001 0100
202:	0 00 0000 0002 0200
203:	0 00 0000 0003 0300
204:	0 00 0000 0004 0400
205:	0 00 0000 0005 0500
206:	0 00 0000 0006 0600
207:	0 00 0000 0007 0700
210:	0 00 0000 0010 1000
211:	0 00 0000 0011 1100
212:	0 00 0000 0012 1200
213:	0 00 0000 0013 2000
214:	0 00 0000 0014 3000
215:	0 00 0000 0015 4000
216:	0 00 0000 0016 5000
217:	0 00 0000 0017 6000
220:	0 00 0000 0020 7000
221:	0 00 0000 0021 7777
222:	0 00 0000 0000 0001
223:	0 00 0000 0001 0100
224:	0 00 0000 0002 0200
225:	0 00 0000 0003 0300
226:	0 00 0000 0004 0400
227:	0 00 0000 0005 0500
230:	0 00 0000 0006 0600
231:	0 00 0000 0007 0700
232:	0 00 0000 0010 1000
233:	0 00 0000 0011 1100
234:	0 00 0000 0012 1200
235:	0 00 0000 0013 2000
236:	0 00 0000 0014 3000
237:	0 00 0000 0015 4000
240:	0 00 0000 0016 5000
241:	0 00 0000 0017 6000
242:	0 00 0000 0020 7000
243:	0 00 0000 0021 7777
244:	0 00 0000 0000 0000
245:	0 00 0000 0000 0000
246:	0 00 0000 0000 0000
247:	0 00 0000 0000 0000
250:	0 00 0000 0000 0000
251:	0 00 0000 0000 0000
252:	0 00 0000 0000 0000
253:	0 00 0000 0000 0000
254:	0 00 0000 0000 0000
255:	0 00 0000 0000 0000
256:	0 00 0000 0000 0000
257:	0 00 0000 0000 0000
260:	0 00 0000 0000 0000
261:	0 00 0000 0000 0000
262:	0 00 0000 0000 0000
263:	0 00 0000 0000 0000
264:	0 00 0000 0000 0000
265:	0 00 0000 0000 0000
266:	0 00 0000 0000 0000
267:	0 00 0000 0000 0000
270:	0 00 0000 0000 0000
271:	0 00 0000 0000 0000
272:	0 00 0000 0000 0000
273:	0 00 0000 0000 0000
274:	0 00 0000 0000 0000
275:	0 00 0000 0000 0000
276:	0 00 0000 0000 0000
277:	0 00 0000 0000 0000
300:	0 00 0000 0000 0000

30:	0 00 0000 0000 0000
31:	0 00 0000 0000 0000
Goodbye
Debug output disabled
