
M-20 simulator V4.0-0 Beta        git commit id: cd799c9d
strela_1964.simh-1> * Загрузка ИС-2 и расчет фунции Лапласа
Unknown command
strela_1964.simh-2> * (использует готовые образы МБ из is2_build)
Unknown command
strela_1964.simh-3> * Источник: сборник научных трудов N50, 1964, МО СССР
Unknown command
Debug output to "strela_1964_debug.txt"
LPT: creating new file

100:	0 72 5075 3412 1727
101:	0 74 6314 6314 6315
102:	0 75 6314 6314 6315
103:	0 77 4631 4631 4632
104:	1 00 7146 3146 3146
105:	1 01 4314 6314 6315
106:	1 01 6000 0000 0000
107:	1 02 4000 0000 0000
110:	1 02 6000 0000 0000
111:	1 02 7000 0000 0000
112:	1 03 4000 0000 0000
113:	1 03 4400 0000 0000
114:	1 03 5000 0000 0000
115:	1 03 6000 0000 0000
116:	1 03 7000 0000 0000

200:	0 71 5404 5266 0153
201:	0 73 6705 6543 4206
202:	0 74 6703 6756 3602
203:	0 76 5103 1312 2572
204:	0 77 7231 0154 6243
205:	1 00 4253 4245 6346
206:	1 00 5403 3145 0556
207:	1 00 6451 4730 4074
210:	1 00 7517 6244 1257
211:	1 00 7665 2237 4510
212:	1 00 7743 3217 0204
213:	1 00 7766 1266 5350
214:	1 00 7774 7454 7626
215:	1 00 7777 6227 4533
216:	1 00 7777 7715 5262

300:	1 00 4234 2332 4400
301:	1 01 4000 0000 0000
302:	2 00 0000 0000 0000
303:	1 00 0000 0000 0000
304:	1 00 0000 0000 0000
305:	1 00 0000 0000 0000
306:	1 00 0000 0000 0000
307:	1 00 0000 0000 0000
310:	1 00 0000 0000 0000
311:	1 00 0000 0000 0000
312:	1 00 0000 0000 0000
313:	1 00 0000 0000 0000

400:	2 00 0000 0000 0000
401:	3 06 4353 4532 2102
402:	1 04 5357 6476 1502
403:	3 01 7035 6440 6576
404:	0 73 6371 6137 3221
405:	0 72 7106 1034 2303
406:	3 07 4111 5116 2535
407:	1 05 5051 3315 7446
410:	3 04 4117 4140 3225
411:	1 01 6310 1067 3724
412:	2 77 4273 7345 4724
413:	0 73 6242 4224 7300
414:	1 00 0000 0000 0000
415:	1 00 0000 0000 0000
416:	1 01 4000 0000 0000
417:	1 00 0000 0000 0000
420:	1 00 0000 0000 0000
421:	1 00 0000 0000 0000
422:	1 00 0000 0000 0000
423:	1 00 0000 0000 0000
424:	1 00 0000 0000 0000
425:	1 00 0000 0000 0000
426:	1 00 0000 0000 0000
427:	1 00 0000 0000 0000
430:	1 00 0000 0000 0000
431:	1 00 0000 0000 0000
432:	1 00 0000 0000 0000
433:	1 00 0000 0000 0000
434:	1 00 0000 0000 0000
435:	1 00 0000 0000 0000
436:	1 00 0000 0000 0000
437:	1 00 0000 0000 0000
440:	1 00 0000 0000 0000
441:	1 00 0000 0000 0000
442:	1 00 0000 0000 0000

500:	2 00 0000 0000 0000
501:	1 01 4000 0000 0000
502:	1 00 4137 3375 1040
503:	2 75 5605 0753 4122
504:	1 00 4671 4307 7050
505:	2 73 4536 4741 5411
506:	2 75 5634 0353 7340
507:	1 00 4544 2641 6254
510:	0 72 5503 4530 0406
511:	0 74 5442 6416 2540
512:	1 00 6470 7363 2327
513:	0 73 4605 7406 7551
514:	1 00 7262 4536 4742
515:	1 00 0000 0000 0000
516:	1 00 0000 0000 0000
517:	1 00 0000 0000 0000
520:	1 00 0000 0000 0000
521:	1 00 0000 0000 0000
522:	1 00 0000 0000 0000
523:	1 00 0000 0000 0000

600:	0 00 0000 0000 0000
601:	0 00 0000 0000 0000
602:	0 00 0000 0000 0000
603:	0 00 0000 0000 0000
604:	0 00 0000 0000 0000
605:	0 00 0000 0000 0000

1000:	0 50 0013 7000 7767
1001:	0 70 7500 0000 0000
1002:	0 52 0000 0000 0000
1003:	4 00 0100 0000 0600
1004:	0 50 2100 0000 0600
1005:	0 70 0600 0000 0000
1006:	1 12 0016 1003 0001
1007:	0 00 0000 0000 0600
1010:	0 50 2100 0000 0600
1011:	0 70 0600 0000 0000
1012:	0 70 0600 0000 0000
1013:	0 70 0600 0000 0000
1014:	0 52 0000 0000 0000
1015:	4 00 0200 0000 0600
1016:	0 50 2100 0000 0600
1017:	0 70 0600 0000 0000
1020:	1 12 0016 1015 0001
1021:	0 00 0000 0000 0600
1022:	0 50 2100 0000 0600
1023:	0 70 0600 0000 0000
1024:	0 70 0600 0000 0000
1025:	0 70 0600 0000 0000
1026:	0 52 0000 0000 0000
1027:	2 05 0300 0100 0303
1030:	0 05 0303 0303 0304
1031:	0 63 0000 0304 0305
1032:	0 16 1033 7501 7610
1033:	0 75 0305 0003 0306
1034:	0 02 0301 0306 0307
1035:	0 44 0307 0000 0310
1036:	2 55 0302 0100 0311
1037:	0 63 0310 0000 0312
1040:	0 15 0311 0312 0313
1041:	0 00 0313 0000 0600
1042:	0 50 2100 0000 0600
1043:	0 70 0600 0000 0000
1044:	1 12 0016 1027 0001
1045:	0 00 0000 0000 0600
1046:	0 50 2100 0000 0600
1047:	0 70 0600 0000 0000
1050:	0 70 0600 0000 0000
1051:	0 70 0600 0000 0000
1052:	0 52 0000 0000 0000
1053:	4 63 0100 0000 0414
1054:	0 00 0414 0000 0417
1055:	0 05 0417 0417 0420
1056:	0 05 0417 0420 0421
1057:	0 05 0420 0420 0422
1060:	0 05 0417 0422 0423
1061:	0 05 0417 0401 0424
1062:	0 05 0420 0402 0425
1063:	0 05 0421 0403 0426
1064:	0 05 0422 0404 0427
1065:	0 05 0423 0405 0430
1066:	0 05 0417 0407 0431
1067:	0 05 0420 0410 0432
1070:	0 05 0421 0411 0433
1071:	0 05 0422 0412 0434
1072:	0 05 0423 0413 0435
1073:	0 00 0000 0000 0436
1074:	0 01 0424 0436 0436
1075:	0 01 0425 0436 0436
1076:	0 01 0426 0436 0436
1077:	0 01 0427 0436 0436
1100:	0 01 0430 0436 0436
1101:	0 00 0000 0000 0437
1102:	0 01 0406 0437 0437
1103:	0 01 0431 0437 0437
1104:	0 01 0432 0437 0437
1105:	0 01 0433 0437 0437
1106:	0 01 0434 0437 0437
1107:	0 01 0435 0437 0437
1110:	0 04 0436 0437 0440
1111:	2 55 0400 0100 0441
1112:	0 63 0440 0000 0442
1113:	0 15 0441 0442 0415
1114:	0 00 0415 0000 0600
1115:	0 50 2100 0000 0600
1116:	0 70 0600 0000 0000
1117:	1 12 0015 1053 0001
1120:	0 00 0416 0000 0600
1121:	0 50 2100 0000 0600
1122:	0 70 0600 0000 0000
1123:	0 00 0000 0000 0600
1124:	0 50 2100 0000 0600
1125:	0 70 0600 0000 0000
1126:	0 70 0600 0000 0000
1127:	0 70 0600 0000 0000
1130:	0 52 0000 0000 0000
1131:	4 63 0100 0000 0515
1132:	0 05 0502 0515 0517
1133:	2 55 0500 0100 0520
1134:	0 63 0517 0000 0521
1135:	0 15 0520 0521 0516
1136:	0 00 0516 0000 0600
1137:	0 50 2100 0000 0600
1140:	0 70 0600 0000 0000
1141:	1 12 0003 1131 0001
1142:	4 63 0100 0000 0515
1143:	0 05 0515 0515 0522
1144:	0 00 0505 0000 0523
1145:	0 05 0503 0522 0517
1146:	0 05 0504 0515 0520
1147:	0 01 0517 0523 0523
1150:	0 01 0520 0523 0523
1151:	2 55 0500 0100 0520
1152:	0 63 0523 0000 0521
1153:	0 15 0520 0521 0516
1154:	0 00 0516 0000 0600
1155:	0 50 2100 0000 0600
1156:	0 70 0600 0000 0000
1157:	1 12 0005 1142 0001
1160:	4 63 0100 0000 0515
1161:	0 05 0515 0515 0522
1162:	0 00 0510 0000 0523
1163:	0 05 0506 0522 0517
1164:	0 05 0507 0515 0520
1165:	0 01 0517 0523 0523
1166:	0 01 0520 0523 0523
1167:	2 55 0500 0100 0520
1170:	0 63 0523 0000 0521
1171:	0 15 0520 0521 0516
1172:	0 00 0516 0000 0600
1173:	0 50 2100 0000 0600
1174:	0 70 0600 0000 0000
1175:	1 12 0007 1160 0001
1176:	4 63 0100 0000 0515
1177:	0 05 0511 0515 0517
1200:	0 01 0517 0512 0523
1201:	2 55 0500 0100 0520
1202:	0 63 0523 0000 0521
1203:	0 15 0520 0521 0516
1204:	0 00 0516 0000 0600
1205:	0 50 2100 0000 0600
1206:	0 70 0600 0000 0000
1207:	1 12 0011 1176 0001
1210:	4 63 0100 0000 0515
1211:	0 05 0513 0515 0517
1212:	0 01 0517 0514 0523
1213:	2 55 0500 0100 0520
1214:	0 63 0523 0000 0521
1215:	0 15 0520 0521 0516
1216:	0 00 0516 0000 0600
1217:	0 50 2100 0000 0600
1220:	0 70 0600 0000 0000
1221:	1 12 0013 1210 0001
1222:	0 00 0501 0000 0600
1223:	0 50 2100 0000 0600
1224:	0 70 0600 0000 0000
1225:	0 70 0600 0000 0000
1226:	0 70 0600 0000 0000
1227:	0 77 0000 0000 0000
1230:	7 77 7777 7777 7777

1000:	[op=50 mod=0] ввод_пред_050                  0013, 7000, 7767
1001:	[op=70 mod=0] ввод_исп_070                   7500, 0000, 0000
1002:	[op=52 mod=0] изм_ра_по_адр                  0000, 0000, 0000
1003:	[op=00 mod=4] пересылка                      @+0100, 0000, 0600
1004:	[op=50 mod=0] ввод_пред_050                  2100, 0000, 0600
1005:	[op=70 mod=0] ввод_исп_070                   0600, 0000, 0000
1006:	[op=12 mod=1] пер_если_ра_мнш_a1             0016, 1003, @+0001
1007:	[op=00 mod=0] пересылка                      0000, 0000, 0600
1010:	[op=50 mod=0] ввод_пред_050                  2100, 0000, 0600
1011:	[op=70 mod=0] ввод_исп_070                   0600, 0000, 0000
1012:	[op=70 mod=0] ввод_исп_070                   0600, 0000, 0000
1013:	[op=70 mod=0] ввод_исп_070                   0600, 0000, 0000
1014:	[op=52 mod=0] изм_ра_по_адр                  0000, 0000, 0000
1015:	[op=00 mod=4] пересылка                      @+0200, 0000, 0600
1016:	[op=50 mod=0] ввод_пред_050                  2100, 0000, 0600
1017:	[op=70 mod=0] ввод_исп_070                   0600, 0000, 0000
1020:	[op=12 mod=1] пер_если_ра_мнш_a1             0016, 1015, @+0001
1021:	[op=00 mod=0] пересылка                      0000, 0000, 0600
1022:	[op=50 mod=0] ввод_пред_050                  2100, 0000, 0600
1023:	[op=70 mod=0] ввод_исп_070                   0600, 0000, 0000
1024:	[op=70 mod=0] ввод_исп_070                   0600, 0000, 0000
1025:	[op=70 mod=0] ввод_исп_070                   0600, 0000, 0000
1026:	[op=52 mod=0] изм_ра_по_адр                  0000, 0000, 0000
1027:	[op=05 mod=2] умнож_он                       0300, @+0100, 0303
1030:	[op=05 mod=0] умнож_он                       0303, 0303, 0304
1031:	[op=63 mod=0] вычит_мод                      0000, 0304, 0305
1032:	[op=16 mod=0] безусл_пер_упр_с_возв          1033, 7501, 7610
1033:	[op=75 mod=0] лог_слож                       0305, 0003, 0306
1034:	[op=02 mod=0] вычит_он                       0301, 0306, 0307
1035:	[op=44 mod=0] извл_кв_корня_о                0307, 0000, 0310
1036:	[op=55 mod=2] лог_умнож                      0302, @+0100, 0311
1037:	[op=63 mod=0] вычит_мод                      0310, 0000, 0312
1040:	[op=15 mod=0] сравн                          0311, 0312, 0313
1041:	[op=00 mod=0] пересылка                      0313, 0000, 0600
1042:	[op=50 mod=0] ввод_пред_050                  2100, 0000, 0600
1043:	[op=70 mod=0] ввод_исп_070                   0600, 0000, 0000
1044:	[op=12 mod=1] пер_если_ра_мнш_a1             0016, 1027, @+0001
1045:	[op=00 mod=0] пересылка                      0000, 0000, 0600
1046:	[op=50 mod=0] ввод_пред_050                  2100, 0000, 0600
1047:	[op=70 mod=0] ввод_исп_070                   0600, 0000, 0000
1050:	[op=70 mod=0] ввод_исп_070                   0600, 0000, 0000
1051:	[op=70 mod=0] ввод_исп_070                   0600, 0000, 0000
1052:	[op=52 mod=0] изм_ра_по_адр                  0000, 0000, 0000
1053:	[op=63 mod=4] вычит_мод                      @+0100, 0000, 0414
1054:	[op=00 mod=0] пересылка                      0414, 0000, 0417
1055:	[op=05 mod=0] умнож_он                       0417, 0417, 0420
1056:	[op=05 mod=0] умнож_он                       0417, 0420, 0421
1057:	[op=05 mod=0] умнож_он                       0420, 0420, 0422
1060:	[op=05 mod=0] умнож_он                       0417, 0422, 0423
1061:	[op=05 mod=0] умнож_он                       0417, 0401, 0424
1062:	[op=05 mod=0] умнож_он                       0420, 0402, 0425
1063:	[op=05 mod=0] умнож_он                       0421, 0403, 0426
1064:	[op=05 mod=0] умнож_он                       0422, 0404, 0427
1065:	[op=05 mod=0] умнож_он                       0423, 0405, 0430
1066:	[op=05 mod=0] умнож_он                       0417, 0407, 0431
1067:	[op=05 mod=0] умнож_он                       0420, 0410, 0432
1070:	[op=05 mod=0] умнож_он                       0421, 0411, 0433
1071:	[op=05 mod=0] умнож_он                       0422, 0412, 0434
1072:	[op=05 mod=0] умнож_он                       0423, 0413, 0435
1073:	[op=00 mod=0] пересылка                      0000, 0000, 0436
1074:	[op=01 mod=0] слож_он                        0424, 0436, 0436
1075:	[op=01 mod=0] слож_он                        0425, 0436, 0436
1076:	[op=01 mod=0] слож_он                        0426, 0436, 0436
1077:	[op=01 mod=0] слож_он                        0427, 0436, 0436
1100:	[op=01 mod=0] слож_он                        0430, 0436, 0436
1101:	[op=00 mod=0] пересылка                      0000, 0000, 0437
1102:	[op=01 mod=0] слож_он                        0406, 0437, 0437
1103:	[op=01 mod=0] слож_он                        0431, 0437, 0437
1104:	[op=01 mod=0] слож_он                        0432, 0437, 0437
1105:	[op=01 mod=0] слож_он                        0433, 0437, 0437
1106:	[op=01 mod=0] слож_он                        0434, 0437, 0437
1107:	[op=01 mod=0] слож_он                        0435, 0437, 0437
1110:	[op=04 mod=0] делен_о                        0436, 0437, 0440
1111:	[op=55 mod=2] лог_умнож                      0400, @+0100, 0441
1112:	[op=63 mod=0] вычит_мод                      0440, 0000, 0442
1113:	[op=15 mod=0] сравн                          0441, 0442, 0415
1114:	[op=00 mod=0] пересылка                      0415, 0000, 0600
1115:	[op=50 mod=0] ввод_пред_050                  2100, 0000, 0600
1116:	[op=70 mod=0] ввод_исп_070                   0600, 0000, 0000
1117:	[op=12 mod=1] пер_если_ра_мнш_a1             0015, 1053, @+0001
1120:	[op=00 mod=0] пересылка                      0416, 0000, 0600
1121:	[op=50 mod=0] ввод_пред_050                  2100, 0000, 0600
1122:	[op=70 mod=0] ввод_исп_070                   0600, 0000, 0000
1123:	[op=00 mod=0] пересылка                      0000, 0000, 0600
1124:	[op=50 mod=0] ввод_пред_050                  2100, 0000, 0600
1125:	[op=70 mod=0] ввод_исп_070                   0600, 0000, 0000
1126:	[op=70 mod=0] ввод_исп_070                   0600, 0000, 0000
1127:	[op=70 mod=0] ввод_исп_070                   0600, 0000, 0000
1130:	[op=52 mod=0] изм_ра_по_адр                  0000, 0000, 0000
1131:	[op=63 mod=4] вычит_мод                      @+0100, 0000, 0515
1132:	[op=05 mod=0] умнож_он                       0502, 0515, 0517
1133:	[op=55 mod=2] лог_умнож                      0500, @+0100, 0520
1134:	[op=63 mod=0] вычит_мод                      0517, 0000, 0521
1135:	[op=15 mod=0] сравн                          0520, 0521, 0516
1136:	[op=00 mod=0] пересылка                      0516, 0000, 0600
1137:	[op=50 mod=0] ввод_пред_050                  2100, 0000, 0600
1140:	[op=70 mod=0] ввод_исп_070                   0600, 0000, 0000
1141:	[op=12 mod=1] пер_если_ра_мнш_a1             0003, 1131, @+0001
1142:	[op=63 mod=4] вычит_мод                      @+0100, 0000, 0515
1143:	[op=05 mod=0] умнож_он                       0515, 0515, 0522
1144:	[op=00 mod=0] пересылка                      0505, 0000, 0523
1145:	[op=05 mod=0] умнож_он                       0503, 0522, 0517
1146:	[op=05 mod=0] умнож_он                       0504, 0515, 0520
1147:	[op=01 mod=0] слож_он                        0517, 0523, 0523
1150:	[op=01 mod=0] слож_он                        0520, 0523, 0523
1151:	[op=55 mod=2] лог_умнож                      0500, @+0100, 0520
1152:	[op=63 mod=0] вычит_мод                      0523, 0000, 0521
1153:	[op=15 mod=0] сравн                          0520, 0521, 0516
1154:	[op=00 mod=0] пересылка                      0516, 0000, 0600
1155:	[op=50 mod=0] ввод_пред_050                  2100, 0000, 0600
1156:	[op=70 mod=0] ввод_исп_070                   0600, 0000, 0000
1157:	[op=12 mod=1] пер_если_ра_мнш_a1             0005, 1142, @+0001
1160:	[op=63 mod=4] вычит_мод                      @+0100, 0000, 0515
1161:	[op=05 mod=0] умнож_он                       0515, 0515, 0522
1162:	[op=00 mod=0] пересылка                      0510, 0000, 0523
1163:	[op=05 mod=0] умнож_он                       0506, 0522, 0517
1164:	[op=05 mod=0] умнож_он                       0507, 0515, 0520
1165:	[op=01 mod=0] слож_он                        0517, 0523, 0523
1166:	[op=01 mod=0] слож_он                        0520, 0523, 0523
1167:	[op=55 mod=2] лог_умнож                      0500, @+0100, 0520
1170:	[op=63 mod=0] вычит_мод                      0523, 0000, 0521
1171:	[op=15 mod=0] сравн                          0520, 0521, 0516
1172:	[op=00 mod=0] пересылка                      0516, 0000, 0600
1173:	[op=50 mod=0] ввод_пред_050                  2100, 0000, 0600
1174:	[op=70 mod=0] ввод_исп_070                   0600, 0000, 0000
1175:	[op=12 mod=1] пер_если_ра_мнш_a1             0007, 1160, @+0001
1176:	[op=63 mod=4] вычит_мод                      @+0100, 0000, 0515
1177:	[op=05 mod=0] умнож_он                       0511, 0515, 0517
1200:	[op=01 mod=0] слож_он                        0517, 0512, 0523
1201:	[op=55 mod=2] лог_умнож                      0500, @+0100, 0520
1202:	[op=63 mod=0] вычит_мод                      0523, 0000, 0521
1203:	[op=15 mod=0] сравн                          0520, 0521, 0516
1204:	[op=00 mod=0] пересылка                      0516, 0000, 0600
1205:	[op=50 mod=0] ввод_пред_050                  2100, 0000, 0600
1206:	[op=70 mod=0] ввод_исп_070                   0600, 0000, 0000
1207:	[op=12 mod=1] пер_если_ра_мнш_a1             0011, 1176, @+0001
1210:	[op=63 mod=4] вычит_мод                      @+0100, 0000, 0515
1211:	[op=05 mod=0] умнож_он                       0513, 0515, 0517
1212:	[op=01 mod=0] слож_он                        0517, 0514, 0523
1213:	[op=55 mod=2] лог_умнож                      0500, @+0100, 0520
1214:	[op=63 mod=0] вычит_мод                      0523, 0000, 0521
1215:	[op=15 mod=0] сравн                          0520, 0521, 0516
1216:	[op=00 mod=0] пересылка                      0516, 0000, 0600
1217:	[op=50 mod=0] ввод_пред_050                  2100, 0000, 0600
1220:	[op=70 mod=0] ввод_исп_070                   0600, 0000, 0000
1221:	[op=12 mod=1] пер_если_ра_мнш_a1             0013, 1210, @+0001
1222:	[op=00 mod=0] пересылка                      0501, 0000, 0600
1223:	[op=50 mod=0] ввод_пред_050                  2100, 0000, 0600
1224:	[op=70 mod=0] ввод_исп_070                   0600, 0000, 0000
1225:	[op=70 mod=0] ввод_исп_070                   0600, 0000, 0000
1226:	[op=70 mod=0] ввод_исп_070                   0600, 0000, 0000
1227:	[op=77 mod=0] останов_077                    0000, 0000, 0000
1230:	[op=77 mod=7] останов_077                    @-1, @-1, @-1
Start

*** Command time profile stat ***
opcode=00   count=124        times=2976.00          avg_time=24.00             (пересылка)
opcode=01   count=241        times=6868.50          avg_time=28.50             (слож_он)
opcode=02   count=45         times=1282.50          avg_time=28.50             (вычит_он)
opcode=04   count=29         times=3958.50          avg_time=136.50            (делен_о)
opcode=05   count=366        times=25437.00         avg_time=69.50             (умнож_он)
opcode=06   count=15         times=922.50           avg_time=61.50             (слож_прдк_с_адр)
opcode=12   count=191        times=4584.00          avg_time=24.00             (пер_если_ра_мнш_a1)
opcode=13   count=55         times=1320.00          avg_time=24.00             (слож_команд)
opcode=14   count=121        times=9619.50          avg_time=79.50             (сдвиг_мант_по_адр)
opcode=15   count=45         times=1080.00          avg_time=24.00             (сравн)
opcode=16   count=157        times=3768.00          avg_time=24.00             (безусл_пер_упр_с_возв)
opcode=26   count=15         times=360.00           avg_time=24.00             (слож_прдк_с_прдк)
opcode=32   count=15         times=360.00           avg_time=24.00             (пер_если_ра_не_менш_a1)
opcode=33   count=112        times=2688.00          avg_time=24.00             (вычит_команд)
opcode=34   count=1          times=60.00            avg_time=60.00             (сдвиг_мант_по_прдк)
opcode=36   count=62         times=1488.00          avg_time=24.00             (усл_пер_упр_по_w1)
opcode=41   count=7          times=199.50           avg_time=28.50             (слож_о)
opcode=42   count=15         times=427.50           avg_time=28.50             (вычит_о)
opcode=44   count=15         times=4125.00          avg_time=275.00            (извл_кв_корня_о)
opcode=50   count=80         times=1920.00          avg_time=24.00             (ввод_пред_050)
opcode=51   count=2          times=48.00            avg_time=24.00             (пер_если_ра_мнш_a1_и_w0)
opcode=52   count=32         times=912.00           avg_time=28.50             (изм_ра_по_адр)
opcode=53   count=21         times=504.00           avg_time=24.00             (слож_коп)
opcode=54   count=16         times=1812.00          avg_time=113.25            (сдвиг_кода_по_адр)
opcode=55   count=112        times=2688.00          avg_time=24.00             (лог_умнож)
opcode=56   count=2          times=48.00            avg_time=24.00             (безусл_пер_упр)
opcode=62   count=21         times=598.50           avg_time=28.50             (вычит)
opcode=63   count=82         times=2337.00          avg_time=28.50             (вычит_мод)
opcode=70   count=90         times=4472160.03       avg_time=49690.67          (ввод_исп_070)
opcode=72   count=49         times=1396.50          avg_time=28.50             (изм_ра_по_коду)
opcode=74   count=2          times=84.00            avg_time=42.00             (сдвиг_кода_по_прдк)
opcode=75   count=30         times=720.00           avg_time=24.00             (лог_слож)
opcode=76   count=148        times=3552.00          avg_time=24.00             (усл_пер_упр_по_w0)
opcode=77   count=1          times=24.00            avg_time=24.00             (останов_077)
Summary:  times=4560328.53  count=2319  avg_time=1966.51
**********


Останов, KRA: 1227 ([op=77 mod=0] останов_077                    0000, 0000, 0000)
M-20 event queue empty, time = 4560329, executing 50000 instructios/sec
Time:	4560329
100:	0 72 5075 3412 1727
101:	0 74 6314 6314 6315
102:	0 75 6314 6314 6315
103:	0 77 4631 4631 4632
104:	1 00 7146 3146 3146
105:	1 01 4314 6314 6315
106:	1 01 6000 0000 0000
107:	1 02 4000 0000 0000
110:	1 02 6000 0000 0000
111:	1 02 7000 0000 0000
112:	1 03 4000 0000 0000
113:	1 03 4400 0000 0000
114:	1 03 5000 0000 0000
115:	1 03 6000 0000 0000
116:	1 03 7000 0000 0000

200:	0 71 5404 5266 0153
201:	0 73 6705 6543 4206
202:	0 74 6703 6756 3602
203:	0 76 5103 1312 2572
204:	0 77 7231 0154 6243
205:	1 00 4253 4245 6346
206:	1 00 5403 3145 0556
207:	1 00 6451 4730 4074
210:	1 00 7517 6244 1257
211:	1 00 7665 2237 4510
212:	1 00 7743 3217 0204
213:	1 00 7766 1266 5350
214:	1 00 7774 7454 7626
215:	1 00 7777 6227 4533
216:	1 00 7777 7715 5262

300:	1 00 4234 2332 4400
301:	1 01 4000 0000 0000
302:	2 00 0000 0000 0000
303:	1 02 7421 4176 3700
304:	1 04 7060 7440 3727
305:	3 04 7060 7440 3727
306:	0 54 5605 6757 1347
307:	1 00 7777 7764 3644
310:	1 00 7777 7772 1722
311:	0 00 0000 0000 0000
312:	1 00 7777 7772 1722
313:	1 00 7777 7772 1722

400:	2 00 0000 0000 0000
401:	3 06 4353 4532 2102
402:	1 04 5357 6476 1502
403:	3 01 7035 6440 6576
404:	0 73 6371 6137 3221
405:	0 72 7106 1034 2303
406:	3 07 4111 5116 2535
407:	1 05 5051 3315 7446
410:	3 04 4117 4140 3225
411:	1 01 6310 1067 3724
412:	2 77 4273 7345 4724
413:	0 73 6242 4224 7300
414:	1 03 6000 0000 0000
415:	1 00 7777 5246 1450
416:	1 01 4000 0000 0000
417:	1 03 6000 0000 0000
420:	1 06 4400 0000 0000
421:	1 10 6600 0000 0000
422:	1 13 5040 0000 0000
423:	1 15 7460 0000 0000
424:	3 10 6541 3007 3143
425:	1 11 6115 6345 7652
426:	3 11 5751 1223 5542
427:	1 06 4066 0364 3010
430:	1 07 6614 4440 6705
431:	1 07 7476 1064 7271
432:	3 11 4531 3554 3550
433:	1 11 5310 6736 6433
434:	3 11 5415 6632 4660
435:	1 10 5776 2205 2700
436:	3 06 7421 1125 2670
437:	3 06 7421 3537 3060
440:	1 00 7777 5246 1450
441:	0 00 0000 0000 0000
442:	1 00 7777 5246 1450

500:	2 00 0000 0000 0000
501:	1 01 4000 0000 0000
502:	1 00 4137 3375 1040
503:	2 75 5605 0753 4122
504:	1 00 4671 4307 7050
505:	2 73 4536 4741 5411
506:	2 75 5634 0353 7340
507:	1 00 4544 2641 6254
510:	0 72 5503 4530 0406
511:	0 74 5442 6416 2540
512:	1 00 6470 7363 2327
513:	0 73 4605 7406 7551
514:	1 00 7262 4536 4742
515:	1 03 4400 0000 0000
516:	1 01 4004 5535 6307
517:	0 75 5266 5347 6526
520:	0 00 0000 0000 0000
521:	1 01 4004 5535 6307
522:	1 03 4000 0000 0000
523:	1 01 4004 5535 6307

600:	1 01 4000 0000 0000
601:	0 00 0000 0000 0000
602:	0 00 0000 0000 0000
603:	0 00 0000 0000 0000
604:	0 00 0000 0000 0000
605:	0 00 0000 0000 0000

1000:	0 50 0013 7000 7767
1001:	0 70 7500 0000 0000
1002:	0 52 0000 0000 0000
1003:	4 00 0100 0000 0600
1004:	0 50 2100 0000 0600
1005:	0 70 0600 0000 0000
1006:	1 12 0016 1003 0001
1007:	0 00 0000 0000 0600
1010:	0 50 2100 0000 0600
1011:	0 70 0600 0000 0000
1012:	0 70 0600 0000 0000
1013:	0 70 0600 0000 0000
1014:	0 52 0000 0000 0000
1015:	4 00 0200 0000 0600
1016:	0 50 2100 0000 0600
1017:	0 70 0600 0000 0000
1020:	1 12 0016 1015 0001
1021:	0 00 0000 0000 0600
1022:	0 50 2100 0000 0600
1023:	0 70 0600 0000 0000
1024:	0 70 0600 0000 0000
1025:	0 70 0600 0000 0000
1026:	0 52 0000 0000 0000
1027:	2 05 0300 0100 0303
1030:	0 05 0303 0303 0304
1031:	0 63 0000 0304 0305
1032:	0 16 1033 7477 7610
1033:	0 75 0305 0003 0306
1034:	0 02 0301 0306 0307
1035:	0 44 0307 0000 0310
1036:	2 55 0302 0100 0311
1037:	0 63 0310 0000 0312
1040:	0 15 0311 0312 0313
1041:	0 00 0313 0000 0600
1042:	0 50 2100 0000 0600
1043:	0 70 0600 0000 0000
1044:	1 12 0016 1027 0001
1045:	0 00 0000 0000 0600
1046:	0 50 2100 0000 0600
1047:	0 70 0600 0000 0000
1050:	0 70 0600 0000 0000
1051:	0 70 0600 0000 0000
1052:	0 52 0000 0000 0000
1053:	4 63 0100 0000 0414
1054:	0 00 0414 0000 0417
1055:	0 05 0417 0417 0420
1056:	0 05 0417 0420 0421
1057:	0 05 0420 0420 0422
1060:	0 05 0417 0422 0423
1061:	0 05 0417 0401 0424
1062:	0 05 0420 0402 0425
1063:	0 05 0421 0403 0426
1064:	0 05 0422 0404 0427
1065:	0 05 0423 0405 0430
1066:	0 05 0417 0407 0431
1067:	0 05 0420 0410 0432
1070:	0 05 0421 0411 0433
1071:	0 05 0422 0412 0434
1072:	0 05 0423 0413 0435
1073:	0 00 0000 0000 0436
1074:	0 01 0424 0436 0436
1075:	0 01 0425 0436 0436
1076:	0 01 0426 0436 0436
1077:	0 01 0427 0436 0436
1100:	0 01 0430 0436 0436
1101:	0 00 0000 0000 0437
1102:	0 01 0406 0437 0437
1103:	0 01 0431 0437 0437
1104:	0 01 0432 0437 0437
1105:	0 01 0433 0437 0437
1106:	0 01 0434 0437 0437
1107:	0 01 0435 0437 0437
1110:	0 04 0436 0437 0440
1111:	2 55 0400 0100 0441
1112:	0 63 0440 0000 0442
1113:	0 15 0441 0442 0415
1114:	0 00 0415 0000 0600
1115:	0 50 2100 0000 0600
1116:	0 70 0600 0000 0000
1117:	1 12 0015 1053 0001
1120:	0 00 0416 0000 0600
1121:	0 50 2100 0000 0600
1122:	0 70 0600 0000 0000
1123:	0 00 0000 0000 0600
1124:	0 50 2100 0000 0600
1125:	0 70 0600 0000 0000
1126:	0 70 0600 0000 0000
1127:	0 70 0600 0000 0000
1130:	0 52 0000 0000 0000
1131:	4 63 0100 0000 0515
1132:	0 05 0502 0515 0517
1133:	2 55 0500 0100 0520
1134:	0 63 0517 0000 0521
1135:	0 15 0520 0521 0516
1136:	0 00 0516 0000 0600
1137:	0 50 2100 0000 0600
1140:	0 70 0600 0000 0000
1141:	1 12 0003 1131 0001
1142:	4 63 0100 0000 0515
1143:	0 05 0515 0515 0522
1144:	0 00 0505 0000 0523
1145:	0 05 0503 0522 0517
1146:	0 05 0504 0515 0520
1147:	0 01 0517 0523 0523
1150:	0 01 0520 0523 0523
1151:	2 55 0500 0100 0520
1152:	0 63 0523 0000 0521
1153:	0 15 0520 0521 0516
1154:	0 00 0516 0000 0600
1155:	0 50 2100 0000 0600
1156:	0 70 0600 0000 0000
1157:	1 12 0005 1142 0001
1160:	4 63 0100 0000 0515
1161:	0 05 0515 0515 0522
1162:	0 00 0510 0000 0523
1163:	0 05 0506 0522 0517
1164:	0 05 0507 0515 0520
1165:	0 01 0517 0523 0523
1166:	0 01 0520 0523 0523
1167:	2 55 0500 0100 0520
1170:	0 63 0523 0000 0521
1171:	0 15 0520 0521 0516
1172:	0 00 0516 0000 0600
1173:	0 50 2100 0000 0600
1174:	0 70 0600 0000 0000
1175:	1 12 0007 1160 0001
1176:	4 63 0100 0000 0515
1177:	0 05 0511 0515 0517
1200:	0 01 0517 0512 0523
1201:	2 55 0500 0100 0520
1202:	0 63 0523 0000 0521
1203:	0 15 0520 0521 0516
1204:	0 00 0516 0000 0600
1205:	0 50 2100 0000 0600
1206:	0 70 0600 0000 0000
1207:	1 12 0011 1176 0001
1210:	4 63 0100 0000 0515
1211:	0 05 0513 0515 0517
1212:	0 01 0517 0514 0523
1213:	2 55 0500 0100 0520
1214:	0 63 0523 0000 0521
1215:	0 15 0520 0521 0516
1216:	0 00 0516 0000 0600
1217:	0 50 2100 0000 0600
1220:	0 70 0600 0000 0000
1221:	1 12 0013 1210 0001
1222:	0 00 0501 0000 0600
1223:	0 50 2100 0000 0600
1224:	0 70 0600 0000 0000
1225:	0 70 0600 0000 0000
1226:	0 70 0600 0000 0000
1227:	0 77 0000 0000 0000
1230:	7 77 7777 7777 7777

1000:	[op=50 mod=0] ввод_пред_050                  0013, 7000, 7767
1001:	[op=70 mod=0] ввод_исп_070                   7500, 0000, 0000
1002:	[op=52 mod=0] изм_ра_по_адр                  0000, 0000, 0000
1003:	[op=00 mod=4] пересылка                      @+0100, 0000, 0600
1004:	[op=50 mod=0] ввод_пред_050                  2100, 0000, 0600
1005:	[op=70 mod=0] ввод_исп_070                   0600, 0000, 0000
1006:	[op=12 mod=1] пер_если_ра_мнш_a1             0016, 1003, @+0001
1007:	[op=00 mod=0] пересылка                      0000, 0000, 0600
1010:	[op=50 mod=0] ввод_пред_050                  2100, 0000, 0600
1011:	[op=70 mod=0] ввод_исп_070                   0600, 0000, 0000
1012:	[op=70 mod=0] ввод_исп_070                   0600, 0000, 0000
1013:	[op=70 mod=0] ввод_исп_070                   0600, 0000, 0000
1014:	[op=52 mod=0] изм_ра_по_адр                  0000, 0000, 0000
1015:	[op=00 mod=4] пересылка                      @+0200, 0000, 0600
1016:	[op=50 mod=0] ввод_пред_050                  2100, 0000, 0600
1017:	[op=70 mod=0] ввод_исп_070                   0600, 0000, 0000
1020:	[op=12 mod=1] пер_если_ра_мнш_a1             0016, 1015, @+0001
1021:	[op=00 mod=0] пересылка                      0000, 0000, 0600
1022:	[op=50 mod=0] ввод_пред_050                  2100, 0000, 0600
1023:	[op=70 mod=0] ввод_исп_070                   0600, 0000, 0000
1024:	[op=70 mod=0] ввод_исп_070                   0600, 0000, 0000
1025:	[op=70 mod=0] ввод_исп_070                   0600, 0000, 0000
1026:	[op=52 mod=0] изм_ра_по_адр                  0000, 0000, 0000
1027:	[op=05 mod=2] умнож_он                       0300, @+0100, 0303
1030:	[op=05 mod=0] умнож_он                       0303, 0303, 0304
1031:	[op=63 mod=0] вычит_мод                      0000, 0304, 0305
1032:	[op=16 mod=0] безусл_пер_упр_с_возв          1033, 7477, 7610
1033:	[op=75 mod=0] лог_слож                       0305, 0003, 0306
1034:	[op=02 mod=0] вычит_он                       0301, 0306, 0307
1035:	[op=44 mod=0] извл_кв_корня_о                0307, 0000, 0310
1036:	[op=55 mod=2] лог_умнож                      0302, @+0100, 0311
1037:	[op=63 mod=0] вычит_мод                      0310, 0000, 0312
1040:	[op=15 mod=0] сравн                          0311, 0312, 0313
1041:	[op=00 mod=0] пересылка                      0313, 0000, 0600
1042:	[op=50 mod=0] ввод_пред_050                  2100, 0000, 0600
1043:	[op=70 mod=0] ввод_исп_070                   0600, 0000, 0000
1044:	[op=12 mod=1] пер_если_ра_мнш_a1             0016, 1027, @+0001
1045:	[op=00 mod=0] пересылка                      0000, 0000, 0600
1046:	[op=50 mod=0] ввод_пред_050                  2100, 0000, 0600
1047:	[op=70 mod=0] ввод_исп_070                   0600, 0000, 0000
1050:	[op=70 mod=0] ввод_исп_070                   0600, 0000, 0000
1051:	[op=70 mod=0] ввод_исп_070                   0600, 0000, 0000
1052:	[op=52 mod=0] изм_ра_по_адр                  0000, 0000, 0000
1053:	[op=63 mod=4] вычит_мод                      @+0100, 0000, 0414
1054:	[op=00 mod=0] пересылка                      0414, 0000, 0417
1055:	[op=05 mod=0] умнож_он                       0417, 0417, 0420
1056:	[op=05 mod=0] умнож_он                       0417, 0420, 0421
1057:	[op=05 mod=0] умнож_он                       0420, 0420, 0422
1060:	[op=05 mod=0] умнож_он                       0417, 0422, 0423
1061:	[op=05 mod=0] умнож_он                       0417, 0401, 0424
1062:	[op=05 mod=0] умнож_он                       0420, 0402, 0425
1063:	[op=05 mod=0] умнож_он                       0421, 0403, 0426
1064:	[op=05 mod=0] умнож_он                       0422, 0404, 0427
1065:	[op=05 mod=0] умнож_он                       0423, 0405, 0430
1066:	[op=05 mod=0] умнож_он                       0417, 0407, 0431
1067:	[op=05 mod=0] умнож_он                       0420, 0410, 0432
1070:	[op=05 mod=0] умнож_он                       0421, 0411, 0433
1071:	[op=05 mod=0] умнож_он                       0422, 0412, 0434
1072:	[op=05 mod=0] умнож_он                       0423, 0413, 0435
1073:	[op=00 mod=0] пересылка                      0000, 0000, 0436
1074:	[op=01 mod=0] слож_он                        0424, 0436, 0436
1075:	[op=01 mod=0] слож_он                        0425, 0436, 0436
1076:	[op=01 mod=0] слож_он                        0426, 0436, 0436
1077:	[op=01 mod=0] слож_он                        0427, 0436, 0436
1100:	[op=01 mod=0] слож_он                        0430, 0436, 0436
1101:	[op=00 mod=0] пересылка                      0000, 0000, 0437
1102:	[op=01 mod=0] слож_он                        0406, 0437, 0437
1103:	[op=01 mod=0] слож_он                        0431, 0437, 0437
1104:	[op=01 mod=0] слож_он                        0432, 0437, 0437
1105:	[op=01 mod=0] слож_он                        0433, 0437, 0437
1106:	[op=01 mod=0] слож_он                        0434, 0437, 0437
1107:	[op=01 mod=0] слож_он                        0435, 0437, 0437
1110:	[op=04 mod=0] делен_о                        0436, 0437, 0440
1111:	[op=55 mod=2] лог_умнож                      0400, @+0100, 0441
1112:	[op=63 mod=0] вычит_мод                      0440, 0000, 0442
1113:	[op=15 mod=0] сравн                          0441, 0442, 0415
1114:	[op=00 mod=0] пересылка                      0415, 0000, 0600
1115:	[op=50 mod=0] ввод_пред_050                  2100, 0000, 0600
1116:	[op=70 mod=0] ввод_исп_070                   0600, 0000, 0000
1117:	[op=12 mod=1] пер_если_ра_мнш_a1             0015, 1053, @+0001
1120:	[op=00 mod=0] пересылка                      0416, 0000, 0600
1121:	[op=50 mod=0] ввод_пред_050                  2100, 0000, 0600
1122:	[op=70 mod=0] ввод_исп_070                   0600, 0000, 0000
1123:	[op=00 mod=0] пересылка                      0000, 0000, 0600
1124:	[op=50 mod=0] ввод_пред_050                  2100, 0000, 0600
1125:	[op=70 mod=0] ввод_исп_070                   0600, 0000, 0000
1126:	[op=70 mod=0] ввод_исп_070                   0600, 0000, 0000
1127:	[op=70 mod=0] ввод_исп_070                   0600, 0000, 0000
1130:	[op=52 mod=0] изм_ра_по_адр                  0000, 0000, 0000
1131:	[op=63 mod=4] вычит_мод                      @+0100, 0000, 0515
1132:	[op=05 mod=0] умнож_он                       0502, 0515, 0517
1133:	[op=55 mod=2] лог_умнож                      0500, @+0100, 0520
1134:	[op=63 mod=0] вычит_мод                      0517, 0000, 0521
1135:	[op=15 mod=0] сравн                          0520, 0521, 0516
1136:	[op=00 mod=0] пересылка                      0516, 0000, 0600
1137:	[op=50 mod=0] ввод_пред_050                  2100, 0000, 0600
1140:	[op=70 mod=0] ввод_исп_070                   0600, 0000, 0000
1141:	[op=12 mod=1] пер_если_ра_мнш_a1             0003, 1131, @+0001
1142:	[op=63 mod=4] вычит_мод                      @+0100, 0000, 0515
1143:	[op=05 mod=0] умнож_он                       0515, 0515, 0522
1144:	[op=00 mod=0] пересылка                      0505, 0000, 0523
1145:	[op=05 mod=0] умнож_он                       0503, 0522, 0517
1146:	[op=05 mod=0] умнож_он                       0504, 0515, 0520
1147:	[op=01 mod=0] слож_он                        0517, 0523, 0523
1150:	[op=01 mod=0] слож_он                        0520, 0523, 0523
1151:	[op=55 mod=2] лог_умнож                      0500, @+0100, 0520
1152:	[op=63 mod=0] вычит_мод                      0523, 0000, 0521
1153:	[op=15 mod=0] сравн                          0520, 0521, 0516
1154:	[op=00 mod=0] пересылка                      0516, 0000, 0600
1155:	[op=50 mod=0] ввод_пред_050                  2100, 0000, 0600
1156:	[op=70 mod=0] ввод_исп_070                   0600, 0000, 0000
1157:	[op=12 mod=1] пер_если_ра_мнш_a1             0005, 1142, @+0001
1160:	[op=63 mod=4] вычит_мод                      @+0100, 0000, 0515
1161:	[op=05 mod=0] умнож_он                       0515, 0515, 0522
1162:	[op=00 mod=0] пересылка                      0510, 0000, 0523
1163:	[op=05 mod=0] умнож_он                       0506, 0522, 0517
1164:	[op=05 mod=0] умнож_он                       0507, 0515, 0520
1165:	[op=01 mod=0] слож_он                        0517, 0523, 0523
1166:	[op=01 mod=0] слож_он                        0520, 0523, 0523
1167:	[op=55 mod=2] лог_умнож                      0500, @+0100, 0520
1170:	[op=63 mod=0] вычит_мод                      0523, 0000, 0521
1171:	[op=15 mod=0] сравн                          0520, 0521, 0516
1172:	[op=00 mod=0] пересылка                      0516, 0000, 0600
1173:	[op=50 mod=0] ввод_пред_050                  2100, 0000, 0600
1174:	[op=70 mod=0] ввод_исп_070                   0600, 0000, 0000
1175:	[op=12 mod=1] пер_если_ра_мнш_a1             0007, 1160, @+0001
1176:	[op=63 mod=4] вычит_мод                      @+0100, 0000, 0515
1177:	[op=05 mod=0] умнож_он                       0511, 0515, 0517
1200:	[op=01 mod=0] слож_он                        0517, 0512, 0523
1201:	[op=55 mod=2] лог_умнож                      0500, @+0100, 0520
1202:	[op=63 mod=0] вычит_мод                      0523, 0000, 0521
1203:	[op=15 mod=0] сравн                          0520, 0521, 0516
1204:	[op=00 mod=0] пересылка                      0516, 0000, 0600
1205:	[op=50 mod=0] ввод_пред_050                  2100, 0000, 0600
1206:	[op=70 mod=0] ввод_исп_070                   0600, 0000, 0000
1207:	[op=12 mod=1] пер_если_ра_мнш_a1             0011, 1176, @+0001
1210:	[op=63 mod=4] вычит_мод                      @+0100, 0000, 0515
1211:	[op=05 mod=0] умнож_он                       0513, 0515, 0517
1212:	[op=01 mod=0] слож_он                        0517, 0514, 0523
1213:	[op=55 mod=2] лог_умнож                      0500, @+0100, 0520
1214:	[op=63 mod=0] вычит_мод                      0523, 0000, 0521
1215:	[op=15 mod=0] сравн                          0520, 0521, 0516
1216:	[op=00 mod=0] пересылка                      0516, 0000, 0600
1217:	[op=50 mod=0] ввод_пред_050                  2100, 0000, 0600
1220:	[op=70 mod=0] ввод_исп_070                   0600, 0000, 0000
1221:	[op=12 mod=1] пер_если_ра_мнш_a1             0013, 1210, @+0001
1222:	[op=00 mod=0] пересылка                      0501, 0000, 0600
1223:	[op=50 mod=0] ввод_пред_050                  2100, 0000, 0600
1224:	[op=70 mod=0] ввод_исп_070                   0600, 0000, 0000
1225:	[op=70 mod=0] ввод_исп_070                   0600, 0000, 0000
1226:	[op=70 mod=0] ввод_исп_070                   0600, 0000, 0000
1227:	[op=77 mod=0] останов_077                    0000, 0000, 0000
1230:	[op=77 mod=7] останов_077                    @-1, @-1, @-1

Goodbye
Debug output disabled
