++100000000 -01   [072507534121727, 0.009999999999990905100000000000000000]
++500000000 -01   [074631463146315, 0.050000000000181899000000000000000000]
++100000000 +00   [075631463146315, 0.100000000000363800000000000000000000]
++300000000 +00   [077463146314632, 0.300000000002910380000000000000000000]
++900000000 +00   [100714631463146, 0.899999999994179230000000000000000000]
++110000000 +01   [101431463146315, 1.100000000005820800000000000000000000]
++150000000 +01   [101600000000000, 1.500000000000000000000000000000000000]
++200000000 +01   [102400000000000, 2.000000000000000000000000000000000000]
++300000000 +01   [102600000000000, 3.000000000000000000000000000000000000]
++350000000 +01   [102700000000000, 3.500000000000000000000000000000000000]
++400000000 +01   [103400000000000, 4.000000000000000000000000000000000000]
++450000000 +01   [103440000000000, 4.500000000000000000000000000000000000]
++500000000 +01   [103500000000000, 5.000000000000000000000000000000000000]
++600000000 +01   [103600000000000, 6.000000000000000000000000000000000000]
++700000000 +01   [103700000000000, 7.000000000000000000000000000000000000]
++000000000 +00   [000000000000000, 0.000000000000000000000000000000000000]
++000000000 +00   [000000000000000, 0.000000000000000000000000000000000000]
++000000000 +00   [000000000000000, 0.000000000000000000000000000000000000]
++538000000 -02   [071540452660153, 0.005379999999945539500000000000000000]
++269000000 -01   [073670565434206, 0.026899999999841384000000000000000000]
++537700000 -01   [074670367563602, 0.053770000000440632000000000000000000]
++160350000 +00   [076510313122572, 0.160349999998288690000000000000000000]
++456180000 +00   [077723101546243, 0.456180000001040750000000000000000000]
++541880000 +00   [100425342456346, 0.541880000004312020000000000000000000]
++688330000 +00   [100540331450556, 0.688330000004498290000000000000000000]
++822660000 +00   [100645147304074, 0.822660000005271290000000000000000000]
++956980000 +00   [100751762441257, 0.956980000002658930000000000000000000]
++981760000 +00   [100766522374510, 0.981759999995119870000000000000000000]
++993020000 +00   [100774332170204, 0.993019999994430690000000000000000000]
++997600000 +00   [100776612665350, 0.997600000002421440000000000000000000]
++999255000 +00   [100777474547626, 0.999255000002449380000000000000000000]
++999948000 +00   [100777762274533, 0.999947999996948060000000000000000000]
++999997000 +00   [100777777155262, 0.999997000006260350000000000000000000]
++000000000 +00   [000000000000000, 0.000000000000000000000000000000000000]
++000000000 +00   [000000000000000, 0.000000000000000000000000000000000000]
++000000000 +00   [000000000000000, 0.000000000000000000000000000000000000]
++538153879 -02   [071540536364333, 0.005381538790402373700000000000000000]
++269031286 -01   [073670617631373, 0.026903128598405601000000000000000000]
++537770582 -01   [074670425251135, 0.053777058227751695000000000000000000]
++160401635 +00   [076510401234311, 0.160401635603193430000000000000000000]
++457279177 +00   [077724201770473, 0.457279177811869890000000000000000000]
++543708372 +00   [100426301706331, 0.543708372293622230000000000000000000]
++691959334 +00   [100542220771572, 0.691959334450075400000000000000000000]
++828270584 +00   [100650046124033, 0.828270584737765600000000000000000000]
++962398566 +00   [100754577005032, 0.962398566683987160000000000000000000]
++985500911 +00   [100770447115233, 0.985500911643612200000000000000000000]
++995129545 +00   [100775403172466, 0.995129545073723420000000000000000000]
++998580094 +00   [100777213617357, 0.998580094179487790000000000000000000]
++999641424 +00   [100777642000675, 0.999641424932633530000000000000000000]
++999985176 +00   [100777774072363, 0.999985176880727520000000000000000000]
++999999656 +00   [100777777721722, 0.999999656603904440000000000000000000]
++000000000 +00   [000000000000000, 0.000000000000000000000000000000000000]
++000000000 +00   [000000000000000, 0.000000000000000000000000000000000000]
++000000000 +00   [000000000000000, 0.000000000000000000000000000000000000]
++538159905 -02   [071540540377652, 0.005381599058864594600000000000000000]
++269031144 -01   [073670617534640, 0.026903114470769651000000000000000000]
++537756771 -01   [074670417423171, 0.053775677101839392000000000000000000]
++160354462 +00   [076510317656546, 0.160354462823306680000000000000000000]
++456176121 +00   [077723077525141, 0.456176121493626850000000000000000000]
++541875513 +00   [100425341324202, 0.541875513299601150000000000000000000]
++688335007 +00   [100540332710675, 0.688335007944260720000000000000000000]
++822656440 +00   [100645146346327, 0.822656440883292820000000000000000000]
++956975253 +00   [100751761244167, 0.956975253167911430000000000000000000]
++981760131 +00   [100766522416245, 0.981760131733608430000000000000000000]
++993023585 +00   [100774333131351, 0.993023585193441250000000000000000000]
++997596998 +00   [100776612042452, 0.997596998378867280000000000000000000]
++999245377 +00   [100777472134210, 0.999245377373881640000000000000000000]
++999918353 +00   [100777752461450, 0.999918353394605220000000000000000000]
++100000000 +01   [101400000000000, 1.000000000000000000000000000000000000]
++000000000 +00   [000000000000000, 0.000000000000000000000000000000000000]
++000000000 +00   [000000000000000, 0.000000000000000000000000000000000000]
++000000000 +00   [000000000000000, 0.000000000000000000000000000000000000]
++523300000 -02   [071526746257341, 0.005232999999975618300000000000000000]
++261650000 -01   [073654537733232, 0.026165000000219152000000000000000000]
++523300000 -01   [074654537733232, 0.052330000000438304000000000000000000]
++156990000 +00   [076501407744364, 0.156990000003133900000000000000000000]
++455820000 +00   [077722604751434, 0.455820000002859160000000000000000000]
++541380000 +00   [100425137411453, 0.541379999995115210000000000000000000]
++687425000 +00   [100537754255527, 0.687424999996437690000000000000000000]
++822200000 +00   [100644756627754, 0.822199999995063990000000000000000000]
++956900000 +00   [100751735457732, 0.956900000019231810000000000000000000]
++978650000 +00   [100765043163405, 0.978650000019115400000000000000000000]
++993000000 +00   [100774324773720, 0.993000000016763810000000000000000000]
++100230000 +01   [101400455356307, 1.002300000021932600000000000000000000]
++100000000 +01   [101400000000000, 1.000000000000000000000000000000000000]
++100000000 +01   [101400000000000, 1.000000000000000000000000000000000000]
++100000000 +01   [101400000000000, 1.000000000000000000000000000000000000]
