
M-20 simulator V4.0-0 Beta        git commit id: cd799c9d

---VERSION
M-20 simulator V4.0-0 Beta
	Simulator Framework Capabilities:
		64b data
		32b addresses
		no Ethernet
		Idle/Throttling support is available
		Virtual Hard Disk (VHD) support
		RAW disk and CD/DVD ROM support
		FrontPanel API Version 1
	Host Platform:
		Compiler: Microsoft Visual C++ 16.00.40219.01
		Simulator Compiled: Jan  7 2016 at 15:00:57
		Memory Access: Little Endian
		Memory Pointer Size: 64 bits
		Large File (>2GB) support
		No RegEx support for EXPECT commands
		OS clock tick size (time taken by msleep(1)): 1ms
		OS: Windows: 
Microsoft Windows [Version 6.1.7601]
		Intel64 Family 6 Model 62 Stepping 4, GenuineIntel - AMD64-%PROCESSOR_ARCHITEW6432%

        git commit id: cd799c9d

---DEFAULT
E:\projects\3rd_party\private\stefankov\emulators\simh\v40-beta\sources\m-20

---ASYNC
Asynchronous I/O is not available in this simulator

---SERIAL
Serial devices:
 ser0	COM1 (\Device\Serial0)

---ETHERNET
ETH devices:
  network support not available in simulator

---REMOTE
Remote Console Input automatically continues after 30 seconds
Remote Console Command input is disabled

---CLOCKS
M-20 clock device is not specified, co-scheduling is unavailable

---CONFIGURATION
M-20 simulator configuration

CPU
	4096W, long  symbolic instruction name
CDR
	not attached, no input extended format 
CDP
	not attached, no output extended format 
LPT
	not attached, no new output format , no octal help format 
DRUM	3 units
  DRUM0	4096W, not attached
  DRUM1	4096W, not attached
  DRUM2	4096W, not attached
MT	4 units
  MT0	75KW, not attached
  MT1	75KW, not attached
  MT2	75KW, not attached
  MT3	75KW, not attached

---DEVICES
M-20 simulator configuration

CPU
CDR
CDP
LPT
DRUM	3 units
MT	4 units

---FEATURES
M-20 simulator configuration

CPU
CDR
CDP
LPT
DRUM	3 units
MT	4 units

---STATE
KRA:	0000
RK:	000000000000000
ROP:	00
RA:	0000
SMA:	0000
TSW:	0
RR:	000000000000000
RPU1:	000000000000000
RPU2:	000000000000000
RPU3:	000000000000000
RPU4:	000000000000000
PRINT_STAT_ON_BREAK:	1
RUN_MODE:	0
MOSU_MODE:	1
PRINT_SYS_STAT:	1
DIAG_PRINT:	0
DEBUG_DUMP_REGS:	0
DEBUG_DUMP_MEM:	0
DEBUG_DUMP_MODERM_MEM:	0
ENABLE_M20_PRINT_ASCII_TEXT:	0
DISABLE_IS2_TRACE:	0
MEMORY_45_CHECKING:	1
ENABLE_OPCODE_040_HACK:	0
ARITHMETIC_OP_DEBUG:	0
ROUND_ERROR_BITS_OFF:	1
ROUNDING_UP_ON:	0
USE_NEW_ADD:	0
USE_NEW_MULT:	0
USE_NEW_DIV:	0
USE_NEW_SQRT:	0
USE_ADD_SBST:	0

---MODIFIERS

CPU device SET commands:

set CPU SHORT_SYM_OPCODE      	
set CPU LONG_SYM_OPCODE       	
set CPU DEBUG                 	Enables debugging for device CPU
set CPU NODEBUG               	Disables debugging for device CPU

CDR device SET commands:

set CDR NOEXT                 	
set CDR EXTFMT                	
set CDR ENABLE                	Enables device CDR
set CDR DISABLE               	Disables device CDR
set CDR DEBUG                 	Enables debugging for device CDR
set CDR NODEBUG               	Disables debugging for device CDR

CDP device SET commands:

set CDP NOEXT                 	
set CDP EXTFMT                	
set CDP ENABLE                	Enables device CDP
set CDP DISABLE               	Disables device CDP
set CDP DEBUG                 	Enables debugging for device CDP
set CDP NODEBUG               	Disables debugging for device CDP

LPT device SET commands:

set LPT NONEWEXTFMT           	
set LPT NEWEXTFMT             	
set LPT NOOCTHELPFMT          	
set LPT OCTHELPFMT            	
set LPT ENABLE                	Enables device LPT
set LPT DISABLE               	Disables device LPT
set LPT DEBUG                 	Enables debugging for device LPT
set LPT NODEBUG               	Disables debugging for device LPT

DRUM device SET commands:

set DRUM ENABLE               	Enables device DRUM
set DRUM DISABLE              	Disables device DRUM
set DRUM DEBUG                	Enables debugging for device DRUM
set DRUM NODEBUG              	Disables debugging for device DRUM

MT device SET commands:

set MT ENABLE                 	Enables device MT
set MT DISABLE                	Disables device MT
set MT DEBUG                  	Enables debugging for device MT
set MT NODEBUG                	Disables debugging for device MT

TIMER device SET commands:

set TIMER DEBUG               	Enables debugging for device TIMER
set TIMER NODEBUG             	Disables debugging for device TIMER
set TIMER DEBUG=TRACE;IDLE;QUEUE;CALIB;TIME;THROT
                              	Enables specific debugging for device TIMER
set TIMER NODEBUG=TRACE;IDLE;QUEUE;CALIB;TIME;THROT
                              	Disables specific debugging for device TIMER

CON-TEL device SET commands:

set CON-TEL DEBUG             	Enables debugging for device CON-TEL
set CON-TEL NODEBUG           	Disables debugging for device CON-TEL
set CON-TEL DEBUG=TRC;XMT;RCV;RET;ASY;EXP;SND
                              	Enables specific debugging for device CON-TEL
set CON-TEL NODEBUG=TRC;XMT;RCV;RET;ASY;EXP;SND
                              	Disables specific debugging for device CON-TEL

---NAMES

---BREAK

---QUEUE
M-20 event queue empty, time = 0, executing 50000 instructios/sec

---TIME
Time:	0

---TH
Throttling disabled

---THROTTLE
Throttling disabled

Goodbye
