
M-20 simulator V4.0-0 Beta        git commit id: cd799c9d
Debug output to "is2_build_debug.txt"
LPT: creating new file
DRUM: creating new file
DRUM: creating new file
DRUM: creating new file
100:	0 50 0017 7000 7767
101:	0 70 7500 0000 0000
102:	0 52 0000 0000 0000
103:	0 00 0000 0000 0030
104:	4 07 7500 0030 0030
105:	1 12 0267 0104 0001
106:	0 50 2500 0000 0030
107:	0 70 0030 0000 0000
110:	0 50 0017 7600 7277
111:	0 70 7200 0000 0000
112:	0 52 0000 0000 0000
113:	0 00 0000 0000 0030
114:	4 07 7200 0030 0030
115:	1 12 0077 0114 0001
116:	0 50 2500 0000 0030
117:	0 70 0030 0000 0000
120:	0 50 0017 0400 0424
121:	0 70 0400 0000 0000
122:	0 52 0000 0000 0000
123:	0 00 0000 0000 0030
124:	4 07 0400 0030 0030
125:	1 12 0024 0124 0001
126:	0 50 2500 0000 0030
127:	0 70 0030 0000 0000
130:	0 50 0017 0440 0471
131:	0 70 0440 0000 0000
132:	0 52 0000 0000 0000
133:	0 00 0000 0000 0030
134:	4 07 0440 0030 0030
135:	1 12 0071 0134 0001
136:	0 50 2500 0000 0030
137:	0 70 0030 0000 0000
140:	0 50 0017 0500 0535
141:	0 70 0500 0000 0000
142:	0 52 0000 0000 0000
143:	0 00 0000 0000 0030
144:	4 07 0500 0030 0030
145:	1 12 0035 0144 0001
146:	0 50 2500 0000 0030
147:	0 70 0030 0000 0000
150:	0 50 0017 0550 0661
151:	0 70 0550 0000 0000
152:	0 52 0000 0000 0000
153:	0 00 0000 0000 0030
154:	4 07 0550 0030 0030
155:	1 12 0121 0154 0001
156:	0 50 2500 0000 0030
157:	0 70 0030 0000 0000
160:	0 50 0017 0700 0726
161:	0 70 0700 0000 0000
162:	0 52 0000 0000 0000
163:	0 00 0000 0000 0030
164:	4 07 0700 0030 0030
165:	1 12 0026 0164 0001
166:	0 50 2500 0000 0030
167:	0 70 0030 0000 0000
170:	0 50 0017 0740 0765
171:	0 70 0740 0000 0000
172:	0 52 0000 0000 0000
173:	0 00 0000 0000 0030
174:	4 07 0740 0030 0030
175:	1 12 0025 0174 0001
176:	0 50 2500 0000 0030
177:	0 70 0030 0000 0000
200:	0 50 0017 1000 1015
201:	0 70 1000 0000 0000
202:	0 52 0000 0000 0000
203:	0 00 0000 0000 0030
204:	4 07 1000 0030 0030
205:	1 12 0015 0204 0001
206:	0 50 2500 0000 0030
207:	0 70 0030 0000 0000
210:	0 50 0017 1030 1054
211:	0 70 1030 0000 0000
212:	0 52 0000 0000 0000
213:	0 00 0000 0000 0030
214:	4 07 1030 0030 0030
215:	1 12 0024 0214 0001
216:	0 50 2500 0000 0030
217:	0 70 0030 0000 0000
220:	0 50 0017 1070 1122
221:	0 70 1070 0000 0000
222:	0 52 0000 0000 0000
223:	0 00 0000 0000 0030
224:	4 07 1070 0030 0030
225:	1 12 0032 0224 0001
226:	0 50 2500 0000 0030
227:	0 70 0030 0000 0000
230:	0 50 0017 1140 1165
231:	0 70 1140 0000 0000
232:	0 52 0000 0000 0000
233:	0 00 0000 0000 0030
234:	4 07 1140 0030 0030
235:	1 12 0025 0234 0001
236:	0 50 2500 0000 0030
237:	0 70 0030 0000 0000
240:	0 50 0017 1200 1263
241:	0 70 1200 0000 0000
242:	0 52 0000 0000 0000
243:	0 00 0000 0000 0030
244:	4 07 1200 0030 0030
245:	1 12 0063 0244 0001
246:	0 50 2500 0000 0030
247:	0 70 0030 0000 0000
250:	0 50 0017 1310 1334
251:	0 70 1310 0000 0000
252:	0 52 0000 0000 0000
253:	0 00 0000 0000 0030
254:	4 07 1310 0030 0030
255:	1 12 0024 0254 0001
256:	0 50 2500 0000 0030
257:	0 70 0030 0000 0000
260:	0 50 0017 1350 1376
261:	0 70 1350 0000 0000
262:	0 52 0000 0000 0000
263:	0 00 0000 0000 0030
264:	4 07 1350 0030 0030
265:	1 12 0026 0264 0001
266:	0 50 2500 0000 0030
267:	0 70 0030 0000 0000
270:	0 50 0017 1410 1527
271:	0 70 1410 0000 0000
272:	0 52 0000 0000 0000
273:	0 00 0000 0000 0030
274:	4 07 1410 0030 0030
275:	1 12 0117 0274 0001
276:	0 50 2500 0000 0030
277:	0 70 0030 0000 0000
300:	0 50 0017 1540 1611
301:	0 70 1540 0000 0000
302:	0 52 0000 0000 0000
303:	0 00 0000 0000 0030
304:	4 07 1410 0030 0030
305:	1 12 0051 0304 0001
306:	0 50 2500 0000 0030
307:	0 70 0030 0000 0000
310:	0 50 0017 1630 1673
311:	0 70 1630 0000 0000
312:	0 52 0000 0000 0000
313:	0 00 0000 0000 0030
314:	4 07 1630 0030 0030
315:	1 12 0043 0314 0001
316:	0 50 2500 0000 0030
317:	0 70 0030 0000 0000
320:	0 77 0000 0000 0000
321:	0 17 7777 7777 7777
322:	0 00 0000 0000 0000
323:	0 00 0000 0000 0000
324:	0 00 0000 0000 0000
325:	0 00 0000 0000 0000
326:	0 00 0000 0000 0000
327:	0 00 0000 0000 0000
330:	0 00 0000 0000 0000
331:	0 00 0000 0000 0000
332:	0 00 0000 0000 0000
333:	0 00 0000 0000 0000
334:	0 00 0000 0000 0000
335:	0 00 0000 0000 0000
336:	0 00 0000 0000 0000
337:	0 00 0000 0000 0000
340:	0 00 0000 0000 0000
341:	0 00 0000 0000 0000

100:	[op=50 mod=0] ввод_пред_050                  0017, 7000, 7767
101:	[op=70 mod=0] ввод_исп_070                   7500, 0000, 0000
102:	[op=52 mod=0] изм_ра_по_адр                  0000, 0000, 0000
103:	[op=00 mod=0] пересылка                      0000, 0000, 0030
104:	[op=07 mod=4] цикл_слож                      @+7500, 0030, 0030
105:	[op=12 mod=1] пер_если_ра_мнш_a1             0267, 0104, @+0001
106:	[op=50 mod=0] ввод_пред_050                  2500, 0000, 0030
107:	[op=70 mod=0] ввод_исп_070                   0030, 0000, 0000
110:	[op=50 mod=0] ввод_пред_050                  0017, 7600, 7277
111:	[op=70 mod=0] ввод_исп_070                   7200, 0000, 0000
112:	[op=52 mod=0] изм_ра_по_адр                  0000, 0000, 0000
113:	[op=00 mod=0] пересылка                      0000, 0000, 0030
114:	[op=07 mod=4] цикл_слож                      @+7200, 0030, 0030
115:	[op=12 mod=1] пер_если_ра_мнш_a1             0077, 0114, @+0001
116:	[op=50 mod=0] ввод_пред_050                  2500, 0000, 0030
117:	[op=70 mod=0] ввод_исп_070                   0030, 0000, 0000
120:	[op=50 mod=0] ввод_пред_050                  0017, 0400, 0424
121:	[op=70 mod=0] ввод_исп_070                   0400, 0000, 0000
122:	[op=52 mod=0] изм_ра_по_адр                  0000, 0000, 0000
123:	[op=00 mod=0] пересылка                      0000, 0000, 0030
124:	[op=07 mod=4] цикл_слож                      @+0400, 0030, 0030
125:	[op=12 mod=1] пер_если_ра_мнш_a1             0024, 0124, @+0001
126:	[op=50 mod=0] ввод_пред_050                  2500, 0000, 0030
127:	[op=70 mod=0] ввод_исп_070                   0030, 0000, 0000
130:	[op=50 mod=0] ввод_пред_050                  0017, 0440, 0471
131:	[op=70 mod=0] ввод_исп_070                   0440, 0000, 0000
132:	[op=52 mod=0] изм_ра_по_адр                  0000, 0000, 0000
133:	[op=00 mod=0] пересылка                      0000, 0000, 0030
134:	[op=07 mod=4] цикл_слож                      @+0440, 0030, 0030
135:	[op=12 mod=1] пер_если_ра_мнш_a1             0071, 0134, @+0001
136:	[op=50 mod=0] ввод_пред_050                  2500, 0000, 0030
137:	[op=70 mod=0] ввод_исп_070                   0030, 0000, 0000
140:	[op=50 mod=0] ввод_пред_050                  0017, 0500, 0535
141:	[op=70 mod=0] ввод_исп_070                   0500, 0000, 0000
142:	[op=52 mod=0] изм_ра_по_адр                  0000, 0000, 0000
143:	[op=00 mod=0] пересылка                      0000, 0000, 0030
144:	[op=07 mod=4] цикл_слож                      @+0500, 0030, 0030
145:	[op=12 mod=1] пер_если_ра_мнш_a1             0035, 0144, @+0001
146:	[op=50 mod=0] ввод_пред_050                  2500, 0000, 0030
147:	[op=70 mod=0] ввод_исп_070                   0030, 0000, 0000
150:	[op=50 mod=0] ввод_пред_050                  0017, 0550, 0661
151:	[op=70 mod=0] ввод_исп_070                   0550, 0000, 0000
152:	[op=52 mod=0] изм_ра_по_адр                  0000, 0000, 0000
153:	[op=00 mod=0] пересылка                      0000, 0000, 0030
154:	[op=07 mod=4] цикл_слож                      @+0550, 0030, 0030
155:	[op=12 mod=1] пер_если_ра_мнш_a1             0121, 0154, @+0001
156:	[op=50 mod=0] ввод_пред_050                  2500, 0000, 0030
157:	[op=70 mod=0] ввод_исп_070                   0030, 0000, 0000
160:	[op=50 mod=0] ввод_пред_050                  0017, 0700, 0726
161:	[op=70 mod=0] ввод_исп_070                   0700, 0000, 0000
162:	[op=52 mod=0] изм_ра_по_адр                  0000, 0000, 0000
163:	[op=00 mod=0] пересылка                      0000, 0000, 0030
164:	[op=07 mod=4] цикл_слож                      @+0700, 0030, 0030
165:	[op=12 mod=1] пер_если_ра_мнш_a1             0026, 0164, @+0001
166:	[op=50 mod=0] ввод_пред_050                  2500, 0000, 0030
167:	[op=70 mod=0] ввод_исп_070                   0030, 0000, 0000
170:	[op=50 mod=0] ввод_пред_050                  0017, 0740, 0765
171:	[op=70 mod=0] ввод_исп_070                   0740, 0000, 0000
172:	[op=52 mod=0] изм_ра_по_адр                  0000, 0000, 0000
173:	[op=00 mod=0] пересылка                      0000, 0000, 0030
174:	[op=07 mod=4] цикл_слож                      @+0740, 0030, 0030
175:	[op=12 mod=1] пер_если_ра_мнш_a1             0025, 0174, @+0001
176:	[op=50 mod=0] ввод_пред_050                  2500, 0000, 0030
177:	[op=70 mod=0] ввод_исп_070                   0030, 0000, 0000
200:	[op=50 mod=0] ввод_пред_050                  0017, 1000, 1015
201:	[op=70 mod=0] ввод_исп_070                   1000, 0000, 0000
202:	[op=52 mod=0] изм_ра_по_адр                  0000, 0000, 0000
203:	[op=00 mod=0] пересылка                      0000, 0000, 0030
204:	[op=07 mod=4] цикл_слож                      @+1000, 0030, 0030
205:	[op=12 mod=1] пер_если_ра_мнш_a1             0015, 0204, @+0001
206:	[op=50 mod=0] ввод_пред_050                  2500, 0000, 0030
207:	[op=70 mod=0] ввод_исп_070                   0030, 0000, 0000
210:	[op=50 mod=0] ввод_пред_050                  0017, 1030, 1054
211:	[op=70 mod=0] ввод_исп_070                   1030, 0000, 0000
212:	[op=52 mod=0] изм_ра_по_адр                  0000, 0000, 0000
213:	[op=00 mod=0] пересылка                      0000, 0000, 0030
214:	[op=07 mod=4] цикл_слож                      @+1030, 0030, 0030
215:	[op=12 mod=1] пер_если_ра_мнш_a1             0024, 0214, @+0001
216:	[op=50 mod=0] ввод_пред_050                  2500, 0000, 0030
217:	[op=70 mod=0] ввод_исп_070                   0030, 0000, 0000
220:	[op=50 mod=0] ввод_пред_050                  0017, 1070, 1122
221:	[op=70 mod=0] ввод_исп_070                   1070, 0000, 0000
222:	[op=52 mod=0] изм_ра_по_адр                  0000, 0000, 0000
223:	[op=00 mod=0] пересылка                      0000, 0000, 0030
224:	[op=07 mod=4] цикл_слож                      @+1070, 0030, 0030
225:	[op=12 mod=1] пер_если_ра_мнш_a1             0032, 0224, @+0001
226:	[op=50 mod=0] ввод_пред_050                  2500, 0000, 0030
227:	[op=70 mod=0] ввод_исп_070                   0030, 0000, 0000
230:	[op=50 mod=0] ввод_пред_050                  0017, 1140, 1165
231:	[op=70 mod=0] ввод_исп_070                   1140, 0000, 0000
232:	[op=52 mod=0] изм_ра_по_адр                  0000, 0000, 0000
233:	[op=00 mod=0] пересылка                      0000, 0000, 0030
234:	[op=07 mod=4] цикл_слож                      @+1140, 0030, 0030
235:	[op=12 mod=1] пер_если_ра_мнш_a1             0025, 0234, @+0001
236:	[op=50 mod=0] ввод_пред_050                  2500, 0000, 0030
237:	[op=70 mod=0] ввод_исп_070                   0030, 0000, 0000
240:	[op=50 mod=0] ввод_пред_050                  0017, 1200, 1263
241:	[op=70 mod=0] ввод_исп_070                   1200, 0000, 0000
242:	[op=52 mod=0] изм_ра_по_адр                  0000, 0000, 0000
243:	[op=00 mod=0] пересылка                      0000, 0000, 0030
244:	[op=07 mod=4] цикл_слож                      @+1200, 0030, 0030
245:	[op=12 mod=1] пер_если_ра_мнш_a1             0063, 0244, @+0001
246:	[op=50 mod=0] ввод_пред_050                  2500, 0000, 0030
247:	[op=70 mod=0] ввод_исп_070                   0030, 0000, 0000
250:	[op=50 mod=0] ввод_пред_050                  0017, 1310, 1334
251:	[op=70 mod=0] ввод_исп_070                   1310, 0000, 0000
252:	[op=52 mod=0] изм_ра_по_адр                  0000, 0000, 0000
253:	[op=00 mod=0] пересылка                      0000, 0000, 0030
254:	[op=07 mod=4] цикл_слож                      @+1310, 0030, 0030
255:	[op=12 mod=1] пер_если_ра_мнш_a1             0024, 0254, @+0001
256:	[op=50 mod=0] ввод_пред_050                  2500, 0000, 0030
257:	[op=70 mod=0] ввод_исп_070                   0030, 0000, 0000
260:	[op=50 mod=0] ввод_пред_050                  0017, 1350, 1376
261:	[op=70 mod=0] ввод_исп_070                   1350, 0000, 0000
262:	[op=52 mod=0] изм_ра_по_адр                  0000, 0000, 0000
263:	[op=00 mod=0] пересылка                      0000, 0000, 0030
264:	[op=07 mod=4] цикл_слож                      @+1350, 0030, 0030
265:	[op=12 mod=1] пер_если_ра_мнш_a1             0026, 0264, @+0001
266:	[op=50 mod=0] ввод_пред_050                  2500, 0000, 0030
267:	[op=70 mod=0] ввод_исп_070                   0030, 0000, 0000
270:	[op=50 mod=0] ввод_пред_050                  0017, 1410, 1527
271:	[op=70 mod=0] ввод_исп_070                   1410, 0000, 0000
272:	[op=52 mod=0] изм_ра_по_адр                  0000, 0000, 0000
273:	[op=00 mod=0] пересылка                      0000, 0000, 0030
274:	[op=07 mod=4] цикл_слож                      @+1410, 0030, 0030
275:	[op=12 mod=1] пер_если_ра_мнш_a1             0117, 0274, @+0001
276:	[op=50 mod=0] ввод_пред_050                  2500, 0000, 0030
277:	[op=70 mod=0] ввод_исп_070                   0030, 0000, 0000
300:	[op=50 mod=0] ввод_пред_050                  0017, 1540, 1611
301:	[op=70 mod=0] ввод_исп_070                   1540, 0000, 0000
302:	[op=52 mod=0] изм_ра_по_адр                  0000, 0000, 0000
303:	[op=00 mod=0] пересылка                      0000, 0000, 0030
304:	[op=07 mod=4] цикл_слож                      @+1410, 0030, 0030
305:	[op=12 mod=1] пер_если_ра_мнш_a1             0051, 0304, @+0001
306:	[op=50 mod=0] ввод_пред_050                  2500, 0000, 0030
307:	[op=70 mod=0] ввод_исп_070                   0030, 0000, 0000
310:	[op=50 mod=0] ввод_пред_050                  0017, 1630, 1673
311:	[op=70 mod=0] ввод_исп_070                   1630, 0000, 0000
312:	[op=52 mod=0] изм_ра_по_адр                  0000, 0000, 0000
313:	[op=00 mod=0] пересылка                      0000, 0000, 0030
314:	[op=07 mod=4] цикл_слож                      @+1630, 0030, 0030
315:	[op=12 mod=1] пер_если_ра_мнш_a1             0043, 0314, @+0001
316:	[op=50 mod=0] ввод_пред_050                  2500, 0000, 0030
317:	[op=70 mod=0] ввод_исп_070                   0030, 0000, 0000
320:	[op=77 mod=0] останов_077                    0000, 0000, 0000
321:	[op=17 mod=0] останов_017                    7777, 7777, 7777
322:	[op=00 mod=0] пересылка                      0000, 0000, 0000
323:	[op=00 mod=0] пересылка                      0000, 0000, 0000
324:	[op=00 mod=0] пересылка                      0000, 0000, 0000
325:	[op=00 mod=0] пересылка                      0000, 0000, 0000
326:	[op=00 mod=0] пересылка                      0000, 0000, 0000
327:	[op=00 mod=0] пересылка                      0000, 0000, 0000
330:	[op=00 mod=0] пересылка                      0000, 0000, 0000
331:	[op=00 mod=0] пересылка                      0000, 0000, 0000
332:	[op=00 mod=0] пересылка                      0000, 0000, 0000
333:	[op=00 mod=0] пересылка                      0000, 0000, 0000
334:	[op=00 mod=0] пересылка                      0000, 0000, 0000
335:	[op=00 mod=0] пересылка                      0000, 0000, 0000
336:	[op=00 mod=0] пересылка                      0000, 0000, 0000
337:	[op=00 mod=0] пересылка                      0000, 0000, 0000
340:	[op=00 mod=0] пересылка                      0000, 0000, 0000
341:	[op=00 mod=0] пересылка                      0000, 0000, 0000
Start

*** Command time profile stat ***
opcode=00   count=18         times=432.00           avg_time=24.00             (пересылка)
opcode=07   count=822        times=19728.00         avg_time=24.00             (цикл_слож)
opcode=12   count=822        times=19728.00         avg_time=24.00             (пер_если_ра_мнш_a1)
opcode=50   count=36         times=864.00           avg_time=24.00             (ввод_пред_050)
opcode=52   count=18         times=513.00           avg_time=28.50             (изм_ра_по_адр)
opcode=70   count=36         times=1620864.13       avg_time=45024.00          (ввод_исп_070)
opcode=77   count=1          times=24.00            avg_time=24.00             (останов_077)
Summary:  times=1662153.13  count=1753  avg_time=948.18
**********


Останов, KRA: 0320 ([op=77 mod=0] останов_077                    0000, 0000, 0000)
M-20 event queue empty, time = 1662154, executing 50000 instructios/sec
Time:	1662154
СП 5 (sin x)
400:	[op=16 mod=0] безусл_пер_упр_с_возв          2010, 7602, 7554
401:	[op=02 mod=1] вычит_он                       6220, 7732, @+5042
402:	[op=71 mod=2] пер_ра_не_мнш_a1_и_w1          7126, @+1700, 6042
403:	[op=75 mod=0] лог_слож                       5177, 7765, 5042
404:	[op=00 mod=3] пересылка                      4626, @+4106, @+7216
405:	[op=02 mod=1] вычит_он                       5063, 2736, @+0020
406:	[op=03 mod=3] вычит_мод_он                   5125, @+6747, @+0703
407:	[op=02 mod=1] вычит_он                       6220, 7732, @+5034
410:	[op=04 mod=0] делен_о                        0001, 2001, 0001
411:	[op=41 mod=0] слож_о                         0001, 7752, 0003
412:	[op=02 mod=0] вычит_он                       0003, 7752, 0002
413:	[op=02 mod=0] вычит_он                       0001, 0002, 0002
414:	[op=55 mod=0] лог_умнож                      0003, 7721, 0000
415:	[op=36 mod=0] усл_пер_упр_по_w1              2002, 2017, 0003
416:	[op=15 mod=0] сравн                          7712, 0002, 0002
417:	[op=05 mod=0] умнож_он                       0002, 0002, 0001
420:	[op=05 mod=0] умнож_он                       0001, 0003, 0003
421:	[op=01 mod=2] слож_он                        0003, @+2003, 0003
422:	[op=12 mod=1] пер_если_ра_мнш_a1             0004, 2020, @+0001
423:	[op=05 mod=0] умнож_он                       0003, 0002, 0001
424:	[op=16 mod=0] безусл_пер_упр_с_возв          7606, 7600, 7601

СП 13 (тест печати)
440:	[op=50 mod=0] ввод_пред_050                  0100, 0000, 2030
441:	[op=70 mod=0] ввод_исп_070                   2003, 0000, 0000
442:	[op=16 mod=0] безусл_пер_упр_с_возв          7610, 7600, 7601
443:	[op=21 mod=7] слож_н                         @+0421, @+0421, @+0421
444:	[op=42 mod=0] вычит_о                        1042, 1042, 1042
445:	[op=63 mod=7] вычит_мод                      @+1463, @+1463, @+1463
446:	[op=04 mod=0] делен_о                        2104, 2104, 2104
447:	[op=25 mod=7] умнож_н                        @+2525, @+2525, @+2525
450:	[op=46 mod=0] выч_адр_из_прдк                3146, 3146, 3146
451:	[op=67 mod=7] цикл_сдвиг                     @+3567, @+3567, @+3567
452:	[op=10 mod=0] ввод_пфк_останов               4210, 4210, 4210
453:	[op=31 mod=7] пер_если_ра_не_менш_a1_и_w1    @+4631, @+4631, @+4631
454:	[op=00 mod=0] пересылка                      0000, 0000, 0000
455:	[op=77 mod=7] останов_077                    @-1, @-1, @-1
456:	[op=77 mod=7] останов_077                    @-1, @-1, @-1
457:	[op=20 mod=2] выборка_с_КР                   0443, @+2126, 3611
460:	[op=01 mod=5] слож_он                        @+1064, 2547, @+4237
461:	[op=22 mod=2] вычит_н                        1505, @+3170, 4760
462:	[op=03 mod=5] вычит_мод_он                   @+2126, 3611, @+7401
463:	[op=24 mod=2] делен                          2547, @+4237, 0022
464:	[op=05 mod=5] умнож_он                       @+3170, 4760, @+0443
465:	[op=26 mod=2] слож_прдк_с_прдк               3611, @+7401, 1064
466:	[op=07 mod=5] цикл_слож                      @+4237, 0022, @+1505
467:	[op=30 mod=2] ввод_пфк                       4760, @+0443, 2126
470:	[op=11 mod=5] пер_если_ра_менш_a1_и_w1       @+7401, 1064, @+2547
471:	[op=00 mod=0] пересылка                      0000, 0000, 0000

СП 42 (перевод массива в двоичную систему)
500:	[op=16 mod=0] безусл_пер_упр_с_возв          2001, 7602, 7554
501:	[op=16 mod=0] безусл_пер_упр_с_возв          2002, 7611, 7554
502:	[op=72 mod=0] изм_ра_по_коду                 0000, 0002, 0000
503:	[op=00 mod=0] пересылка                      0000, 0000, 7625
504:	[op=00 mod=4] пересылка                      @+0000, 0000, 7604
505:	[op=52 mod=4] изм_ра_по_адр                  @+0001, 0000, 2026
506:	[op=55 mod=0] лог_умнож                      7604, 2033, 0003
507:	[op=41 mod=0] слож_о                         7625, 0003, 7625
510:	[op=05 mod=0] умнож_он                       7625, 7760, 7625
511:	[op=34 mod=0] сдвиг_мант_по_прдк             7760, 7604, 7604
512:	[op=12 mod=1] пер_если_ра_мнш_a1             0010, 2006, @+0001
513:	[op=55 mod=0] лог_умнож                      7604, 7711, 0000
514:	[op=36 mod=0] усл_пер_упр_по_w1              7760, 2016, 0003
515:	[op=04 mod=0] делен_о                        7761, 7760, 0003
516:	[op=54 mod=0] сдвиг_кода_по_адр              0056, 7604, 7604
517:	[op=72 mod=0] изм_ра_по_коду                 0000, 7604, 0000
520:	[op=05 mod=0] умнож_он                       7625, 2034, 7604
521:	[op=12 mod=1] пер_если_ра_мнш_a1             1777, 2025, @+0000
522:	[op=52 mod=2] изм_ра_по_адр                  0000, @+7100, 0000
523:	[op=05 mod=0] умнож_он                       0003, 7604, 7604
524:	[op=46 mod=0] выч_адр_из_прдк                0173, 7604, 0000
525:	[op=71 mod=1] пер_ра_не_мнш_a1_и_w1          0100, 2023, @-100
526:	[op=00 mod=0] пересылка                      0000, 0000, 0000
527:	[op=55 mod=1] лог_умнож                      7604, 2035, @-1
530:	[op=33 mod=0] вычит_команд                   0001, 2026, 0000
531:	[op=76 mod=0] усл_пер_упр_по_w0              0000, 2003, 0000
532:	[op=16 mod=0] безусл_пер_упр_с_возв          7610, 7600, 7601
533:	[op=00 mod=6] пересылка                      @+7400, @+0000, 0000
534:	[op=43 mod=1] вычит_мод_о                    6676, 3376, @+6356
535:	[op=77 mod=7] останов_077                    @-1, @-1, @-10

СП 27 (печать с десятичным переводом и сохранением двоичной записи)
550:	[op=50 mod=0] ввод_пред_050                  3300, 0000, 2111
551:	[op=70 mod=0] ввод_исп_070                   2062, 0000, 0000
552:	[op=16 mod=0] безусл_пер_упр_с_возв          2003, 7602, 7554
553:	[op=16 mod=0] безусл_пер_упр_с_возв          2004, 7611, 7554
554:	[op=72 mod=0] изм_ра_по_коду                 0030, 0002, 2033
555:	[op=55 mod=4] лог_умнож                      @+0000, 7730, 7607
556:	[op=05 mod=4] умнож_он                       @+0000, 2057, 7554
557:	[op=52 mod=4] изм_ра_по_адр                  @+0001, 0000, 2050
560:	[op=05 mod=0] умнож_он                       7554, 7760, 7554
561:	[op=51 mod=1] пер_если_ра_мнш_a1_и_w0        0024, 2010, @+0001
562:	[op=12 mod=1] пер_если_ра_мнш_a1             0002, 2012, @+0002
563:	[op=05 mod=0] умнож_он                       7554, 2057, 7554
564:	[op=31 mod=5] пер_если_ра_не_менш_a1_и_w1    @+0000, 2013, @+0001
565:	[op=06 mod=4] слож_прдк_с_адр                @+0073, 7607, 7607
566:	[op=32 mod=0] пер_если_ра_не_менш_a1         0017, 2015, 0013
567:	[op=15 mod=0] сравн                          7607, 7711, 7604
570:	[op=75 mod=0] лог_слож                       7554, 2055, 7554
571:	[op=41 mod=0] слож_о                         7554, 7711, 7554
572:	[op=65 mod=0] умнож                          7554, 2056, 7607
573:	[op=47 mod=0] вывод_мл_разрядов              0000, 0000, 7554
574:	[op=34 mod=0] сдвиг_мант_по_прдк             7760, 7604, 7604
575:	[op=13 mod=0] слож_команд                    7604, 7607, 7604
576:	[op=12 mod=1] пер_если_ра_мнш_a1             0023, 2022, @+0001
577:	[op=00 mod=0] пересылка                      7604, 0000, 0002
600:	[op=15 mod=0] сравн                          7721, 2027, 2027
601:	[op=55 mod=0] лог_умнож                      2027, 7721, 7607
602:	[op=33 mod=0] вычит_команд                   2053, 7607, 2045
603:	[op=52 mod=0] изм_ра_по_адр                  0000, 0030, 0000
604:	[op=33 mod=0] вычит_команд                   0001, 2050, 0000
605:	[op=36 mod=0] усл_пер_упр_по_w1              0000, 2045, 0000
606:	[op=55 mod=0] лог_умнож                      7721, 2027, 7607
607:	[op=76 mod=0] усл_пер_упр_по_w0              0000, 2050, 0000
610:	[op=52 mod=6] изм_ра_по_адр                  @+0002, @+0000, 2033
611:	[op=12 mod=1] пер_если_ра_мнш_a1             0774, 2044, @+0000
612:	[op=52 mod=2] изм_ра_по_адр                  0000, @+0000, 2033
613:	[op=15 mod=0] сравн                          2060, 2045, 2045
614:	[op=15 mod=0] сравн                          2060, 2045, 2045
615:	[op=50 mod=2] ввод_пред_050                  3100, @+0000, 0003
616:	[op=70 mod=0] ввод_исп_070                   0002, 0000, 0000
617:	[op=56 mod=0] безусл_пер_упр                 2054, 2050, 2027
620:	[op=52 mod=0] изм_ра_по_адр                  0000, 0000, 0000
621:	[op=76 mod=0] усл_пер_упр_по_w0              0000, 2005, 0000
622:	[op=16 mod=0] безусл_пер_упр_с_возв          7610, 7600, 7601
623:	[op=50 mod=2] ввод_пред_050                  3100, @+0000, 0003
624:	[op=00 mod=0] пересылка                      7604, 0000, 0002
625:	[op=00 mod=2] пересылка                      0000, @+0000, 0077
626:	[op=00 mod=1] пересылка                      0000, 0000, @+0012
627:	[op=75 mod=0] лог_слож                       6314, 6314, 6315
630:	[op=00 mod=0] пересылка                      0200, 0000, 0000
631:	[op=00 mod=0] пересылка                      0000, 0030, 0000
632:	[op=00 mod=0] пересылка                      0000, 0000, 0000
633:	[op=21 mod=7] слож_н                         @+0421, @+0421, @+0421
634:	[op=42 mod=0] вычит_о                        1042, 1042, 1042
635:	[op=63 mod=7] вычит_мод                      @+1463, @+1463, @+1463
636:	[op=04 mod=0] делен_о                        2104, 2104, 2104
637:	[op=25 mod=7] умнож_н                        @+2525, @+2525, @+2525
640:	[op=46 mod=0] выч_адр_из_прдк                3146, 3146, 3146
641:	[op=67 mod=7] цикл_сдвиг                     @+3567, @+3567, @+3567
642:	[op=10 mod=0] ввод_пфк_останов               4210, 4210, 4210
643:	[op=31 mod=7] пер_если_ра_не_менш_a1_и_w1    @+4631, @+4631, @+4631
644:	[op=77 mod=7] останов_077                    @-1, @-1, @-1
645:	[op=77 mod=7] останов_077                    @-1, @-1, @-1
646:	[op=20 mod=2] выборка_с_КР                   0443, @+2126, 3611
647:	[op=01 mod=5] слож_он                        @+1064, 2547, @+4237
650:	[op=22 mod=2] вычит_н                        1505, @+3170, 4760
651:	[op=03 mod=5] вычит_мод_он                   @+2126, 3611, @+7401
652:	[op=24 mod=2] делен                          2547, @+4237, 0022
653:	[op=05 mod=5] умнож_он                       @+3170, 4760, @+0443
654:	[op=26 mod=2] слож_прдк_с_прдк               3611, @+7401, 1064
655:	[op=07 mod=5] цикл_слож                      @+4237, 0022, @+1505
656:	[op=30 mod=2] ввод_пфк                       4760, @+0443, 2126
657:	[op=11 mod=5] пер_если_ра_менш_a1_и_w1       @+7401, 1064, @+2547
660:	[op=77 mod=7] останов_077                    @-1, @-1, @-1
661:	[op=77 mod=7] останов_077                    @-1, @-1, @-1

СП 02 (перевод 10 -> 2)
700:	[op=16 mod=0] безусл_пер_упр_с_возв          2004, 7602, 7554
701:	[op=00 mod=6] пересылка                      @+7400, @+0000, 0000
702:	[op=43 mod=1] вычит_мод_о                    6676, 3376, @+6356
703:	[op=77 mod=7] останов_077                    @-1, @-1, @-10
704:	[op=00 mod=0] пересылка                      0000, 0000, 0002
705:	[op=55 mod=0] лог_умнож                      0001, 2001, 0003
706:	[op=41 mod=0] слож_о                         0002, 0003, 0002
707:	[op=05 mod=0] умнож_он                       0002, 7760, 0002
710:	[op=34 mod=0] сдвиг_мант_по_прдк             7760, 0001, 0001
711:	[op=12 mod=1] пер_если_ра_мнш_a1             0010, 2005, @+0001
712:	[op=55 mod=0] лог_умнож                      0001, 7711, 0000
713:	[op=36 mod=0] усл_пер_упр_по_w1              7760, 2015, 0003
714:	[op=04 mod=0] делен_о                        7761, 7760, 0003
715:	[op=54 mod=0] сдвиг_кода_по_адр              0056, 0001, 0001
716:	[op=72 mod=0] изм_ра_по_коду                 0000, 0001, 0000
717:	[op=05 mod=0] умнож_он                       0002, 2002, 0001
720:	[op=12 mod=1] пер_если_ра_мнш_a1             1777, 2024, @+0000
721:	[op=52 mod=2] изм_ра_по_адр                  0000, @+7100, 0000
722:	[op=05 mod=0] умнож_он                       0003, 0001, 0001
723:	[op=46 mod=0] выч_адр_из_прдк                0173, 0001, 0000
724:	[op=71 mod=1] пер_ра_не_мнш_a1_и_w1          0100, 2022, @-100
725:	[op=55 mod=0] лог_умнож                      0001, 2003, 0001
726:	[op=16 mod=0] безусл_пер_упр_с_возв          7606, 7600, 7601

СП 10 (перевод 2 -> 10)
740:	[op=16 mod=0] безусл_пер_упр_с_возв          2004, 7602, 7554
741:	[op=75 mod=0] лог_слож                       6314, 6314, 6315
742:	[op=00 mod=1] пересылка                      0000, 0000, @+0012
743:	[op=00 mod=2] пересылка                      0000, @+0000, 0077
744:	[op=55 mod=0] лог_умнож                      0001, 7730, 0002
745:	[op=05 mod=0] умнож_он                       0001, 2001, 0003
746:	[op=05 mod=0] умнож_он                       0003, 7760, 0003
747:	[op=51 mod=1] пер_если_ра_мнш_a1_и_w0        0024, 2006, @+0001
750:	[op=12 mod=1] пер_если_ра_мнш_a1             0002, 2010, @+0002
751:	[op=05 mod=0] умнож_он                       0003, 2001, 0003
752:	[op=31 mod=5] пер_если_ра_не_менш_a1_и_w1    @+0000, 2011, @+0001
753:	[op=06 mod=4] слож_прдк_с_адр                @+0073, 0002, 0002
754:	[op=32 mod=0] пер_если_ра_не_менш_a1         0017, 2013, 0013
755:	[op=15 mod=0] сравн                          0002, 7711, 0001
756:	[op=75 mod=0] лог_слож                       0003, 2003, 0003
757:	[op=41 mod=0] слож_о                         0003, 7711, 0003
760:	[op=65 mod=0] умнож                          0003, 2002, 0002
761:	[op=47 mod=0] вывод_мл_разрядов              0000, 0000, 0003
762:	[op=34 mod=0] сдвиг_мант_по_прдк             7760, 0001, 0001
763:	[op=13 mod=0] слож_команд                    0001, 0002, 0001
764:	[op=12 mod=1] пер_если_ра_мнш_a1             0023, 2020, @+0001
765:	[op=16 mod=0] безусл_пер_упр_с_возв          7606, 7600, 7601

СП 32 (умножение диагональной матрицы на вектор)
1000:	[op=16 mod=0] безусл_пер_упр_с_возв          2002, 7602, 7754
1001:	[op=05 mod=7] умнож_он                       @-2, @-2, @-1
1002:	[op=16 mod=0] безусл_пер_упр_с_возв          2003, 7611, 7554
1003:	[op=54 mod=0] сдвиг_кода_по_адр              0114, 0002, 7601
1004:	[op=75 mod=0] лог_слож                       0001, 7601, 2013
1005:	[op=16 mod=0] безусл_пер_упр_с_возв          2006, 7600, 7554
1006:	[op=16 mod=0] безусл_пер_упр_с_возв          2007, 7611, 7554
1007:	[op=14 mod=0] сдвиг_мант_по_адр              0064, 0002, 0002
1010:	[op=75 mod=0] лог_слож                       2013, 0002, 2013
1011:	[op=13 mod=0] слож_команд                    2001, 2013, 2013
1012:	[op=72 mod=0] изм_ра_по_коду                 0000, 0001, 0000
1013:	[op=05 mod=7] умнож_он                       @+0000, @+0000, @+0000
1014:	[op=32 mod=1] пер_если_ра_не_менш_a1         0002, 2013, @-1
1015:	[op=16 mod=0] безусл_пер_упр_с_возв          7610, 7600, 7601

СП 03 (e^x)
1030:	[op=16 mod=0] безусл_пер_упр_с_возв          2007, 7602, 7554
1031:	[op=44 mod=3] извл_кв_корня_о                0000, @+0000, @+0100
1032:	[op=56 mod=0] безусл_пер_упр                 4731, 2533, 3736
1033:	[op=63 mod=0] вычит_мод                      7065, 7432, 3000
1034:	[op=70 mod=0] ввод_исп_070                   7537, 6757, 7702
1035:	[op=75 mod=0] лог_слож                       5427, 1027, 6710
1036:	[op=01 mod=1] слож_он                        4000, 0000, @+0000
1037:	[op=04 mod=0] делен_о                        0001, 7755, 7625
1040:	[op=42 mod=0] вычит_о                        2001, 7625, 0002
1041:	[op=76 mod=0] усл_пер_упр_по_w0              0000, 2024, 0001
1042:	[op=02 mod=0] вычит_он                       2001, 0002, 0003
1043:	[op=06 mod=0] слож_прдк_с_адр                0171, 0003, 0000
1044:	[op=02 mod=0] вычит_он                       7625, 0003, 7625
1045:	[op=54 mod=0] сдвиг_кода_по_адр              0144, 0002, 0002
1046:	[op=05 mod=0] умнож_он                       0001, 7625, 0001
1047:	[op=01 mod=2] слож_он                        0001, @+2002, 0001
1050:	[op=12 mod=1] пер_если_ра_мнш_a1             0004, 2016, @+0001
1051:	[op=05 mod=0] умнож_он                       0001, 0001, 0001
1052:	[op=12 mod=1] пер_если_ра_мнш_a1             0007, 2021, @+0001
1053:	[op=26 mod=0] слож_прдк_с_прдк               0002, 0001, 0001
1054:	[op=16 mod=0] безусл_пер_упр_с_возв          7606, 7600, 7601

СП 04 (ln x)
1070:	[op=16 mod=0] безусл_пер_упр_с_возв          2014, 7602, 7554
1071:	[op=75 mod=2] лог_слож                       6213, @+5035, 2046
1072:	[op=00 mod=1] пересылка                      6132, 6405, @+2604
1073:	[op=02 mod=3] вычит_он                       5216, @+0531, @+5742
1074:	[op=03 mod=1] вычит_мод_он                   5100, 7075, @+2062
1075:	[op=03 mod=3] вычит_мод_он                   6231, @+1512, @+3104
1076:	[op=03 mod=1] вычит_мод_он                   5400, 1737, @+6250
1077:	[op=02 mod=3] вычит_он                       4564, @+0674, @+0012
1100:	[op=01 mod=1] слож_он                        4603, 3760, @+2431
1101:	[op=77 mod=0] останов_077                    5427, 1027, 7575
1102:	[op=45 mod=1] умнож_о                        0000, 0000, @+0700
1103:	[op=17 mod=0] останов_017                    0001, 7616, 0000
1104:	[op=02 mod=0] вычит_он                       7714, 0001, 0002
1105:	[op=76 mod=0] усл_пер_упр_по_w0              0000, 2013, 0000
1106:	[op=54 mod=0] сдвиг_кода_по_адр              0034, 0002, 0002
1107:	[op=53 mod=0] слож_коп                       0002, 2012, 0002
1110:	[op=22 mod=0] вычит_н                        0002, 2012, 0002
1111:	[op=66 mod=0] вычит_прдк_из_прдк             0001, 0001, 0001
1112:	[op=22 mod=0] вычит_н                        0002, 7764, 0002
1113:	[op=05 mod=0] умнож_он                       0001, 2010, 0001
1114:	[op=76 mod=0] усл_пер_упр_по_w0              2001, 2022, 0003
1115:	[op=05 mod=0] умнож_он                       0003, 0001, 0003
1116:	[op=01 mod=2] слож_он                        0003, @+2002, 0003
1117:	[op=12 mod=1] пер_если_ра_мнш_a1             0005, 2025, @+0001
1120:	[op=05 mod=0] умнож_он                       0002, 2011, 0002
1121:	[op=01 mod=0] слож_он                        0003, 0002, 0001
1122:	[op=16 mod=0] безусл_пер_упр_с_возв          7606, 7600, 7601

СП 11 (tg x)
1140:	[op=16 mod=0] безусл_пер_упр_с_возв          2010, 7602, 7554
1141:	[op=67 mod=2] цикл_сдвиг                     6051, @+0165, 7650
1142:	[op=71 mod=2] пер_ра_не_мнш_a1_и_w1          5031, @+4377, 7645
1143:	[op=73 mod=2] выч_коп                        5135, @+5641, 1663
1144:	[op=75 mod=2] лог_слож                       5406, @+1777, 6223
1145:	[op=00 mod=3] пересылка                      4140, @+5221, @+6445
1146:	[op=00 mod=1] пересылка                      5057, 4603, @+3344
1147:	[op=01 mod=3] слож_он                        4000, @+0000, @+0000
1150:	[op=04 mod=0] делен_о                        0001, 7756, 0001
1151:	[op=41 mod=0] слож_о                         0001, 7752, 0002
1152:	[op=02 mod=0] вычит_он                       0002, 7752, 0003
1153:	[op=02 mod=0] вычит_он                       0001, 0003, 0001
1154:	[op=05 mod=0] умнож_он                       0001, 0001, 0003
1155:	[op=75 mod=0] лог_слож                       2001, 0000, 7625
1156:	[op=05 mod=0] умнож_он                       7625, 0003, 7625
1157:	[op=01 mod=2] слож_он                        7625, @+2002, 7625
1160:	[op=12 mod=1] пер_если_ра_мнш_a1             0004, 2016, @+0001
1161:	[op=04 mod=0] делен_о                        0001, 7625, 0001
1162:	[op=55 mod=0] лог_умнож                      0002, 7721, 0000
1163:	[op=36 mod=0] усл_пер_упр_по_w1              0000, 2025, 0000
1164:	[op=04 mod=0] делен_о                        2007, 0001, 0001
1165:	[op=16 mod=0] безусл_пер_упр_с_возв          7606, 7600, 7601

СП 01 (x^y)
1200:	[op=16 mod=0] безусл_пер_упр_с_возв          2023, 7602, 7554
1201:	[op=00 mod=0] пересылка                      0000, 0021, 0000
1202:	[op=75 mod=2] лог_слож                       6213, @+5035, 2046
1203:	[op=00 mod=1] пересылка                      6132, 6405, @+2604
1204:	[op=02 mod=3] вычит_он                       5216, @+0531, @+5742
1205:	[op=03 mod=1] вычит_мод_он                   5100, 7075, @+2062
1206:	[op=03 mod=3] вычит_мод_он                   6231, @+1512, @+3104
1207:	[op=03 mod=1] вычит_мод_он                   5400, 1737, @+6250
1210:	[op=02 mod=3] вычит_он                       4564, @+0674, @+0012
1211:	[op=01 mod=1] слож_он                        4603, 3760, @+2431
1212:	[op=32 mod=0] пер_если_ра_не_менш_a1         4000, 0000, 0000
1213:	[op=45 mod=1] умнож_о                        5427, 1027, @+7575
1214:	[op=77 mod=0] останов_077                    0000, 0000, 0700
1215:	[op=44 mod=3] извл_кв_корня_о                0000, @+0000, @+0100
1216:	[op=56 mod=0] безусл_пер_упр                 4731, 2533, 3736
1217:	[op=63 mod=0] вычит_мод                      7065, 7432, 3000
1220:	[op=70 mod=0] ввод_исп_070                   7537, 6757, 7702
1221:	[op=75 mod=0] лог_слож                       5427, 1027, 6710
1222:	[op=01 mod=1] слож_он                        4000, 0000, @+0000
1223:	[op=16 mod=0] безусл_пер_упр_с_возв          2024, 7611, 7554
1224:	[op=02 mod=0] вычит_он                       7714, 0002, 0003
1225:	[op=76 mod=0] усл_пер_упр_по_w0              0000, 2061, 0000
1226:	[op=54 mod=0] сдвиг_кода_по_адр              0034, 0003, 0003
1227:	[op=06 mod=0] слож_прдк_с_адр                0177, 0003, 0003
1230:	[op=22 mod=0] вычит_н                        0003, 2014, 0003
1231:	[op=66 mod=0] вычит_прдк_из_прдк             0002, 0002, 0002
1232:	[op=22 mod=0] вычит_н                        0003, 2012, 0003
1233:	[op=05 mod=0] умнож_он                       0002, 2011, 0002
1234:	[op=76 mod=0] усл_пер_упр_по_w0              2002, 2032, 7625
1235:	[op=05 mod=0] умнож_он                       7625, 0002, 7625
1236:	[op=01 mod=2] слож_он                        7625, @+2003, 7625
1237:	[op=12 mod=1] пер_если_ра_мнш_a1             0005, 2035, @+0001
1240:	[op=05 mod=0] умнож_он                       0003, 2013, 0003
1241:	[op=01 mod=0] слож_он                        0003, 7625, 0002
1242:	[op=05 mod=0] умнож_он                       0001, 0002, 0002
1243:	[op=04 mod=0] делен_о                        0002, 7755, 7625
1244:	[op=42 mod=0] вычит_о                        2015, 7625, 0001
1245:	[op=76 mod=0] усл_пер_упр_по_w0              0000, 2062, 0002
1246:	[op=02 mod=0] вычит_он                       2015, 0001, 0003
1247:	[op=06 mod=0] слож_прдк_с_адр                0171, 0003, 0000
1250:	[op=02 mod=0] вычит_он                       7625, 0003, 7625
1251:	[op=54 mod=0] сдвиг_кода_по_адр              0144, 0001, 0001
1252:	[op=05 mod=0] умнож_он                       0002, 7625, 0002
1253:	[op=01 mod=2] слож_он                        0002, @+2010, 0002
1254:	[op=12 mod=1] пер_если_ра_мнш_a1             0012, 2052, @+0001
1255:	[op=05 mod=0] умнож_он                       0002, 0002, 0002
1256:	[op=12 mod=1] пер_если_ра_мнш_a1             0015, 2055, @+0001
1257:	[op=26 mod=0] слож_прдк_с_прдк               0001, 0002, 0001
1260:	[op=16 mod=0] безусл_пер_упр_с_возв          7610, 7600, 7601
1261:	[op=02 mod=0] вычит_он                       0000, 0003, 0000
1262:	[op=76 mod=0] усл_пер_упр_по_w0              0002, 2060, 0001
1263:	[op=17 mod=0] останов_017                    0001, 7616, 0000

СП 06 (arcsin x)
1310:	[op=16 mod=0] безусл_пер_упр_с_возв          2012, 7602, 7554
1311:	[op=75 mod=0] лог_слож                       4631, 4631, 4632
1312:	[op=76 mod=0] усл_пер_упр_по_w0              5252, 5252, 5253
1313:	[op=01 mod=1] слож_он                        4000, 0000, @+0000
1314:	[op=02 mod=0] вычит_он                       7761, 0002, 7625
1315:	[op=44 mod=0] извл_кв_корня_о                7625, 0000, 7625
1316:	[op=01 mod=0] слож_он                        7761, 7625, 7625
1317:	[op=26 mod=0] слож_прдк_с_прдк               7761, 7625, 7625
1320:	[op=44 mod=0] извл_кв_корня_о                7625, 0000, 7625
1321:	[op=04 mod=0] делен_о                        0001, 7625, 0001
1322:	[op=05 mod=0] умнож_он                       0001, 0001, 0002
1323:	[op=06 mod=0] слож_прдк_с_адр                0106, 0001, 0000
1324:	[op=31 mod=5] пер_если_ра_не_менш_a1_и_w1    @+0000, 2004, @+0001
1325:	[op=06 mod=4] слож_прдк_с_адр                @+0077, 7764, 7625
1326:	[op=52 mod=0] изм_ра_по_адр                  0000, 0000, 0003
1327:	[op=05 mod=0] умнож_он                       0003, 0002, 0003
1330:	[op=01 mod=2] слож_он                        0003, @+2001, 0003
1331:	[op=12 mod=1] пер_если_ра_мнш_a1             0002, 2017, @+0001
1332:	[op=05 mod=0] умнож_он                       0001, 0003, 0001
1333:	[op=26 mod=0] слож_прдк_с_прдк               7625, 0001, 0001
1334:	[op=16 mod=0] безусл_пер_упр_с_возв          7606, 7600, 7601

СП 12 (arctg x)
1350:	[op=16 mod=0] безусл_пер_упр_с_возв          2014, 7602, 7554
1351:	[op=76 mod=0] усл_пер_упр_по_w0              6314, 6314, 6315
1352:	[op=77 mod=2] останов_077                    5252, @+5252, 5253
1353:	[op=01 mod=1] слож_он                        4000, 0000, @+0000
1354:	[op=66 mod=0] вычит_прдк_из_прдк             0001, 7761, 0002
1355:	[op=05 mod=0] умнож_он                       0001, 0002, 0001
1356:	[op=05 mod=0] умнож_он                       0002, 0002, 0003
1357:	[op=05 mod=0] умнож_он                       0001, 0001, 7625
1360:	[op=01 mod=0] слож_он                        0003, 7625, 0003
1361:	[op=44 mod=0] извл_кв_корня_о                0003, 0000, 0003
1362:	[op=01 mod=0] слож_он                        0003, 0002, 0003
1363:	[op=04 mod=0] делен_о                        0001, 0003, 0001
1364:	[op=06 mod=0] слож_прдк_с_адр                0106, 0001, 0000
1365:	[op=31 mod=5] пер_если_ра_не_менш_a1_и_w1    @+0000, 2004, @+0001
1366:	[op=06 mod=4] слож_прдк_с_адр                @+0077, 7764, 7625
1367:	[op=52 mod=0] изм_ра_по_адр                  0000, 0000, 0003
1370:	[op=05 mod=0] умнож_он                       0001, 0001, 0002
1371:	[op=05 mod=0] умнож_он                       0003, 0002, 0003
1372:	[op=01 mod=2] слож_он                        0003, @+2001, 0003
1373:	[op=12 mod=1] пер_если_ра_мнш_a1             0002, 2021, @+0001
1374:	[op=05 mod=0] умнож_он                       0001, 0003, 0001
1375:	[op=26 mod=0] слож_прдк_с_прдк               7625, 0001, 0001
1376:	[op=16 mod=0] безусл_пер_упр_с_возв          7606, 7600, 7601

СП 30 (печать с десятичным переводом без сохранения двоичной записи)
1410:	[op=50 mod=0] ввод_пред_050                  3300, 0000, 2117
1411:	[op=70 mod=0] ввод_исп_070                   2070, 0000, 0000
1412:	[op=16 mod=0] безусл_пер_упр_с_возв          2003, 7602, 7554
1413:	[op=16 mod=0] безусл_пер_упр_с_возв          2004, 7611, 7554
1414:	[op=72 mod=0] изм_ра_по_коду                 0000, 0001, 0000
1415:	[op=55 mod=4] лог_умнож                      @+0000, 7730, 7625
1416:	[op=05 mod=4] умнож_он                       @+0000, 2054, 0003
1417:	[op=52 mod=4] изм_ра_по_адр                  @+0000, 0000, 2027
1420:	[op=05 mod=0] умнож_он                       0003, 7760, 0003
1421:	[op=51 mod=1] пер_если_ра_мнш_a1_и_w0        0024, 2010, @+0001
1422:	[op=12 mod=1] пер_если_ра_мнш_a1             0002, 2012, @+0002
1423:	[op=05 mod=0] умнож_он                       0003, 2054, 0003
1424:	[op=31 mod=5] пер_если_ра_не_менш_a1_и_w1    @+0000, 2013, @+0001
1425:	[op=06 mod=4] слож_прдк_с_адр                @+0073, 7625, 7625
1426:	[op=32 mod=0] пер_если_ра_не_менш_a1         0017, 2015, 0013
1427:	[op=15 mod=0] сравн                          7625, 7711, 7604
1430:	[op=75 mod=0] лог_слож                       0003, 2056, 0003
1431:	[op=41 mod=0] слож_о                         0003, 7711, 0003
1432:	[op=65 mod=0] умнож                          0003, 2055, 7625
1433:	[op=47 mod=0] вывод_мл_разрядов              0000, 0000, 0003
1434:	[op=34 mod=0] сдвиг_мант_по_прдк             7760, 7604, 7604
1435:	[op=13 mod=0] слож_команд                    7604, 7625, 7604
1436:	[op=12 mod=1] пер_если_ра_мнш_a1             0023, 2022, @+0001
1437:	[op=77 mod=7] останов_077                    @+0000, @+0000, @+0000
1440:	[op=00 mod=1] пересылка                      7604, 0000, @+0000
1441:	[op=33 mod=0] вычит_команд                   0002, 2027, 0000
1442:	[op=76 mod=0] усл_пер_упр_по_w0              2063, 2034, 2050
1443:	[op=32 mod=1] пер_если_ра_не_менш_a1         0000, 2005, @-1
1444:	[op=14 mod=0] сдвиг_мант_по_адр              0064, 0001, 0003
1445:	[op=13 mod=0] слож_команд                    2060, 0003, 2041
1446:	[op=33 mod=0] вычит_команд                   0001, 0002, 7625
1447:	[op=33 mod=0] вычит_команд                   7625, 2061, 7625
1450:	[op=76 mod=0] усл_пер_упр_по_w0              2057, 2062, 2046
1451:	[op=77 mod=7] останов_077                    @+0000, @+0000, @+0000
1452:	[op=70 mod=4] ввод_исп_070                   @+0000, 0000, 0000
1453:	[op=31 mod=5] пер_если_ра_не_менш_a1_и_w1    @+0000, 2053, @+0747
1454:	[op=33 mod=0] вычит_команд                   7625, 2066, 7625
1455:	[op=36 mod=0] усл_пер_упр_по_w1              0000, 2051, 0000
1456:	[op=77 mod=7] останов_077                    @+0000, @+0000, @+0000
1457:	[op=70 mod=4] ввод_исп_070                   @+0000, 0000, 0000
1460:	[op=77 mod=7] останов_077                    @+0000, @+0000, @+0000
1461:	[op=13 mod=0] слож_команд                    2065, 0003, 2046
1462:	[op=16 mod=0] безусл_пер_упр_с_возв          2053, 2046, 2050
1463:	[op=16 mod=0] безусл_пер_упр_с_возв          7610, 7600, 7601
1464:	[op=75 mod=0] лог_слож                       6314, 6314, 6315
1465:	[op=00 mod=1] пересылка                      0000, 0000, @+0012
1466:	[op=00 mod=2] пересылка                      0000, @+0000, 0077
1467:	[op=50 mod=1] ввод_пред_050                  3100, 0000, @+0776
1470:	[op=50 mod=0] ввод_пред_050                  3100, 0030, 0000
1471:	[op=52 mod=0] изм_ра_по_адр                  0000, 0747, 0000
1472:	[op=56 mod=0] безусл_пер_упр                 2064, 2041, 2041
1473:	[op=32 mod=1] пер_если_ра_не_менш_a1         0000, 2044, @+0777
1474:	[op=50 mod=1] ввод_пред_050                  3100, 0030, @+0746
1475:	[op=50 mod=0] ввод_пред_050                  3100, 0000, 0000
1476:	[op=52 mod=0] изм_ра_по_адр                  0000, 0777, 0000
1477:	[op=00 mod=0] пересылка                      0000, 0030, 0000
1500:	[op=00 mod=0] пересылка                      0000, 0000, 0000
1501:	[op=21 mod=7] слож_н                         @+0421, @+0421, @+0421
1502:	[op=42 mod=0] вычит_о                        1042, 1042, 1042
1503:	[op=63 mod=7] вычит_мод                      @+1463, @+1463, @+1463
1504:	[op=04 mod=0] делен_о                        2104, 2104, 2104
1505:	[op=25 mod=7] умнож_н                        @+2525, @+2525, @+2525
1506:	[op=46 mod=0] выч_адр_из_прдк                3146, 3146, 3146
1507:	[op=67 mod=7] цикл_сдвиг                     @+3567, @+3567, @+3567
1510:	[op=10 mod=0] ввод_пфк_останов               4210, 4210, 4210
1511:	[op=31 mod=7] пер_если_ра_не_менш_a1_и_w1    @+4631, @+4631, @+4631
1512:	[op=77 mod=7] останов_077                    @-1, @-1, @-1
1513:	[op=77 mod=7] останов_077                    @-1, @-1, @-1
1514:	[op=20 mod=2] выборка_с_КР                   0443, @+2126, 3611
1515:	[op=01 mod=5] слож_он                        @+1064, 2547, @+4237
1516:	[op=22 mod=2] вычит_н                        1505, @+3170, 4760
1517:	[op=03 mod=5] вычит_мод_он                   @+2126, 3611, @+7401
1520:	[op=24 mod=2] делен                          2547, @+4237, 0022
1521:	[op=05 mod=5] умнож_он                       @+3170, 4760, @+0443
1522:	[op=26 mod=2] слож_прдк_с_прдк               3611, @+7401, 1064
1523:	[op=07 mod=5] цикл_слож                      @+4237, 0022, @+1505
1524:	[op=30 mod=2] ввод_пфк                       4760, @+0443, 2126
1525:	[op=11 mod=5] пер_если_ра_менш_a1_и_w1       @+7401, 1064, @+2547
1526:	[op=77 mod=7] останов_077                    @-1, @-1, @-1
1527:	[op=77 mod=7] останов_077                    @-1, @-1, @-1

СП 43 (перевод материала в десятичную систему и вывод на печать без теста печати)
1540:	[op=16 mod=0] безусл_пер_упр_с_возв          2003, 7602, 7554
1541:	[op=75 mod=0] лог_слож                       6314, 6314, 6315
1542:	[op=00 mod=1] пересылка                      0000, 0000, @+0012
1543:	[op=16 mod=0] безусл_пер_упр_с_возв          2004, 7611, 7554
1544:	[op=72 mod=0] изм_ра_по_коду                 0000, 0001, 0000
1545:	[op=55 mod=4] лог_умнож                      @+0000, 7730, 7625
1546:	[op=05 mod=4] умнож_он                       @+0000, 2001, 0003
1547:	[op=52 mod=4] изм_ра_по_адр                  @+0000, 0000, 2027
1550:	[op=05 mod=0] умнож_он                       0003, 7760, 0003
1551:	[op=51 mod=1] пер_если_ра_мнш_a1_и_w0        0024, 2010, @+0001
1552:	[op=12 mod=1] пер_если_ра_мнш_a1             0002, 2012, @+0002
1553:	[op=05 mod=0] умнож_он                       0003, 2001, 0003
1554:	[op=31 mod=5] пер_если_ра_не_менш_a1_и_w1    @+0000, 2013, @+0001
1555:	[op=06 mod=4] слож_прдк_с_адр                @+0073, 7625, 7625
1556:	[op=32 mod=0] пер_если_ра_не_менш_a1         0017, 2015, 0013
1557:	[op=15 mod=0] сравн                          7625, 7711, 7604
1560:	[op=75 mod=0] лог_слож                       0003, 2045, 0003
1561:	[op=41 mod=0] слож_о                         0003, 7711, 0003
1562:	[op=65 mod=0] умнож                          0003, 2002, 7625
1563:	[op=47 mod=0] вывод_мл_разрядов              0000, 0000, 0003
1564:	[op=34 mod=0] сдвиг_мант_по_прдк             7760, 7604, 7604
1565:	[op=13 mod=0] слож_команд                    7604, 7625, 7604
1566:	[op=12 mod=1] пер_если_ра_мнш_a1             0023, 2022, @+0001
1567:	[op=52 mod=0] изм_ра_по_адр                  0000, 0000, 0000
1570:	[op=00 mod=1] пересылка                      7604, 0000, @+0000
1571:	[op=33 mod=0] вычит_команд                   0002, 2027, 0000
1572:	[op=76 mod=0] усл_пер_упр_по_w0              0000, 2034, 0000
1573:	[op=32 mod=1] пер_если_ра_не_менш_a1         0000, 2005, @-1
1574:	[op=33 mod=0] вычит_команд                   0001, 0002, 7625
1575:	[op=14 mod=0] сдвиг_мант_по_адр              0064, 0001, 0003
1576:	[op=13 mod=0] слож_команд                    2046, 0003, 2041
1577:	[op=33 mod=0] вычит_команд                   7625, 2047, 7625
1600:	[op=76 mod=0] усл_пер_упр_по_w0              0000, 2050, 0000
1601:	[op=00 mod=0] пересылка                      0000, 0000, 0000
1602:	[op=70 mod=4] ввод_исп_070                   @+0000, 0000, 0000
1603:	[op=71 mod=1] пер_ра_не_мнш_a1_и_w1          0000, 2036, @+0777
1604:	[op=16 mod=0] безусл_пер_упр_с_возв          7610, 7600, 7601
1605:	[op=00 mod=2] пересылка                      0000, @+0000, 0077
1606:	[op=50 mod=0] ввод_пред_050                  2100, 0000, 0000
1607:	[op=52 mod=0] изм_ра_по_адр                  0000, 0777, 0000
1610:	[op=56 mod=0] безусл_пер_упр                 2051, 2041, 2041
1611:	[op=50 mod=1] ввод_пред_050                  2100, 0000, @+0776

СП 36 (умножение матриц)
1630:	[op=16 mod=0] безусл_пер_упр_с_возв          2004, 7602, 7554
1631:	[op=33 mod=3] вычит_команд                   0001, @+0000, @+0000
1632:	[op=01 mod=1] слож_он                        4000, 0000, @+4000
1633:	[op=01 mod=5] слож_он                        @+0000, 0001, @+0000
1634:	[op=16 mod=0] безусл_пер_упр_с_возв          2005, 7611, 7554
1635:	[op=54 mod=0] сдвиг_кода_по_адр              0114, 0002, 7601
1636:	[op=13 mod=0] слож_команд                    7601, 0001, 2026
1637:	[op=16 mod=0] безусл_пер_упр_с_возв          2010, 7600, 7554
1640:	[op=16 mod=0] безусл_пер_упр_с_возв          2011, 7611, 7554
1641:	[op=65 mod=0] умнож                          2001, 0002, 0002
1642:	[op=15 mod=0] сравн                          2026, 0002, 2026
1643:	[op=33 mod=0] вычит_команд                   0001, 7722, 2017
1644:	[op=14 mod=0] сдвиг_мант_по_адр              0114, 0001, 0003
1645:	[op=05 mod=0] умнож_он                       2002, 0003, 0003
1646:	[op=13 mod=0] слож_команд                    7724, 0001, 0002
1647:	[op=52 mod=0] изм_ра_по_адр                  0000, 0000, 0000
1650:	[op=14 mod=0] сдвиг_мант_по_адр              0130, 2026, 0001
1651:	[op=05 mod=0] умнож_он                       2002, 0001, 0001
1652:	[op=13 mod=0] слож_команд                    2003, 0001, 2033
1653:	[op=55 mod=0] лог_умнож                      2026, 7746, 0001
1654:	[op=13 mod=0] слож_команд                    0001, 7721, 2032
1655:	[op=72 mod=4] изм_ра_по_коду                 @+0000, 2017, 2041
1656:	[op=05 mod=3] умнож_он                       0000, @+0000, @+0000
1657:	[op=32 mod=1] пер_если_ра_не_менш_a1         0001, 2026, @-1
1660:	[op=56 mod=0] безусл_пер_упр                 2017, 2035, 2036
1661:	[op=72 mod=4] изм_ра_по_коду                 @+0000, 2017, 2036
1662:	[op=05 mod=2] умнож_он                       0000, @+0000, 0000
1663:	[op=01 mod=5] слож_он                        @+0000, 0001, @+0000
1664:	[op=32 mod=1] пер_если_ра_не_менш_a1         0001, 2032, @-1
1665:	[op=13 mod=0] слож_команд                    2032, 0002, 2032
1666:	[op=52 mod=0] изм_ра_по_адр                  0000, 0000, 0000
1667:	[op=32 mod=1] пер_если_ра_не_менш_a1         0001, 2031, @-1
1670:	[op=13 mod=0] слож_команд                    2026, 0003, 2026
1671:	[op=52 mod=0] изм_ра_по_адр                  0000, 0000, 0000
1672:	[op=32 mod=1] пер_если_ра_не_менш_a1         0001, 2020, @-1
1673:	[op=16 mod=0] безусл_пер_упр_с_возв          7610, 7600, 7601

Goodbye
Debug output disabled
