++-01 484000000   [101220400000000, 5.644531e-001]
+++00 130400000   [000046020000000, 4.026715e-021]
+++00 186300000   [000060614000000, 5.164089e-021]
+++00 146000000   [000050600000000, 4.314574e-021]
+++00 146800000   [000050640000000, 4.321192e-021]
+++00 188110000   [000061004200000, 5.188956e-021]
+++00 199000000   [000063100000000, 5.413070e-021]
+++00 176300000   [000056614000000, 4.952330e-021]
+++00 178100000   [000057004000000, 4.977146e-021]
+++00 209000000   [000101100000000, 6.895378e-021]
++-01 970000000   [101456000000000, 1.179688e+000]
+++00 123800000   [000044340000000, 3.857970e-021]
+++00 138900000   [000047044000000, 4.136730e-021]
+++00 155900000   [000052544000000, 4.520542e-021]
+++00 212900000   [000102244000000, 7.021936e-021]
+++00 159700000   [000053134000000, 4.571827e-021]
+++00 141700000   [000050134000000, 4.254190e-021]
+++00 106400000   [000040620000000, 3.470850e-021]
+++00 164600000   [000054430000000, 4.716584e-021]
+++00 130700000   [000046034000000, 4.029197e-021]
+++00 158900000   [000053044000000, 4.560247e-021]
++-01 872000000   [101416200000000, 1.055664e+000]
+++00 161000000   [000054100000000, 4.671916e-021]
+++00 368000000   [000155000000000, 1.154082e-020]
+++00 379000000   [000157100000000, 1.176582e-020]
+++00 437000000   [000206700000000, 1.428045e-020]
+++00 401000000   [000200100000000, 1.356576e-020]
+++00 374000000   [000156400000000, 1.169964e-020]
+++00 393000000   [000162300000000, 1.210992e-020]
+++00 441000000   [000210100000000, 1.441279e-020]
+++00 409000000   [000201100000000, 1.367164e-020]
+++00 401000000   [000200100000000, 1.356576e-020]
+++00 390000000   [000162000000000, 1.207022e-020]
+++00 381000000   [000160100000000, 1.187170e-020]
+++00 314000000   [000142400000000, 1.042909e-020]
+++00 329000000   [000145100000000, 1.070703e-020]
+++00 368000000   [000155000000000, 1.154082e-020]
+++00 330000000   [000146000000000, 1.079967e-020]
+++00 361000000   [000154100000000, 1.144818e-020]
+++00 334000000   [000146400000000, 1.085261e-020]
+++00 332000000   [000146200000000, 1.082614e-020]
+++00 306000000   [000140600000000, 1.024380e-020]
+++00 299000000   [000123100000000, 8.801202e-021]
+++00 344000000   [000150400000000, 1.106437e-020]
+++00 309000000   [000141100000000, 1.028351e-020]
+++00 347000000   [000150700000000, 1.110407e-020]
+++00 921600000   [000444130000000, 3.093490e-020]
+++00 925900000   [000444544000000, 3.099032e-020]
+++00 919900000   [000443144000000, 3.083150e-020]
+++00 913400000   [000442320000000, 3.074796e-020]
+++00 921000000   [000444100000000, 3.092994e-020]
+++00 921700000   [000444134000000, 3.093573e-020]
+++00 916200000   [000442610000000, 3.078601e-020]
+++00 921100000   [000444104000000, 3.093076e-020]
+++00 924800000   [000444440000000, 3.097626e-020]
+++00 920600000   [000444030000000, 3.092167e-020]
+++00 926800000   [000444640000000, 3.100273e-020]
+++00 935000000   [000446500000000, 3.119464e-020]
+++00 931000000   [000446100000000, 3.114170e-020]
+++00 925600000   [000444530000000, 3.098784e-020]
+++00 930400000   [000446020000000, 3.113177e-020]
+++00 926400000   [000444620000000, 3.099942e-020]
+++00 930600000   [000446030000000, 3.113342e-020]
+++00 939000000   [000447100000000, 3.124757e-020]
+++00 940100000   [000450004000000, 3.134105e-020]
+++00 937500000   [000446724000000, 3.122524e-020]
+++00 930000000   [000446000000000, 3.112846e-020]
+++00 936900000   [000446644000000, 3.121531e-020]
+++00 933600000   [000446330000000, 3.117313e-020]
+++00 156165000   [000052605450000, 4.527486e-021]
+++00 165592000   [000054526220000, 4.729463e-021]
+++00 211875000   [000102141650000, 7.008252e-021]
+++00 196478000   [000062621700000, 5.377062e-021]
+++00 186700000   [000060634000000, 5.167397e-021]
+++00 191867000   [000062141470000, 5.314141e-021]
+++00 229553000   [000105125230000, 7.323298e-021]
+++00 192518000   [000062224300000, 5.324639e-021]
+++00 214069000   [000102401510000, 7.041301e-021]
+++00 221481000   [000104122010000, 7.216740e-021]
+++00 176006000   [000056600060000, 4.949868e-021]
+++00 154043000   [000052401030000, 4.500079e-021]
+++00 186368000   [000060615500000, 5.164425e-021]
+++00 192080000   [000062202000000, 5.320839e-021]
+++00 191972000   [000062145620000, 5.315004e-021]
+++00 173927000   [000056344470000, 4.917715e-021]
+++00 177511000   [000056724210000, 4.967275e-021]
+++00 174438000   [000056420700000, 4.926869e-021]
+++00 177650000   [000056731200000, 4.968305e-021]
+++00 170389000   [000056016110000, 4.873364e-021]
+++00 199997000   [000063146270000, 5.421002e-021]
+++00 156789000   [000052636110000, 4.532565e-021]
+++00 201055000   [000100101250000, 6.789773e-021]
++-03 906801017   [103440640010027, 4.512696e+000]
+++00 000000000   [000000000000000, 0.000000e+000]
+++00 000000000   [000000000000000, 0.000000e+000]
+++00 000000000   [000000000000000, 0.000000e+000]
-++06 293+1202    [406122350220057,#5.587278e-019]
000000300000000
000002700000000
000000700000000
000000600000000
105560000000000
103700000000000
000000000000467
000000000000000
000000000000000
000000000000000
000000000000175
000000000000000
000000000000177
000000000000000
210464700001064
+++00 000000000   [000000000000000, 0.000000e+000]
---11 111111111   [721042104210421,#-8.738133e+003]
+++22 222222222   [042104210421042, 1.241763e-010]
---33 333333333   [763146314631463,#-4.503600e+014]
+++04 444444444   [004210421042104, 2.312965e-019]
---15 555555555   [725252525252525,#-6.990507e+005]
+++26 666666666   [046314631463146, 5.960464e-009]
---37 777777777   [767356735673567,#-1.681344e+016]
+++08 888888888   [010421042104210, 7.401487e-018]
---19 999999999   [731463146314631,#-2.013266e+007]
---3              [777777777777777,#-9.223372e+018]
---3              [777777777777777,#-9.223372e+018]
+-+10 123456789   [220044321263611, -2.526374e-016]
-+-01 23456789    [501106425474237,#2.755556e-001]
+-+12 3456789 0   [222150531704760, -2.905330e-015]
-+-03 456789 01   [503212636117401,#2.168889e+000]
+-+14 56789 012   [224254742370022, -1.920046e-014]
-+-05 6789 0123   [505317047600443,#1.294235e+001]
+-+16 789 01234   [226361174011064, -1.071331e-013]
-+-07 89 012345   [507423700221505,#6.896889e+001]
+-+18 9 0123456   [230476004432126, -5.648973e-013]
-+-09  01234567   [511740110642547,#4.801422e+002]
---3              [777777777777777,#-9.223372e+018]
---3              [777777777777777,#-9.223372e+018]
+++02 230000000   [002106000000000, 2.964615e-020]
-+-00 000000000   [500000000000000,#0.000000e+000]
-+-00 000000000   [500000000000000,#0.000000e+000]
-+-00 000000000   [500000000000000,#0.000000e+000]
-+-00 000000000   [500000000000000,#0.000000e+000]
-+-00 000000000   [500000000000000,#0.000000e+000]
-+-00 000000000   [500000000000000,#0.000000e+000]
-+-00 000000000   [500000000000000,#0.000000e+000]
-+-00 000000000   [500000000000000,#0.000000e+000]
-+-00 000000000   [500000000000000,#0.000000e+000]
-+-00 000000000   [500000000000000,#0.000000e+000]
-+-00 000000000   [500000000000000,#0.000000e+000]
-+-00 000000000   [500000000000000,#0.000000e+000]
-+-00 000000000   [500000000000000,#0.000000e+000]
-+-00 000000000   [500000000000000,#0.000000e+000]
-+-00 000000000   [500000000000000,#0.000000e+000]
-+-00 000000000   [500000000000000,#0.000000e+000]
-+-00 000000000   [500000000000000,#0.000000e+000]
-+-00 000000000   [500000000000000,#0.000000e+000]
-+-00 000000000   [500000000000000,#0.000000e+000]
-+-00 000000000   [500000000000000,#0.000000e+000]
-+-00 000000000   [500000000000000,#0.000000e+000]
-+-00 000000000   [500000000000000,#0.000000e+000]
-+-00 000000000   [500000000000000,#0.000000e+000]
-+-00 000000000   [500000000000000,#0.000000e+000]
-+-00 000000000   [500000000000000,#0.000000e+000]
-+-00 000000000   [500000000000000,#0.000000e+000]
-+-00 000000000   [500000000000000,#0.000000e+000]
-+-00 000000000   [500000000000000,#0.000000e+000]
-+-00 000000000   [500000000000000,#0.000000e+000]
-+-00 000000000   [500000000000000,#0.000000e+000]
-+-00 000000000   [500000000000000,#0.000000e+000]
-+-00 000000000   [500000000000000,#0.000000e+000]
-+-00 000000000   [500000000000000,#0.000000e+000]
-+-00 000000000   [500000000000000,#0.000000e+000]
-+-00 000000000   [500000000000000,#0.000000e+000]
-+-00 000000000   [500000000000000,#0.000000e+000]
-+-00 000000000   [500000000000000,#0.000000e+000]
-+-00 000000000   [500000000000000,#0.000000e+000]
-+-00 000000000   [500000000000000,#0.000000e+000]
-+-00 000000000   [500000000000000,#0.000000e+000]
-+-00 000000000   [500000000000000,#0.000000e+000]
-+-00 000000000   [500000000000000,#0.000000e+000]
-+-00 000000000   [500000000000000,#0.000000e+000]
-+-00 000000000   [500000000000000,#0.000000e+000]
-+-00 000000000   [500000000000000,#0.000000e+000]
-+-00 000000000   [500000000000000,#0.000000e+000]
-+-00 000000000   [500000000000000,#0.000000e+000]
-+-00 000000000   [500000000000000,#0.000000e+000]
+++01 429852300   [001205141221400, 2.820408e-020]
-+-00 000000000   [500000000000000,#0.000000e+000]
-+-00 000000000   [500000000000000,#0.000000e+000]
-+-00 000000000   [500000000000000,#0.000000e+000]
-+-00 000000000   [500000000000000,#0.000000e+000]
-+-00 000000000   [500000000000000,#0.000000e+000]
-+-00 000000000   [500000000000000,#0.000000e+000]
+++01 429852300   [001205141221400, 2.820408e-020]
++-00 186892304   [100060642221404, 9.534563e-002]
++-03 419241324   [103203111011444, 2.049103e+000]
++-02 922330914   [102444214604424, 2.283398e+000]
