
M-20 simulator V4.0-0 Beta        git commit id: c317f685
Debug output to "sample_0071_debug.txt"
MT: creating new file
MT: creating new file
MT: creating new file
MT: creating new file
CDP: creating new file
CDR: unit is read only
1:	0 56 0241 0013 0001
2:	0 56 0000 0151 0000
3:	0 00 0000 0000 0000
4:	0 00 0000 0000 0000
5:	0 00 0000 0000 0000
6:	0 00 0000 0000 0000
7:	0 00 0000 0000 0000
10:	0 00 0000 0000 0000
11:	0 00 0000 0000 0000
12:	0 52 0000 0000 0000
13:	0 10 0261 0014 0000
14:	0 52 0000 0000 0000
15:	0 50 0043 0000 0001
16:	0 70 0000 0000 0000
17:	1 12 0002 0015 0001
20:	0 72 0000 0012 0000
21:	2 55 0075 0261 0011
22:	2 55 0076 0261 0003
23:	2 55 0077 0261 0013
24:	0 36 0000 0030 0016
25:	0 14 0114 0013 0013
26:	0 72 0000 0013 0000
27:	4 52 0000 0000 0117
30:	0 15 0003 0004 0000
31:	0 36 0000 0070 0006
32:	0 13 0012 0100 0012
33:	0 13 0004 0100 0004
34:	0 72 0000 0012 0000
35:	2 55 0101 0261 0010
36:	2 55 0076 0261 0005
37:	0 15 0006 0005 0000
40:	0 36 0000 0030 0000
41:	0 13 0006 0100 0006
42:	0 16 0044 0111 0120
43:	0 00 7406 0000 0000
44:	0 33 0173 0010 0046
45:	2 50 0043 0000 7777
46:	0 00 0000 0000 0000
47:	0 33 0010 0043 0000
50:	0 76 0230 0202 0144
51:	0 33 0127 0010 0053
52:	2 50 1423 0000 7777
53:	0 00 0000 0000 0000
54:	0 16 0055 0135 0143
55:	0 16 0056 0121 0120
56:	0 33 0173 0010 0060
57:	2 50 1027 0000 7777
60:	0 00 0000 0000 0000
61:	0 33 0132 0010 0063
62:	2 50 1423 0000 7777
63:	0 00 0000 0000 0000
64:	0 16 0065 0135 0143
65:	0 00 0117 0000 0175
66:	0 13 0117 0250 0117
67:	0 56 0010 0037 0007
70:	0 15 0000 0011 0000
71:	0 36 0000 0102 0004
72:	0 73 0011 0253 0011
73:	0 33 0012 0003 0012
74:	0 56 0000 0030 0000
75:	7 77 0000 0000 0000
76:	0 00 0000 7777 0000
77:	0 00 0000 0000 7777
100:	0 00 0000 0001 0000
101:	0 00 7777 0000 0000
102:	0 72 0000 0012 0000
103:	2 55 0077 0261 0000
104:	0 76 0000 0171 0000
105:	0 13 0012 0100 0012
106:	0 56 0000 0020 0000
107:	5 52 5252 5252 5252
110:	5 25 2525 2525 2525
111:	0 00 0107 0000 0014
112:	0 00 0110 0000 0015
113:	0 52 0000 7777 0016
114:	1 00 0014 0000 0000
115:	1 00 0015 0000 7777
116:	1 32 0374 0114 7776
117:	0 52 0000 0002 0000
120:	0 00 0000 0000 0000
121:	0 00 0110 0000 0014
122:	0 56 0107 0113 0015
123:	0 15 0016 0101 0000
124:	0 36 0101 0126 0016
125:	0 00 0000 0000 0000
126:	0 00 0000 0000 0000
127:	0 70 0000 0130 0000
130:	0 16 0051 0131 0125
131:	0 16 0054 0123 0126
132:	0 70 0000 0133 0000
133:	0 16 0061 0134 0125
134:	0 16 0064 0123 0126
135:	0 52 0000 7777 0016
136:	2 15 0014 0000 0000
137:	0 76 0000 0144 0000
140:	2 15 0015 7777 0000
141:	0 76 0000 0144 0000
142:	1 32 0374 0136 7776
143:	0 00 0000 0000 0000
144:	6 52 0000 0000 0017
145:	0 00 0000 0000 0000
146:	0 20 0004 0000 0016
147:	0 55 0016 0100 0000
150:	0 76 0000 0231 0000
151:	0 72 0000 0175 0000
152:	0 33 0173 0007 0154
153:	2 50 7023 0000 7777
154:	0 00 0000 0000 0000
155:	0 20 0004 0000 0016
156:	0 55 0016 0252 0000
157:	0 76 0230 0042 0144
160:	0 13 0017 0100 0017
161:	0 54 0114 0017 0017
162:	0 33 0017 0046 0007
163:	0 72 0000 0117 0000
164:	0 33 0173 0007 0166
165:	2 50 0043 7777 7777
166:	0 00 0000 0000 0000
167:	4 52 7777 0000 0175
170:	0 56 0000 0042 0000
171:	0 52 0000 0000 0000
172:	0 50 0043 7777 0001
173:	0 70 0000 0000 0000
174:	1 12 0002 0172 0001
175:	0 52 0000 0000 0000
176:	0 33 0173 0007 0200
177:	2 50 7023 0000 7777
200:	0 00 0000 0000 0000
201:	0 17 0010 0117 0000
202:	0 16 0213 0203 0143
203:	0 33 0235 0010 0205
204:	2 50 5423 0000 7777
205:	0 00 0000 0000 0000
206:	2 50 1027 0000 7777
207:	0 70 0372 0243 0000
210:	2 50 1423 0000 7777
211:	0 70 0372 0243 0000
212:	0 56 0000 0135 0000
213:	0 16 0214 0121 0120
214:	0 33 0173 0010 0216
215:	2 50 1027 0000 7777
216:	0 00 0000 0000 0000
217:	0 16 0065 0220 0143
220:	0 33 0245 0010 0222
221:	2 50 5423 0000 7777
222:	0 00 0000 0000 0000
223:	2 50 1027 0000 7777
224:	0 70 0372 0000 0000
225:	2 50 1423 0000 7777
226:	0 70 0372 0233 0000
227:	0 56 0000 0135 0000
230:	6 52 0000 0000 0017
231:	6 17 0000 7777 0000
232:	0 16 0151 0142 0143
233:	0 16 0225 0234 0125
234:	0 16 0227 0123 0126
235:	0 70 0000 0236 0000
236:	0 16 0203 0237 0125
237:	0 16 0240 0123 0126
240:	0 16 0206 0241 0013
241:	2 52 7777 0000 0017
242:	0 16 0151 0013 0143
243:	0 16 0210 0244 0125
244:	0 16 0212 0123 0126
245:	0 70 0000 0246 7777
246:	0 16 0220 0247 0125
247:	0 16 0251 0123 0126
250:	0 00 0000 0002 0000
251:	0 16 0223 0241 0013
252:	0 00 0000 0000 0001
253:	0 01 0000 0000 0000
254:	0 00 0000 0000 0000
255:	0 00 0000 0000 0000
256:	0 00 0000 0000 0000
257:	0 00 0000 0000 0000
260:	0 00 0000 0000 0000

1:	[op=56 mod=0] безусл_пер_упр                 0241, 0013, 0001
2:	[op=56 mod=0] безусл_пер_упр                 0000, 0151, 0000
3:	[op=00 mod=0] пересылка                      0000, 0000, 0000
4:	[op=00 mod=0] пересылка                      0000, 0000, 0000
5:	[op=00 mod=0] пересылка                      0000, 0000, 0000
6:	[op=00 mod=0] пересылка                      0000, 0000, 0000
7:	[op=00 mod=0] пересылка                      0000, 0000, 0000
10:	[op=00 mod=0] пересылка                      0000, 0000, 0000
11:	[op=00 mod=0] пересылка                      0000, 0000, 0000
12:	[op=52 mod=0] изм_ра_по_адр                  0000, 0000, 0000
13:	[op=10 mod=0] ввод_пфк_останов               0261, 0014, 0000
14:	[op=52 mod=0] изм_ра_по_адр                  0000, 0000, 0000
15:	[op=50 mod=0] ввод_пред_050                  0043, 0000, 0001
16:	[op=70 mod=0] ввод_исп_070                   0000, 0000, 0000
17:	[op=12 mod=1] пер_если_ра_мнш_a1             0002, 0015, @+0001
20:	[op=72 mod=0] изм_ра_по_коду                 0000, 0012, 0000
21:	[op=55 mod=2] лог_умнож                      0075, @+0261, 0011
22:	[op=55 mod=2] лог_умнож                      0076, @+0261, 0003
23:	[op=55 mod=2] лог_умнож                      0077, @+0261, 0013
24:	[op=36 mod=0] усл_пер_упр_по_w1              0000, 0030, 0016
25:	[op=14 mod=0] сдвиг_мант_по_адр              0114, 0013, 0013
26:	[op=72 mod=0] изм_ра_по_коду                 0000, 0013, 0000
27:	[op=52 mod=4] изм_ра_по_адр                  @+0000, 0000, 0117
30:	[op=15 mod=0] сравн                          0003, 0004, 0000
31:	[op=36 mod=0] усл_пер_упр_по_w1              0000, 0070, 0006
32:	[op=13 mod=0] слож_команд                    0012, 0100, 0012
33:	[op=13 mod=0] слож_команд                    0004, 0100, 0004
34:	[op=72 mod=0] изм_ра_по_коду                 0000, 0012, 0000
35:	[op=55 mod=2] лог_умнож                      0101, @+0261, 0010
36:	[op=55 mod=2] лог_умнож                      0076, @+0261, 0005
37:	[op=15 mod=0] сравн                          0006, 0005, 0000
40:	[op=36 mod=0] усл_пер_упр_по_w1              0000, 0030, 0000
41:	[op=13 mod=0] слож_команд                    0006, 0100, 0006
42:	[op=16 mod=0] безусл_пер_упр_с_возв          0044, 0111, 0120
43:	[op=00 mod=0] пересылка                      7406, 0000, 0000
44:	[op=33 mod=0] вычит_команд                   0173, 0010, 0046
45:	[op=50 mod=2] ввод_пред_050                  0043, @+0000, 7777
46:	[op=00 mod=0] пересылка                      0000, 0000, 0000
47:	[op=33 mod=0] вычит_команд                   0010, 0043, 0000
50:	[op=76 mod=0] усл_пер_упр_по_w0              0230, 0202, 0144
51:	[op=33 mod=0] вычит_команд                   0127, 0010, 0053
52:	[op=50 mod=2] ввод_пред_050                  1423, @+0000, 7777
53:	[op=00 mod=0] пересылка                      0000, 0000, 0000
54:	[op=16 mod=0] безусл_пер_упр_с_возв          0055, 0135, 0143
55:	[op=16 mod=0] безусл_пер_упр_с_возв          0056, 0121, 0120
56:	[op=33 mod=0] вычит_команд                   0173, 0010, 0060
57:	[op=50 mod=2] ввод_пред_050                  1027, @+0000, 7777
60:	[op=00 mod=0] пересылка                      0000, 0000, 0000
61:	[op=33 mod=0] вычит_команд                   0132, 0010, 0063
62:	[op=50 mod=2] ввод_пред_050                  1423, @+0000, 7777
63:	[op=00 mod=0] пересылка                      0000, 0000, 0000
64:	[op=16 mod=0] безусл_пер_упр_с_возв          0065, 0135, 0143
65:	[op=00 mod=0] пересылка                      0117, 0000, 0175
66:	[op=13 mod=0] слож_команд                    0117, 0250, 0117
67:	[op=56 mod=0] безусл_пер_упр                 0010, 0037, 0007
70:	[op=15 mod=0] сравн                          0000, 0011, 0000
71:	[op=36 mod=0] усл_пер_упр_по_w1              0000, 0102, 0004
72:	[op=73 mod=0] выч_коп                        0011, 0253, 0011
73:	[op=33 mod=0] вычит_команд                   0012, 0003, 0012
74:	[op=56 mod=0] безусл_пер_упр                 0000, 0030, 0000
75:	[op=77 mod=7] останов_077                    @+0000, @+0000, @+0000
76:	[op=00 mod=0] пересылка                      0000, 7777, 0000
77:	[op=00 mod=0] пересылка                      0000, 0000, 7777
100:	[op=00 mod=0] пересылка                      0000, 0001, 0000
101:	[op=00 mod=0] пересылка                      7777, 0000, 0000
102:	[op=72 mod=0] изм_ра_по_коду                 0000, 0012, 0000
103:	[op=55 mod=2] лог_умнож                      0077, @+0261, 0000
104:	[op=76 mod=0] усл_пер_упр_по_w0              0000, 0171, 0000
105:	[op=13 mod=0] слож_команд                    0012, 0100, 0012
106:	[op=56 mod=0] безусл_пер_упр                 0000, 0020, 0000
107:	[op=52 mod=5] изм_ра_по_адр                  @+5252, 5252, @+5252
110:	[op=25 mod=5] умнож_н                        @+2525, 2525, @+2525
111:	[op=00 mod=0] пересылка                      0107, 0000, 0014
112:	[op=00 mod=0] пересылка                      0110, 0000, 0015
113:	[op=52 mod=0] изм_ра_по_адр                  0000, 7777, 0016
114:	[op=00 mod=1] пересылка                      0014, 0000, @+0000
115:	[op=00 mod=1] пересылка                      0015, 0000, @-1
116:	[op=32 mod=1] пер_если_ра_не_менш_a1         0374, 0114, @-2
117:	[op=52 mod=0] изм_ра_по_адр                  0000, 0002, 0000
120:	[op=00 mod=0] пересылка                      0000, 0000, 0000
121:	[op=00 mod=0] пересылка                      0110, 0000, 0014
122:	[op=56 mod=0] безусл_пер_упр                 0107, 0113, 0015
123:	[op=15 mod=0] сравн                          0016, 0101, 0000
124:	[op=36 mod=0] усл_пер_упр_по_w1              0101, 0126, 0016
125:	[op=00 mod=0] пересылка                      0000, 0000, 0000
126:	[op=00 mod=0] пересылка                      0000, 0000, 0000
127:	[op=70 mod=0] ввод_исп_070                   0000, 0130, 0000
130:	[op=16 mod=0] безусл_пер_упр_с_возв          0051, 0131, 0125
131:	[op=16 mod=0] безусл_пер_упр_с_возв          0054, 0123, 0126
132:	[op=70 mod=0] ввод_исп_070                   0000, 0133, 0000
133:	[op=16 mod=0] безусл_пер_упр_с_возв          0061, 0134, 0125
134:	[op=16 mod=0] безусл_пер_упр_с_возв          0064, 0123, 0126
135:	[op=52 mod=0] изм_ра_по_адр                  0000, 7777, 0016
136:	[op=15 mod=2] сравн                          0014, @+0000, 0000
137:	[op=76 mod=0] усл_пер_упр_по_w0              0000, 0144, 0000
140:	[op=15 mod=2] сравн                          0015, @-1, 0000
141:	[op=76 mod=0] усл_пер_упр_по_w0              0000, 0144, 0000
142:	[op=32 mod=1] пер_если_ра_не_менш_a1         0374, 0136, @-2
143:	[op=00 mod=0] пересылка                      0000, 0000, 0000
144:	[op=52 mod=6] изм_ра_по_адр                  @+0000, @+0000, 0017
145:	[op=00 mod=0] пересылка                      0000, 0000, 0000
146:	[op=20 mod=0] выборка_с_КР                   0004, 0000, 0016
147:	[op=55 mod=0] лог_умнож                      0016, 0100, 0000
150:	[op=76 mod=0] усл_пер_упр_по_w0              0000, 0231, 0000
151:	[op=72 mod=0] изм_ра_по_коду                 0000, 0175, 0000
152:	[op=33 mod=0] вычит_команд                   0173, 0007, 0154
153:	[op=50 mod=2] ввод_пред_050                  7023, @+0000, 7777
154:	[op=00 mod=0] пересылка                      0000, 0000, 0000
155:	[op=20 mod=0] выборка_с_КР                   0004, 0000, 0016
156:	[op=55 mod=0] лог_умнож                      0016, 0252, 0000
157:	[op=76 mod=0] усл_пер_упр_по_w0              0230, 0042, 0144
160:	[op=13 mod=0] слож_команд                    0017, 0100, 0017
161:	[op=54 mod=0] сдвиг_кода_по_адр              0114, 0017, 0017
162:	[op=33 mod=0] вычит_команд                   0017, 0046, 0007
163:	[op=72 mod=0] изм_ра_по_коду                 0000, 0117, 0000
164:	[op=33 mod=0] вычит_команд                   0173, 0007, 0166
165:	[op=50 mod=2] ввод_пред_050                  0043, @-1, 7777
166:	[op=00 mod=0] пересылка                      0000, 0000, 0000
167:	[op=52 mod=4] изм_ра_по_адр                  @-1, 0000, 0175
170:	[op=56 mod=0] безусл_пер_упр                 0000, 0042, 0000
171:	[op=52 mod=0] изм_ра_по_адр                  0000, 0000, 0000
172:	[op=50 mod=0] ввод_пред_050                  0043, 7777, 0001
173:	[op=70 mod=0] ввод_исп_070                   0000, 0000, 0000
174:	[op=12 mod=1] пер_если_ра_мнш_a1             0002, 0172, @+0001
175:	[op=52 mod=0] изм_ра_по_адр                  0000, 0000, 0000
176:	[op=33 mod=0] вычит_команд                   0173, 0007, 0200
177:	[op=50 mod=2] ввод_пред_050                  7023, @+0000, 7777
200:	[op=00 mod=0] пересылка                      0000, 0000, 0000
201:	[op=17 mod=0] останов_017                    0010, 0117, 0000
202:	[op=16 mod=0] безусл_пер_упр_с_возв          0213, 0203, 0143
203:	[op=33 mod=0] вычит_команд                   0235, 0010, 0205
204:	[op=50 mod=2] ввод_пред_050                  5423, @+0000, 7777
205:	[op=00 mod=0] пересылка                      0000, 0000, 0000
206:	[op=50 mod=2] ввод_пред_050                  1027, @+0000, 7777
207:	[op=70 mod=0] ввод_исп_070                   0372, 0243, 0000
210:	[op=50 mod=2] ввод_пред_050                  1423, @+0000, 7777
211:	[op=70 mod=0] ввод_исп_070                   0372, 0243, 0000
212:	[op=56 mod=0] безусл_пер_упр                 0000, 0135, 0000
213:	[op=16 mod=0] безусл_пер_упр_с_возв          0214, 0121, 0120
214:	[op=33 mod=0] вычит_команд                   0173, 0010, 0216
215:	[op=50 mod=2] ввод_пред_050                  1027, @+0000, 7777
216:	[op=00 mod=0] пересылка                      0000, 0000, 0000
217:	[op=16 mod=0] безусл_пер_упр_с_возв          0065, 0220, 0143
220:	[op=33 mod=0] вычит_команд                   0245, 0010, 0222
221:	[op=50 mod=2] ввод_пред_050                  5423, @+0000, 7777
222:	[op=00 mod=0] пересылка                      0000, 0000, 0000
223:	[op=50 mod=2] ввод_пред_050                  1027, @+0000, 7777
224:	[op=70 mod=0] ввод_исп_070                   0372, 0000, 0000
225:	[op=50 mod=2] ввод_пред_050                  1423, @+0000, 7777
226:	[op=70 mod=0] ввод_исп_070                   0372, 0233, 0000
227:	[op=56 mod=0] безусл_пер_упр                 0000, 0135, 0000
230:	[op=52 mod=6] изм_ра_по_адр                  @+0000, @+0000, 0017
231:	[op=17 mod=6] останов_017                    @+0000, @-1, 0000
232:	[op=16 mod=0] безусл_пер_упр_с_возв          0151, 0142, 0143
233:	[op=16 mod=0] безусл_пер_упр_с_возв          0225, 0234, 0125
234:	[op=16 mod=0] безусл_пер_упр_с_возв          0227, 0123, 0126
235:	[op=70 mod=0] ввод_исп_070                   0000, 0236, 0000
236:	[op=16 mod=0] безусл_пер_упр_с_возв          0203, 0237, 0125
237:	[op=16 mod=0] безусл_пер_упр_с_возв          0240, 0123, 0126
240:	[op=16 mod=0] безусл_пер_упр_с_возв          0206, 0241, 0013
241:	[op=52 mod=2] изм_ра_по_адр                  7777, @+0000, 0017
242:	[op=16 mod=0] безусл_пер_упр_с_возв          0151, 0013, 0143
243:	[op=16 mod=0] безусл_пер_упр_с_возв          0210, 0244, 0125
244:	[op=16 mod=0] безусл_пер_упр_с_возв          0212, 0123, 0126
245:	[op=70 mod=0] ввод_исп_070                   0000, 0246, 7777
246:	[op=16 mod=0] безусл_пер_упр_с_возв          0220, 0247, 0125
247:	[op=16 mod=0] безусл_пер_упр_с_возв          0251, 0123, 0126
250:	[op=00 mod=0] пересылка                      0000, 0002, 0000
251:	[op=16 mod=0] безусл_пер_упр_с_возв          0223, 0241, 0013
252:	[op=00 mod=0] пересылка                      0000, 0000, 0001
253:	[op=01 mod=0] слож_он                        0000, 0000, 0000
254:	[op=00 mod=0] пересылка                      0000, 0000, 0000
255:	[op=00 mod=0] пересылка                      0000, 0000, 0000
256:	[op=00 mod=0] пересылка                      0000, 0000, 0000
257:	[op=00 mod=0] пересылка                      0000, 0000, 0000
260:	[op=00 mod=0] пересылка                      0000, 0000, 0000
261:	[op=00 mod=0] пересылка                      0000, 0000, 0000
262:	[op=00 mod=0] пересылка                      0000, 0000, 0000
263:	[op=00 mod=0] пересылка                      0000, 0000, 0000
264:	[op=00 mod=0] пересылка                      0000, 0000, 0000
265:	[op=00 mod=0] пересылка                      0000, 0000, 0000
266:	[op=00 mod=0] пересылка                      0000, 0000, 0000
267:	[op=00 mod=0] пересылка                      0000, 0000, 0000
270:	[op=00 mod=0] пересылка                      0000, 0000, 0000
271:	[op=00 mod=0] пересылка                      0000, 0000, 0000
272:	[op=00 mod=0] пересылка                      0000, 0000, 0000
273:	[op=00 mod=0] пересылка                      0000, 0000, 0000
274:	[op=00 mod=0] пересылка                      0000, 0000, 0000
275:	[op=00 mod=0] пересылка                      0000, 0000, 0000
276:	[op=00 mod=0] пересылка                      0000, 0000, 0000
277:	[op=00 mod=0] пересылка                      0000, 0000, 0000
300:	[op=00 mod=0] пересылка                      0000, 0000, 0000
301:	[op=00 mod=0] пересылка                      0000, 0000, 0000
302:	[op=00 mod=0] пересылка                      0000, 0000, 0000
303:	[op=00 mod=0] пересылка                      0000, 0000, 0000
304:	[op=00 mod=0] пересылка                      0000, 0000, 0000
305:	[op=00 mod=0] пересылка                      0000, 0000, 0000
306:	[op=00 mod=0] пересылка                      0000, 0000, 0000
307:	[op=00 mod=0] пересылка                      0000, 0000, 0000
310:	[op=00 mod=0] пересылка                      0000, 0000, 0000
311:	[op=00 mod=0] пересылка                      0000, 0000, 0000
312:	[op=00 mod=0] пересылка                      0000, 0000, 0000
313:	[op=00 mod=0] пересылка                      0000, 0000, 0000
314:	[op=00 mod=0] пересылка                      0000, 0000, 0000
315:	[op=00 mod=0] пересылка                      0000, 0000, 0000
316:	[op=00 mod=0] пересылка                      0000, 0000, 0000
317:	[op=00 mod=0] пересылка                      0000, 0000, 0000
320:	[op=00 mod=0] пересылка                      0000, 0000, 0000
321:	[op=00 mod=0] пересылка                      0000, 0000, 0000
322:	[op=00 mod=0] пересылка                      0000, 0000, 0000
323:	[op=00 mod=0] пересылка                      0000, 0000, 0000
324:	[op=00 mod=0] пересылка                      0000, 0000, 0000
325:	[op=00 mod=0] пересылка                      0000, 0000, 0000
326:	[op=00 mod=0] пересылка                      0000, 0000, 0000
327:	[op=00 mod=0] пересылка                      0000, 0000, 0000
330:	[op=00 mod=0] пересылка                      0000, 0000, 0000
331:	[op=00 mod=0] пересылка                      0000, 0000, 0000
332:	[op=00 mod=0] пересылка                      0000, 0000, 0000
333:	[op=00 mod=0] пересылка                      0000, 0000, 0000
334:	[op=00 mod=0] пересылка                      0000, 0000, 0000
335:	[op=00 mod=0] пересылка                      0000, 0000, 0000
336:	[op=00 mod=0] пересылка                      0000, 0000, 0000
337:	[op=00 mod=0] пересылка                      0000, 0000, 0000
340:	[op=00 mod=0] пересылка                      0000, 0000, 0000
341:	[op=00 mod=0] пересылка                      0000, 0000, 0000
342:	[op=00 mod=0] пересылка                      0000, 0000, 0000
343:	[op=00 mod=0] пересылка                      0000, 0000, 0000
344:	[op=00 mod=0] пересылка                      0000, 0000, 0000
345:	[op=00 mod=0] пересылка                      0000, 0000, 0000
346:	[op=00 mod=0] пересылка                      0000, 0000, 0000
347:	[op=00 mod=0] пересылка                      0000, 0000, 0000
350:	[op=00 mod=0] пересылка                      0000, 0000, 0000
351:	[op=00 mod=0] пересылка                      0000, 0000, 0000
352:	[op=00 mod=0] пересылка                      0000, 0000, 0000
353:	[op=00 mod=0] пересылка                      0000, 0000, 0000
354:	[op=00 mod=0] пересылка                      0000, 0000, 0000
355:	[op=00 mod=0] пересылка                      0000, 0000, 0000
356:	[op=00 mod=0] пересылка                      0000, 0000, 0000
357:	[op=00 mod=0] пересылка                      0000, 0000, 0000
360:	[op=00 mod=0] пересылка                      0000, 0000, 0000
361:	[op=00 mod=0] пересылка                      0000, 0000, 0000
362:	[op=00 mod=0] пересылка                      0000, 0000, 0000
363:	[op=00 mod=0] пересылка                      0000, 0000, 0000
364:	[op=00 mod=0] пересылка                      0000, 0000, 0000
365:	[op=00 mod=0] пересылка                      0000, 0000, 0000
366:	[op=00 mod=0] пересылка                      0000, 0000, 0000
367:	[op=00 mod=0] пересылка                      0000, 0000, 0000
370:	[op=00 mod=0] пересылка                      0000, 0000, 0000
371:	[op=00 mod=0] пересылка                      0000, 0000, 0000
372:	[op=00 mod=0] пересылка                      0000, 0000, 0000
373:	[op=00 mod=0] пересылка                      0000, 0000, 0000
374:	[op=00 mod=0] пересылка                      0000, 0000, 0000
375:	[op=00 mod=0] пересылка                      0000, 0000, 0000
376:	[op=00 mod=0] пересылка                      0000, 0000, 0000
377:	[op=00 mod=0] пересылка                      0000, 0000, 0000
400:	[op=00 mod=0] пересылка                      0000, 0000, 0000
401:	[op=00 mod=0] пересылка                      0000, 0000, 0000
402:	[op=00 mod=0] пересылка                      0000, 0000, 0000
403:	[op=00 mod=0] пересылка                      0000, 0000, 0000
404:	[op=00 mod=0] пересылка                      0000, 0000, 0000
405:	[op=00 mod=0] пересылка                      0000, 0000, 0000
406:	[op=00 mod=0] пересылка                      0000, 0000, 0000
407:	[op=00 mod=0] пересылка                      0000, 0000, 0000
410:	[op=00 mod=0] пересылка                      0000, 0000, 0000
411:	[op=00 mod=0] пересылка                      0000, 0000, 0000
412:	[op=00 mod=0] пересылка                      0000, 0000, 0000
413:	[op=00 mod=0] пересылка                      0000, 0000, 0000
414:	[op=00 mod=0] пересылка                      0000, 0000, 0000
415:	[op=00 mod=0] пересылка                      0000, 0000, 0000
416:	[op=00 mod=0] пересылка                      0000, 0000, 0000
417:	[op=00 mod=0] пересылка                      0000, 0000, 0000
420:	[op=00 mod=0] пересылка                      0000, 0000, 0000
421:	[op=00 mod=0] пересылка                      0000, 0000, 0000
422:	[op=00 mod=0] пересылка                      0000, 0000, 0000
423:	[op=00 mod=0] пересылка                      0000, 0000, 0000
424:	[op=00 mod=0] пересылка                      0000, 0000, 0000
425:	[op=00 mod=0] пересылка                      0000, 0000, 0000
426:	[op=00 mod=0] пересылка                      0000, 0000, 0000
427:	[op=00 mod=0] пересылка                      0000, 0000, 0000
430:	[op=00 mod=0] пересылка                      0000, 0000, 0000
431:	[op=00 mod=0] пересылка                      0000, 0000, 0000
432:	[op=00 mod=0] пересылка                      0000, 0000, 0000
433:	[op=00 mod=0] пересылка                      0000, 0000, 0000
434:	[op=00 mod=0] пересылка                      0000, 0000, 0000
435:	[op=00 mod=0] пересылка                      0000, 0000, 0000
436:	[op=00 mod=0] пересылка                      0000, 0000, 0000
437:	[op=00 mod=0] пересылка                      0000, 0000, 0000
440:	[op=00 mod=0] пересылка                      0000, 0000, 0000
441:	[op=00 mod=0] пересылка                      0000, 0000, 0000
442:	[op=00 mod=0] пересылка                      0000, 0000, 0000
443:	[op=00 mod=0] пересылка                      0000, 0000, 0000
444:	[op=00 mod=0] пересылка                      0000, 0000, 0000
445:	[op=00 mod=0] пересылка                      0000, 0000, 0000
446:	[op=00 mod=0] пересылка                      0000, 0000, 0000
447:	[op=00 mod=0] пересылка                      0000, 0000, 0000
450:	[op=00 mod=0] пересылка                      0000, 0000, 0000
451:	[op=00 mod=0] пересылка                      0000, 0000, 0000
452:	[op=00 mod=0] пересылка                      0000, 0000, 0000
453:	[op=00 mod=0] пересылка                      0000, 0000, 0000
454:	[op=00 mod=0] пересылка                      0000, 0000, 0000
455:	[op=00 mod=0] пересылка                      0000, 0000, 0000
456:	[op=00 mod=0] пересылка                      0000, 0000, 0000
457:	[op=00 mod=0] пересылка                      0000, 0000, 0000
460:	[op=00 mod=0] пересылка                      0000, 0000, 0000
461:	[op=00 mod=0] пересылка                      0000, 0000, 0000
462:	[op=00 mod=0] пересылка                      0000, 0000, 0000
463:	[op=00 mod=0] пересылка                      0000, 0000, 0000
464:	[op=00 mod=0] пересылка                      0000, 0000, 0000
465:	[op=00 mod=0] пересылка                      0000, 0000, 0000
466:	[op=00 mod=0] пересылка                      0000, 0000, 0000
467:	[op=00 mod=0] пересылка                      0000, 0000, 0000
470:	[op=00 mod=0] пересылка                      0000, 0000, 0000
471:	[op=00 mod=0] пересылка                      0000, 0000, 0000
472:	[op=00 mod=0] пересылка                      0000, 0000, 0000
473:	[op=00 mod=0] пересылка                      0000, 0000, 0000
474:	[op=00 mod=0] пересылка                      0000, 0000, 0000
475:	[op=00 mod=0] пересылка                      0000, 0000, 0000
476:	[op=00 mod=0] пересылка                      0000, 0000, 0000
477:	[op=00 mod=0] пересылка                      0000, 0000, 0000
500:	[op=00 mod=0] пересылка                      0000, 0000, 0000
501:	[op=00 mod=0] пересылка                      0000, 0000, 0000
502:	[op=00 mod=0] пересылка                      0000, 0000, 0000
503:	[op=00 mod=0] пересылка                      0000, 0000, 0000
504:	[op=00 mod=0] пересылка                      0000, 0000, 0000
505:	[op=00 mod=0] пересылка                      0000, 0000, 0000
506:	[op=00 mod=0] пересылка                      0000, 0000, 0000
507:	[op=00 mod=0] пересылка                      0000, 0000, 0000
510:	[op=00 mod=0] пересылка                      0000, 0000, 0000
511:	[op=00 mod=0] пересылка                      0000, 0000, 0000
512:	[op=00 mod=0] пересылка                      0000, 0000, 0000
513:	[op=00 mod=0] пересылка                      0000, 0000, 0000
514:	[op=00 mod=0] пересылка                      0000, 0000, 0000
515:	[op=00 mod=0] пересылка                      0000, 0000, 0000
516:	[op=00 mod=0] пересылка                      0000, 0000, 0000
517:	[op=00 mod=0] пересылка                      0000, 0000, 0000
520:	[op=00 mod=0] пересылка                      0000, 0000, 0000
521:	[op=00 mod=0] пересылка                      0000, 0000, 0000
522:	[op=00 mod=0] пересылка                      0000, 0000, 0000
523:	[op=00 mod=0] пересылка                      0000, 0000, 0000
524:	[op=00 mod=0] пересылка                      0000, 0000, 0000
525:	[op=00 mod=0] пересылка                      0000, 0000, 0000
526:	[op=00 mod=0] пересылка                      0000, 0000, 0000
527:	[op=00 mod=0] пересылка                      0000, 0000, 0000
530:	[op=00 mod=0] пересылка                      0000, 0000, 0000
531:	[op=00 mod=0] пересылка                      0000, 0000, 0000
532:	[op=00 mod=0] пересылка                      0000, 0000, 0000
533:	[op=00 mod=0] пересылка                      0000, 0000, 0000
534:	[op=00 mod=0] пересылка                      0000, 0000, 0000
535:	[op=00 mod=0] пересылка                      0000, 0000, 0000
536:	[op=00 mod=0] пересылка                      0000, 0000, 0000
537:	[op=00 mod=0] пересылка                      0000, 0000, 0000
540:	[op=00 mod=0] пересылка                      0000, 0000, 0000
541:	[op=00 mod=0] пересылка                      0000, 0000, 0000
542:	[op=00 mod=0] пересылка                      0000, 0000, 0000
543:	[op=00 mod=0] пересылка                      0000, 0000, 0000
544:	[op=00 mod=0] пересылка                      0000, 0000, 0000
545:	[op=00 mod=0] пересылка                      0000, 0000, 0000
546:	[op=00 mod=0] пересылка                      0000, 0000, 0000
547:	[op=00 mod=0] пересылка                      0000, 0000, 0000
550:	[op=00 mod=0] пересылка                      0000, 0000, 0000
551:	[op=00 mod=0] пересылка                      0000, 0000, 0000
552:	[op=00 mod=0] пересылка                      0000, 0000, 0000
553:	[op=00 mod=0] пересылка                      0000, 0000, 0000
554:	[op=00 mod=0] пересылка                      0000, 0000, 0000
555:	[op=00 mod=0] пересылка                      0000, 0000, 0000
556:	[op=00 mod=0] пересылка                      0000, 0000, 0000
557:	[op=00 mod=0] пересылка                      0000, 0000, 0000
560:	[op=00 mod=0] пересылка                      0000, 0000, 0000
561:	[op=00 mod=0] пересылка                      0000, 0000, 0000
562:	[op=00 mod=0] пересылка                      0000, 0000, 0000
563:	[op=00 mod=0] пересылка                      0000, 0000, 0000
564:	[op=00 mod=0] пересылка                      0000, 0000, 0000
565:	[op=00 mod=0] пересылка                      0000, 0000, 0000
566:	[op=00 mod=0] пересылка                      0000, 0000, 0000
567:	[op=00 mod=0] пересылка                      0000, 0000, 0000
570:	[op=00 mod=0] пересылка                      0000, 0000, 0000
571:	[op=00 mod=0] пересылка                      0000, 0000, 0000
572:	[op=00 mod=0] пересылка                      0000, 0000, 0000
573:	[op=00 mod=0] пересылка                      0000, 0000, 0000
574:	[op=00 mod=0] пересылка                      0000, 0000, 0000
575:	[op=00 mod=0] пересылка                      0000, 0000, 0000
576:	[op=00 mod=0] пересылка                      0000, 0000, 0000
577:	[op=00 mod=0] пересылка                      0000, 0000, 0000
600:	[op=00 mod=0] пересылка                      0000, 0000, 0000
601:	[op=00 mod=0] пересылка                      0000, 0000, 0000
602:	[op=00 mod=0] пересылка                      0000, 0000, 0000
603:	[op=00 mod=0] пересылка                      0000, 0000, 0000
604:	[op=00 mod=0] пересылка                      0000, 0000, 0000
605:	[op=00 mod=0] пересылка                      0000, 0000, 0000
606:	[op=00 mod=0] пересылка                      0000, 0000, 0000
607:	[op=00 mod=0] пересылка                      0000, 0000, 0000
610:	[op=00 mod=0] пересылка                      0000, 0000, 0000
611:	[op=00 mod=0] пересылка                      0000, 0000, 0000
612:	[op=00 mod=0] пересылка                      0000, 0000, 0000
613:	[op=00 mod=0] пересылка                      0000, 0000, 0000
614:	[op=00 mod=0] пересылка                      0000, 0000, 0000
615:	[op=00 mod=0] пересылка                      0000, 0000, 0000
616:	[op=00 mod=0] пересылка                      0000, 0000, 0000
617:	[op=00 mod=0] пересылка                      0000, 0000, 0000
620:	[op=00 mod=0] пересылка                      0000, 0000, 0000
621:	[op=00 mod=0] пересылка                      0000, 0000, 0000
622:	[op=00 mod=0] пересылка                      0000, 0000, 0000
623:	[op=00 mod=0] пересылка                      0000, 0000, 0000
624:	[op=00 mod=0] пересылка                      0000, 0000, 0000
625:	[op=00 mod=0] пересылка                      0000, 0000, 0000
626:	[op=00 mod=0] пересылка                      0000, 0000, 0000
627:	[op=00 mod=0] пересылка                      0000, 0000, 0000
630:	[op=00 mod=0] пересылка                      0000, 0000, 0000
631:	[op=00 mod=0] пересылка                      0000, 0000, 0000
632:	[op=00 mod=0] пересылка                      0000, 0000, 0000
633:	[op=00 mod=0] пересылка                      0000, 0000, 0000
634:	[op=00 mod=0] пересылка                      0000, 0000, 0000
635:	[op=00 mod=0] пересылка                      0000, 0000, 0000
636:	[op=00 mod=0] пересылка                      0000, 0000, 0000
637:	[op=00 mod=0] пересылка                      0000, 0000, 0000
640:	[op=00 mod=0] пересылка                      0000, 0000, 0000
641:	[op=00 mod=0] пересылка                      0000, 0000, 0000
642:	[op=00 mod=0] пересылка                      0000, 0000, 0000
643:	[op=00 mod=0] пересылка                      0000, 0000, 0000
644:	[op=00 mod=0] пересылка                      0000, 0000, 0000
645:	[op=00 mod=0] пересылка                      0000, 0000, 0000
646:	[op=00 mod=0] пересылка                      0000, 0000, 0000
647:	[op=00 mod=0] пересылка                      0000, 0000, 0000
650:	[op=00 mod=0] пересылка                      0000, 0000, 0000
651:	[op=00 mod=0] пересылка                      0000, 0000, 0000
652:	[op=00 mod=0] пересылка                      0000, 0000, 0000
653:	[op=00 mod=0] пересылка                      0000, 0000, 0000
654:	[op=00 mod=0] пересылка                      0000, 0000, 0000
655:	[op=00 mod=0] пересылка                      0000, 0000, 0000
656:	[op=00 mod=0] пересылка                      0000, 0000, 0000
657:	[op=00 mod=0] пересылка                      0000, 0000, 0000
660:	[op=00 mod=0] пересылка                      0000, 0000, 0000
661:	[op=00 mod=0] пересылка                      0000, 0000, 0000
662:	[op=00 mod=0] пересылка                      0000, 0000, 0000
663:	[op=00 mod=0] пересылка                      0000, 0000, 0000
664:	[op=00 mod=0] пересылка                      0000, 0000, 0000
665:	[op=00 mod=0] пересылка                      0000, 0000, 0000
666:	[op=00 mod=0] пересылка                      0000, 0000, 0000
667:	[op=00 mod=0] пересылка                      0000, 0000, 0000
670:	[op=00 mod=0] пересылка                      0000, 0000, 0000
671:	[op=00 mod=0] пересылка                      0000, 0000, 0000
672:	[op=00 mod=0] пересылка                      0000, 0000, 0000
673:	[op=00 mod=0] пересылка                      0000, 0000, 0000
674:	[op=00 mod=0] пересылка                      0000, 0000, 0000
675:	[op=00 mod=0] пересылка                      0000, 0000, 0000
676:	[op=00 mod=0] пересылка                      0000, 0000, 0000
677:	[op=00 mod=0] пересылка                      0000, 0000, 0000
700:	[op=00 mod=0] пересылка                      0000, 0000, 0000
701:	[op=00 mod=0] пересылка                      0000, 0000, 0000
702:	[op=00 mod=0] пересылка                      0000, 0000, 0000
703:	[op=00 mod=0] пересылка                      0000, 0000, 0000
704:	[op=00 mod=0] пересылка                      0000, 0000, 0000
705:	[op=00 mod=0] пересылка                      0000, 0000, 0000
706:	[op=00 mod=0] пересылка                      0000, 0000, 0000
707:	[op=00 mod=0] пересылка                      0000, 0000, 0000
710:	[op=00 mod=0] пересылка                      0000, 0000, 0000
711:	[op=00 mod=0] пересылка                      0000, 0000, 0000
712:	[op=00 mod=0] пересылка                      0000, 0000, 0000
713:	[op=00 mod=0] пересылка                      0000, 0000, 0000
714:	[op=00 mod=0] пересылка                      0000, 0000, 0000
715:	[op=00 mod=0] пересылка                      0000, 0000, 0000
716:	[op=00 mod=0] пересылка                      0000, 0000, 0000
717:	[op=00 mod=0] пересылка                      0000, 0000, 0000
720:	[op=00 mod=0] пересылка                      0000, 0000, 0000
721:	[op=00 mod=0] пересылка                      0000, 0000, 0000
722:	[op=00 mod=0] пересылка                      0000, 0000, 0000
723:	[op=00 mod=0] пересылка                      0000, 0000, 0000
724:	[op=00 mod=0] пересылка                      0000, 0000, 0000
725:	[op=00 mod=0] пересылка                      0000, 0000, 0000
726:	[op=00 mod=0] пересылка                      0000, 0000, 0000
727:	[op=00 mod=0] пересылка                      0000, 0000, 0000
730:	[op=00 mod=0] пересылка                      0000, 0000, 0000
731:	[op=00 mod=0] пересылка                      0000, 0000, 0000
732:	[op=00 mod=0] пересылка                      0000, 0000, 0000
733:	[op=00 mod=0] пересылка                      0000, 0000, 0000
734:	[op=00 mod=0] пересылка                      0000, 0000, 0000
735:	[op=00 mod=0] пересылка                      0000, 0000, 0000
736:	[op=00 mod=0] пересылка                      0000, 0000, 0000
737:	[op=00 mod=0] пересылка                      0000, 0000, 0000
740:	[op=00 mod=0] пересылка                      0000, 0000, 0000
741:	[op=00 mod=0] пересылка                      0000, 0000, 0000
742:	[op=00 mod=0] пересылка                      0000, 0000, 0000
743:	[op=00 mod=0] пересылка                      0000, 0000, 0000
744:	[op=00 mod=0] пересылка                      0000, 0000, 0000
745:	[op=00 mod=0] пересылка                      0000, 0000, 0000
746:	[op=00 mod=0] пересылка                      0000, 0000, 0000
747:	[op=00 mod=0] пересылка                      0000, 0000, 0000
750:	[op=00 mod=0] пересылка                      0000, 0000, 0000
751:	[op=00 mod=0] пересылка                      0000, 0000, 0000
752:	[op=00 mod=0] пересылка                      0000, 0000, 0000
753:	[op=00 mod=0] пересылка                      0000, 0000, 0000
754:	[op=00 mod=0] пересылка                      0000, 0000, 0000
755:	[op=00 mod=0] пересылка                      0000, 0000, 0000
756:	[op=00 mod=0] пересылка                      0000, 0000, 0000
757:	[op=00 mod=0] пересылка                      0000, 0000, 0000
760:	[op=00 mod=0] пересылка                      0000, 0000, 0000
761:	[op=00 mod=0] пересылка                      0000, 0000, 0000
762:	[op=00 mod=0] пересылка                      0000, 0000, 0000
763:	[op=00 mod=0] пересылка                      0000, 0000, 0000
764:	[op=00 mod=0] пересылка                      0000, 0000, 0000
765:	[op=00 mod=0] пересылка                      0000, 0000, 0000
766:	[op=00 mod=0] пересылка                      0000, 0000, 0000
767:	[op=00 mod=0] пересылка                      0000, 0000, 0000
770:	[op=00 mod=0] пересылка                      0000, 0000, 0000
771:	[op=00 mod=0] пересылка                      0000, 0000, 0000
772:	[op=00 mod=0] пересылка                      0000, 0000, 0000
773:	[op=00 mod=0] пересылка                      0000, 0000, 0000
774:	[op=00 mod=0] пересылка                      0000, 0000, 0000
775:	[op=00 mod=0] пересылка                      0000, 0000, 0000
776:	[op=00 mod=0] пересылка                      0000, 0000, 0000
777:	[op=00 mod=0] пересылка                      0000, 0000, 0000
1000:	[op=00 mod=0] пересылка                      0000, 0000, 0000
1001:	[op=00 mod=0] пересылка                      0000, 0000, 0000
1002:	[op=00 mod=0] пересылка                      0000, 0000, 0000
1003:	[op=00 mod=0] пересылка                      0000, 0000, 0000
1004:	[op=00 mod=0] пересылка                      0000, 0000, 0000
1005:	[op=00 mod=0] пересылка                      0000, 0000, 0000
1006:	[op=00 mod=0] пересылка                      0000, 0000, 0000
1007:	[op=00 mod=0] пересылка                      0000, 0000, 0000
1010:	[op=00 mod=0] пересылка                      0000, 0000, 0000
1011:	[op=00 mod=0] пересылка                      0000, 0000, 0000
1012:	[op=00 mod=0] пересылка                      0000, 0000, 0000
1013:	[op=00 mod=0] пересылка                      0000, 0000, 0000
1014:	[op=00 mod=0] пересылка                      0000, 0000, 0000
1015:	[op=00 mod=0] пересылка                      0000, 0000, 0000
1016:	[op=00 mod=0] пересылка                      0000, 0000, 0000
1017:	[op=00 mod=0] пересылка                      0000, 0000, 0000
1020:	[op=00 mod=0] пересылка                      0000, 0000, 0000
1021:	[op=00 mod=0] пересылка                      0000, 0000, 0000
1022:	[op=00 mod=0] пересылка                      0000, 0000, 0000
1023:	[op=00 mod=0] пересылка                      0000, 0000, 0000
1024:	[op=00 mod=0] пересылка                      0000, 0000, 0000
1025:	[op=00 mod=0] пересылка                      0000, 0000, 0000
1026:	[op=00 mod=0] пересылка                      0000, 0000, 0000
1027:	[op=00 mod=0] пересылка                      0000, 0000, 0000
1030:	[op=00 mod=0] пересылка                      0000, 0000, 0000
1031:	[op=00 mod=0] пересылка                      0000, 0000, 0000
1032:	[op=00 mod=0] пересылка                      0000, 0000, 0000
1033:	[op=00 mod=0] пересылка                      0000, 0000, 0000
1034:	[op=00 mod=0] пересылка                      0000, 0000, 0000
1035:	[op=00 mod=0] пересылка                      0000, 0000, 0000
1036:	[op=00 mod=0] пересылка                      0000, 0000, 0000
1037:	[op=00 mod=0] пересылка                      0000, 0000, 0000
1040:	[op=00 mod=0] пересылка                      0000, 0000, 0000
1041:	[op=00 mod=0] пересылка                      0000, 0000, 0000
1042:	[op=00 mod=0] пересылка                      0000, 0000, 0000
1043:	[op=00 mod=0] пересылка                      0000, 0000, 0000
1044:	[op=00 mod=0] пересылка                      0000, 0000, 0000
1045:	[op=00 mod=0] пересылка                      0000, 0000, 0000
1046:	[op=00 mod=0] пересылка                      0000, 0000, 0000
1047:	[op=00 mod=0] пересылка                      0000, 0000, 0000
1050:	[op=00 mod=0] пересылка                      0000, 0000, 0000
1051:	[op=00 mod=0] пересылка                      0000, 0000, 0000
1052:	[op=00 mod=0] пересылка                      0000, 0000, 0000
1053:	[op=00 mod=0] пересылка                      0000, 0000, 0000
1054:	[op=00 mod=0] пересылка                      0000, 0000, 0000
1055:	[op=00 mod=0] пересылка                      0000, 0000, 0000
1056:	[op=00 mod=0] пересылка                      0000, 0000, 0000
1057:	[op=00 mod=0] пересылка                      0000, 0000, 0000
1060:	[op=00 mod=0] пересылка                      0000, 0000, 0000
1061:	[op=00 mod=0] пересылка                      0000, 0000, 0000
1062:	[op=00 mod=0] пересылка                      0000, 0000, 0000
1063:	[op=00 mod=0] пересылка                      0000, 0000, 0000
1064:	[op=00 mod=0] пересылка                      0000, 0000, 0000
1065:	[op=00 mod=0] пересылка                      0000, 0000, 0000
1066:	[op=00 mod=0] пересылка                      0000, 0000, 0000
1067:	[op=00 mod=0] пересылка                      0000, 0000, 0000
1070:	[op=00 mod=0] пересылка                      0000, 0000, 0000
1071:	[op=00 mod=0] пересылка                      0000, 0000, 0000
1072:	[op=00 mod=0] пересылка                      0000, 0000, 0000
1073:	[op=00 mod=0] пересылка                      0000, 0000, 0000
1074:	[op=00 mod=0] пересылка                      0000, 0000, 0000
1075:	[op=00 mod=0] пересылка                      0000, 0000, 0000
1076:	[op=00 mod=0] пересылка                      0000, 0000, 0000
1077:	[op=00 mod=0] пересылка                      0000, 0000, 0000
1100:	[op=00 mod=0] пересылка                      0000, 0000, 0000
1101:	[op=00 mod=0] пересылка                      0000, 0000, 0000
1102:	[op=00 mod=0] пересылка                      0000, 0000, 0000
1103:	[op=00 mod=0] пересылка                      0000, 0000, 0000
1104:	[op=00 mod=0] пересылка                      0000, 0000, 0000
1105:	[op=00 mod=0] пересылка                      0000, 0000, 0000
1106:	[op=00 mod=0] пересылка                      0000, 0000, 0000
1107:	[op=00 mod=0] пересылка                      0000, 0000, 0000
1110:	[op=00 mod=0] пересылка                      0000, 0000, 0000
1111:	[op=00 mod=0] пересылка                      0000, 0000, 0000
1112:	[op=00 mod=0] пересылка                      0000, 0000, 0000
1113:	[op=00 mod=0] пересылка                      0000, 0000, 0000
1114:	[op=00 mod=0] пересылка                      0000, 0000, 0000
1115:	[op=00 mod=0] пересылка                      0000, 0000, 0000
1116:	[op=00 mod=0] пересылка                      0000, 0000, 0000
1117:	[op=00 mod=0] пересылка                      0000, 0000, 0000
1120:	[op=00 mod=0] пересылка                      0000, 0000, 0000
1121:	[op=00 mod=0] пересылка                      0000, 0000, 0000
1122:	[op=00 mod=0] пересылка                      0000, 0000, 0000
1123:	[op=00 mod=0] пересылка                      0000, 0000, 0000
1124:	[op=00 mod=0] пересылка                      0000, 0000, 0000
1125:	[op=00 mod=0] пересылка                      0000, 0000, 0000
1126:	[op=00 mod=0] пересылка                      0000, 0000, 0000
1127:	[op=00 mod=0] пересылка                      0000, 0000, 0000
1130:	[op=00 mod=0] пересылка                      0000, 0000, 0000
1131:	[op=00 mod=0] пересылка                      0000, 0000, 0000
1132:	[op=00 mod=0] пересылка                      0000, 0000, 0000
1133:	[op=00 mod=0] пересылка                      0000, 0000, 0000
1134:	[op=00 mod=0] пересылка                      0000, 0000, 0000
1135:	[op=00 mod=0] пересылка                      0000, 0000, 0000
1136:	[op=00 mod=0] пересылка                      0000, 0000, 0000
1137:	[op=00 mod=0] пересылка                      0000, 0000, 0000
1140:	[op=00 mod=0] пересылка                      0000, 0000, 0000
1141:	[op=00 mod=0] пересылка                      0000, 0000, 0000
1142:	[op=00 mod=0] пересылка                      0000, 0000, 0000
1143:	[op=00 mod=0] пересылка                      0000, 0000, 0000
1144:	[op=00 mod=0] пересылка                      0000, 0000, 0000
1145:	[op=00 mod=0] пересылка                      0000, 0000, 0000
1146:	[op=00 mod=0] пересылка                      0000, 0000, 0000
1147:	[op=00 mod=0] пересылка                      0000, 0000, 0000
1150:	[op=00 mod=0] пересылка                      0000, 0000, 0000
1151:	[op=00 mod=0] пересылка                      0000, 0000, 0000
1152:	[op=00 mod=0] пересылка                      0000, 0000, 0000
1153:	[op=00 mod=0] пересылка                      0000, 0000, 0000
1154:	[op=00 mod=0] пересылка                      0000, 0000, 0000
1155:	[op=00 mod=0] пересылка                      0000, 0000, 0000
1156:	[op=00 mod=0] пересылка                      0000, 0000, 0000
1157:	[op=00 mod=0] пересылка                      0000, 0000, 0000
1160:	[op=00 mod=0] пересылка                      0000, 0000, 0000
1161:	[op=00 mod=0] пересылка                      0000, 0000, 0000
1162:	[op=00 mod=0] пересылка                      0000, 0000, 0000
1163:	[op=00 mod=0] пересылка                      0000, 0000, 0000
1164:	[op=00 mod=0] пересылка                      0000, 0000, 0000
1165:	[op=00 mod=0] пересылка                      0000, 0000, 0000
1166:	[op=00 mod=0] пересылка                      0000, 0000, 0000
1167:	[op=00 mod=0] пересылка                      0000, 0000, 0000
1170:	[op=00 mod=0] пересылка                      0000, 0000, 0000
1171:	[op=00 mod=0] пересылка                      0000, 0000, 0000
1172:	[op=00 mod=0] пересылка                      0000, 0000, 0000
1173:	[op=00 mod=0] пересылка                      0000, 0000, 0000
1174:	[op=00 mod=0] пересылка                      0000, 0000, 0000
1175:	[op=00 mod=0] пересылка                      0000, 0000, 0000
1176:	[op=00 mod=0] пересылка                      0000, 0000, 0000
1177:	[op=00 mod=0] пересылка                      0000, 0000, 0000
1200:	[op=00 mod=0] пересылка                      0000, 0000, 0000
1201:	[op=00 mod=0] пересылка                      0000, 0000, 0000
1202:	[op=00 mod=0] пересылка                      0000, 0000, 0000
1203:	[op=00 mod=0] пересылка                      0000, 0000, 0000
1204:	[op=00 mod=0] пересылка                      0000, 0000, 0000
1205:	[op=00 mod=0] пересылка                      0000, 0000, 0000
1206:	[op=00 mod=0] пересылка                      0000, 0000, 0000
1207:	[op=00 mod=0] пересылка                      0000, 0000, 0000
1210:	[op=00 mod=0] пересылка                      0000, 0000, 0000
1211:	[op=00 mod=0] пересылка                      0000, 0000, 0000
1212:	[op=00 mod=0] пересылка                      0000, 0000, 0000
1213:	[op=00 mod=0] пересылка                      0000, 0000, 0000
1214:	[op=00 mod=0] пересылка                      0000, 0000, 0000
1215:	[op=00 mod=0] пересылка                      0000, 0000, 0000
1216:	[op=00 mod=0] пересылка                      0000, 0000, 0000
1217:	[op=00 mod=0] пересылка                      0000, 0000, 0000
1220:	[op=00 mod=0] пересылка                      0000, 0000, 0000
1221:	[op=00 mod=0] пересылка                      0000, 0000, 0000
1222:	[op=00 mod=0] пересылка                      0000, 0000, 0000
1223:	[op=00 mod=0] пересылка                      0000, 0000, 0000
1224:	[op=00 mod=0] пересылка                      0000, 0000, 0000
1225:	[op=00 mod=0] пересылка                      0000, 0000, 0000
1226:	[op=00 mod=0] пересылка                      0000, 0000, 0000
1227:	[op=00 mod=0] пересылка                      0000, 0000, 0000
1230:	[op=00 mod=0] пересылка                      0000, 0000, 0000
1231:	[op=00 mod=0] пересылка                      0000, 0000, 0000
1232:	[op=00 mod=0] пересылка                      0000, 0000, 0000
1233:	[op=00 mod=0] пересылка                      0000, 0000, 0000
1234:	[op=00 mod=0] пересылка                      0000, 0000, 0000
1235:	[op=00 mod=0] пересылка                      0000, 0000, 0000
1236:	[op=00 mod=0] пересылка                      0000, 0000, 0000
1237:	[op=00 mod=0] пересылка                      0000, 0000, 0000
1240:	[op=00 mod=0] пересылка                      0000, 0000, 0000
1241:	[op=00 mod=0] пересылка                      0000, 0000, 0000
1242:	[op=00 mod=0] пересылка                      0000, 0000, 0000
1243:	[op=00 mod=0] пересылка                      0000, 0000, 0000
1244:	[op=00 mod=0] пересылка                      0000, 0000, 0000
1245:	[op=00 mod=0] пересылка                      0000, 0000, 0000
1246:	[op=00 mod=0] пересылка                      0000, 0000, 0000
1247:	[op=00 mod=0] пересылка                      0000, 0000, 0000
1250:	[op=00 mod=0] пересылка                      0000, 0000, 0000
1251:	[op=00 mod=0] пересылка                      0000, 0000, 0000
1252:	[op=00 mod=0] пересылка                      0000, 0000, 0000
1253:	[op=00 mod=0] пересылка                      0000, 0000, 0000
1254:	[op=00 mod=0] пересылка                      0000, 0000, 0000
1255:	[op=00 mod=0] пересылка                      0000, 0000, 0000
1256:	[op=00 mod=0] пересылка                      0000, 0000, 0000
1257:	[op=00 mod=0] пересылка                      0000, 0000, 0000
1260:	[op=00 mod=0] пересылка                      0000, 0000, 0000
1261:	[op=00 mod=0] пересылка                      0000, 0000, 0000

Start

*** Command time profile stat ***
opcode=00   count=7698       times=184752.00        avg_time=24.00             (пересылка)
opcode=10   count=1          times=300000.00        avg_time=300000.00         (ввод_пфк_останов)
opcode=12   count=3          times=72.00            avg_time=24.00             (пер_если_ра_мнш_a1)
opcode=13   count=4          times=96.00            avg_time=24.00             (слож_команд)
opcode=14   count=1          times=79.50            avg_time=79.50             (сдвиг_мант_по_адр)
opcode=15   count=4          times=96.00            avg_time=24.00             (сравн)
opcode=16   count=6          times=144.00           avg_time=24.00             (безусл_пер_упр_с_возв)
opcode=20   count=3          times=72.00            avg_time=24.00             (выборка_с_КР)
opcode=32   count=3846       times=92304.00         avg_time=24.00             (пер_если_ра_не_менш_a1)
opcode=33   count=10         times=240.00           avg_time=24.00             (вычит_команд)
opcode=36   count=3          times=72.00            avg_time=24.00             (усл_пер_упр_по_w1)
opcode=50   count=10         times=240.00           avg_time=24.00             (ввод_пред_050)
opcode=52   count=11         times=313.50           avg_time=28.50             (изм_ра_по_адр)
opcode=54   count=1          times=79.50            avg_time=79.50             (сдвиг_кода_по_адр)
opcode=55   count=8          times=192.00           avg_time=24.00             (лог_умнож)
opcode=56   count=2          times=48.00            avg_time=24.00             (безусл_пер_упр)
opcode=70   count=10         times=750218.48        avg_time=75021.85          (ввод_исп_070)
opcode=72   count=6          times=171.00           avg_time=28.50             (изм_ра_по_коду)
opcode=76   count=7          times=168.00           avg_time=24.00             (усл_пер_упр_по_w0)
Summary:  times=1329357.98  count=11634  avg_time=114.26
**********

sample_0071.simh-45> run

Указанной зоны на магнитной ленте не найдено, KRA: 0155 ([op=20 mod=0] выборка_с_КР                   0004, 0000, 0016)
M-20 event queue empty, time = 1329358, executing 50000 instructios/sec
Time:	1329358
261:	0 05 0003 0002 0100
262:	0 00 2000 0005 0000
263:	0 00 7700 0001 0000
264:	0 00 0003 0001 0300
265:	0 00 0500 0007 7777
266:	0 00 0000 0000 0000
267:	0 00 0000 0000 0000
270:	0 00 0000 0000 0000
271:	0 00 0000 0000 0000
272:	0 00 0000 0000 0000
273:	0 00 0000 0000 0000
274:	0 00 0000 0000 0000
275:	0 00 0000 0000 0000
276:	0 00 0000 0000 0000
277:	0 00 0000 0000 0000
300:	0 00 0000 0000 0000
301:	0 00 0000 0000 0000
302:	0 00 0000 0000 0000
303:	0 00 0000 0000 0000
304:	0 00 0000 0000 0000
305:	0 00 0000 0000 0000
306:	0 00 0000 0000 0000
307:	0 00 0000 0000 0000
310:	0 00 0000 0000 0000
311:	0 00 0000 0000 0000
312:	0 00 0000 0000 0000
313:	0 00 0000 0000 0000
314:	0 00 0000 0000 0000
315:	0 00 0000 0000 0000
316:	0 00 0000 0000 0000
317:	0 00 0000 0000 0000
320:	0 00 0000 0000 0000
321:	0 00 0000 0000 0000
322:	0 00 0000 0000 0000
323:	0 00 0000 0000 0000
324:	0 00 0000 0000 0000
325:	0 00 0000 0000 0000
326:	0 00 0000 0000 0000
327:	0 00 0000 0000 0000
330:	0 00 0000 0000 0000
331:	0 00 0000 0000 0000
332:	0 00 0000 0000 0000
333:	0 00 0000 0000 0000
334:	0 00 0000 0000 0000
335:	0 00 0000 0000 0000
336:	0 00 0000 0000 0000
337:	0 00 0000 0000 0000
340:	0 00 0000 0000 0000
341:	0 00 0000 0000 0000
342:	0 00 0000 0000 0000
343:	0 00 0000 0000 0000
344:	0 00 0000 0000 0000
345:	0 00 0000 0000 0000
346:	0 00 0000 0000 0000
347:	0 00 0000 0000 0000
350:	0 00 0000 0000 0000
351:	0 00 0000 0000 0000
352:	0 00 0000 0000 0000
353:	0 00 0000 0000 0000
354:	0 00 0000 0000 0000
355:	0 00 0000 0000 0000
356:	0 00 0000 0000 0000
357:	0 00 0000 0000 0000
360:	0 00 0000 0000 0000
361:	0 00 0000 0000 0000
362:	0 00 0000 0000 0000
363:	0 00 0000 0000 0000
364:	0 00 0000 0000 0000
365:	0 00 0000 0000 0000
366:	0 00 0000 0000 0000
367:	0 00 0000 0000 0000
370:	0 00 0000 0000 0000
371:	0 00 0000 0000 0000
372:	5 25 2525 2525 2525
373:	5 52 5252 5252 5252
374:	5 25 2525 2525 2525
375:	5 52 5252 5252 5252
376:	5 25 2525 2525 2525
377:	5 52 5252 5252 5252

Goodbye
Debug output disabled
